ARM GAS  C:\Users\CCPOW_~1\AppData\Local\Temp\ccZR82d8.s 			page 1


   1              		.syntax unified
   2              		.cpu cortex-m0
   3              		.fpu softvfp
   4              		.eabi_attribute 20, 1
   5              		.eabi_attribute 21, 1
   6              		.eabi_attribute 23, 3
   7              		.eabi_attribute 24, 1
   8              		.eabi_attribute 25, 1
   9              		.eabi_attribute 26, 1
  10              		.eabi_attribute 30, 4
  11              		.eabi_attribute 34, 0
  12              		.eabi_attribute 18, 4
  13              		.thumb
  14              		.syntax unified
  15              		.file	"ATM_UART_INT.c"
  16              		.text
  17              	.Ltext0:
  18              		.cfi_sections	.debug_frame
  19              		.section	.text.ATM_UART_RXISR,"ax",%progbits
  20              		.align	1
  21              		.global	ATM_UART_RXISR
  22              		.code	16
  23              		.thumb_func
  24              		.type	ATM_UART_RXISR, %function
  25              	ATM_UART_RXISR:
  26              	.LFB0:
  27              		.file 1 "Generated_Source\\PSoC4\\ATM_UART_INT.c"
   1:Generated_Source\PSoC4/ATM_UART_INT.c **** /*******************************************************************************
   2:Generated_Source\PSoC4/ATM_UART_INT.c **** * File Name: ATM_UARTINT.c
   3:Generated_Source\PSoC4/ATM_UART_INT.c **** * Version 2.50
   4:Generated_Source\PSoC4/ATM_UART_INT.c **** *
   5:Generated_Source\PSoC4/ATM_UART_INT.c **** * Description:
   6:Generated_Source\PSoC4/ATM_UART_INT.c **** *  This file provides all Interrupt Service functionality of the UART component
   7:Generated_Source\PSoC4/ATM_UART_INT.c **** *
   8:Generated_Source\PSoC4/ATM_UART_INT.c **** ********************************************************************************
   9:Generated_Source\PSoC4/ATM_UART_INT.c **** * Copyright 2008-2015, Cypress Semiconductor Corporation.  All rights reserved.
  10:Generated_Source\PSoC4/ATM_UART_INT.c **** * You may use this file only in accordance with the license, terms, conditions,
  11:Generated_Source\PSoC4/ATM_UART_INT.c **** * disclaimers, and limitations in the end user license agreement accompanying
  12:Generated_Source\PSoC4/ATM_UART_INT.c **** * the software package with which this file was provided.
  13:Generated_Source\PSoC4/ATM_UART_INT.c **** *******************************************************************************/
  14:Generated_Source\PSoC4/ATM_UART_INT.c **** 
  15:Generated_Source\PSoC4/ATM_UART_INT.c **** #include "ATM_UART.h"
  16:Generated_Source\PSoC4/ATM_UART_INT.c **** #include "cyapicallbacks.h"
  17:Generated_Source\PSoC4/ATM_UART_INT.c **** 
  18:Generated_Source\PSoC4/ATM_UART_INT.c **** 
  19:Generated_Source\PSoC4/ATM_UART_INT.c **** /***************************************
  20:Generated_Source\PSoC4/ATM_UART_INT.c **** * Custom Declarations
  21:Generated_Source\PSoC4/ATM_UART_INT.c **** ***************************************/
  22:Generated_Source\PSoC4/ATM_UART_INT.c **** /* `#START CUSTOM_DECLARATIONS` Place your declaration here */
  23:Generated_Source\PSoC4/ATM_UART_INT.c **** 
  24:Generated_Source\PSoC4/ATM_UART_INT.c **** /* `#END` */
  25:Generated_Source\PSoC4/ATM_UART_INT.c **** 
  26:Generated_Source\PSoC4/ATM_UART_INT.c **** #if (ATM_UART_RX_INTERRUPT_ENABLED && (ATM_UART_RX_ENABLED || ATM_UART_HD_ENABLED))
  27:Generated_Source\PSoC4/ATM_UART_INT.c ****     /*******************************************************************************
  28:Generated_Source\PSoC4/ATM_UART_INT.c ****     * Function Name: ATM_UART_RXISR
  29:Generated_Source\PSoC4/ATM_UART_INT.c ****     ********************************************************************************
  30:Generated_Source\PSoC4/ATM_UART_INT.c ****     *
ARM GAS  C:\Users\CCPOW_~1\AppData\Local\Temp\ccZR82d8.s 			page 2


  31:Generated_Source\PSoC4/ATM_UART_INT.c ****     * Summary:
  32:Generated_Source\PSoC4/ATM_UART_INT.c ****     *  Interrupt Service Routine for RX portion of the UART
  33:Generated_Source\PSoC4/ATM_UART_INT.c ****     *
  34:Generated_Source\PSoC4/ATM_UART_INT.c ****     * Parameters:
  35:Generated_Source\PSoC4/ATM_UART_INT.c ****     *  None.
  36:Generated_Source\PSoC4/ATM_UART_INT.c ****     *
  37:Generated_Source\PSoC4/ATM_UART_INT.c ****     * Return:
  38:Generated_Source\PSoC4/ATM_UART_INT.c ****     *  None.
  39:Generated_Source\PSoC4/ATM_UART_INT.c ****     *
  40:Generated_Source\PSoC4/ATM_UART_INT.c ****     * Global Variables:
  41:Generated_Source\PSoC4/ATM_UART_INT.c ****     *  ATM_UART_rxBuffer - RAM buffer pointer for save received data.
  42:Generated_Source\PSoC4/ATM_UART_INT.c ****     *  ATM_UART_rxBufferWrite - cyclic index for write to rxBuffer,
  43:Generated_Source\PSoC4/ATM_UART_INT.c ****     *     increments after each byte saved to buffer.
  44:Generated_Source\PSoC4/ATM_UART_INT.c ****     *  ATM_UART_rxBufferRead - cyclic index for read from rxBuffer,
  45:Generated_Source\PSoC4/ATM_UART_INT.c ****     *     checked to detect overflow condition.
  46:Generated_Source\PSoC4/ATM_UART_INT.c ****     *  ATM_UART_rxBufferOverflow - software overflow flag. Set to one
  47:Generated_Source\PSoC4/ATM_UART_INT.c ****     *     when ATM_UART_rxBufferWrite index overtakes
  48:Generated_Source\PSoC4/ATM_UART_INT.c ****     *     ATM_UART_rxBufferRead index.
  49:Generated_Source\PSoC4/ATM_UART_INT.c ****     *  ATM_UART_rxBufferLoopDetect - additional variable to detect overflow.
  50:Generated_Source\PSoC4/ATM_UART_INT.c ****     *     Set to one when ATM_UART_rxBufferWrite is equal to
  51:Generated_Source\PSoC4/ATM_UART_INT.c ****     *    ATM_UART_rxBufferRead
  52:Generated_Source\PSoC4/ATM_UART_INT.c ****     *  ATM_UART_rxAddressMode - this variable contains the Address mode,
  53:Generated_Source\PSoC4/ATM_UART_INT.c ****     *     selected in customizer or set by UART_SetRxAddressMode() API.
  54:Generated_Source\PSoC4/ATM_UART_INT.c ****     *  ATM_UART_rxAddressDetected - set to 1 when correct address received,
  55:Generated_Source\PSoC4/ATM_UART_INT.c ****     *     and analysed to store following addressed data bytes to the buffer.
  56:Generated_Source\PSoC4/ATM_UART_INT.c ****     *     When not correct address received, set to 0 to skip following data bytes.
  57:Generated_Source\PSoC4/ATM_UART_INT.c ****     *
  58:Generated_Source\PSoC4/ATM_UART_INT.c ****     *******************************************************************************/
  59:Generated_Source\PSoC4/ATM_UART_INT.c ****     CY_ISR(ATM_UART_RXISR)
  60:Generated_Source\PSoC4/ATM_UART_INT.c ****     {
  28              		.loc 1 60 0
  29              		.cfi_startproc
  30              		@ args = 0, pretend = 0, frame = 0
  31              		@ frame_needed = 0, uses_anonymous_args = 0
  32              	.LVL0:
  33 0000 F0B5     		push	{r4, r5, r6, r7, lr}
  34              		.cfi_def_cfa_offset 20
  35              		.cfi_offset 4, -20
  36              		.cfi_offset 5, -16
  37              		.cfi_offset 6, -12
  38              		.cfi_offset 7, -8
  39              		.cfi_offset 14, -4
  61:Generated_Source\PSoC4/ATM_UART_INT.c ****         uint8 readData;
  62:Generated_Source\PSoC4/ATM_UART_INT.c ****         uint8 readStatus;
  63:Generated_Source\PSoC4/ATM_UART_INT.c ****         uint8 increment_pointer = 0u;
  64:Generated_Source\PSoC4/ATM_UART_INT.c **** 
  65:Generated_Source\PSoC4/ATM_UART_INT.c ****     #if(CY_PSOC3)
  66:Generated_Source\PSoC4/ATM_UART_INT.c ****         uint8 int_en;
  67:Generated_Source\PSoC4/ATM_UART_INT.c ****     #endif /* (CY_PSOC3) */
  68:Generated_Source\PSoC4/ATM_UART_INT.c **** 
  69:Generated_Source\PSoC4/ATM_UART_INT.c ****     #ifdef ATM_UART_RXISR_ENTRY_CALLBACK
  70:Generated_Source\PSoC4/ATM_UART_INT.c ****         ATM_UART_RXISR_EntryCallback();
  71:Generated_Source\PSoC4/ATM_UART_INT.c ****     #endif /* ATM_UART_RXISR_ENTRY_CALLBACK */
  72:Generated_Source\PSoC4/ATM_UART_INT.c **** 
  73:Generated_Source\PSoC4/ATM_UART_INT.c ****         /* User code required at start of ISR */
  74:Generated_Source\PSoC4/ATM_UART_INT.c ****         /* `#START ATM_UART_RXISR_START` */
  75:Generated_Source\PSoC4/ATM_UART_INT.c **** 
ARM GAS  C:\Users\CCPOW_~1\AppData\Local\Temp\ccZR82d8.s 			page 3


  76:Generated_Source\PSoC4/ATM_UART_INT.c ****         /* `#END` */
  77:Generated_Source\PSoC4/ATM_UART_INT.c **** 
  78:Generated_Source\PSoC4/ATM_UART_INT.c ****     #if(CY_PSOC3)   /* Make sure nested interrupt is enabled */
  79:Generated_Source\PSoC4/ATM_UART_INT.c ****         int_en = EA;
  80:Generated_Source\PSoC4/ATM_UART_INT.c ****         CyGlobalIntEnable;
  81:Generated_Source\PSoC4/ATM_UART_INT.c ****     #endif /* (CY_PSOC3) */
  82:Generated_Source\PSoC4/ATM_UART_INT.c **** 
  83:Generated_Source\PSoC4/ATM_UART_INT.c ****         do
  84:Generated_Source\PSoC4/ATM_UART_INT.c ****         {
  85:Generated_Source\PSoC4/ATM_UART_INT.c ****             /* Read receiver status register */
  86:Generated_Source\PSoC4/ATM_UART_INT.c ****             readStatus = ATM_UART_RXSTATUS_REG;
  87:Generated_Source\PSoC4/ATM_UART_INT.c ****             /* Copy the same status to readData variable for backward compatibility support 
  88:Generated_Source\PSoC4/ATM_UART_INT.c ****             *  of the user code in ATM_UART_RXISR_ERROR` section. 
  89:Generated_Source\PSoC4/ATM_UART_INT.c ****             */
  90:Generated_Source\PSoC4/ATM_UART_INT.c ****             readData = readStatus;
  91:Generated_Source\PSoC4/ATM_UART_INT.c **** 
  92:Generated_Source\PSoC4/ATM_UART_INT.c ****             if((readStatus & (ATM_UART_RX_STS_BREAK | 
  93:Generated_Source\PSoC4/ATM_UART_INT.c ****                             ATM_UART_RX_STS_PAR_ERROR |
  94:Generated_Source\PSoC4/ATM_UART_INT.c ****                             ATM_UART_RX_STS_STOP_ERROR | 
  95:Generated_Source\PSoC4/ATM_UART_INT.c ****                             ATM_UART_RX_STS_OVERRUN)) != 0u)
  96:Generated_Source\PSoC4/ATM_UART_INT.c ****             {
  97:Generated_Source\PSoC4/ATM_UART_INT.c ****                 /* ERROR handling. */
  98:Generated_Source\PSoC4/ATM_UART_INT.c ****                 ATM_UART_errorStatus |= readStatus & ( ATM_UART_RX_STS_BREAK | 
  99:Generated_Source\PSoC4/ATM_UART_INT.c ****                                                             ATM_UART_RX_STS_PAR_ERROR | 
 100:Generated_Source\PSoC4/ATM_UART_INT.c ****                                                             ATM_UART_RX_STS_STOP_ERROR | 
 101:Generated_Source\PSoC4/ATM_UART_INT.c ****                                                             ATM_UART_RX_STS_OVERRUN);
 102:Generated_Source\PSoC4/ATM_UART_INT.c ****                 /* `#START ATM_UART_RXISR_ERROR` */
 103:Generated_Source\PSoC4/ATM_UART_INT.c **** 
 104:Generated_Source\PSoC4/ATM_UART_INT.c ****                 /* `#END` */
 105:Generated_Source\PSoC4/ATM_UART_INT.c ****                 
 106:Generated_Source\PSoC4/ATM_UART_INT.c ****             #ifdef ATM_UART_RXISR_ERROR_CALLBACK
 107:Generated_Source\PSoC4/ATM_UART_INT.c ****                 ATM_UART_RXISR_ERROR_Callback();
 108:Generated_Source\PSoC4/ATM_UART_INT.c ****             #endif /* ATM_UART_RXISR_ERROR_CALLBACK */
 109:Generated_Source\PSoC4/ATM_UART_INT.c ****             }
 110:Generated_Source\PSoC4/ATM_UART_INT.c ****             
 111:Generated_Source\PSoC4/ATM_UART_INT.c ****             if((readStatus & ATM_UART_RX_STS_FIFO_NOTEMPTY) != 0u)
 112:Generated_Source\PSoC4/ATM_UART_INT.c ****             {
 113:Generated_Source\PSoC4/ATM_UART_INT.c ****                 /* Read data from the RX data register */
 114:Generated_Source\PSoC4/ATM_UART_INT.c ****                 readData = ATM_UART_RXDATA_REG;
 115:Generated_Source\PSoC4/ATM_UART_INT.c ****             #if (ATM_UART_RXHW_ADDRESS_ENABLED)
 116:Generated_Source\PSoC4/ATM_UART_INT.c ****                 if(ATM_UART_rxAddressMode == (uint8)ATM_UART__B_UART__AM_SW_DETECT_TO_BUFFER)
 117:Generated_Source\PSoC4/ATM_UART_INT.c ****                 {
 118:Generated_Source\PSoC4/ATM_UART_INT.c ****                     if((readStatus & ATM_UART_RX_STS_MRKSPC) != 0u)
 119:Generated_Source\PSoC4/ATM_UART_INT.c ****                     {
 120:Generated_Source\PSoC4/ATM_UART_INT.c ****                         if ((readStatus & ATM_UART_RX_STS_ADDR_MATCH) != 0u)
 121:Generated_Source\PSoC4/ATM_UART_INT.c ****                         {
 122:Generated_Source\PSoC4/ATM_UART_INT.c ****                             ATM_UART_rxAddressDetected = 1u;
 123:Generated_Source\PSoC4/ATM_UART_INT.c ****                         }
 124:Generated_Source\PSoC4/ATM_UART_INT.c ****                         else
 125:Generated_Source\PSoC4/ATM_UART_INT.c ****                         {
 126:Generated_Source\PSoC4/ATM_UART_INT.c ****                             ATM_UART_rxAddressDetected = 0u;
 127:Generated_Source\PSoC4/ATM_UART_INT.c ****                         }
 128:Generated_Source\PSoC4/ATM_UART_INT.c ****                     }
 129:Generated_Source\PSoC4/ATM_UART_INT.c ****                     if(ATM_UART_rxAddressDetected != 0u)
 130:Generated_Source\PSoC4/ATM_UART_INT.c ****                     {   /* Store only addressed data */
 131:Generated_Source\PSoC4/ATM_UART_INT.c ****                         ATM_UART_rxBuffer[ATM_UART_rxBufferWrite] = readData;
 132:Generated_Source\PSoC4/ATM_UART_INT.c ****                         increment_pointer = 1u;
ARM GAS  C:\Users\CCPOW_~1\AppData\Local\Temp\ccZR82d8.s 			page 4


 133:Generated_Source\PSoC4/ATM_UART_INT.c ****                     }
 134:Generated_Source\PSoC4/ATM_UART_INT.c ****                 }
 135:Generated_Source\PSoC4/ATM_UART_INT.c ****                 else /* Without software addressing */
 136:Generated_Source\PSoC4/ATM_UART_INT.c ****                 {
 137:Generated_Source\PSoC4/ATM_UART_INT.c ****                     ATM_UART_rxBuffer[ATM_UART_rxBufferWrite] = readData;
 138:Generated_Source\PSoC4/ATM_UART_INT.c ****                     increment_pointer = 1u;
 139:Generated_Source\PSoC4/ATM_UART_INT.c ****                 }
 140:Generated_Source\PSoC4/ATM_UART_INT.c ****             #else  /* Without addressing */
 141:Generated_Source\PSoC4/ATM_UART_INT.c ****                 ATM_UART_rxBuffer[ATM_UART_rxBufferWrite] = readData;
 142:Generated_Source\PSoC4/ATM_UART_INT.c ****                 increment_pointer = 1u;
 143:Generated_Source\PSoC4/ATM_UART_INT.c ****             #endif /* (ATM_UART_RXHW_ADDRESS_ENABLED) */
 144:Generated_Source\PSoC4/ATM_UART_INT.c **** 
 145:Generated_Source\PSoC4/ATM_UART_INT.c ****                 /* Do not increment buffer pointer when skip not addressed data */
 146:Generated_Source\PSoC4/ATM_UART_INT.c ****                 if(increment_pointer != 0u)
 147:Generated_Source\PSoC4/ATM_UART_INT.c ****                 {
 148:Generated_Source\PSoC4/ATM_UART_INT.c ****                     if(ATM_UART_rxBufferLoopDetect != 0u)
 149:Generated_Source\PSoC4/ATM_UART_INT.c ****                     {   /* Set Software Buffer status Overflow */
 150:Generated_Source\PSoC4/ATM_UART_INT.c ****                         ATM_UART_rxBufferOverflow = 1u;
  40              		.loc 1 150 0
  41 0002 0121     		movs	r1, #1
  92:Generated_Source\PSoC4/ATM_UART_INT.c ****                             ATM_UART_RX_STS_PAR_ERROR |
  42              		.loc 1 92 0
  43 0004 1E24     		movs	r4, #30
 111:Generated_Source\PSoC4/ATM_UART_INT.c ****             {
  44              		.loc 1 111 0
  45 0006 2025     		movs	r5, #32
  86:Generated_Source\PSoC4/ATM_UART_INT.c ****             /* Copy the same status to readData variable for backward compatibility support 
  46              		.loc 1 86 0
  47 0008 1548     		ldr	r0, .L15
  48              	.LVL1:
  49              	.L7:
  50 000a 0378     		ldrb	r3, [r0]
  51 000c DBB2     		uxtb	r3, r3
  52              	.LVL2:
  92:Generated_Source\PSoC4/ATM_UART_INT.c ****                             ATM_UART_RX_STS_PAR_ERROR |
  53              		.loc 1 92 0
  54 000e 1F00     		movs	r7, r3
  55 0010 2740     		ands	r7, r4
  56 0012 03D0     		beq	.L2
  98:Generated_Source\PSoC4/ATM_UART_INT.c ****                                                             ATM_UART_RX_STS_PAR_ERROR | 
  57              		.loc 1 98 0
  58 0014 134E     		ldr	r6, .L15+4
  59 0016 3278     		ldrb	r2, [r6]
  60 0018 3A43     		orrs	r2, r7
  61 001a 3270     		strb	r2, [r6]
  62              	.L2:
 111:Generated_Source\PSoC4/ATM_UART_INT.c ****             {
  63              		.loc 1 111 0
  64 001c 2B42     		tst	r3, r5
  65 001e 1DD0     		beq	.L1
 114:Generated_Source\PSoC4/ATM_UART_INT.c ****             #if (ATM_UART_RXHW_ADDRESS_ENABLED)
  66              		.loc 1 114 0
  67 0020 114B     		ldr	r3, .L15+8
  68              	.LVL3:
 141:Generated_Source\PSoC4/ATM_UART_INT.c ****                 increment_pointer = 1u;
  69              		.loc 1 141 0
  70 0022 124F     		ldr	r7, .L15+12
ARM GAS  C:\Users\CCPOW_~1\AppData\Local\Temp\ccZR82d8.s 			page 5


 114:Generated_Source\PSoC4/ATM_UART_INT.c ****             #if (ATM_UART_RXHW_ADDRESS_ENABLED)
  71              		.loc 1 114 0
  72 0024 1E78     		ldrb	r6, [r3]
 141:Generated_Source\PSoC4/ATM_UART_INT.c ****                 increment_pointer = 1u;
  73              		.loc 1 141 0
  74 0026 124B     		ldr	r3, .L15+16
 114:Generated_Source\PSoC4/ATM_UART_INT.c ****             #if (ATM_UART_RXHW_ADDRESS_ENABLED)
  75              		.loc 1 114 0
  76 0028 F6B2     		uxtb	r6, r6
  77              	.LVL4:
 141:Generated_Source\PSoC4/ATM_UART_INT.c ****                 increment_pointer = 1u;
  78              		.loc 1 141 0
  79 002a 1A78     		ldrb	r2, [r3]
  80 002c D2B2     		uxtb	r2, r2
  81 002e BE54     		strb	r6, [r7, r2]
  82              	.LVL5:
 148:Generated_Source\PSoC4/ATM_UART_INT.c ****                     {   /* Set Software Buffer status Overflow */
  83              		.loc 1 148 0
  84 0030 104E     		ldr	r6, .L15+20
  85              	.LVL6:
  86 0032 3278     		ldrb	r2, [r6]
  87              	.LVL7:
  88 0034 002A     		cmp	r2, #0
  89 0036 01D0     		beq	.L4
  90              		.loc 1 150 0
  91 0038 0F4A     		ldr	r2, .L15+24
  92 003a 1170     		strb	r1, [r2]
  93              	.L4:
 151:Generated_Source\PSoC4/ATM_UART_INT.c ****                     }
 152:Generated_Source\PSoC4/ATM_UART_INT.c ****                     /* Set next pointer. */
 153:Generated_Source\PSoC4/ATM_UART_INT.c ****                     ATM_UART_rxBufferWrite++;
  94              		.loc 1 153 0
  95 003c 1A78     		ldrb	r2, [r3]
  96 003e 0132     		adds	r2, r2, #1
  97 0040 D2B2     		uxtb	r2, r2
  98 0042 1A70     		strb	r2, [r3]
 154:Generated_Source\PSoC4/ATM_UART_INT.c **** 
 155:Generated_Source\PSoC4/ATM_UART_INT.c ****                     /* Check pointer for a loop condition */
 156:Generated_Source\PSoC4/ATM_UART_INT.c ****                     if(ATM_UART_rxBufferWrite >= ATM_UART_RX_BUFFER_SIZE)
  99              		.loc 1 156 0
 100 0044 1A78     		ldrb	r2, [r3]
 101 0046 0F2A     		cmp	r2, #15
 102 0048 01D9     		bls	.L5
 157:Generated_Source\PSoC4/ATM_UART_INT.c ****                     {
 158:Generated_Source\PSoC4/ATM_UART_INT.c ****                         ATM_UART_rxBufferWrite = 0u;
 103              		.loc 1 158 0
 104 004a 0022     		movs	r2, #0
 105 004c 1A70     		strb	r2, [r3]
 106              	.L5:
 159:Generated_Source\PSoC4/ATM_UART_INT.c ****                     }
 160:Generated_Source\PSoC4/ATM_UART_INT.c **** 
 161:Generated_Source\PSoC4/ATM_UART_INT.c ****                     /* Detect pre-overload condition and set flag */
 162:Generated_Source\PSoC4/ATM_UART_INT.c ****                     if(ATM_UART_rxBufferWrite == ATM_UART_rxBufferRead)
 107              		.loc 1 162 0
 108 004e 1A78     		ldrb	r2, [r3]
 109 0050 0A4B     		ldr	r3, .L15+28
 110 0052 1B78     		ldrb	r3, [r3]
ARM GAS  C:\Users\CCPOW_~1\AppData\Local\Temp\ccZR82d8.s 			page 6


 111 0054 9A42     		cmp	r2, r3
 112 0056 D8D1     		bne	.L7
 163:Generated_Source\PSoC4/ATM_UART_INT.c ****                     {
 164:Generated_Source\PSoC4/ATM_UART_INT.c ****                         ATM_UART_rxBufferLoopDetect = 1u;
 113              		.loc 1 164 0
 114 0058 3170     		strb	r1, [r6]
 115 005a D6E7     		b	.L7
 116              	.LVL8:
 117              	.L1:
 165:Generated_Source\PSoC4/ATM_UART_INT.c ****                         /* When Hardware Flow Control selected */
 166:Generated_Source\PSoC4/ATM_UART_INT.c ****                         #if (ATM_UART_FLOW_CONTROL != 0u)
 167:Generated_Source\PSoC4/ATM_UART_INT.c ****                             /* Disable RX interrupt mask, it is enabled when user read data from th
 168:Generated_Source\PSoC4/ATM_UART_INT.c ****                             ATM_UART_RXSTATUS_MASK_REG  &= (uint8)~ATM_UART_RX_STS_FIFO_NOTEMPTY;
 169:Generated_Source\PSoC4/ATM_UART_INT.c ****                             CyIntClearPending(ATM_UART_RX_VECT_NUM);
 170:Generated_Source\PSoC4/ATM_UART_INT.c ****                             break; /* Break the reading of the FIFO loop, leave the data there for 
 171:Generated_Source\PSoC4/ATM_UART_INT.c ****                         #endif /* (ATM_UART_FLOW_CONTROL != 0u) */
 172:Generated_Source\PSoC4/ATM_UART_INT.c ****                     }
 173:Generated_Source\PSoC4/ATM_UART_INT.c ****                 }
 174:Generated_Source\PSoC4/ATM_UART_INT.c ****             }
 175:Generated_Source\PSoC4/ATM_UART_INT.c ****         }while((readStatus & ATM_UART_RX_STS_FIFO_NOTEMPTY) != 0u);
 176:Generated_Source\PSoC4/ATM_UART_INT.c **** 
 177:Generated_Source\PSoC4/ATM_UART_INT.c ****         /* User code required at end of ISR (Optional) */
 178:Generated_Source\PSoC4/ATM_UART_INT.c ****         /* `#START ATM_UART_RXISR_END` */
 179:Generated_Source\PSoC4/ATM_UART_INT.c **** 
 180:Generated_Source\PSoC4/ATM_UART_INT.c ****         /* `#END` */
 181:Generated_Source\PSoC4/ATM_UART_INT.c **** 
 182:Generated_Source\PSoC4/ATM_UART_INT.c ****     #ifdef ATM_UART_RXISR_EXIT_CALLBACK
 183:Generated_Source\PSoC4/ATM_UART_INT.c ****         ATM_UART_RXISR_ExitCallback();
 184:Generated_Source\PSoC4/ATM_UART_INT.c ****     #endif /* ATM_UART_RXISR_EXIT_CALLBACK */
 185:Generated_Source\PSoC4/ATM_UART_INT.c **** 
 186:Generated_Source\PSoC4/ATM_UART_INT.c ****     #if(CY_PSOC3)
 187:Generated_Source\PSoC4/ATM_UART_INT.c ****         EA = int_en;
 188:Generated_Source\PSoC4/ATM_UART_INT.c ****     #endif /* (CY_PSOC3) */
 189:Generated_Source\PSoC4/ATM_UART_INT.c ****     }
 118              		.loc 1 189 0
 119              		@ sp needed
 120 005c F0BD     		pop	{r4, r5, r6, r7, pc}
 121              	.L16:
 122 005e C046     		.align	2
 123              	.L15:
 124 0060 60000F40 		.word	1074724960
 125 0064 00000000 		.word	ATM_UART_errorStatus
 126 0068 41000F40 		.word	1074724929
 127 006c 00000000 		.word	ATM_UART_rxBuffer
 128 0070 00000000 		.word	ATM_UART_rxBufferWrite
 129 0074 00000000 		.word	ATM_UART_rxBufferLoopDetect
 130 0078 00000000 		.word	ATM_UART_rxBufferOverflow
 131 007c 00000000 		.word	ATM_UART_rxBufferRead
 132              		.cfi_endproc
 133              	.LFE0:
 134              		.size	ATM_UART_RXISR, .-ATM_UART_RXISR
 135              		.section	.text.ATM_UART_TXISR,"ax",%progbits
 136              		.align	1
 137              		.global	ATM_UART_TXISR
 138              		.code	16
 139              		.thumb_func
 140              		.type	ATM_UART_TXISR, %function
ARM GAS  C:\Users\CCPOW_~1\AppData\Local\Temp\ccZR82d8.s 			page 7


 141              	ATM_UART_TXISR:
 142              	.LFB1:
 190:Generated_Source\PSoC4/ATM_UART_INT.c ****     
 191:Generated_Source\PSoC4/ATM_UART_INT.c **** #endif /* (ATM_UART_RX_INTERRUPT_ENABLED && (ATM_UART_RX_ENABLED || ATM_UART_HD_ENABLED)) */
 192:Generated_Source\PSoC4/ATM_UART_INT.c **** 
 193:Generated_Source\PSoC4/ATM_UART_INT.c **** 
 194:Generated_Source\PSoC4/ATM_UART_INT.c **** #if (ATM_UART_TX_INTERRUPT_ENABLED && ATM_UART_TX_ENABLED)
 195:Generated_Source\PSoC4/ATM_UART_INT.c ****     /*******************************************************************************
 196:Generated_Source\PSoC4/ATM_UART_INT.c ****     * Function Name: ATM_UART_TXISR
 197:Generated_Source\PSoC4/ATM_UART_INT.c ****     ********************************************************************************
 198:Generated_Source\PSoC4/ATM_UART_INT.c ****     *
 199:Generated_Source\PSoC4/ATM_UART_INT.c ****     * Summary:
 200:Generated_Source\PSoC4/ATM_UART_INT.c ****     * Interrupt Service Routine for the TX portion of the UART
 201:Generated_Source\PSoC4/ATM_UART_INT.c ****     *
 202:Generated_Source\PSoC4/ATM_UART_INT.c ****     * Parameters:
 203:Generated_Source\PSoC4/ATM_UART_INT.c ****     *  None.
 204:Generated_Source\PSoC4/ATM_UART_INT.c ****     *
 205:Generated_Source\PSoC4/ATM_UART_INT.c ****     * Return:
 206:Generated_Source\PSoC4/ATM_UART_INT.c ****     *  None.
 207:Generated_Source\PSoC4/ATM_UART_INT.c ****     *
 208:Generated_Source\PSoC4/ATM_UART_INT.c ****     * Global Variables:
 209:Generated_Source\PSoC4/ATM_UART_INT.c ****     *  ATM_UART_txBuffer - RAM buffer pointer for transmit data from.
 210:Generated_Source\PSoC4/ATM_UART_INT.c ****     *  ATM_UART_txBufferRead - cyclic index for read and transmit data
 211:Generated_Source\PSoC4/ATM_UART_INT.c ****     *     from txBuffer, increments after each transmitted byte.
 212:Generated_Source\PSoC4/ATM_UART_INT.c ****     *  ATM_UART_rxBufferWrite - cyclic index for write to txBuffer,
 213:Generated_Source\PSoC4/ATM_UART_INT.c ****     *     checked to detect available for transmission bytes.
 214:Generated_Source\PSoC4/ATM_UART_INT.c ****     *
 215:Generated_Source\PSoC4/ATM_UART_INT.c ****     *******************************************************************************/
 216:Generated_Source\PSoC4/ATM_UART_INT.c ****     CY_ISR(ATM_UART_TXISR)
 217:Generated_Source\PSoC4/ATM_UART_INT.c ****     {
 143              		.loc 1 217 0
 144              		.cfi_startproc
 145              		@ args = 0, pretend = 0, frame = 0
 146              		@ frame_needed = 0, uses_anonymous_args = 0
 218:Generated_Source\PSoC4/ATM_UART_INT.c ****     #if(CY_PSOC3)
 219:Generated_Source\PSoC4/ATM_UART_INT.c ****         uint8 int_en;
 220:Generated_Source\PSoC4/ATM_UART_INT.c ****     #endif /* (CY_PSOC3) */
 221:Generated_Source\PSoC4/ATM_UART_INT.c **** 
 222:Generated_Source\PSoC4/ATM_UART_INT.c ****     #ifdef ATM_UART_TXISR_ENTRY_CALLBACK
 223:Generated_Source\PSoC4/ATM_UART_INT.c ****         ATM_UART_TXISR_EntryCallback();
 224:Generated_Source\PSoC4/ATM_UART_INT.c ****     #endif /* ATM_UART_TXISR_ENTRY_CALLBACK */
 225:Generated_Source\PSoC4/ATM_UART_INT.c **** 
 226:Generated_Source\PSoC4/ATM_UART_INT.c ****         /* User code required at start of ISR */
 227:Generated_Source\PSoC4/ATM_UART_INT.c ****         /* `#START ATM_UART_TXISR_START` */
 228:Generated_Source\PSoC4/ATM_UART_INT.c **** 
 229:Generated_Source\PSoC4/ATM_UART_INT.c ****         /* `#END` */
 230:Generated_Source\PSoC4/ATM_UART_INT.c **** 
 231:Generated_Source\PSoC4/ATM_UART_INT.c ****     #if(CY_PSOC3)   /* Make sure nested interrupt is enabled */
 232:Generated_Source\PSoC4/ATM_UART_INT.c ****         int_en = EA;
 233:Generated_Source\PSoC4/ATM_UART_INT.c ****         CyGlobalIntEnable;
 234:Generated_Source\PSoC4/ATM_UART_INT.c ****     #endif /* (CY_PSOC3) */
 235:Generated_Source\PSoC4/ATM_UART_INT.c **** 
 236:Generated_Source\PSoC4/ATM_UART_INT.c ****         while((ATM_UART_txBufferRead != ATM_UART_txBufferWrite) &&
 147              		.loc 1 236 0
 148 0000 0421     		movs	r1, #4
 217:Generated_Source\PSoC4/ATM_UART_INT.c ****     #if(CY_PSOC3)
 149              		.loc 1 217 0
ARM GAS  C:\Users\CCPOW_~1\AppData\Local\Temp\ccZR82d8.s 			page 8


 150 0002 30B5     		push	{r4, r5, lr}
 151              		.cfi_def_cfa_offset 12
 152              		.cfi_offset 4, -12
 153              		.cfi_offset 5, -8
 154              		.cfi_offset 14, -4
 155              		.loc 1 236 0
 156 0004 0D4B     		ldr	r3, .L22
 157 0006 0E4C     		ldr	r4, .L22+4
 237:Generated_Source\PSoC4/ATM_UART_INT.c ****              ((ATM_UART_TXSTATUS_REG & ATM_UART_TX_STS_FIFO_FULL) == 0u))
 158              		.loc 1 237 0
 159 0008 0E48     		ldr	r0, .L22+8
 160              	.L18:
 236:Generated_Source\PSoC4/ATM_UART_INT.c ****              ((ATM_UART_TXSTATUS_REG & ATM_UART_TX_STS_FIFO_FULL) == 0u))
 161              		.loc 1 236 0
 162 000a 1A78     		ldrb	r2, [r3]
 163 000c 2578     		ldrb	r5, [r4]
 164 000e 9542     		cmp	r5, r2
 165 0010 12D0     		beq	.L17
 166              		.loc 1 237 0 discriminator 1
 167 0012 0278     		ldrb	r2, [r0]
 236:Generated_Source\PSoC4/ATM_UART_INT.c ****              ((ATM_UART_TXSTATUS_REG & ATM_UART_TX_STS_FIFO_FULL) == 0u))
 168              		.loc 1 236 0 discriminator 1
 169 0014 0A40     		ands	r2, r1
 170 0016 0FD1     		bne	.L17
 238:Generated_Source\PSoC4/ATM_UART_INT.c ****         {
 239:Generated_Source\PSoC4/ATM_UART_INT.c ****             /* Check pointer wrap around */
 240:Generated_Source\PSoC4/ATM_UART_INT.c ****             if(ATM_UART_txBufferRead >= ATM_UART_TX_BUFFER_SIZE)
 171              		.loc 1 240 0
 172 0018 1D78     		ldrb	r5, [r3]
 173 001a 0F2D     		cmp	r5, #15
 174 001c 00D9     		bls	.L19
 241:Generated_Source\PSoC4/ATM_UART_INT.c ****             {
 242:Generated_Source\PSoC4/ATM_UART_INT.c ****                 ATM_UART_txBufferRead = 0u;
 175              		.loc 1 242 0
 176 001e 1A70     		strb	r2, [r3]
 177              	.L19:
 243:Generated_Source\PSoC4/ATM_UART_INT.c ****             }
 244:Generated_Source\PSoC4/ATM_UART_INT.c **** 
 245:Generated_Source\PSoC4/ATM_UART_INT.c ****             ATM_UART_TXDATA_REG = ATM_UART_txBuffer[ATM_UART_txBufferRead];
 178              		.loc 1 245 0
 179 0020 1A78     		ldrb	r2, [r3]
 180 0022 094D     		ldr	r5, .L22+12
 181 0024 D2B2     		uxtb	r2, r2
 182 0026 AA5C     		ldrb	r2, [r5, r2]
 183 0028 084D     		ldr	r5, .L22+16
 184 002a D2B2     		uxtb	r2, r2
 185 002c 2A70     		strb	r2, [r5]
 246:Generated_Source\PSoC4/ATM_UART_INT.c **** 
 247:Generated_Source\PSoC4/ATM_UART_INT.c ****             /* Set next pointer */
 248:Generated_Source\PSoC4/ATM_UART_INT.c ****             ATM_UART_txBufferRead++;
 186              		.loc 1 248 0
 187 002e 1A78     		ldrb	r2, [r3]
 188 0030 0132     		adds	r2, r2, #1
 189 0032 D2B2     		uxtb	r2, r2
 190 0034 1A70     		strb	r2, [r3]
 191 0036 E8E7     		b	.L18
 192              	.L17:
ARM GAS  C:\Users\CCPOW_~1\AppData\Local\Temp\ccZR82d8.s 			page 9


 249:Generated_Source\PSoC4/ATM_UART_INT.c ****         }
 250:Generated_Source\PSoC4/ATM_UART_INT.c **** 
 251:Generated_Source\PSoC4/ATM_UART_INT.c ****         /* User code required at end of ISR (Optional) */
 252:Generated_Source\PSoC4/ATM_UART_INT.c ****         /* `#START ATM_UART_TXISR_END` */
 253:Generated_Source\PSoC4/ATM_UART_INT.c **** 
 254:Generated_Source\PSoC4/ATM_UART_INT.c ****         /* `#END` */
 255:Generated_Source\PSoC4/ATM_UART_INT.c **** 
 256:Generated_Source\PSoC4/ATM_UART_INT.c ****     #ifdef ATM_UART_TXISR_EXIT_CALLBACK
 257:Generated_Source\PSoC4/ATM_UART_INT.c ****         ATM_UART_TXISR_ExitCallback();
 258:Generated_Source\PSoC4/ATM_UART_INT.c ****     #endif /* ATM_UART_TXISR_EXIT_CALLBACK */
 259:Generated_Source\PSoC4/ATM_UART_INT.c **** 
 260:Generated_Source\PSoC4/ATM_UART_INT.c ****     #if(CY_PSOC3)
 261:Generated_Source\PSoC4/ATM_UART_INT.c ****         EA = int_en;
 262:Generated_Source\PSoC4/ATM_UART_INT.c ****     #endif /* (CY_PSOC3) */
 263:Generated_Source\PSoC4/ATM_UART_INT.c ****    }
 193              		.loc 1 263 0
 194              		@ sp needed
 195 0038 30BD     		pop	{r4, r5, pc}
 196              	.L23:
 197 003a C046     		.align	2
 198              	.L22:
 199 003c 00000000 		.word	ATM_UART_txBufferRead
 200 0040 00000000 		.word	ATM_UART_txBufferWrite
 201 0044 62000F40 		.word	1074724962
 202 0048 00000000 		.word	ATM_UART_txBuffer
 203 004c 42000F40 		.word	1074724930
 204              		.cfi_endproc
 205              	.LFE1:
 206              		.size	ATM_UART_TXISR, .-ATM_UART_TXISR
 207              		.text
 208              	.Letext0:
 209              		.file 2 "Generated_Source\\PSoC4\\cytypes.h"
 210              		.file 3 "Generated_Source\\PSoC4\\ATM_UART.h"
 211              		.section	.debug_info,"",%progbits
 212              	.Ldebug_info0:
 213 0000 82010000 		.4byte	0x182
 214 0004 0400     		.2byte	0x4
 215 0006 00000000 		.4byte	.Ldebug_abbrev0
 216 000a 04       		.byte	0x4
 217 000b 01       		.uleb128 0x1
 218 000c FF010000 		.4byte	.LASF28
 219 0010 0C       		.byte	0xc
 220 0011 8D020000 		.4byte	.LASF29
 221 0015 0B010000 		.4byte	.LASF30
 222 0019 00000000 		.4byte	.Ldebug_ranges0+0
 223 001d 00000000 		.4byte	0
 224 0021 00000000 		.4byte	.Ldebug_line0
 225 0025 02       		.uleb128 0x2
 226 0026 01       		.byte	0x1
 227 0027 06       		.byte	0x6
 228 0028 EA010000 		.4byte	.LASF0
 229 002c 02       		.uleb128 0x2
 230 002d 01       		.byte	0x1
 231 002e 08       		.byte	0x8
 232 002f BB000000 		.4byte	.LASF1
 233 0033 02       		.uleb128 0x2
 234 0034 02       		.byte	0x2
ARM GAS  C:\Users\CCPOW_~1\AppData\Local\Temp\ccZR82d8.s 			page 10


 235 0035 05       		.byte	0x5
 236 0036 9C010000 		.4byte	.LASF2
 237 003a 02       		.uleb128 0x2
 238 003b 02       		.byte	0x2
 239 003c 07       		.byte	0x7
 240 003d 28000000 		.4byte	.LASF3
 241 0041 02       		.uleb128 0x2
 242 0042 04       		.byte	0x4
 243 0043 05       		.byte	0x5
 244 0044 B5010000 		.4byte	.LASF4
 245 0048 02       		.uleb128 0x2
 246 0049 04       		.byte	0x4
 247 004a 07       		.byte	0x7
 248 004b 8D000000 		.4byte	.LASF5
 249 004f 02       		.uleb128 0x2
 250 0050 08       		.byte	0x8
 251 0051 05       		.byte	0x5
 252 0052 6A010000 		.4byte	.LASF6
 253 0056 02       		.uleb128 0x2
 254 0057 08       		.byte	0x8
 255 0058 07       		.byte	0x7
 256 0059 DD000000 		.4byte	.LASF7
 257 005d 03       		.uleb128 0x3
 258 005e 04       		.byte	0x4
 259 005f 05       		.byte	0x5
 260 0060 696E7400 		.ascii	"int\000"
 261 0064 02       		.uleb128 0x2
 262 0065 04       		.byte	0x4
 263 0066 07       		.byte	0x7
 264 0067 D0000000 		.4byte	.LASF8
 265 006b 04       		.uleb128 0x4
 266 006c 9F000000 		.4byte	.LASF12
 267 0070 02       		.byte	0x2
 268 0071 B901     		.2byte	0x1b9
 269 0073 2C000000 		.4byte	0x2c
 270 0077 02       		.uleb128 0x2
 271 0078 04       		.byte	0x4
 272 0079 04       		.byte	0x4
 273 007a E4010000 		.4byte	.LASF9
 274 007e 02       		.uleb128 0x2
 275 007f 08       		.byte	0x8
 276 0080 04       		.byte	0x4
 277 0081 C9000000 		.4byte	.LASF10
 278 0085 02       		.uleb128 0x2
 279 0086 01       		.byte	0x1
 280 0087 08       		.byte	0x8
 281 0088 BE010000 		.4byte	.LASF11
 282 008c 04       		.uleb128 0x4
 283 008d 79000000 		.4byte	.LASF13
 284 0091 02       		.byte	0x2
 285 0092 6302     		.2byte	0x263
 286 0094 98000000 		.4byte	0x98
 287 0098 05       		.uleb128 0x5
 288 0099 6B000000 		.4byte	0x6b
 289 009d 02       		.uleb128 0x2
 290 009e 08       		.byte	0x8
 291 009f 04       		.byte	0x4
ARM GAS  C:\Users\CCPOW_~1\AppData\Local\Temp\ccZR82d8.s 			page 11


 292 00a0 D8010000 		.4byte	.LASF14
 293 00a4 02       		.uleb128 0x2
 294 00a5 04       		.byte	0x4
 295 00a6 07       		.byte	0x7
 296 00a7 61010000 		.4byte	.LASF15
 297 00ab 06       		.uleb128 0x6
 298 00ac 7E000000 		.4byte	.LASF31
 299 00b0 01       		.byte	0x1
 300 00b1 3B       		.byte	0x3b
 301 00b2 00000000 		.4byte	.LFB0
 302 00b6 80000000 		.4byte	.LFE0-.LFB0
 303 00ba 01       		.uleb128 0x1
 304 00bb 9C       		.byte	0x9c
 305 00bc EE000000 		.4byte	0xee
 306 00c0 07       		.uleb128 0x7
 307 00c1 F6010000 		.4byte	.LASF16
 308 00c5 01       		.byte	0x1
 309 00c6 3D       		.byte	0x3d
 310 00c7 6B000000 		.4byte	0x6b
 311 00cb 00000000 		.4byte	.LLST0
 312 00cf 07       		.uleb128 0x7
 313 00d0 3B000000 		.4byte	.LASF17
 314 00d4 01       		.byte	0x1
 315 00d5 3E       		.byte	0x3e
 316 00d6 6B000000 		.4byte	0x6b
 317 00da 38000000 		.4byte	.LLST1
 318 00de 07       		.uleb128 0x7
 319 00df 78010000 		.4byte	.LASF18
 320 00e3 01       		.byte	0x1
 321 00e4 3F       		.byte	0x3f
 322 00e5 6B000000 		.4byte	0x6b
 323 00e9 56000000 		.4byte	.LLST2
 324 00ed 00       		.byte	0
 325 00ee 08       		.uleb128 0x8
 326 00ef A6010000 		.4byte	.LASF32
 327 00f3 01       		.byte	0x1
 328 00f4 D8       		.byte	0xd8
 329 00f5 00000000 		.4byte	.LFB1
 330 00f9 50000000 		.4byte	.LFE1-.LFB1
 331 00fd 01       		.uleb128 0x1
 332 00fe 9C       		.byte	0x9c
 333 00ff 09       		.uleb128 0x9
 334 0100 98000000 		.4byte	0x98
 335 0104 0F010000 		.4byte	0x10f
 336 0108 0A       		.uleb128 0xa
 337 0109 A4000000 		.4byte	0xa4
 338 010d 0F       		.byte	0xf
 339 010e 00       		.byte	0
 340 010f 0B       		.uleb128 0xb
 341 0110 8A010000 		.4byte	.LASF19
 342 0114 03       		.byte	0x3
 343 0115 3801     		.2byte	0x138
 344 0117 1B010000 		.4byte	0x11b
 345 011b 05       		.uleb128 0x5
 346 011c FF000000 		.4byte	0xff
 347 0120 0B       		.uleb128 0xb
 348 0121 A5000000 		.4byte	.LASF20
ARM GAS  C:\Users\CCPOW_~1\AppData\Local\Temp\ccZR82d8.s 			page 12


 349 0125 03       		.byte	0x3
 350 0126 3901     		.2byte	0x139
 351 0128 98000000 		.4byte	0x98
 352 012c 0B       		.uleb128 0xb
 353 012d F4000000 		.4byte	.LASF21
 354 0131 03       		.byte	0x3
 355 0132 3A01     		.2byte	0x13a
 356 0134 6B000000 		.4byte	0x6b
 357 0138 0B       		.uleb128 0xb
 358 0139 C3010000 		.4byte	.LASF22
 359 013d 03       		.byte	0x3
 360 013e 3D01     		.2byte	0x13d
 361 0140 6B000000 		.4byte	0x6b
 362 0144 0B       		.uleb128 0xb
 363 0145 16000000 		.4byte	.LASF23
 364 0149 03       		.byte	0x3
 365 014a 3E01     		.2byte	0x13e
 366 014c 50010000 		.4byte	0x150
 367 0150 05       		.uleb128 0x5
 368 0151 FF000000 		.4byte	0xff
 369 0155 0B       		.uleb128 0xb
 370 0156 00000000 		.4byte	.LASF24
 371 015a 03       		.byte	0x3
 372 015b 3F01     		.2byte	0x13f
 373 015d 98000000 		.4byte	0x98
 374 0161 0B       		.uleb128 0xb
 375 0162 62000000 		.4byte	.LASF25
 376 0166 03       		.byte	0x3
 377 0167 4001     		.2byte	0x140
 378 0169 98000000 		.4byte	0x98
 379 016d 0B       		.uleb128 0xb
 380 016e 46000000 		.4byte	.LASF26
 381 0172 03       		.byte	0x3
 382 0173 4101     		.2byte	0x141
 383 0175 98000000 		.4byte	0x98
 384 0179 0B       		.uleb128 0xb
 385 017a 47010000 		.4byte	.LASF27
 386 017e 03       		.byte	0x3
 387 017f 4201     		.2byte	0x142
 388 0181 98000000 		.4byte	0x98
 389 0185 00       		.byte	0
 390              		.section	.debug_abbrev,"",%progbits
 391              	.Ldebug_abbrev0:
 392 0000 01       		.uleb128 0x1
 393 0001 11       		.uleb128 0x11
 394 0002 01       		.byte	0x1
 395 0003 25       		.uleb128 0x25
 396 0004 0E       		.uleb128 0xe
 397 0005 13       		.uleb128 0x13
 398 0006 0B       		.uleb128 0xb
 399 0007 03       		.uleb128 0x3
 400 0008 0E       		.uleb128 0xe
 401 0009 1B       		.uleb128 0x1b
 402 000a 0E       		.uleb128 0xe
 403 000b 55       		.uleb128 0x55
 404 000c 17       		.uleb128 0x17
 405 000d 11       		.uleb128 0x11
ARM GAS  C:\Users\CCPOW_~1\AppData\Local\Temp\ccZR82d8.s 			page 13


 406 000e 01       		.uleb128 0x1
 407 000f 10       		.uleb128 0x10
 408 0010 17       		.uleb128 0x17
 409 0011 00       		.byte	0
 410 0012 00       		.byte	0
 411 0013 02       		.uleb128 0x2
 412 0014 24       		.uleb128 0x24
 413 0015 00       		.byte	0
 414 0016 0B       		.uleb128 0xb
 415 0017 0B       		.uleb128 0xb
 416 0018 3E       		.uleb128 0x3e
 417 0019 0B       		.uleb128 0xb
 418 001a 03       		.uleb128 0x3
 419 001b 0E       		.uleb128 0xe
 420 001c 00       		.byte	0
 421 001d 00       		.byte	0
 422 001e 03       		.uleb128 0x3
 423 001f 24       		.uleb128 0x24
 424 0020 00       		.byte	0
 425 0021 0B       		.uleb128 0xb
 426 0022 0B       		.uleb128 0xb
 427 0023 3E       		.uleb128 0x3e
 428 0024 0B       		.uleb128 0xb
 429 0025 03       		.uleb128 0x3
 430 0026 08       		.uleb128 0x8
 431 0027 00       		.byte	0
 432 0028 00       		.byte	0
 433 0029 04       		.uleb128 0x4
 434 002a 16       		.uleb128 0x16
 435 002b 00       		.byte	0
 436 002c 03       		.uleb128 0x3
 437 002d 0E       		.uleb128 0xe
 438 002e 3A       		.uleb128 0x3a
 439 002f 0B       		.uleb128 0xb
 440 0030 3B       		.uleb128 0x3b
 441 0031 05       		.uleb128 0x5
 442 0032 49       		.uleb128 0x49
 443 0033 13       		.uleb128 0x13
 444 0034 00       		.byte	0
 445 0035 00       		.byte	0
 446 0036 05       		.uleb128 0x5
 447 0037 35       		.uleb128 0x35
 448 0038 00       		.byte	0
 449 0039 49       		.uleb128 0x49
 450 003a 13       		.uleb128 0x13
 451 003b 00       		.byte	0
 452 003c 00       		.byte	0
 453 003d 06       		.uleb128 0x6
 454 003e 2E       		.uleb128 0x2e
 455 003f 01       		.byte	0x1
 456 0040 3F       		.uleb128 0x3f
 457 0041 19       		.uleb128 0x19
 458 0042 03       		.uleb128 0x3
 459 0043 0E       		.uleb128 0xe
 460 0044 3A       		.uleb128 0x3a
 461 0045 0B       		.uleb128 0xb
 462 0046 3B       		.uleb128 0x3b
ARM GAS  C:\Users\CCPOW_~1\AppData\Local\Temp\ccZR82d8.s 			page 14


 463 0047 0B       		.uleb128 0xb
 464 0048 27       		.uleb128 0x27
 465 0049 19       		.uleb128 0x19
 466 004a 11       		.uleb128 0x11
 467 004b 01       		.uleb128 0x1
 468 004c 12       		.uleb128 0x12
 469 004d 06       		.uleb128 0x6
 470 004e 40       		.uleb128 0x40
 471 004f 18       		.uleb128 0x18
 472 0050 9742     		.uleb128 0x2117
 473 0052 19       		.uleb128 0x19
 474 0053 01       		.uleb128 0x1
 475 0054 13       		.uleb128 0x13
 476 0055 00       		.byte	0
 477 0056 00       		.byte	0
 478 0057 07       		.uleb128 0x7
 479 0058 34       		.uleb128 0x34
 480 0059 00       		.byte	0
 481 005a 03       		.uleb128 0x3
 482 005b 0E       		.uleb128 0xe
 483 005c 3A       		.uleb128 0x3a
 484 005d 0B       		.uleb128 0xb
 485 005e 3B       		.uleb128 0x3b
 486 005f 0B       		.uleb128 0xb
 487 0060 49       		.uleb128 0x49
 488 0061 13       		.uleb128 0x13
 489 0062 02       		.uleb128 0x2
 490 0063 17       		.uleb128 0x17
 491 0064 00       		.byte	0
 492 0065 00       		.byte	0
 493 0066 08       		.uleb128 0x8
 494 0067 2E       		.uleb128 0x2e
 495 0068 00       		.byte	0
 496 0069 3F       		.uleb128 0x3f
 497 006a 19       		.uleb128 0x19
 498 006b 03       		.uleb128 0x3
 499 006c 0E       		.uleb128 0xe
 500 006d 3A       		.uleb128 0x3a
 501 006e 0B       		.uleb128 0xb
 502 006f 3B       		.uleb128 0x3b
 503 0070 0B       		.uleb128 0xb
 504 0071 27       		.uleb128 0x27
 505 0072 19       		.uleb128 0x19
 506 0073 11       		.uleb128 0x11
 507 0074 01       		.uleb128 0x1
 508 0075 12       		.uleb128 0x12
 509 0076 06       		.uleb128 0x6
 510 0077 40       		.uleb128 0x40
 511 0078 18       		.uleb128 0x18
 512 0079 9742     		.uleb128 0x2117
 513 007b 19       		.uleb128 0x19
 514 007c 00       		.byte	0
 515 007d 00       		.byte	0
 516 007e 09       		.uleb128 0x9
 517 007f 01       		.uleb128 0x1
 518 0080 01       		.byte	0x1
 519 0081 49       		.uleb128 0x49
ARM GAS  C:\Users\CCPOW_~1\AppData\Local\Temp\ccZR82d8.s 			page 15


 520 0082 13       		.uleb128 0x13
 521 0083 01       		.uleb128 0x1
 522 0084 13       		.uleb128 0x13
 523 0085 00       		.byte	0
 524 0086 00       		.byte	0
 525 0087 0A       		.uleb128 0xa
 526 0088 21       		.uleb128 0x21
 527 0089 00       		.byte	0
 528 008a 49       		.uleb128 0x49
 529 008b 13       		.uleb128 0x13
 530 008c 2F       		.uleb128 0x2f
 531 008d 0B       		.uleb128 0xb
 532 008e 00       		.byte	0
 533 008f 00       		.byte	0
 534 0090 0B       		.uleb128 0xb
 535 0091 34       		.uleb128 0x34
 536 0092 00       		.byte	0
 537 0093 03       		.uleb128 0x3
 538 0094 0E       		.uleb128 0xe
 539 0095 3A       		.uleb128 0x3a
 540 0096 0B       		.uleb128 0xb
 541 0097 3B       		.uleb128 0x3b
 542 0098 05       		.uleb128 0x5
 543 0099 49       		.uleb128 0x49
 544 009a 13       		.uleb128 0x13
 545 009b 3F       		.uleb128 0x3f
 546 009c 19       		.uleb128 0x19
 547 009d 3C       		.uleb128 0x3c
 548 009e 19       		.uleb128 0x19
 549 009f 00       		.byte	0
 550 00a0 00       		.byte	0
 551 00a1 00       		.byte	0
 552              		.section	.debug_loc,"",%progbits
 553              	.Ldebug_loc0:
 554              	.LLST0:
 555 0000 0E000000 		.4byte	.LVL2
 556 0004 22000000 		.4byte	.LVL3
 557 0008 0100     		.2byte	0x1
 558 000a 53       		.byte	0x53
 559 000b 2A000000 		.4byte	.LVL4
 560 000f 32000000 		.4byte	.LVL6
 561 0013 0100     		.2byte	0x1
 562 0015 56       		.byte	0x56
 563 0016 32000000 		.4byte	.LVL6
 564 001a 34000000 		.4byte	.LVL7
 565 001e 0500     		.2byte	0x5
 566 0020 77       		.byte	0x77
 567 0021 00       		.sleb128 0
 568 0022 72       		.byte	0x72
 569 0023 00       		.sleb128 0
 570 0024 22       		.byte	0x22
 571 0025 5C000000 		.4byte	.LVL8
 572 0029 80000000 		.4byte	.LFE0
 573 002d 0100     		.2byte	0x1
 574 002f 53       		.byte	0x53
 575 0030 00000000 		.4byte	0
 576 0034 00000000 		.4byte	0
ARM GAS  C:\Users\CCPOW_~1\AppData\Local\Temp\ccZR82d8.s 			page 16


 577              	.LLST1:
 578 0038 0E000000 		.4byte	.LVL2
 579 003c 22000000 		.4byte	.LVL3
 580 0040 0100     		.2byte	0x1
 581 0042 53       		.byte	0x53
 582 0043 5C000000 		.4byte	.LVL8
 583 0047 80000000 		.4byte	.LFE0
 584 004b 0100     		.2byte	0x1
 585 004d 53       		.byte	0x53
 586 004e 00000000 		.4byte	0
 587 0052 00000000 		.4byte	0
 588              	.LLST2:
 589 0056 00000000 		.4byte	.LVL0
 590 005a 0A000000 		.4byte	.LVL1
 591 005e 0200     		.2byte	0x2
 592 0060 30       		.byte	0x30
 593 0061 9F       		.byte	0x9f
 594 0062 30000000 		.4byte	.LVL5
 595 0066 5C000000 		.4byte	.LVL8
 596 006a 0200     		.2byte	0x2
 597 006c 31       		.byte	0x31
 598 006d 9F       		.byte	0x9f
 599 006e 00000000 		.4byte	0
 600 0072 00000000 		.4byte	0
 601              		.section	.debug_aranges,"",%progbits
 602 0000 24000000 		.4byte	0x24
 603 0004 0200     		.2byte	0x2
 604 0006 00000000 		.4byte	.Ldebug_info0
 605 000a 04       		.byte	0x4
 606 000b 00       		.byte	0
 607 000c 0000     		.2byte	0
 608 000e 0000     		.2byte	0
 609 0010 00000000 		.4byte	.LFB0
 610 0014 80000000 		.4byte	.LFE0-.LFB0
 611 0018 00000000 		.4byte	.LFB1
 612 001c 50000000 		.4byte	.LFE1-.LFB1
 613 0020 00000000 		.4byte	0
 614 0024 00000000 		.4byte	0
 615              		.section	.debug_ranges,"",%progbits
 616              	.Ldebug_ranges0:
 617 0000 00000000 		.4byte	.LFB0
 618 0004 80000000 		.4byte	.LFE0
 619 0008 00000000 		.4byte	.LFB1
 620 000c 50000000 		.4byte	.LFE1
 621 0010 00000000 		.4byte	0
 622 0014 00000000 		.4byte	0
 623              		.section	.debug_line,"",%progbits
 624              	.Ldebug_line0:
 625 0000 C4000000 		.section	.debug_str,"MS",%progbits,1
 625      02005700 
 625      00000201 
 625      FB0E0D00 
 625      01010101 
 626              	.LASF24:
 627 0000 41544D5F 		.ascii	"ATM_UART_rxBufferRead\000"
 627      55415254 
 627      5F727842 
ARM GAS  C:\Users\CCPOW_~1\AppData\Local\Temp\ccZR82d8.s 			page 17


 627      75666665 
 627      72526561 
 628              	.LASF23:
 629 0016 41544D5F 		.ascii	"ATM_UART_rxBuffer\000"
 629      55415254 
 629      5F727842 
 629      75666665 
 629      7200
 630              	.LASF3:
 631 0028 73686F72 		.ascii	"short unsigned int\000"
 631      7420756E 
 631      7369676E 
 631      65642069 
 631      6E7400
 632              	.LASF17:
 633 003b 72656164 		.ascii	"readStatus\000"
 633      53746174 
 633      757300
 634              	.LASF26:
 635 0046 41544D5F 		.ascii	"ATM_UART_rxBufferLoopDetect\000"
 635      55415254 
 635      5F727842 
 635      75666665 
 635      724C6F6F 
 636              	.LASF25:
 637 0062 41544D5F 		.ascii	"ATM_UART_rxBufferWrite\000"
 637      55415254 
 637      5F727842 
 637      75666665 
 637      72577269 
 638              	.LASF13:
 639 0079 72656738 		.ascii	"reg8\000"
 639      00
 640              	.LASF31:
 641 007e 41544D5F 		.ascii	"ATM_UART_RXISR\000"
 641      55415254 
 641      5F525849 
 641      535200
 642              	.LASF5:
 643 008d 6C6F6E67 		.ascii	"long unsigned int\000"
 643      20756E73 
 643      69676E65 
 643      6420696E 
 643      7400
 644              	.LASF12:
 645 009f 75696E74 		.ascii	"uint8\000"
 645      3800
 646              	.LASF20:
 647 00a5 41544D5F 		.ascii	"ATM_UART_txBufferRead\000"
 647      55415254 
 647      5F747842 
 647      75666665 
 647      72526561 
 648              	.LASF1:
 649 00bb 756E7369 		.ascii	"unsigned char\000"
 649      676E6564 
 649      20636861 
ARM GAS  C:\Users\CCPOW_~1\AppData\Local\Temp\ccZR82d8.s 			page 18


 649      7200
 650              	.LASF10:
 651 00c9 646F7562 		.ascii	"double\000"
 651      6C6500
 652              	.LASF8:
 653 00d0 756E7369 		.ascii	"unsigned int\000"
 653      676E6564 
 653      20696E74 
 653      00
 654              	.LASF7:
 655 00dd 6C6F6E67 		.ascii	"long long unsigned int\000"
 655      206C6F6E 
 655      6720756E 
 655      7369676E 
 655      65642069 
 656              	.LASF21:
 657 00f4 41544D5F 		.ascii	"ATM_UART_txBufferWrite\000"
 657      55415254 
 657      5F747842 
 657      75666665 
 657      72577269 
 658              	.LASF30:
 659 010b 433A5C55 		.ascii	"C:\\Users\\ccpow_000\\Desktop\\CPS\\eCTF\\0xBU_SSS_"
 659      73657273 
 659      5C636370 
 659      6F775F30 
 659      30305C44 
 660 0138 41544D5C 		.ascii	"ATM\\CARD.cydsn\000"
 660      43415244 
 660      2E637964 
 660      736E00
 661              	.LASF27:
 662 0147 41544D5F 		.ascii	"ATM_UART_rxBufferOverflow\000"
 662      55415254 
 662      5F727842 
 662      75666665 
 662      724F7665 
 663              	.LASF15:
 664 0161 73697A65 		.ascii	"sizetype\000"
 664      74797065 
 664      00
 665              	.LASF6:
 666 016a 6C6F6E67 		.ascii	"long long int\000"
 666      206C6F6E 
 666      6720696E 
 666      7400
 667              	.LASF18:
 668 0178 696E6372 		.ascii	"increment_pointer\000"
 668      656D656E 
 668      745F706F 
 668      696E7465 
 668      7200
 669              	.LASF19:
 670 018a 41544D5F 		.ascii	"ATM_UART_txBuffer\000"
 670      55415254 
 670      5F747842 
 670      75666665 
ARM GAS  C:\Users\CCPOW_~1\AppData\Local\Temp\ccZR82d8.s 			page 19


 670      7200
 671              	.LASF2:
 672 019c 73686F72 		.ascii	"short int\000"
 672      7420696E 
 672      7400
 673              	.LASF32:
 674 01a6 41544D5F 		.ascii	"ATM_UART_TXISR\000"
 674      55415254 
 674      5F545849 
 674      535200
 675              	.LASF4:
 676 01b5 6C6F6E67 		.ascii	"long int\000"
 676      20696E74 
 676      00
 677              	.LASF11:
 678 01be 63686172 		.ascii	"char\000"
 678      00
 679              	.LASF22:
 680 01c3 41544D5F 		.ascii	"ATM_UART_errorStatus\000"
 680      55415254 
 680      5F657272 
 680      6F725374 
 680      61747573 
 681              	.LASF14:
 682 01d8 6C6F6E67 		.ascii	"long double\000"
 682      20646F75 
 682      626C6500 
 683              	.LASF9:
 684 01e4 666C6F61 		.ascii	"float\000"
 684      7400
 685              	.LASF0:
 686 01ea 7369676E 		.ascii	"signed char\000"
 686      65642063 
 686      68617200 
 687              	.LASF16:
 688 01f6 72656164 		.ascii	"readData\000"
 688      44617461 
 688      00
 689              	.LASF28:
 690 01ff 474E5520 		.ascii	"GNU C11 5.4.1 20160609 (release) [ARM/embedded-5-br"
 690      43313120 
 690      352E342E 
 690      31203230 
 690      31363036 
 691 0232 616E6368 		.ascii	"anch revision 237715] -mcpu=cortex-m0 -mthumb -g -O"
 691      20726576 
 691      6973696F 
 691      6E203233 
 691      37373135 
 692 0265 73202D66 		.ascii	"s -ffunction-sections -ffat-lto-objects\000"
 692      66756E63 
 692      74696F6E 
 692      2D736563 
 692      74696F6E 
 693              	.LASF29:
 694 028d 47656E65 		.ascii	"Generated_Source\\PSoC4\\ATM_UART_INT.c\000"
 694      72617465 
ARM GAS  C:\Users\CCPOW_~1\AppData\Local\Temp\ccZR82d8.s 			page 20


 694      645F536F 
 694      75726365 
 694      5C50536F 
 695              		.ident	"GCC: (GNU Tools for ARM Embedded Processors) 5.4.1 20160609 (release) [ARM/embedded-5-bran
