ARM GAS  C:\Users\CCPOW_~1\AppData\Local\Temp\ccyti2Oj.s 			page 1


   1              		.syntax unified
   2              		.cpu cortex-m0
   3              		.fpu softvfp
   4              		.eabi_attribute 20, 1
   5              		.eabi_attribute 21, 1
   6              		.eabi_attribute 23, 3
   7              		.eabi_attribute 24, 1
   8              		.eabi_attribute 25, 1
   9              		.eabi_attribute 26, 1
  10              		.eabi_attribute 30, 4
  11              		.eabi_attribute 34, 0
  12              		.eabi_attribute 18, 4
  13              		.thumb
  14              		.syntax unified
  15              		.file	"ATM_UART_PM.c"
  16              		.text
  17              	.Ltext0:
  18              		.cfi_sections	.debug_frame
  19              		.section	.text.ATM_UART_SaveConfig,"ax",%progbits
  20              		.align	1
  21              		.global	ATM_UART_SaveConfig
  22              		.code	16
  23              		.thumb_func
  24              		.type	ATM_UART_SaveConfig, %function
  25              	ATM_UART_SaveConfig:
  26              	.LFB5:
  27              		.cfi_startproc
  28              		@ args = 0, pretend = 0, frame = 0
  29              		@ frame_needed = 0, uses_anonymous_args = 0
  30              		@ link register save eliminated.
  31              		@ sp needed
  32 0000 7047     		bx	lr
  33              		.cfi_endproc
  34              	.LFE5:
  35              		.size	ATM_UART_SaveConfig, .-ATM_UART_SaveConfig
  36              		.section	.text.ATM_UART_RestoreConfig,"ax",%progbits
  37              		.align	1
  38              		.global	ATM_UART_RestoreConfig
  39              		.code	16
  40              		.thumb_func
  41              		.type	ATM_UART_RestoreConfig, %function
  42              	ATM_UART_RestoreConfig:
  43              	.LFB1:
  44              		.file 1 "Generated_Source\\PSoC4\\ATM_UART_PM.c"
   1:Generated_Source\PSoC4/ATM_UART_PM.c **** /*******************************************************************************
   2:Generated_Source\PSoC4/ATM_UART_PM.c **** * File Name: ATM_UART_PM.c
   3:Generated_Source\PSoC4/ATM_UART_PM.c **** * Version 2.50
   4:Generated_Source\PSoC4/ATM_UART_PM.c **** *
   5:Generated_Source\PSoC4/ATM_UART_PM.c **** * Description:
   6:Generated_Source\PSoC4/ATM_UART_PM.c **** *  This file provides Sleep/WakeUp APIs functionality.
   7:Generated_Source\PSoC4/ATM_UART_PM.c **** *
   8:Generated_Source\PSoC4/ATM_UART_PM.c **** * Note:
   9:Generated_Source\PSoC4/ATM_UART_PM.c **** *
  10:Generated_Source\PSoC4/ATM_UART_PM.c **** ********************************************************************************
  11:Generated_Source\PSoC4/ATM_UART_PM.c **** * Copyright 2008-2015, Cypress Semiconductor Corporation.  All rights reserved.
  12:Generated_Source\PSoC4/ATM_UART_PM.c **** * You may use this file only in accordance with the license, terms, conditions,
  13:Generated_Source\PSoC4/ATM_UART_PM.c **** * disclaimers, and limitations in the end user license agreement accompanying
ARM GAS  C:\Users\CCPOW_~1\AppData\Local\Temp\ccyti2Oj.s 			page 2


  14:Generated_Source\PSoC4/ATM_UART_PM.c **** * the software package with which this file was provided.
  15:Generated_Source\PSoC4/ATM_UART_PM.c **** *******************************************************************************/
  16:Generated_Source\PSoC4/ATM_UART_PM.c **** 
  17:Generated_Source\PSoC4/ATM_UART_PM.c **** #include "ATM_UART.h"
  18:Generated_Source\PSoC4/ATM_UART_PM.c **** 
  19:Generated_Source\PSoC4/ATM_UART_PM.c **** 
  20:Generated_Source\PSoC4/ATM_UART_PM.c **** /***************************************
  21:Generated_Source\PSoC4/ATM_UART_PM.c **** * Local data allocation
  22:Generated_Source\PSoC4/ATM_UART_PM.c **** ***************************************/
  23:Generated_Source\PSoC4/ATM_UART_PM.c **** 
  24:Generated_Source\PSoC4/ATM_UART_PM.c **** static ATM_UART_BACKUP_STRUCT  ATM_UART_backup =
  25:Generated_Source\PSoC4/ATM_UART_PM.c **** {
  26:Generated_Source\PSoC4/ATM_UART_PM.c ****     /* enableState - disabled */
  27:Generated_Source\PSoC4/ATM_UART_PM.c ****     0u,
  28:Generated_Source\PSoC4/ATM_UART_PM.c **** };
  29:Generated_Source\PSoC4/ATM_UART_PM.c **** 
  30:Generated_Source\PSoC4/ATM_UART_PM.c **** 
  31:Generated_Source\PSoC4/ATM_UART_PM.c **** 
  32:Generated_Source\PSoC4/ATM_UART_PM.c **** /*******************************************************************************
  33:Generated_Source\PSoC4/ATM_UART_PM.c **** * Function Name: ATM_UART_SaveConfig
  34:Generated_Source\PSoC4/ATM_UART_PM.c **** ********************************************************************************
  35:Generated_Source\PSoC4/ATM_UART_PM.c **** *
  36:Generated_Source\PSoC4/ATM_UART_PM.c **** * Summary:
  37:Generated_Source\PSoC4/ATM_UART_PM.c **** *  This function saves the component nonretention control register.
  38:Generated_Source\PSoC4/ATM_UART_PM.c **** *  Does not save the FIFO which is a set of nonretention registers.
  39:Generated_Source\PSoC4/ATM_UART_PM.c **** *  This function is called by the ATM_UART_Sleep() function.
  40:Generated_Source\PSoC4/ATM_UART_PM.c **** *
  41:Generated_Source\PSoC4/ATM_UART_PM.c **** * Parameters:
  42:Generated_Source\PSoC4/ATM_UART_PM.c **** *  None.
  43:Generated_Source\PSoC4/ATM_UART_PM.c **** *
  44:Generated_Source\PSoC4/ATM_UART_PM.c **** * Return:
  45:Generated_Source\PSoC4/ATM_UART_PM.c **** *  None.
  46:Generated_Source\PSoC4/ATM_UART_PM.c **** *
  47:Generated_Source\PSoC4/ATM_UART_PM.c **** * Global Variables:
  48:Generated_Source\PSoC4/ATM_UART_PM.c **** *  ATM_UART_backup - modified when non-retention registers are saved.
  49:Generated_Source\PSoC4/ATM_UART_PM.c **** *
  50:Generated_Source\PSoC4/ATM_UART_PM.c **** * Reentrant:
  51:Generated_Source\PSoC4/ATM_UART_PM.c **** *  No.
  52:Generated_Source\PSoC4/ATM_UART_PM.c **** *
  53:Generated_Source\PSoC4/ATM_UART_PM.c **** *******************************************************************************/
  54:Generated_Source\PSoC4/ATM_UART_PM.c **** void ATM_UART_SaveConfig(void)
  55:Generated_Source\PSoC4/ATM_UART_PM.c **** {
  56:Generated_Source\PSoC4/ATM_UART_PM.c ****     #if(ATM_UART_CONTROL_REG_REMOVED == 0u)
  57:Generated_Source\PSoC4/ATM_UART_PM.c ****         ATM_UART_backup.cr = ATM_UART_CONTROL_REG;
  58:Generated_Source\PSoC4/ATM_UART_PM.c ****     #endif /* End ATM_UART_CONTROL_REG_REMOVED */
  59:Generated_Source\PSoC4/ATM_UART_PM.c **** }
  60:Generated_Source\PSoC4/ATM_UART_PM.c **** 
  61:Generated_Source\PSoC4/ATM_UART_PM.c **** 
  62:Generated_Source\PSoC4/ATM_UART_PM.c **** /*******************************************************************************
  63:Generated_Source\PSoC4/ATM_UART_PM.c **** * Function Name: ATM_UART_RestoreConfig
  64:Generated_Source\PSoC4/ATM_UART_PM.c **** ********************************************************************************
  65:Generated_Source\PSoC4/ATM_UART_PM.c **** *
  66:Generated_Source\PSoC4/ATM_UART_PM.c **** * Summary:
  67:Generated_Source\PSoC4/ATM_UART_PM.c **** *  Restores the nonretention control register except FIFO.
  68:Generated_Source\PSoC4/ATM_UART_PM.c **** *  Does not restore the FIFO which is a set of nonretention registers.
  69:Generated_Source\PSoC4/ATM_UART_PM.c **** *
  70:Generated_Source\PSoC4/ATM_UART_PM.c **** * Parameters:
ARM GAS  C:\Users\CCPOW_~1\AppData\Local\Temp\ccyti2Oj.s 			page 3


  71:Generated_Source\PSoC4/ATM_UART_PM.c **** *  None.
  72:Generated_Source\PSoC4/ATM_UART_PM.c **** *
  73:Generated_Source\PSoC4/ATM_UART_PM.c **** * Return:
  74:Generated_Source\PSoC4/ATM_UART_PM.c **** *  None.
  75:Generated_Source\PSoC4/ATM_UART_PM.c **** *
  76:Generated_Source\PSoC4/ATM_UART_PM.c **** * Global Variables:
  77:Generated_Source\PSoC4/ATM_UART_PM.c **** *  ATM_UART_backup - used when non-retention registers are restored.
  78:Generated_Source\PSoC4/ATM_UART_PM.c **** *
  79:Generated_Source\PSoC4/ATM_UART_PM.c **** * Reentrant:
  80:Generated_Source\PSoC4/ATM_UART_PM.c **** *  No.
  81:Generated_Source\PSoC4/ATM_UART_PM.c **** *
  82:Generated_Source\PSoC4/ATM_UART_PM.c **** * Notes:
  83:Generated_Source\PSoC4/ATM_UART_PM.c **** *  If this function is called without calling ATM_UART_SaveConfig() 
  84:Generated_Source\PSoC4/ATM_UART_PM.c **** *  first, the data loaded may be incorrect.
  85:Generated_Source\PSoC4/ATM_UART_PM.c **** *
  86:Generated_Source\PSoC4/ATM_UART_PM.c **** *******************************************************************************/
  87:Generated_Source\PSoC4/ATM_UART_PM.c **** void ATM_UART_RestoreConfig(void)
  88:Generated_Source\PSoC4/ATM_UART_PM.c **** {
  45              		.loc 1 88 0
  46              		.cfi_startproc
  47              		@ args = 0, pretend = 0, frame = 0
  48              		@ frame_needed = 0, uses_anonymous_args = 0
  49              		@ link register save eliminated.
  89:Generated_Source\PSoC4/ATM_UART_PM.c ****     #if(ATM_UART_CONTROL_REG_REMOVED == 0u)
  90:Generated_Source\PSoC4/ATM_UART_PM.c ****         ATM_UART_CONTROL_REG = ATM_UART_backup.cr;
  91:Generated_Source\PSoC4/ATM_UART_PM.c ****     #endif /* End ATM_UART_CONTROL_REG_REMOVED */
  92:Generated_Source\PSoC4/ATM_UART_PM.c **** }
  50              		.loc 1 92 0
  51              		@ sp needed
  52 0000 7047     		bx	lr
  53              		.cfi_endproc
  54              	.LFE1:
  55              		.size	ATM_UART_RestoreConfig, .-ATM_UART_RestoreConfig
  56              		.section	.text.ATM_UART_Sleep,"ax",%progbits
  57              		.align	1
  58              		.global	ATM_UART_Sleep
  59              		.code	16
  60              		.thumb_func
  61              		.type	ATM_UART_Sleep, %function
  62              	ATM_UART_Sleep:
  63              	.LFB2:
  93:Generated_Source\PSoC4/ATM_UART_PM.c **** 
  94:Generated_Source\PSoC4/ATM_UART_PM.c **** 
  95:Generated_Source\PSoC4/ATM_UART_PM.c **** /*******************************************************************************
  96:Generated_Source\PSoC4/ATM_UART_PM.c **** * Function Name: ATM_UART_Sleep
  97:Generated_Source\PSoC4/ATM_UART_PM.c **** ********************************************************************************
  98:Generated_Source\PSoC4/ATM_UART_PM.c **** *
  99:Generated_Source\PSoC4/ATM_UART_PM.c **** * Summary:
 100:Generated_Source\PSoC4/ATM_UART_PM.c **** *  This is the preferred API to prepare the component for sleep. 
 101:Generated_Source\PSoC4/ATM_UART_PM.c **** *  The ATM_UART_Sleep() API saves the current component state. Then it
 102:Generated_Source\PSoC4/ATM_UART_PM.c **** *  calls the ATM_UART_Stop() function and calls 
 103:Generated_Source\PSoC4/ATM_UART_PM.c **** *  ATM_UART_SaveConfig() to save the hardware configuration.
 104:Generated_Source\PSoC4/ATM_UART_PM.c **** *  Call the ATM_UART_Sleep() function before calling the CyPmSleep() 
 105:Generated_Source\PSoC4/ATM_UART_PM.c **** *  or the CyPmHibernate() function. 
 106:Generated_Source\PSoC4/ATM_UART_PM.c **** *
 107:Generated_Source\PSoC4/ATM_UART_PM.c **** * Parameters:
 108:Generated_Source\PSoC4/ATM_UART_PM.c **** *  None.
ARM GAS  C:\Users\CCPOW_~1\AppData\Local\Temp\ccyti2Oj.s 			page 4


 109:Generated_Source\PSoC4/ATM_UART_PM.c **** *
 110:Generated_Source\PSoC4/ATM_UART_PM.c **** * Return:
 111:Generated_Source\PSoC4/ATM_UART_PM.c **** *  None.
 112:Generated_Source\PSoC4/ATM_UART_PM.c **** *
 113:Generated_Source\PSoC4/ATM_UART_PM.c **** * Global Variables:
 114:Generated_Source\PSoC4/ATM_UART_PM.c **** *  ATM_UART_backup - modified when non-retention registers are saved.
 115:Generated_Source\PSoC4/ATM_UART_PM.c **** *
 116:Generated_Source\PSoC4/ATM_UART_PM.c **** * Reentrant:
 117:Generated_Source\PSoC4/ATM_UART_PM.c **** *  No.
 118:Generated_Source\PSoC4/ATM_UART_PM.c **** *
 119:Generated_Source\PSoC4/ATM_UART_PM.c **** *******************************************************************************/
 120:Generated_Source\PSoC4/ATM_UART_PM.c **** void ATM_UART_Sleep(void)
 121:Generated_Source\PSoC4/ATM_UART_PM.c **** {
  64              		.loc 1 121 0
  65              		.cfi_startproc
  66              		@ args = 0, pretend = 0, frame = 0
  67              		@ frame_needed = 0, uses_anonymous_args = 0
  68 0000 10B5     		push	{r4, lr}
  69              		.cfi_def_cfa_offset 8
  70              		.cfi_offset 4, -8
  71              		.cfi_offset 14, -4
 122:Generated_Source\PSoC4/ATM_UART_PM.c ****     #if(ATM_UART_RX_ENABLED || ATM_UART_HD_ENABLED)
 123:Generated_Source\PSoC4/ATM_UART_PM.c ****         if((ATM_UART_RXSTATUS_ACTL_REG  & ATM_UART_INT_ENABLE) != 0u)
  72              		.loc 1 123 0
  73 0002 054B     		ldr	r3, .L7
  74 0004 1A78     		ldrb	r2, [r3]
  75 0006 1023     		movs	r3, #16
  76 0008 1340     		ands	r3, r2
  77 000a 044A     		ldr	r2, .L7+4
  78 000c 00D0     		beq	.L4
 124:Generated_Source\PSoC4/ATM_UART_PM.c ****         {
 125:Generated_Source\PSoC4/ATM_UART_PM.c ****             ATM_UART_backup.enableState = 1u;
  79              		.loc 1 125 0
  80 000e 0123     		movs	r3, #1
  81              	.L4:
 126:Generated_Source\PSoC4/ATM_UART_PM.c ****         }
 127:Generated_Source\PSoC4/ATM_UART_PM.c ****         else
 128:Generated_Source\PSoC4/ATM_UART_PM.c ****         {
 129:Generated_Source\PSoC4/ATM_UART_PM.c ****             ATM_UART_backup.enableState = 0u;
  82              		.loc 1 129 0
  83 0010 1370     		strb	r3, [r2]
 130:Generated_Source\PSoC4/ATM_UART_PM.c ****         }
 131:Generated_Source\PSoC4/ATM_UART_PM.c ****     #else
 132:Generated_Source\PSoC4/ATM_UART_PM.c ****         if((ATM_UART_TXSTATUS_ACTL_REG  & ATM_UART_INT_ENABLE) !=0u)
 133:Generated_Source\PSoC4/ATM_UART_PM.c ****         {
 134:Generated_Source\PSoC4/ATM_UART_PM.c ****             ATM_UART_backup.enableState = 1u;
 135:Generated_Source\PSoC4/ATM_UART_PM.c ****         }
 136:Generated_Source\PSoC4/ATM_UART_PM.c ****         else
 137:Generated_Source\PSoC4/ATM_UART_PM.c ****         {
 138:Generated_Source\PSoC4/ATM_UART_PM.c ****             ATM_UART_backup.enableState = 0u;
 139:Generated_Source\PSoC4/ATM_UART_PM.c ****         }
 140:Generated_Source\PSoC4/ATM_UART_PM.c ****     #endif /* End ATM_UART_RX_ENABLED || ATM_UART_HD_ENABLED*/
 141:Generated_Source\PSoC4/ATM_UART_PM.c **** 
 142:Generated_Source\PSoC4/ATM_UART_PM.c ****     ATM_UART_Stop();
 143:Generated_Source\PSoC4/ATM_UART_PM.c ****     ATM_UART_SaveConfig();
 144:Generated_Source\PSoC4/ATM_UART_PM.c **** }
  84              		.loc 1 144 0
ARM GAS  C:\Users\CCPOW_~1\AppData\Local\Temp\ccyti2Oj.s 			page 5


  85              		@ sp needed
 142:Generated_Source\PSoC4/ATM_UART_PM.c ****     ATM_UART_SaveConfig();
  86              		.loc 1 142 0
  87 0012 FFF7FEFF 		bl	ATM_UART_Stop
  88              	.LVL0:
  89              		.loc 1 144 0
  90 0016 10BD     		pop	{r4, pc}
  91              	.L8:
  92              		.align	2
  93              	.L7:
  94 0018 90000F40 		.word	1074725008
  95 001c 00000000 		.word	.LANCHOR0
  96              		.cfi_endproc
  97              	.LFE2:
  98              		.size	ATM_UART_Sleep, .-ATM_UART_Sleep
  99              		.section	.text.ATM_UART_Wakeup,"ax",%progbits
 100              		.align	1
 101              		.global	ATM_UART_Wakeup
 102              		.code	16
 103              		.thumb_func
 104              		.type	ATM_UART_Wakeup, %function
 105              	ATM_UART_Wakeup:
 106              	.LFB3:
 145:Generated_Source\PSoC4/ATM_UART_PM.c **** 
 146:Generated_Source\PSoC4/ATM_UART_PM.c **** 
 147:Generated_Source\PSoC4/ATM_UART_PM.c **** /*******************************************************************************
 148:Generated_Source\PSoC4/ATM_UART_PM.c **** * Function Name: ATM_UART_Wakeup
 149:Generated_Source\PSoC4/ATM_UART_PM.c **** ********************************************************************************
 150:Generated_Source\PSoC4/ATM_UART_PM.c **** *
 151:Generated_Source\PSoC4/ATM_UART_PM.c **** * Summary:
 152:Generated_Source\PSoC4/ATM_UART_PM.c **** *  This is the preferred API to restore the component to the state when 
 153:Generated_Source\PSoC4/ATM_UART_PM.c **** *  ATM_UART_Sleep() was called. The ATM_UART_Wakeup() function
 154:Generated_Source\PSoC4/ATM_UART_PM.c **** *  calls the ATM_UART_RestoreConfig() function to restore the 
 155:Generated_Source\PSoC4/ATM_UART_PM.c **** *  configuration. If the component was enabled before the 
 156:Generated_Source\PSoC4/ATM_UART_PM.c **** *  ATM_UART_Sleep() function was called, the ATM_UART_Wakeup()
 157:Generated_Source\PSoC4/ATM_UART_PM.c **** *  function will also re-enable the component.
 158:Generated_Source\PSoC4/ATM_UART_PM.c **** *
 159:Generated_Source\PSoC4/ATM_UART_PM.c **** * Parameters:
 160:Generated_Source\PSoC4/ATM_UART_PM.c **** *  None.
 161:Generated_Source\PSoC4/ATM_UART_PM.c **** *
 162:Generated_Source\PSoC4/ATM_UART_PM.c **** * Return:
 163:Generated_Source\PSoC4/ATM_UART_PM.c **** *  None.
 164:Generated_Source\PSoC4/ATM_UART_PM.c **** *
 165:Generated_Source\PSoC4/ATM_UART_PM.c **** * Global Variables:
 166:Generated_Source\PSoC4/ATM_UART_PM.c **** *  ATM_UART_backup - used when non-retention registers are restored.
 167:Generated_Source\PSoC4/ATM_UART_PM.c **** *
 168:Generated_Source\PSoC4/ATM_UART_PM.c **** * Reentrant:
 169:Generated_Source\PSoC4/ATM_UART_PM.c **** *  No.
 170:Generated_Source\PSoC4/ATM_UART_PM.c **** *
 171:Generated_Source\PSoC4/ATM_UART_PM.c **** *******************************************************************************/
 172:Generated_Source\PSoC4/ATM_UART_PM.c **** void ATM_UART_Wakeup(void)
 173:Generated_Source\PSoC4/ATM_UART_PM.c **** {
 107              		.loc 1 173 0
 108              		.cfi_startproc
 109              		@ args = 0, pretend = 0, frame = 0
 110              		@ frame_needed = 0, uses_anonymous_args = 0
 111 0000 10B5     		push	{r4, lr}
ARM GAS  C:\Users\CCPOW_~1\AppData\Local\Temp\ccyti2Oj.s 			page 6


 112              		.cfi_def_cfa_offset 8
 113              		.cfi_offset 4, -8
 114              		.cfi_offset 14, -4
 174:Generated_Source\PSoC4/ATM_UART_PM.c ****     ATM_UART_RestoreConfig();
 175:Generated_Source\PSoC4/ATM_UART_PM.c ****     #if( (ATM_UART_RX_ENABLED) || (ATM_UART_HD_ENABLED) )
 176:Generated_Source\PSoC4/ATM_UART_PM.c ****         ATM_UART_ClearRxBuffer();
 115              		.loc 1 176 0
 116 0002 FFF7FEFF 		bl	ATM_UART_ClearRxBuffer
 117              	.LVL1:
 177:Generated_Source\PSoC4/ATM_UART_PM.c ****     #endif /* End (ATM_UART_RX_ENABLED) || (ATM_UART_HD_ENABLED) */
 178:Generated_Source\PSoC4/ATM_UART_PM.c ****     #if(ATM_UART_TX_ENABLED || ATM_UART_HD_ENABLED)
 179:Generated_Source\PSoC4/ATM_UART_PM.c ****         ATM_UART_ClearTxBuffer();
 118              		.loc 1 179 0
 119 0006 FFF7FEFF 		bl	ATM_UART_ClearTxBuffer
 120              	.LVL2:
 180:Generated_Source\PSoC4/ATM_UART_PM.c ****     #endif /* End ATM_UART_TX_ENABLED || ATM_UART_HD_ENABLED */
 181:Generated_Source\PSoC4/ATM_UART_PM.c **** 
 182:Generated_Source\PSoC4/ATM_UART_PM.c ****     if(ATM_UART_backup.enableState != 0u)
 121              		.loc 1 182 0
 122 000a 034B     		ldr	r3, .L14
 123 000c 1B78     		ldrb	r3, [r3]
 124 000e 002B     		cmp	r3, #0
 125 0010 01D0     		beq	.L9
 183:Generated_Source\PSoC4/ATM_UART_PM.c ****     {
 184:Generated_Source\PSoC4/ATM_UART_PM.c ****         ATM_UART_Enable();
 126              		.loc 1 184 0
 127 0012 FFF7FEFF 		bl	ATM_UART_Enable
 128              	.LVL3:
 129              	.L9:
 185:Generated_Source\PSoC4/ATM_UART_PM.c ****     }
 186:Generated_Source\PSoC4/ATM_UART_PM.c **** }
 130              		.loc 1 186 0
 131              		@ sp needed
 132 0016 10BD     		pop	{r4, pc}
 133              	.L15:
 134              		.align	2
 135              	.L14:
 136 0018 00000000 		.word	.LANCHOR0
 137              		.cfi_endproc
 138              	.LFE3:
 139              		.size	ATM_UART_Wakeup, .-ATM_UART_Wakeup
 140              		.bss
 141              		.set	.LANCHOR0,. + 0
 142              		.type	ATM_UART_backup, %object
 143              		.size	ATM_UART_backup, 1
 144              	ATM_UART_backup:
 145 0000 00       		.space	1
 146              		.text
 147              	.Letext0:
 148              		.file 2 "Generated_Source\\PSoC4\\cytypes.h"
 149              		.file 3 "Generated_Source\\PSoC4\\ATM_UART.h"
 150              		.section	.debug_info,"",%progbits
 151              	.Ldebug_info0:
 152 0000 78010000 		.4byte	0x178
 153 0004 0400     		.2byte	0x4
 154 0006 00000000 		.4byte	.Ldebug_abbrev0
 155 000a 04       		.byte	0x4
ARM GAS  C:\Users\CCPOW_~1\AppData\Local\Temp\ccyti2Oj.s 			page 7


 156 000b 01       		.uleb128 0x1
 157 000c F7010000 		.4byte	.LASF25
 158 0010 0C       		.byte	0xc
 159 0011 E8000000 		.4byte	.LASF26
 160 0015 0D010000 		.4byte	.LASF27
 161 0019 00000000 		.4byte	.Ldebug_ranges0+0
 162 001d 00000000 		.4byte	0
 163 0021 00000000 		.4byte	.Ldebug_line0
 164 0025 02       		.uleb128 0x2
 165 0026 01       		.byte	0x1
 166 0027 06       		.byte	0x6
 167 0028 C5010000 		.4byte	.LASF0
 168 002c 02       		.uleb128 0x2
 169 002d 01       		.byte	0x1
 170 002e 08       		.byte	0x8
 171 002f 6B000000 		.4byte	.LASF1
 172 0033 02       		.uleb128 0x2
 173 0034 02       		.byte	0x2
 174 0035 05       		.byte	0x5
 175 0036 83010000 		.4byte	.LASF2
 176 003a 02       		.uleb128 0x2
 177 003b 02       		.byte	0x2
 178 003c 07       		.byte	0x7
 179 003d 24000000 		.4byte	.LASF3
 180 0041 02       		.uleb128 0x2
 181 0042 04       		.byte	0x4
 182 0043 05       		.byte	0x5
 183 0044 8D010000 		.4byte	.LASF4
 184 0048 02       		.uleb128 0x2
 185 0049 04       		.byte	0x4
 186 004a 07       		.byte	0x7
 187 004b 7E000000 		.4byte	.LASF5
 188 004f 02       		.uleb128 0x2
 189 0050 08       		.byte	0x8
 190 0051 05       		.byte	0x5
 191 0052 62010000 		.4byte	.LASF6
 192 0056 02       		.uleb128 0x2
 193 0057 08       		.byte	0x8
 194 0058 07       		.byte	0x7
 195 0059 D1000000 		.4byte	.LASF7
 196 005d 03       		.uleb128 0x3
 197 005e 04       		.byte	0x4
 198 005f 05       		.byte	0x5
 199 0060 696E7400 		.ascii	"int\000"
 200 0064 02       		.uleb128 0x2
 201 0065 04       		.byte	0x4
 202 0066 07       		.byte	0x7
 203 0067 C4000000 		.4byte	.LASF8
 204 006b 04       		.uleb128 0x4
 205 006c 90000000 		.4byte	.LASF12
 206 0070 02       		.byte	0x2
 207 0071 B901     		.2byte	0x1b9
 208 0073 2C000000 		.4byte	0x2c
 209 0077 02       		.uleb128 0x2
 210 0078 04       		.byte	0x4
 211 0079 04       		.byte	0x4
 212 007a 65000000 		.4byte	.LASF9
ARM GAS  C:\Users\CCPOW_~1\AppData\Local\Temp\ccyti2Oj.s 			page 8


 213 007e 02       		.uleb128 0x2
 214 007f 08       		.byte	0x8
 215 0080 04       		.byte	0x4
 216 0081 A6000000 		.4byte	.LASF10
 217 0085 02       		.uleb128 0x2
 218 0086 01       		.byte	0x1
 219 0087 08       		.byte	0x8
 220 0088 70010000 		.4byte	.LASF11
 221 008c 04       		.uleb128 0x4
 222 008d 79000000 		.4byte	.LASF13
 223 0091 02       		.byte	0x2
 224 0092 6302     		.2byte	0x263
 225 0094 98000000 		.4byte	0x98
 226 0098 05       		.uleb128 0x5
 227 0099 6B000000 		.4byte	0x6b
 228 009d 02       		.uleb128 0x2
 229 009e 08       		.byte	0x8
 230 009f 04       		.byte	0x4
 231 00a0 A2010000 		.4byte	.LASF14
 232 00a4 02       		.uleb128 0x2
 233 00a5 04       		.byte	0x4
 234 00a6 07       		.byte	0x7
 235 00a7 59010000 		.4byte	.LASF15
 236 00ab 06       		.uleb128 0x6
 237 00ac AD000000 		.4byte	.LASF28
 238 00b0 01       		.byte	0x1
 239 00b1 03       		.byte	0x3
 240 00b2 45       		.byte	0x45
 241 00b3 C4000000 		.4byte	0xc4
 242 00b7 07       		.uleb128 0x7
 243 00b8 96010000 		.4byte	.LASF29
 244 00bc 03       		.byte	0x3
 245 00bd 47       		.byte	0x47
 246 00be 6B000000 		.4byte	0x6b
 247 00c2 00       		.byte	0
 248 00c3 00       		.byte	0
 249 00c4 08       		.uleb128 0x8
 250 00c5 4E000000 		.4byte	.LASF16
 251 00c9 03       		.byte	0x3
 252 00ca 4D       		.byte	0x4d
 253 00cb AB000000 		.4byte	0xab
 254 00cf 09       		.uleb128 0x9
 255 00d0 00000000 		.4byte	.LASF17
 256 00d4 01       		.byte	0x1
 257 00d5 36       		.byte	0x36
 258 00d6 01       		.byte	0x1
 259 00d7 09       		.uleb128 0x9
 260 00d8 AE010000 		.4byte	.LASF18
 261 00dc 01       		.byte	0x1
 262 00dd 57       		.byte	0x57
 263 00de 01       		.byte	0x1
 264 00df 0A       		.uleb128 0xa
 265 00e0 D7000000 		.4byte	0xd7
 266 00e4 00000000 		.4byte	.LFB1
 267 00e8 02000000 		.4byte	.LFE1-.LFB1
 268 00ec 01       		.uleb128 0x1
 269 00ed 9C       		.byte	0x9c
ARM GAS  C:\Users\CCPOW_~1\AppData\Local\Temp\ccyti2Oj.s 			page 9


 270 00ee 0B       		.uleb128 0xb
 271 00ef D1010000 		.4byte	.LASF19
 272 00f3 01       		.byte	0x1
 273 00f4 78       		.byte	0x78
 274 00f5 00000000 		.4byte	.LFB2
 275 00f9 20000000 		.4byte	.LFE2-.LFB2
 276 00fd 01       		.uleb128 0x1
 277 00fe 9C       		.byte	0x9c
 278 00ff 0D010000 		.4byte	0x10d
 279 0103 0C       		.uleb128 0xc
 280 0104 16000000 		.4byte	.LVL0
 281 0108 4F010000 		.4byte	0x14f
 282 010c 00       		.byte	0
 283 010d 0B       		.uleb128 0xb
 284 010e 49010000 		.4byte	.LASF20
 285 0112 01       		.byte	0x1
 286 0113 AC       		.byte	0xac
 287 0114 00000000 		.4byte	.LFB3
 288 0118 1C000000 		.4byte	.LFE3-.LFB3
 289 011c 01       		.uleb128 0x1
 290 011d 9C       		.byte	0x9c
 291 011e 3E010000 		.4byte	0x13e
 292 0122 0C       		.uleb128 0xc
 293 0123 06000000 		.4byte	.LVL1
 294 0127 5A010000 		.4byte	0x15a
 295 012b 0C       		.uleb128 0xc
 296 012c 0A000000 		.4byte	.LVL2
 297 0130 65010000 		.4byte	0x165
 298 0134 0C       		.uleb128 0xc
 299 0135 16000000 		.4byte	.LVL3
 300 0139 70010000 		.4byte	0x170
 301 013d 00       		.byte	0
 302 013e 0D       		.uleb128 0xd
 303 013f 96000000 		.4byte	.LASF30
 304 0143 01       		.byte	0x1
 305 0144 18       		.byte	0x18
 306 0145 C4000000 		.4byte	0xc4
 307 0149 05       		.uleb128 0x5
 308 014a 03       		.byte	0x3
 309 014b 00000000 		.4byte	ATM_UART_backup
 310 014f 0E       		.uleb128 0xe
 311 0150 75010000 		.4byte	.LASF21
 312 0154 75010000 		.4byte	.LASF21
 313 0158 03       		.byte	0x3
 314 0159 55       		.byte	0x55
 315 015a 0E       		.uleb128 0xe
 316 015b E0010000 		.4byte	.LASF22
 317 015f E0010000 		.4byte	.LASF22
 318 0163 03       		.byte	0x3
 319 0164 75       		.byte	0x75
 320 0165 0E       		.uleb128 0xe
 321 0166 37000000 		.4byte	.LASF23
 322 016a 37000000 		.4byte	.LASF23
 323 016e 03       		.byte	0x3
 324 016f 8F       		.byte	0x8f
 325 0170 0E       		.uleb128 0xe
 326 0171 14000000 		.4byte	.LASF24
ARM GAS  C:\Users\CCPOW_~1\AppData\Local\Temp\ccyti2Oj.s 			page 10


 327 0175 14000000 		.4byte	.LASF24
 328 0179 03       		.byte	0x3
 329 017a 5A       		.byte	0x5a
 330 017b 00       		.byte	0
 331              		.section	.debug_abbrev,"",%progbits
 332              	.Ldebug_abbrev0:
 333 0000 01       		.uleb128 0x1
 334 0001 11       		.uleb128 0x11
 335 0002 01       		.byte	0x1
 336 0003 25       		.uleb128 0x25
 337 0004 0E       		.uleb128 0xe
 338 0005 13       		.uleb128 0x13
 339 0006 0B       		.uleb128 0xb
 340 0007 03       		.uleb128 0x3
 341 0008 0E       		.uleb128 0xe
 342 0009 1B       		.uleb128 0x1b
 343 000a 0E       		.uleb128 0xe
 344 000b 55       		.uleb128 0x55
 345 000c 17       		.uleb128 0x17
 346 000d 11       		.uleb128 0x11
 347 000e 01       		.uleb128 0x1
 348 000f 10       		.uleb128 0x10
 349 0010 17       		.uleb128 0x17
 350 0011 00       		.byte	0
 351 0012 00       		.byte	0
 352 0013 02       		.uleb128 0x2
 353 0014 24       		.uleb128 0x24
 354 0015 00       		.byte	0
 355 0016 0B       		.uleb128 0xb
 356 0017 0B       		.uleb128 0xb
 357 0018 3E       		.uleb128 0x3e
 358 0019 0B       		.uleb128 0xb
 359 001a 03       		.uleb128 0x3
 360 001b 0E       		.uleb128 0xe
 361 001c 00       		.byte	0
 362 001d 00       		.byte	0
 363 001e 03       		.uleb128 0x3
 364 001f 24       		.uleb128 0x24
 365 0020 00       		.byte	0
 366 0021 0B       		.uleb128 0xb
 367 0022 0B       		.uleb128 0xb
 368 0023 3E       		.uleb128 0x3e
 369 0024 0B       		.uleb128 0xb
 370 0025 03       		.uleb128 0x3
 371 0026 08       		.uleb128 0x8
 372 0027 00       		.byte	0
 373 0028 00       		.byte	0
 374 0029 04       		.uleb128 0x4
 375 002a 16       		.uleb128 0x16
 376 002b 00       		.byte	0
 377 002c 03       		.uleb128 0x3
 378 002d 0E       		.uleb128 0xe
 379 002e 3A       		.uleb128 0x3a
 380 002f 0B       		.uleb128 0xb
 381 0030 3B       		.uleb128 0x3b
 382 0031 05       		.uleb128 0x5
 383 0032 49       		.uleb128 0x49
ARM GAS  C:\Users\CCPOW_~1\AppData\Local\Temp\ccyti2Oj.s 			page 11


 384 0033 13       		.uleb128 0x13
 385 0034 00       		.byte	0
 386 0035 00       		.byte	0
 387 0036 05       		.uleb128 0x5
 388 0037 35       		.uleb128 0x35
 389 0038 00       		.byte	0
 390 0039 49       		.uleb128 0x49
 391 003a 13       		.uleb128 0x13
 392 003b 00       		.byte	0
 393 003c 00       		.byte	0
 394 003d 06       		.uleb128 0x6
 395 003e 13       		.uleb128 0x13
 396 003f 01       		.byte	0x1
 397 0040 03       		.uleb128 0x3
 398 0041 0E       		.uleb128 0xe
 399 0042 0B       		.uleb128 0xb
 400 0043 0B       		.uleb128 0xb
 401 0044 3A       		.uleb128 0x3a
 402 0045 0B       		.uleb128 0xb
 403 0046 3B       		.uleb128 0x3b
 404 0047 0B       		.uleb128 0xb
 405 0048 01       		.uleb128 0x1
 406 0049 13       		.uleb128 0x13
 407 004a 00       		.byte	0
 408 004b 00       		.byte	0
 409 004c 07       		.uleb128 0x7
 410 004d 0D       		.uleb128 0xd
 411 004e 00       		.byte	0
 412 004f 03       		.uleb128 0x3
 413 0050 0E       		.uleb128 0xe
 414 0051 3A       		.uleb128 0x3a
 415 0052 0B       		.uleb128 0xb
 416 0053 3B       		.uleb128 0x3b
 417 0054 0B       		.uleb128 0xb
 418 0055 49       		.uleb128 0x49
 419 0056 13       		.uleb128 0x13
 420 0057 38       		.uleb128 0x38
 421 0058 0B       		.uleb128 0xb
 422 0059 00       		.byte	0
 423 005a 00       		.byte	0
 424 005b 08       		.uleb128 0x8
 425 005c 16       		.uleb128 0x16
 426 005d 00       		.byte	0
 427 005e 03       		.uleb128 0x3
 428 005f 0E       		.uleb128 0xe
 429 0060 3A       		.uleb128 0x3a
 430 0061 0B       		.uleb128 0xb
 431 0062 3B       		.uleb128 0x3b
 432 0063 0B       		.uleb128 0xb
 433 0064 49       		.uleb128 0x49
 434 0065 13       		.uleb128 0x13
 435 0066 00       		.byte	0
 436 0067 00       		.byte	0
 437 0068 09       		.uleb128 0x9
 438 0069 2E       		.uleb128 0x2e
 439 006a 00       		.byte	0
 440 006b 3F       		.uleb128 0x3f
ARM GAS  C:\Users\CCPOW_~1\AppData\Local\Temp\ccyti2Oj.s 			page 12


 441 006c 19       		.uleb128 0x19
 442 006d 03       		.uleb128 0x3
 443 006e 0E       		.uleb128 0xe
 444 006f 3A       		.uleb128 0x3a
 445 0070 0B       		.uleb128 0xb
 446 0071 3B       		.uleb128 0x3b
 447 0072 0B       		.uleb128 0xb
 448 0073 27       		.uleb128 0x27
 449 0074 19       		.uleb128 0x19
 450 0075 20       		.uleb128 0x20
 451 0076 0B       		.uleb128 0xb
 452 0077 00       		.byte	0
 453 0078 00       		.byte	0
 454 0079 0A       		.uleb128 0xa
 455 007a 2E       		.uleb128 0x2e
 456 007b 00       		.byte	0
 457 007c 31       		.uleb128 0x31
 458 007d 13       		.uleb128 0x13
 459 007e 11       		.uleb128 0x11
 460 007f 01       		.uleb128 0x1
 461 0080 12       		.uleb128 0x12
 462 0081 06       		.uleb128 0x6
 463 0082 40       		.uleb128 0x40
 464 0083 18       		.uleb128 0x18
 465 0084 9742     		.uleb128 0x2117
 466 0086 19       		.uleb128 0x19
 467 0087 00       		.byte	0
 468 0088 00       		.byte	0
 469 0089 0B       		.uleb128 0xb
 470 008a 2E       		.uleb128 0x2e
 471 008b 01       		.byte	0x1
 472 008c 3F       		.uleb128 0x3f
 473 008d 19       		.uleb128 0x19
 474 008e 03       		.uleb128 0x3
 475 008f 0E       		.uleb128 0xe
 476 0090 3A       		.uleb128 0x3a
 477 0091 0B       		.uleb128 0xb
 478 0092 3B       		.uleb128 0x3b
 479 0093 0B       		.uleb128 0xb
 480 0094 27       		.uleb128 0x27
 481 0095 19       		.uleb128 0x19
 482 0096 11       		.uleb128 0x11
 483 0097 01       		.uleb128 0x1
 484 0098 12       		.uleb128 0x12
 485 0099 06       		.uleb128 0x6
 486 009a 40       		.uleb128 0x40
 487 009b 18       		.uleb128 0x18
 488 009c 9742     		.uleb128 0x2117
 489 009e 19       		.uleb128 0x19
 490 009f 01       		.uleb128 0x1
 491 00a0 13       		.uleb128 0x13
 492 00a1 00       		.byte	0
 493 00a2 00       		.byte	0
 494 00a3 0C       		.uleb128 0xc
 495 00a4 898201   		.uleb128 0x4109
 496 00a7 00       		.byte	0
 497 00a8 11       		.uleb128 0x11
ARM GAS  C:\Users\CCPOW_~1\AppData\Local\Temp\ccyti2Oj.s 			page 13


 498 00a9 01       		.uleb128 0x1
 499 00aa 31       		.uleb128 0x31
 500 00ab 13       		.uleb128 0x13
 501 00ac 00       		.byte	0
 502 00ad 00       		.byte	0
 503 00ae 0D       		.uleb128 0xd
 504 00af 34       		.uleb128 0x34
 505 00b0 00       		.byte	0
 506 00b1 03       		.uleb128 0x3
 507 00b2 0E       		.uleb128 0xe
 508 00b3 3A       		.uleb128 0x3a
 509 00b4 0B       		.uleb128 0xb
 510 00b5 3B       		.uleb128 0x3b
 511 00b6 0B       		.uleb128 0xb
 512 00b7 49       		.uleb128 0x49
 513 00b8 13       		.uleb128 0x13
 514 00b9 02       		.uleb128 0x2
 515 00ba 18       		.uleb128 0x18
 516 00bb 00       		.byte	0
 517 00bc 00       		.byte	0
 518 00bd 0E       		.uleb128 0xe
 519 00be 2E       		.uleb128 0x2e
 520 00bf 00       		.byte	0
 521 00c0 3F       		.uleb128 0x3f
 522 00c1 19       		.uleb128 0x19
 523 00c2 3C       		.uleb128 0x3c
 524 00c3 19       		.uleb128 0x19
 525 00c4 6E       		.uleb128 0x6e
 526 00c5 0E       		.uleb128 0xe
 527 00c6 03       		.uleb128 0x3
 528 00c7 0E       		.uleb128 0xe
 529 00c8 3A       		.uleb128 0x3a
 530 00c9 0B       		.uleb128 0xb
 531 00ca 3B       		.uleb128 0x3b
 532 00cb 0B       		.uleb128 0xb
 533 00cc 00       		.byte	0
 534 00cd 00       		.byte	0
 535 00ce 00       		.byte	0
 536              		.section	.debug_aranges,"",%progbits
 537 0000 2C000000 		.4byte	0x2c
 538 0004 0200     		.2byte	0x2
 539 0006 00000000 		.4byte	.Ldebug_info0
 540 000a 04       		.byte	0x4
 541 000b 00       		.byte	0
 542 000c 0000     		.2byte	0
 543 000e 0000     		.2byte	0
 544 0010 00000000 		.4byte	.LFB1
 545 0014 02000000 		.4byte	.LFE1-.LFB1
 546 0018 00000000 		.4byte	.LFB2
 547 001c 20000000 		.4byte	.LFE2-.LFB2
 548 0020 00000000 		.4byte	.LFB3
 549 0024 1C000000 		.4byte	.LFE3-.LFB3
 550 0028 00000000 		.4byte	0
 551 002c 00000000 		.4byte	0
 552              		.section	.debug_ranges,"",%progbits
 553              	.Ldebug_ranges0:
 554 0000 00000000 		.4byte	.LFB1
ARM GAS  C:\Users\CCPOW_~1\AppData\Local\Temp\ccyti2Oj.s 			page 14


 555 0004 02000000 		.4byte	.LFE1
 556 0008 00000000 		.4byte	.LFB2
 557 000c 20000000 		.4byte	.LFE2
 558 0010 00000000 		.4byte	.LFB3
 559 0014 1C000000 		.4byte	.LFE3
 560 0018 00000000 		.4byte	0
 561 001c 00000000 		.4byte	0
 562              		.section	.debug_line,"",%progbits
 563              	.Ldebug_line0:
 564 0000 9A000000 		.section	.debug_str,"MS",%progbits,1
 564      02005600 
 564      00000201 
 564      FB0E0D00 
 564      01010101 
 565              	.LASF17:
 566 0000 41544D5F 		.ascii	"ATM_UART_SaveConfig\000"
 566      55415254 
 566      5F536176 
 566      65436F6E 
 566      66696700 
 567              	.LASF24:
 568 0014 41544D5F 		.ascii	"ATM_UART_Enable\000"
 568      55415254 
 568      5F456E61 
 568      626C6500 
 569              	.LASF3:
 570 0024 73686F72 		.ascii	"short unsigned int\000"
 570      7420756E 
 570      7369676E 
 570      65642069 
 570      6E7400
 571              	.LASF23:
 572 0037 41544D5F 		.ascii	"ATM_UART_ClearTxBuffer\000"
 572      55415254 
 572      5F436C65 
 572      61725478 
 572      42756666 
 573              	.LASF16:
 574 004e 41544D5F 		.ascii	"ATM_UART_BACKUP_STRUCT\000"
 574      55415254 
 574      5F424143 
 574      4B55505F 
 574      53545255 
 575              	.LASF9:
 576 0065 666C6F61 		.ascii	"float\000"
 576      7400
 577              	.LASF1:
 578 006b 756E7369 		.ascii	"unsigned char\000"
 578      676E6564 
 578      20636861 
 578      7200
 579              	.LASF13:
 580 0079 72656738 		.ascii	"reg8\000"
 580      00
 581              	.LASF5:
 582 007e 6C6F6E67 		.ascii	"long unsigned int\000"
 582      20756E73 
ARM GAS  C:\Users\CCPOW_~1\AppData\Local\Temp\ccyti2Oj.s 			page 15


 582      69676E65 
 582      6420696E 
 582      7400
 583              	.LASF12:
 584 0090 75696E74 		.ascii	"uint8\000"
 584      3800
 585              	.LASF30:
 586 0096 41544D5F 		.ascii	"ATM_UART_backup\000"
 586      55415254 
 586      5F626163 
 586      6B757000 
 587              	.LASF10:
 588 00a6 646F7562 		.ascii	"double\000"
 588      6C6500
 589              	.LASF28:
 590 00ad 41544D5F 		.ascii	"ATM_UART_backupStruct_\000"
 590      55415254 
 590      5F626163 
 590      6B757053 
 590      74727563 
 591              	.LASF8:
 592 00c4 756E7369 		.ascii	"unsigned int\000"
 592      676E6564 
 592      20696E74 
 592      00
 593              	.LASF7:
 594 00d1 6C6F6E67 		.ascii	"long long unsigned int\000"
 594      206C6F6E 
 594      6720756E 
 594      7369676E 
 594      65642069 
 595              	.LASF26:
 596 00e8 47656E65 		.ascii	"Generated_Source\\PSoC4\\ATM_UART_PM.c\000"
 596      72617465 
 596      645F536F 
 596      75726365 
 596      5C50536F 
 597              	.LASF27:
 598 010d 433A5C55 		.ascii	"C:\\Users\\ccpow_000\\Desktop\\CPS\\eCTF\\0xBU_SSS_"
 598      73657273 
 598      5C636370 
 598      6F775F30 
 598      30305C44 
 599 013a 41544D5C 		.ascii	"ATM\\CARD.cydsn\000"
 599      43415244 
 599      2E637964 
 599      736E00
 600              	.LASF20:
 601 0149 41544D5F 		.ascii	"ATM_UART_Wakeup\000"
 601      55415254 
 601      5F57616B 
 601      65757000 
 602              	.LASF15:
 603 0159 73697A65 		.ascii	"sizetype\000"
 603      74797065 
 603      00
 604              	.LASF6:
ARM GAS  C:\Users\CCPOW_~1\AppData\Local\Temp\ccyti2Oj.s 			page 16


 605 0162 6C6F6E67 		.ascii	"long long int\000"
 605      206C6F6E 
 605      6720696E 
 605      7400
 606              	.LASF11:
 607 0170 63686172 		.ascii	"char\000"
 607      00
 608              	.LASF21:
 609 0175 41544D5F 		.ascii	"ATM_UART_Stop\000"
 609      55415254 
 609      5F53746F 
 609      7000
 610              	.LASF2:
 611 0183 73686F72 		.ascii	"short int\000"
 611      7420696E 
 611      7400
 612              	.LASF4:
 613 018d 6C6F6E67 		.ascii	"long int\000"
 613      20696E74 
 613      00
 614              	.LASF29:
 615 0196 656E6162 		.ascii	"enableState\000"
 615      6C655374 
 615      61746500 
 616              	.LASF14:
 617 01a2 6C6F6E67 		.ascii	"long double\000"
 617      20646F75 
 617      626C6500 
 618              	.LASF18:
 619 01ae 41544D5F 		.ascii	"ATM_UART_RestoreConfig\000"
 619      55415254 
 619      5F526573 
 619      746F7265 
 619      436F6E66 
 620              	.LASF0:
 621 01c5 7369676E 		.ascii	"signed char\000"
 621      65642063 
 621      68617200 
 622              	.LASF19:
 623 01d1 41544D5F 		.ascii	"ATM_UART_Sleep\000"
 623      55415254 
 623      5F536C65 
 623      657000
 624              	.LASF22:
 625 01e0 41544D5F 		.ascii	"ATM_UART_ClearRxBuffer\000"
 625      55415254 
 625      5F436C65 
 625      61725278 
 625      42756666 
 626              	.LASF25:
 627 01f7 474E5520 		.ascii	"GNU C11 5.4.1 20160609 (release) [ARM/embedded-5-br"
 627      43313120 
 627      352E342E 
 627      31203230 
 627      31363036 
 628 022a 616E6368 		.ascii	"anch revision 237715] -mcpu=cortex-m0 -mthumb -g -O"
 628      20726576 
ARM GAS  C:\Users\CCPOW_~1\AppData\Local\Temp\ccyti2Oj.s 			page 17


 628      6973696F 
 628      6E203233 
 628      37373135 
 629 025d 73202D66 		.ascii	"s -ffunction-sections -ffat-lto-objects\000"
 629      66756E63 
 629      74696F6E 
 629      2D736563 
 629      74696F6E 
 630              		.ident	"GCC: (GNU Tools for ARM Embedded Processors) 5.4.1 20160609 (release) [ARM/embedded-5-bran
