ARM GAS  C:\Users\CCPOW_~1\AppData\Local\Temp\ccNygItc.s 			page 1


   1              		.syntax unified
   2              		.cpu cortex-m0
   3              		.fpu softvfp
   4              		.eabi_attribute 20, 1
   5              		.eabi_attribute 21, 1
   6              		.eabi_attribute 23, 3
   7              		.eabi_attribute 24, 1
   8              		.eabi_attribute 25, 1
   9              		.eabi_attribute 26, 1
  10              		.eabi_attribute 30, 4
  11              		.eabi_attribute 34, 0
  12              		.eabi_attribute 18, 4
  13              		.thumb
  14              		.syntax unified
  15              		.file	"usbserialprotocol.c"
  16              		.text
  17              	.Ltext0:
  18              		.cfi_sections	.debug_frame
  19              		.section	.text.getValidByte,"ax",%progbits
  20              		.align	1
  21              		.global	getValidByte
  22              		.code	16
  23              		.thumb_func
  24              		.type	getValidByte, %function
  25              	getValidByte:
  26              	.LFB35:
  27              		.file 1 "usbserialprotocol.c"
   1:usbserialprotocol.c **** /* ========================================
   2:usbserialprotocol.c ****  *
   3:usbserialprotocol.c ****  * Copyright YOUR COMPANY, THE YEAR
   4:usbserialprotocol.c ****  * All Rights Reserved
   5:usbserialprotocol.c ****  * UNPUBLISHED, LICENSED SOFTWARE.
   6:usbserialprotocol.c ****  *
   7:usbserialprotocol.c ****  * CONFIDENTIAL AND PROPRIETARY INFORMATION
   8:usbserialprotocol.c ****  * WHICH IS THE PROPERTY OF your company.
   9:usbserialprotocol.c ****  *
  10:usbserialprotocol.c ****  * ========================================
  11:usbserialprotocol.c **** */
  12:usbserialprotocol.c **** 
  13:usbserialprotocol.c **** #include "usbserialprotocol.h"
  14:usbserialprotocol.c **** #include "common.h"
  15:usbserialprotocol.c **** 
  16:usbserialprotocol.c **** uint8 getValidByte()
  17:usbserialprotocol.c **** {
  28              		.loc 1 17 0
  29              		.cfi_startproc
  30              		@ args = 0, pretend = 0, frame = 0
  31              		@ frame_needed = 0, uses_anonymous_args = 0
  32 0000 10B5     		push	{r4, lr}
  33              		.cfi_def_cfa_offset 8
  34              		.cfi_offset 4, -8
  35              		.cfi_offset 14, -4
  36              	.L2:
  18:usbserialprotocol.c ****     uint8 retval = 0u;
  19:usbserialprotocol.c ****     while(USB_UART_SpiUartGetRxBufferSize() < 1); // wait for byte
  37              		.loc 1 19 0 discriminator 1
  38 0002 FFF7FEFF 		bl	USB_UART_SpiUartGetRxBufferSize
ARM GAS  C:\Users\CCPOW_~1\AppData\Local\Temp\ccNygItc.s 			page 2


  39              	.LVL0:
  40 0006 0028     		cmp	r0, #0
  41 0008 FBD0     		beq	.L2
  20:usbserialprotocol.c ****     retval = USB_UART_UartGetByte();
  42              		.loc 1 20 0
  43 000a FFF7FEFF 		bl	USB_UART_UartGetByte
  44              	.LVL1:
  21:usbserialprotocol.c ****     return retval;
  22:usbserialprotocol.c **** }
  45              		.loc 1 22 0
  46              		@ sp needed
  21:usbserialprotocol.c ****     return retval;
  47              		.loc 1 21 0
  48 000e C0B2     		uxtb	r0, r0
  49              		.loc 1 22 0
  50 0010 10BD     		pop	{r4, pc}
  51              		.cfi_endproc
  52              	.LFE35:
  53              		.size	getValidByte, .-getValidByte
  54              		.section	.text.pushMessage,"ax",%progbits
  55              		.align	1
  56              		.global	pushMessage
  57              		.code	16
  58              		.thumb_func
  59              		.type	pushMessage, %function
  60              	pushMessage:
  61              	.LFB36:
  23:usbserialprotocol.c **** 
  24:usbserialprotocol.c **** 
  25:usbserialprotocol.c **** void pushMessage(const uint8 data[], uint8 size)
  26:usbserialprotocol.c **** {
  62              		.loc 1 26 0
  63              		.cfi_startproc
  64              		@ args = 0, pretend = 0, frame = 0
  65              		@ frame_needed = 0, uses_anonymous_args = 0
  66              	.LVL2:
  67 0000 70B5     		push	{r4, r5, r6, lr}
  68              		.cfi_def_cfa_offset 16
  69              		.cfi_offset 4, -16
  70              		.cfi_offset 5, -12
  71              		.cfi_offset 6, -8
  72              		.cfi_offset 14, -4
  73 0002 0400     		movs	r4, r0
  74 0004 4518     		adds	r5, r0, r1
  75              	.LVL3:
  76              	.L7:
  77              	.LBB2:
  27:usbserialprotocol.c ****     for (uint8 i = 0; i < size; i++) {
  78              		.loc 1 27 0 discriminator 1
  79 0006 AC42     		cmp	r4, r5
  80 0008 04D0     		beq	.L9
  28:usbserialprotocol.c ****         USB_UART_UartPutChar(data[i]);   
  81              		.loc 1 28 0 discriminator 3
  82 000a 2078     		ldrb	r0, [r4]
  83 000c FFF7FEFF 		bl	USB_UART_SpiUartWriteTxData
  84              	.LVL4:
  85 0010 0134     		adds	r4, r4, #1
ARM GAS  C:\Users\CCPOW_~1\AppData\Local\Temp\ccNygItc.s 			page 3


  86              	.LVL5:
  87 0012 F8E7     		b	.L7
  88              	.LVL6:
  89              	.L9:
  90              	.LBE2:
  29:usbserialprotocol.c ****     }
  30:usbserialprotocol.c **** }
  91              		.loc 1 30 0
  92              		@ sp needed
  93              	.LVL7:
  94 0014 70BD     		pop	{r4, r5, r6, pc}
  95              		.cfi_endproc
  96              	.LFE36:
  97              		.size	pushMessage, .-pushMessage
  98              		.section	.text.pullMessage,"ax",%progbits
  99              		.align	1
 100              		.global	pullMessage
 101              		.code	16
 102              		.thumb_func
 103              		.type	pullMessage, %function
 104              	pullMessage:
 105              	.LFB37:
  31:usbserialprotocol.c **** 
  32:usbserialprotocol.c **** void pullMessage(uint8 data[], uint8 length)
  33:usbserialprotocol.c **** {
 106              		.loc 1 33 0
 107              		.cfi_startproc
 108              		@ args = 0, pretend = 0, frame = 0
 109              		@ frame_needed = 0, uses_anonymous_args = 0
 110              	.LVL8:
 111 0000 70B5     		push	{r4, r5, r6, lr}
 112              		.cfi_def_cfa_offset 16
 113              		.cfi_offset 4, -16
 114              		.cfi_offset 5, -12
 115              		.cfi_offset 6, -8
 116              		.cfi_offset 14, -4
 117 0002 0400     		movs	r4, r0
 118 0004 4518     		adds	r5, r0, r1
 119              	.LVL9:
 120              	.L11:
 121              	.LBB3:
  34:usbserialprotocol.c ****     for (uint8 i = 0; i < length; i++) {
 122              		.loc 1 34 0 discriminator 1
 123 0006 AC42     		cmp	r4, r5
 124 0008 04D0     		beq	.L13
  35:usbserialprotocol.c ****         data[i] = getValidByte();   
 125              		.loc 1 35 0 discriminator 3
 126 000a FFF7FEFF 		bl	getValidByte
 127              	.LVL10:
 128 000e 2070     		strb	r0, [r4]
 129              	.LVL11:
 130 0010 0134     		adds	r4, r4, #1
 131              	.LVL12:
 132 0012 F8E7     		b	.L11
 133              	.LVL13:
 134              	.L13:
 135              	.LBE3:
ARM GAS  C:\Users\CCPOW_~1\AppData\Local\Temp\ccNygItc.s 			page 4


  36:usbserialprotocol.c ****     }
  37:usbserialprotocol.c **** }
 136              		.loc 1 37 0
 137              		@ sp needed
 138              	.LVL14:
 139 0014 70BD     		pop	{r4, r5, r6, pc}
 140              		.cfi_endproc
 141              	.LFE37:
 142              		.size	pullMessage, .-pullMessage
 143              		.section	.text.syncConnection,"ax",%progbits
 144              		.align	1
 145              		.global	syncConnection
 146              		.code	16
 147              		.thumb_func
 148              		.type	syncConnection, %function
 149              	syncConnection:
 150              	.LFB38:
  38:usbserialprotocol.c **** 
  39:usbserialprotocol.c **** /* 
  40:usbserialprotocol.c ****  * synchronization protocol:
  41:usbserialprotocol.c ****  *
  42:usbserialprotocol.c ****  * 1) ATM -> "READY" -> PSoC
  43:usbserialprotocol.c ****  * 2) if bad:  PSoC -> received bad message -> ATM; goto 1)
  44:usbserialprotocol.c ****  *    if good: PSoC -> PSoC name (prov/norm) -> ATM
  45:usbserialprotocol.c ****  * 3) ATM -> "GO" -> PSoC
  46:usbserialprotocol.c ****  * 4) if bad: goto 1)
  47:usbserialprotocol.c ****  */
  48:usbserialprotocol.c **** void syncConnection(int prov) 
  49:usbserialprotocol.c **** {
 151              		.loc 1 49 0
 152              		.cfi_startproc
 153              		@ args = 0, pretend = 0, frame = 8
 154              		@ frame_needed = 0, uses_anonymous_args = 0
 155              	.LVL15:
 156 0000 37B5     		push	{r0, r1, r2, r4, r5, lr}
 157              		.cfi_def_cfa_offset 24
 158              		.cfi_offset 0, -24
 159              		.cfi_offset 1, -20
 160              		.cfi_offset 2, -16
 161              		.cfi_offset 4, -12
 162              		.cfi_offset 5, -8
 163              		.cfi_offset 14, -4
 164 0002 0500     		movs	r5, r0
 165              	.LVL16:
 166              	.L20:
  50:usbserialprotocol.c ****     uint8 message[1];
  51:usbserialprotocol.c ****     
  52:usbserialprotocol.c ****     do {
  53:usbserialprotocol.c ****         pullMessage(message, (uint8)1);                              
 167              		.loc 1 53 0
 168 0004 01AC     		add	r4, sp, #4
 169 0006 0121     		movs	r1, #1
 170 0008 2000     		movs	r0, r4
 171 000a FFF7FEFF 		bl	pullMessage
 172              	.LVL17:
 173 000e 2378     		ldrb	r3, [r4]
  54:usbserialprotocol.c ****         if (prov) {
ARM GAS  C:\Users\CCPOW_~1\AppData\Local\Temp\ccNygItc.s 			page 5


 174              		.loc 1 54 0
 175 0010 002D     		cmp	r5, #0
 176 0012 10D0     		beq	.L15
  55:usbserialprotocol.c ****             if (message[0] == SYNC_REQUEST_NO_PROV) {
 177              		.loc 1 55 0
 178 0014 162B     		cmp	r3, #22
 179 0016 02D1     		bne	.L16
 180              	.L19:
  56:usbserialprotocol.c ****                 pushMessage(&SYNC_CONFIRMED_PROV, (uint8)1);
 181              		.loc 1 56 0
 182 0018 0121     		movs	r1, #1
 183 001a 0E48     		ldr	r0, .L23
 184 001c 14E0     		b	.L22
 185              	.L16:
  57:usbserialprotocol.c ****             }
  58:usbserialprotocol.c ****             else if (message[0] == SYNC_REQUEST_PROV) {
 186              		.loc 1 58 0
 187 001e 152B     		cmp	r3, #21
 188 0020 03D1     		bne	.L18
  59:usbserialprotocol.c ****                 pushMessage(&SYNC_CONFIRMED_NO_PROV, (uint8)1);
 189              		.loc 1 59 0
 190 0022 0121     		movs	r1, #1
 191 0024 0B48     		ldr	r0, .L23
 192 0026 4018     		adds	r0, r0, r1
 193 0028 0EE0     		b	.L22
 194              	.L18:
  60:usbserialprotocol.c ****             }
  61:usbserialprotocol.c ****             else if (message[0] == PSOC_DEVICE_REQUEST) {
 195              		.loc 1 61 0
 196 002a 1E2B     		cmp	r3, #30
 197 002c 0ED1     		bne	.L17
  62:usbserialprotocol.c ****                 pushMessage(&SYNC_TYPE_CARD_P, (uint8)1);
 198              		.loc 1 62 0
 199 002e 0948     		ldr	r0, .L23
 200 0030 0121     		movs	r1, #1
 201 0032 0230     		adds	r0, r0, #2
 202 0034 08E0     		b	.L22
 203              	.L15:
  63:usbserialprotocol.c ****             }
  64:usbserialprotocol.c ****         }
  65:usbserialprotocol.c ****         else {
  66:usbserialprotocol.c ****             if (message[0] == SYNC_REQUEST_PROV) {
 204              		.loc 1 66 0
 205 0036 1A00     		movs	r2, r3
 206 0038 153A     		subs	r2, r2, #21
 207 003a 012A     		cmp	r2, #1
 208 003c ECD9     		bls	.L19
  67:usbserialprotocol.c ****                 pushMessage(&SYNC_CONFIRMED_PROV, (uint8)1);
  68:usbserialprotocol.c ****             }
  69:usbserialprotocol.c ****             else if (message[0] == SYNC_REQUEST_NO_PROV) {
  70:usbserialprotocol.c ****                 pushMessage(&SYNC_CONFIRMED_PROV, (uint8)1);
  71:usbserialprotocol.c ****             }
  72:usbserialprotocol.c ****             else if (message[0] == PSOC_DEVICE_REQUEST) {
 209              		.loc 1 72 0
 210 003e 1E2B     		cmp	r3, #30
 211 0040 04D1     		bne	.L17
  73:usbserialprotocol.c ****                 pushMessage(&SYNC_TYPE_CARD_N, (uint8)1);
ARM GAS  C:\Users\CCPOW_~1\AppData\Local\Temp\ccNygItc.s 			page 6


 212              		.loc 1 73 0
 213 0042 0121     		movs	r1, #1
 214 0044 0348     		ldr	r0, .L23
 215 0046 0330     		adds	r0, r0, #3
 216              	.L22:
 217 0048 FFF7FEFF 		bl	pushMessage
 218              	.LVL18:
 219              	.L17:
  74:usbserialprotocol.c ****             }
  75:usbserialprotocol.c ****         }
  76:usbserialprotocol.c ****     }
  77:usbserialprotocol.c ****     while (message[0] != SYNCED);
 220              		.loc 1 77 0
 221 004c 2378     		ldrb	r3, [r4]
 222 004e 1B2B     		cmp	r3, #27
 223 0050 D8D1     		bne	.L20
  78:usbserialprotocol.c ****     
  79:usbserialprotocol.c **** }
 224              		.loc 1 79 0
 225              		@ sp needed
 226              	.LVL19:
 227 0052 37BD     		pop	{r0, r1, r2, r4, r5, pc}
 228              	.L24:
 229              		.align	2
 230              	.L23:
 231 0054 00000000 		.word	.LANCHOR0
 232              		.cfi_endproc
 233              	.LFE38:
 234              		.size	syncConnection, .-syncConnection
 235              		.section	.rodata
 236              		.set	.LANCHOR0,. + 0
 237              		.type	SYNC_CONFIRMED_PROV, %object
 238              		.size	SYNC_CONFIRMED_PROV, 1
 239              	SYNC_CONFIRMED_PROV:
 240 0000 17       		.byte	23
 241              		.type	SYNC_CONFIRMED_NO_PROV, %object
 242              		.size	SYNC_CONFIRMED_NO_PROV, 1
 243              	SYNC_CONFIRMED_NO_PROV:
 244 0001 18       		.byte	24
 245              		.type	SYNC_TYPE_CARD_P, %object
 246              		.size	SYNC_TYPE_CARD_P, 1
 247              	SYNC_TYPE_CARD_P:
 248 0002 3D       		.byte	61
 249              		.type	SYNC_TYPE_CARD_N, %object
 250              		.size	SYNC_TYPE_CARD_N, 1
 251              	SYNC_TYPE_CARD_N:
 252 0003 1D       		.byte	29
 253              		.text
 254              	.Letext0:
 255              		.file 2 "Generated_Source\\PSoC4/cytypes.h"
 256              		.file 3 "common.h"
 257              		.file 4 "Generated_Source\\PSoC4/USB_UART_SPI_UART.h"
 258              		.section	.debug_info,"",%progbits
 259              	.Ldebug_info0:
 260 0000 2C030000 		.4byte	0x32c
 261 0004 0400     		.2byte	0x4
 262 0006 00000000 		.4byte	.Ldebug_abbrev0
ARM GAS  C:\Users\CCPOW_~1\AppData\Local\Temp\ccNygItc.s 			page 7


 263 000a 04       		.byte	0x4
 264 000b 01       		.uleb128 0x1
 265 000c C4020000 		.4byte	.LASF47
 266 0010 0C       		.byte	0xc
 267 0011 FF010000 		.4byte	.LASF48
 268 0015 C3010000 		.4byte	.LASF49
 269 0019 00000000 		.4byte	.Ldebug_ranges0+0
 270 001d 00000000 		.4byte	0
 271 0021 00000000 		.4byte	.Ldebug_line0
 272 0025 02       		.uleb128 0x2
 273 0026 01       		.byte	0x1
 274 0027 06       		.byte	0x6
 275 0028 B3020000 		.4byte	.LASF0
 276 002c 02       		.uleb128 0x2
 277 002d 01       		.byte	0x1
 278 002e 08       		.byte	0x8
 279 002f 06010000 		.4byte	.LASF1
 280 0033 02       		.uleb128 0x2
 281 0034 02       		.byte	0x2
 282 0035 05       		.byte	0x5
 283 0036 65020000 		.4byte	.LASF2
 284 003a 02       		.uleb128 0x2
 285 003b 02       		.byte	0x2
 286 003c 07       		.byte	0x7
 287 003d 64000000 		.4byte	.LASF3
 288 0041 02       		.uleb128 0x2
 289 0042 04       		.byte	0x4
 290 0043 05       		.byte	0x5
 291 0044 9E020000 		.4byte	.LASF4
 292 0048 02       		.uleb128 0x2
 293 0049 04       		.byte	0x4
 294 004a 07       		.byte	0x7
 295 004b CE000000 		.4byte	.LASF5
 296 004f 02       		.uleb128 0x2
 297 0050 08       		.byte	0x8
 298 0051 05       		.byte	0x5
 299 0052 3D020000 		.4byte	.LASF6
 300 0056 02       		.uleb128 0x2
 301 0057 08       		.byte	0x8
 302 0058 07       		.byte	0x7
 303 0059 63010000 		.4byte	.LASF7
 304 005d 03       		.uleb128 0x3
 305 005e 04       		.byte	0x4
 306 005f 05       		.byte	0x5
 307 0060 696E7400 		.ascii	"int\000"
 308 0064 02       		.uleb128 0x2
 309 0065 04       		.byte	0x4
 310 0066 07       		.byte	0x7
 311 0067 4D010000 		.4byte	.LASF8
 312 006b 04       		.uleb128 0x4
 313 006c F0000000 		.4byte	.LASF9
 314 0070 02       		.byte	0x2
 315 0071 B901     		.2byte	0x1b9
 316 0073 2C000000 		.4byte	0x2c
 317 0077 04       		.uleb128 0x4
 318 0078 46010000 		.4byte	.LASF10
 319 007c 02       		.byte	0x2
ARM GAS  C:\Users\CCPOW_~1\AppData\Local\Temp\ccNygItc.s 			page 8


 320 007d BB01     		.2byte	0x1bb
 321 007f 48000000 		.4byte	0x48
 322 0083 02       		.uleb128 0x2
 323 0084 04       		.byte	0x4
 324 0085 04       		.byte	0x4
 325 0086 93000000 		.4byte	.LASF11
 326 008a 02       		.uleb128 0x2
 327 008b 08       		.byte	0x8
 328 008c 04       		.byte	0x4
 329 008d 14010000 		.4byte	.LASF12
 330 0091 02       		.uleb128 0x2
 331 0092 01       		.byte	0x1
 332 0093 08       		.byte	0x8
 333 0094 4B020000 		.4byte	.LASF13
 334 0098 02       		.uleb128 0x2
 335 0099 08       		.byte	0x8
 336 009a 04       		.byte	0x4
 337 009b A7020000 		.4byte	.LASF14
 338 009f 02       		.uleb128 0x2
 339 00a0 04       		.byte	0x4
 340 00a1 07       		.byte	0x7
 341 00a2 28020000 		.4byte	.LASF15
 342 00a6 05       		.uleb128 0x5
 343 00a7 91000000 		.4byte	0x91
 344 00ab 06       		.uleb128 0x6
 345 00ac 04       		.byte	0x4
 346 00ad 6B000000 		.4byte	0x6b
 347 00b1 07       		.uleb128 0x7
 348 00b2 7A010000 		.4byte	.LASF16
 349 00b6 01       		.byte	0x1
 350 00b7 10       		.byte	0x10
 351 00b8 6B000000 		.4byte	0x6b
 352 00bc 00000000 		.4byte	.LFB35
 353 00c0 12000000 		.4byte	.LFE35-.LFB35
 354 00c4 01       		.uleb128 0x1
 355 00c5 9C       		.byte	0x9c
 356 00c6 EA000000 		.4byte	0xea
 357 00ca 08       		.uleb128 0x8
 358 00cb BE000000 		.4byte	.LASF20
 359 00cf 01       		.byte	0x1
 360 00d0 12       		.byte	0x12
 361 00d1 6B000000 		.4byte	0x6b
 362 00d5 01       		.uleb128 0x1
 363 00d6 50       		.byte	0x50
 364 00d7 09       		.uleb128 0x9
 365 00d8 06000000 		.4byte	.LVL0
 366 00dc 0B030000 		.4byte	0x30b
 367 00e0 09       		.uleb128 0x9
 368 00e1 0E000000 		.4byte	.LVL1
 369 00e5 17030000 		.4byte	0x317
 370 00e9 00       		.byte	0
 371 00ea 0A       		.uleb128 0xa
 372 00eb 31020000 		.4byte	.LASF17
 373 00ef 01       		.byte	0x1
 374 00f0 19       		.byte	0x19
 375 00f1 00000000 		.4byte	.LFB36
 376 00f5 16000000 		.4byte	.LFE36-.LFB36
ARM GAS  C:\Users\CCPOW_~1\AppData\Local\Temp\ccNygItc.s 			page 9


 377 00f9 01       		.uleb128 0x1
 378 00fa 9C       		.byte	0x9c
 379 00fb 3E010000 		.4byte	0x13e
 380 00ff 0B       		.uleb128 0xb
 381 0100 99000000 		.4byte	.LASF18
 382 0104 01       		.byte	0x1
 383 0105 19       		.byte	0x19
 384 0106 3E010000 		.4byte	0x13e
 385 010a 00000000 		.4byte	.LLST0
 386 010e 0B       		.uleb128 0xb
 387 010f BF020000 		.4byte	.LASF19
 388 0113 01       		.byte	0x1
 389 0114 19       		.byte	0x19
 390 0115 6B000000 		.4byte	0x6b
 391 0119 21000000 		.4byte	.LLST1
 392 011d 0C       		.uleb128 0xc
 393 011e 06000000 		.4byte	.LBB2
 394 0122 0E000000 		.4byte	.LBE2-.LBB2
 395 0126 0D       		.uleb128 0xd
 396 0127 6900     		.ascii	"i\000"
 397 0129 01       		.byte	0x1
 398 012a 1B       		.byte	0x1b
 399 012b 6B000000 		.4byte	0x6b
 400 012f 42000000 		.4byte	.LLST2
 401 0133 09       		.uleb128 0x9
 402 0134 10000000 		.4byte	.LVL4
 403 0138 23030000 		.4byte	0x323
 404 013c 00       		.byte	0
 405 013d 00       		.byte	0
 406 013e 06       		.uleb128 0x6
 407 013f 04       		.byte	0x4
 408 0140 44010000 		.4byte	0x144
 409 0144 05       		.uleb128 0x5
 410 0145 6B000000 		.4byte	0x6b
 411 0149 0A       		.uleb128 0xa
 412 014a 52030000 		.4byte	.LASF21
 413 014e 01       		.byte	0x1
 414 014f 20       		.byte	0x20
 415 0150 00000000 		.4byte	.LFB37
 416 0154 16000000 		.4byte	.LFE37-.LFB37
 417 0158 01       		.uleb128 0x1
 418 0159 9C       		.byte	0x9c
 419 015a 9D010000 		.4byte	0x19d
 420 015e 0B       		.uleb128 0xb
 421 015f 99000000 		.4byte	.LASF18
 422 0163 01       		.byte	0x1
 423 0164 20       		.byte	0x20
 424 0165 AB000000 		.4byte	0xab
 425 0169 8B000000 		.4byte	.LLST3
 426 016d 0B       		.uleb128 0xb
 427 016e 5E020000 		.4byte	.LASF22
 428 0172 01       		.byte	0x1
 429 0173 20       		.byte	0x20
 430 0174 6B000000 		.4byte	0x6b
 431 0178 AC000000 		.4byte	.LLST4
 432 017c 0C       		.uleb128 0xc
 433 017d 06000000 		.4byte	.LBB3
ARM GAS  C:\Users\CCPOW_~1\AppData\Local\Temp\ccNygItc.s 			page 10


 434 0181 0E000000 		.4byte	.LBE3-.LBB3
 435 0185 0D       		.uleb128 0xd
 436 0186 6900     		.ascii	"i\000"
 437 0188 01       		.byte	0x1
 438 0189 22       		.byte	0x22
 439 018a 6B000000 		.4byte	0x6b
 440 018e CD000000 		.4byte	.LLST5
 441 0192 09       		.uleb128 0x9
 442 0193 0E000000 		.4byte	.LVL10
 443 0197 B1000000 		.4byte	0xb1
 444 019b 00       		.byte	0
 445 019c 00       		.byte	0
 446 019d 0A       		.uleb128 0xa
 447 019e 19000000 		.4byte	.LASF23
 448 01a2 01       		.byte	0x1
 449 01a3 30       		.byte	0x30
 450 01a4 00000000 		.4byte	.LFB38
 451 01a8 58000000 		.4byte	.LFE38-.LFB38
 452 01ac 01       		.uleb128 0x1
 453 01ad 9C       		.byte	0x9c
 454 01ae F2010000 		.4byte	0x1f2
 455 01b2 0B       		.uleb128 0xb
 456 01b3 8E000000 		.4byte	.LASF24
 457 01b7 01       		.byte	0x1
 458 01b8 30       		.byte	0x30
 459 01b9 5D000000 		.4byte	0x5d
 460 01bd 16010000 		.4byte	.LLST6
 461 01c1 08       		.uleb128 0x8
 462 01c2 00000000 		.4byte	.LASF25
 463 01c6 01       		.byte	0x1
 464 01c7 32       		.byte	0x32
 465 01c8 F2010000 		.4byte	0x1f2
 466 01cc 02       		.uleb128 0x2
 467 01cd 91       		.byte	0x91
 468 01ce 6C       		.sleb128 -20
 469 01cf 0E       		.uleb128 0xe
 470 01d0 0E000000 		.4byte	.LVL17
 471 01d4 49010000 		.4byte	0x149
 472 01d8 E8010000 		.4byte	0x1e8
 473 01dc 0F       		.uleb128 0xf
 474 01dd 01       		.uleb128 0x1
 475 01de 50       		.byte	0x50
 476 01df 02       		.uleb128 0x2
 477 01e0 74       		.byte	0x74
 478 01e1 00       		.sleb128 0
 479 01e2 0F       		.uleb128 0xf
 480 01e3 01       		.uleb128 0x1
 481 01e4 51       		.byte	0x51
 482 01e5 01       		.uleb128 0x1
 483 01e6 31       		.byte	0x31
 484 01e7 00       		.byte	0
 485 01e8 09       		.uleb128 0x9
 486 01e9 4C000000 		.4byte	.LVL18
 487 01ed EA000000 		.4byte	0xea
 488 01f1 00       		.byte	0
 489 01f2 10       		.uleb128 0x10
 490 01f3 6B000000 		.4byte	0x6b
ARM GAS  C:\Users\CCPOW_~1\AppData\Local\Temp\ccNygItc.s 			page 11


 491 01f7 02020000 		.4byte	0x202
 492 01fb 11       		.uleb128 0x11
 493 01fc 9F000000 		.4byte	0x9f
 494 0200 00       		.byte	0
 495 0201 00       		.byte	0
 496 0202 12       		.uleb128 0x12
 497 0203 C5000000 		.4byte	.LASF26
 498 0207 03       		.byte	0x3
 499 0208 0F       		.byte	0xf
 500 0209 44010000 		.4byte	0x144
 501 020d 20       		.byte	0x20
 502 020e 12       		.uleb128 0x12
 503 020f 5A010000 		.4byte	.LASF27
 504 0213 03       		.byte	0x3
 505 0214 10       		.byte	0x10
 506 0215 44010000 		.4byte	0x144
 507 0219 21       		.byte	0x21
 508 021a 12       		.uleb128 0x12
 509 021b B2000000 		.4byte	.LASF28
 510 021f 03       		.byte	0x3
 511 0220 1B       		.byte	0x1b
 512 0221 44010000 		.4byte	0x144
 513 0225 01       		.byte	0x1
 514 0226 12       		.uleb128 0x12
 515 0227 1B010000 		.4byte	.LASF29
 516 022b 03       		.byte	0x3
 517 022c 1C       		.byte	0x1c
 518 022d 44010000 		.4byte	0x144
 519 0231 03       		.byte	0x3
 520 0232 12       		.uleb128 0x12
 521 0233 50020000 		.4byte	.LASF30
 522 0237 03       		.byte	0x3
 523 0238 1D       		.byte	0x1d
 524 0239 44010000 		.4byte	0x144
 525 023d 0D       		.byte	0xd
 526 023e 12       		.uleb128 0x12
 527 023f 52000000 		.4byte	.LASF31
 528 0243 03       		.byte	0x3
 529 0244 21       		.byte	0x21
 530 0245 44010000 		.4byte	0x144
 531 0249 15       		.byte	0x15
 532 024a 12       		.uleb128 0x12
 533 024b 13020000 		.4byte	.LASF32
 534 024f 03       		.byte	0x3
 535 0250 22       		.byte	0x22
 536 0251 44010000 		.4byte	0x144
 537 0255 16       		.byte	0x16
 538 0256 08       		.uleb128 0x8
 539 0257 6F020000 		.4byte	.LASF33
 540 025b 03       		.byte	0x3
 541 025c 23       		.byte	0x23
 542 025d 44010000 		.4byte	0x144
 543 0261 05       		.uleb128 0x5
 544 0262 03       		.byte	0x3
 545 0263 00000000 		.4byte	SYNC_CONFIRMED_PROV
 546 0267 08       		.uleb128 0x8
 547 0268 77000000 		.4byte	.LASF34
ARM GAS  C:\Users\CCPOW_~1\AppData\Local\Temp\ccNygItc.s 			page 12


 548 026c 03       		.byte	0x3
 549 026d 24       		.byte	0x24
 550 026e 44010000 		.4byte	0x144
 551 0272 05       		.uleb128 0x5
 552 0273 03       		.byte	0x3
 553 0274 01000000 		.4byte	SYNC_CONFIRMED_NO_PROV
 554 0278 12       		.uleb128 0x12
 555 0279 8A020000 		.4byte	.LASF35
 556 027d 03       		.byte	0x3
 557 027e 25       		.byte	0x25
 558 027f 44010000 		.4byte	0x144
 559 0283 19       		.byte	0x19
 560 0284 12       		.uleb128 0x12
 561 0285 08000000 		.4byte	.LASF36
 562 0289 03       		.byte	0x3
 563 028a 26       		.byte	0x26
 564 028b 44010000 		.4byte	0x144
 565 028f 1A       		.byte	0x1a
 566 0290 12       		.uleb128 0x12
 567 0291 83020000 		.4byte	.LASF37
 568 0295 03       		.byte	0x3
 569 0296 27       		.byte	0x27
 570 0297 44010000 		.4byte	0x144
 571 029b 1B       		.byte	0x1b
 572 029c 08       		.uleb128 0x8
 573 029d 30000000 		.4byte	.LASF38
 574 02a1 03       		.byte	0x3
 575 02a2 28       		.byte	0x28
 576 02a3 44010000 		.4byte	0x144
 577 02a7 05       		.uleb128 0x5
 578 02a8 03       		.byte	0x3
 579 02a9 03000000 		.4byte	SYNC_TYPE_CARD_N
 580 02ad 08       		.uleb128 0x8
 581 02ae 41000000 		.4byte	.LASF39
 582 02b2 03       		.byte	0x3
 583 02b3 29       		.byte	0x29
 584 02b4 44010000 		.4byte	0x144
 585 02b8 05       		.uleb128 0x5
 586 02b9 03       		.byte	0x3
 587 02ba 02000000 		.4byte	SYNC_TYPE_CARD_P
 588 02be 12       		.uleb128 0x12
 589 02bf E0000000 		.4byte	.LASF40
 590 02c3 03       		.byte	0x3
 591 02c4 2A       		.byte	0x2a
 592 02c5 44010000 		.4byte	0x144
 593 02c9 1C       		.byte	0x1c
 594 02ca 12       		.uleb128 0x12
 595 02cb F6000000 		.4byte	.LASF41
 596 02cf 03       		.byte	0x3
 597 02d0 2B       		.byte	0x2b
 598 02d1 44010000 		.4byte	0x144
 599 02d5 3C       		.byte	0x3c
 600 02d6 12       		.uleb128 0x12
 601 02d7 9E000000 		.4byte	.LASF42
 602 02db 03       		.byte	0x3
 603 02dc 2C       		.byte	0x2c
 604 02dd 44010000 		.4byte	0x144
ARM GAS  C:\Users\CCPOW_~1\AppData\Local\Temp\ccNygItc.s 			page 13


 605 02e1 1E       		.byte	0x1e
 606 02e2 10       		.uleb128 0x10
 607 02e3 A6000000 		.4byte	0xa6
 608 02e7 F2020000 		.4byte	0x2f2
 609 02eb 11       		.uleb128 0x11
 610 02ec 9F000000 		.4byte	0x9f
 611 02f0 07       		.byte	0x7
 612 02f1 00       		.byte	0
 613 02f2 13       		.uleb128 0x13
 614 02f3 28000000 		.4byte	.LASF43
 615 02f7 03       		.byte	0x3
 616 02f8 34       		.byte	0x34
 617 02f9 06030000 		.4byte	0x306
 618 02fd 08       		.byte	0x8
 619 02fe 00       		.byte	0
 620 02ff 00       		.byte	0
 621 0300 00       		.byte	0
 622 0301 00       		.byte	0
 623 0302 00       		.byte	0
 624 0303 00       		.byte	0
 625 0304 00       		.byte	0
 626 0305 00       		.byte	0
 627 0306 05       		.uleb128 0x5
 628 0307 E2020000 		.4byte	0x2e2
 629 030b 14       		.uleb128 0x14
 630 030c A3010000 		.4byte	.LASF44
 631 0310 A3010000 		.4byte	.LASF44
 632 0314 04       		.byte	0x4
 633 0315 3403     		.2byte	0x334
 634 0317 14       		.uleb128 0x14
 635 0318 31010000 		.4byte	.LASF45
 636 031c 31010000 		.4byte	.LASF45
 637 0320 04       		.byte	0x4
 638 0321 0703     		.2byte	0x307
 639 0323 14       		.uleb128 0x14
 640 0324 87010000 		.4byte	.LASF46
 641 0328 87010000 		.4byte	.LASF46
 642 032c 04       		.byte	0x4
 643 032d 3A03     		.2byte	0x33a
 644 032f 00       		.byte	0
 645              		.section	.debug_abbrev,"",%progbits
 646              	.Ldebug_abbrev0:
 647 0000 01       		.uleb128 0x1
 648 0001 11       		.uleb128 0x11
 649 0002 01       		.byte	0x1
 650 0003 25       		.uleb128 0x25
 651 0004 0E       		.uleb128 0xe
 652 0005 13       		.uleb128 0x13
 653 0006 0B       		.uleb128 0xb
 654 0007 03       		.uleb128 0x3
 655 0008 0E       		.uleb128 0xe
 656 0009 1B       		.uleb128 0x1b
 657 000a 0E       		.uleb128 0xe
 658 000b 55       		.uleb128 0x55
 659 000c 17       		.uleb128 0x17
 660 000d 11       		.uleb128 0x11
 661 000e 01       		.uleb128 0x1
ARM GAS  C:\Users\CCPOW_~1\AppData\Local\Temp\ccNygItc.s 			page 14


 662 000f 10       		.uleb128 0x10
 663 0010 17       		.uleb128 0x17
 664 0011 00       		.byte	0
 665 0012 00       		.byte	0
 666 0013 02       		.uleb128 0x2
 667 0014 24       		.uleb128 0x24
 668 0015 00       		.byte	0
 669 0016 0B       		.uleb128 0xb
 670 0017 0B       		.uleb128 0xb
 671 0018 3E       		.uleb128 0x3e
 672 0019 0B       		.uleb128 0xb
 673 001a 03       		.uleb128 0x3
 674 001b 0E       		.uleb128 0xe
 675 001c 00       		.byte	0
 676 001d 00       		.byte	0
 677 001e 03       		.uleb128 0x3
 678 001f 24       		.uleb128 0x24
 679 0020 00       		.byte	0
 680 0021 0B       		.uleb128 0xb
 681 0022 0B       		.uleb128 0xb
 682 0023 3E       		.uleb128 0x3e
 683 0024 0B       		.uleb128 0xb
 684 0025 03       		.uleb128 0x3
 685 0026 08       		.uleb128 0x8
 686 0027 00       		.byte	0
 687 0028 00       		.byte	0
 688 0029 04       		.uleb128 0x4
 689 002a 16       		.uleb128 0x16
 690 002b 00       		.byte	0
 691 002c 03       		.uleb128 0x3
 692 002d 0E       		.uleb128 0xe
 693 002e 3A       		.uleb128 0x3a
 694 002f 0B       		.uleb128 0xb
 695 0030 3B       		.uleb128 0x3b
 696 0031 05       		.uleb128 0x5
 697 0032 49       		.uleb128 0x49
 698 0033 13       		.uleb128 0x13
 699 0034 00       		.byte	0
 700 0035 00       		.byte	0
 701 0036 05       		.uleb128 0x5
 702 0037 26       		.uleb128 0x26
 703 0038 00       		.byte	0
 704 0039 49       		.uleb128 0x49
 705 003a 13       		.uleb128 0x13
 706 003b 00       		.byte	0
 707 003c 00       		.byte	0
 708 003d 06       		.uleb128 0x6
 709 003e 0F       		.uleb128 0xf
 710 003f 00       		.byte	0
 711 0040 0B       		.uleb128 0xb
 712 0041 0B       		.uleb128 0xb
 713 0042 49       		.uleb128 0x49
 714 0043 13       		.uleb128 0x13
 715 0044 00       		.byte	0
 716 0045 00       		.byte	0
 717 0046 07       		.uleb128 0x7
 718 0047 2E       		.uleb128 0x2e
ARM GAS  C:\Users\CCPOW_~1\AppData\Local\Temp\ccNygItc.s 			page 15


 719 0048 01       		.byte	0x1
 720 0049 3F       		.uleb128 0x3f
 721 004a 19       		.uleb128 0x19
 722 004b 03       		.uleb128 0x3
 723 004c 0E       		.uleb128 0xe
 724 004d 3A       		.uleb128 0x3a
 725 004e 0B       		.uleb128 0xb
 726 004f 3B       		.uleb128 0x3b
 727 0050 0B       		.uleb128 0xb
 728 0051 49       		.uleb128 0x49
 729 0052 13       		.uleb128 0x13
 730 0053 11       		.uleb128 0x11
 731 0054 01       		.uleb128 0x1
 732 0055 12       		.uleb128 0x12
 733 0056 06       		.uleb128 0x6
 734 0057 40       		.uleb128 0x40
 735 0058 18       		.uleb128 0x18
 736 0059 9742     		.uleb128 0x2117
 737 005b 19       		.uleb128 0x19
 738 005c 01       		.uleb128 0x1
 739 005d 13       		.uleb128 0x13
 740 005e 00       		.byte	0
 741 005f 00       		.byte	0
 742 0060 08       		.uleb128 0x8
 743 0061 34       		.uleb128 0x34
 744 0062 00       		.byte	0
 745 0063 03       		.uleb128 0x3
 746 0064 0E       		.uleb128 0xe
 747 0065 3A       		.uleb128 0x3a
 748 0066 0B       		.uleb128 0xb
 749 0067 3B       		.uleb128 0x3b
 750 0068 0B       		.uleb128 0xb
 751 0069 49       		.uleb128 0x49
 752 006a 13       		.uleb128 0x13
 753 006b 02       		.uleb128 0x2
 754 006c 18       		.uleb128 0x18
 755 006d 00       		.byte	0
 756 006e 00       		.byte	0
 757 006f 09       		.uleb128 0x9
 758 0070 898201   		.uleb128 0x4109
 759 0073 00       		.byte	0
 760 0074 11       		.uleb128 0x11
 761 0075 01       		.uleb128 0x1
 762 0076 31       		.uleb128 0x31
 763 0077 13       		.uleb128 0x13
 764 0078 00       		.byte	0
 765 0079 00       		.byte	0
 766 007a 0A       		.uleb128 0xa
 767 007b 2E       		.uleb128 0x2e
 768 007c 01       		.byte	0x1
 769 007d 3F       		.uleb128 0x3f
 770 007e 19       		.uleb128 0x19
 771 007f 03       		.uleb128 0x3
 772 0080 0E       		.uleb128 0xe
 773 0081 3A       		.uleb128 0x3a
 774 0082 0B       		.uleb128 0xb
 775 0083 3B       		.uleb128 0x3b
ARM GAS  C:\Users\CCPOW_~1\AppData\Local\Temp\ccNygItc.s 			page 16


 776 0084 0B       		.uleb128 0xb
 777 0085 27       		.uleb128 0x27
 778 0086 19       		.uleb128 0x19
 779 0087 11       		.uleb128 0x11
 780 0088 01       		.uleb128 0x1
 781 0089 12       		.uleb128 0x12
 782 008a 06       		.uleb128 0x6
 783 008b 40       		.uleb128 0x40
 784 008c 18       		.uleb128 0x18
 785 008d 9742     		.uleb128 0x2117
 786 008f 19       		.uleb128 0x19
 787 0090 01       		.uleb128 0x1
 788 0091 13       		.uleb128 0x13
 789 0092 00       		.byte	0
 790 0093 00       		.byte	0
 791 0094 0B       		.uleb128 0xb
 792 0095 05       		.uleb128 0x5
 793 0096 00       		.byte	0
 794 0097 03       		.uleb128 0x3
 795 0098 0E       		.uleb128 0xe
 796 0099 3A       		.uleb128 0x3a
 797 009a 0B       		.uleb128 0xb
 798 009b 3B       		.uleb128 0x3b
 799 009c 0B       		.uleb128 0xb
 800 009d 49       		.uleb128 0x49
 801 009e 13       		.uleb128 0x13
 802 009f 02       		.uleb128 0x2
 803 00a0 17       		.uleb128 0x17
 804 00a1 00       		.byte	0
 805 00a2 00       		.byte	0
 806 00a3 0C       		.uleb128 0xc
 807 00a4 0B       		.uleb128 0xb
 808 00a5 01       		.byte	0x1
 809 00a6 11       		.uleb128 0x11
 810 00a7 01       		.uleb128 0x1
 811 00a8 12       		.uleb128 0x12
 812 00a9 06       		.uleb128 0x6
 813 00aa 00       		.byte	0
 814 00ab 00       		.byte	0
 815 00ac 0D       		.uleb128 0xd
 816 00ad 34       		.uleb128 0x34
 817 00ae 00       		.byte	0
 818 00af 03       		.uleb128 0x3
 819 00b0 08       		.uleb128 0x8
 820 00b1 3A       		.uleb128 0x3a
 821 00b2 0B       		.uleb128 0xb
 822 00b3 3B       		.uleb128 0x3b
 823 00b4 0B       		.uleb128 0xb
 824 00b5 49       		.uleb128 0x49
 825 00b6 13       		.uleb128 0x13
 826 00b7 02       		.uleb128 0x2
 827 00b8 17       		.uleb128 0x17
 828 00b9 00       		.byte	0
 829 00ba 00       		.byte	0
 830 00bb 0E       		.uleb128 0xe
 831 00bc 898201   		.uleb128 0x4109
 832 00bf 01       		.byte	0x1
ARM GAS  C:\Users\CCPOW_~1\AppData\Local\Temp\ccNygItc.s 			page 17


 833 00c0 11       		.uleb128 0x11
 834 00c1 01       		.uleb128 0x1
 835 00c2 31       		.uleb128 0x31
 836 00c3 13       		.uleb128 0x13
 837 00c4 01       		.uleb128 0x1
 838 00c5 13       		.uleb128 0x13
 839 00c6 00       		.byte	0
 840 00c7 00       		.byte	0
 841 00c8 0F       		.uleb128 0xf
 842 00c9 8A8201   		.uleb128 0x410a
 843 00cc 00       		.byte	0
 844 00cd 02       		.uleb128 0x2
 845 00ce 18       		.uleb128 0x18
 846 00cf 9142     		.uleb128 0x2111
 847 00d1 18       		.uleb128 0x18
 848 00d2 00       		.byte	0
 849 00d3 00       		.byte	0
 850 00d4 10       		.uleb128 0x10
 851 00d5 01       		.uleb128 0x1
 852 00d6 01       		.byte	0x1
 853 00d7 49       		.uleb128 0x49
 854 00d8 13       		.uleb128 0x13
 855 00d9 01       		.uleb128 0x1
 856 00da 13       		.uleb128 0x13
 857 00db 00       		.byte	0
 858 00dc 00       		.byte	0
 859 00dd 11       		.uleb128 0x11
 860 00de 21       		.uleb128 0x21
 861 00df 00       		.byte	0
 862 00e0 49       		.uleb128 0x49
 863 00e1 13       		.uleb128 0x13
 864 00e2 2F       		.uleb128 0x2f
 865 00e3 0B       		.uleb128 0xb
 866 00e4 00       		.byte	0
 867 00e5 00       		.byte	0
 868 00e6 12       		.uleb128 0x12
 869 00e7 34       		.uleb128 0x34
 870 00e8 00       		.byte	0
 871 00e9 03       		.uleb128 0x3
 872 00ea 0E       		.uleb128 0xe
 873 00eb 3A       		.uleb128 0x3a
 874 00ec 0B       		.uleb128 0xb
 875 00ed 3B       		.uleb128 0x3b
 876 00ee 0B       		.uleb128 0xb
 877 00ef 49       		.uleb128 0x49
 878 00f0 13       		.uleb128 0x13
 879 00f1 1C       		.uleb128 0x1c
 880 00f2 0B       		.uleb128 0xb
 881 00f3 00       		.byte	0
 882 00f4 00       		.byte	0
 883 00f5 13       		.uleb128 0x13
 884 00f6 34       		.uleb128 0x34
 885 00f7 00       		.byte	0
 886 00f8 03       		.uleb128 0x3
 887 00f9 0E       		.uleb128 0xe
 888 00fa 3A       		.uleb128 0x3a
 889 00fb 0B       		.uleb128 0xb
ARM GAS  C:\Users\CCPOW_~1\AppData\Local\Temp\ccNygItc.s 			page 18


 890 00fc 3B       		.uleb128 0x3b
 891 00fd 0B       		.uleb128 0xb
 892 00fe 49       		.uleb128 0x49
 893 00ff 13       		.uleb128 0x13
 894 0100 1C       		.uleb128 0x1c
 895 0101 0A       		.uleb128 0xa
 896 0102 00       		.byte	0
 897 0103 00       		.byte	0
 898 0104 14       		.uleb128 0x14
 899 0105 2E       		.uleb128 0x2e
 900 0106 00       		.byte	0
 901 0107 3F       		.uleb128 0x3f
 902 0108 19       		.uleb128 0x19
 903 0109 3C       		.uleb128 0x3c
 904 010a 19       		.uleb128 0x19
 905 010b 6E       		.uleb128 0x6e
 906 010c 0E       		.uleb128 0xe
 907 010d 03       		.uleb128 0x3
 908 010e 0E       		.uleb128 0xe
 909 010f 3A       		.uleb128 0x3a
 910 0110 0B       		.uleb128 0xb
 911 0111 3B       		.uleb128 0x3b
 912 0112 05       		.uleb128 0x5
 913 0113 00       		.byte	0
 914 0114 00       		.byte	0
 915 0115 00       		.byte	0
 916              		.section	.debug_loc,"",%progbits
 917              	.Ldebug_loc0:
 918              	.LLST0:
 919 0000 00000000 		.4byte	.LVL2
 920 0004 06000000 		.4byte	.LVL3
 921 0008 0100     		.2byte	0x1
 922 000a 50       		.byte	0x50
 923 000b 06000000 		.4byte	.LVL3
 924 000f 16000000 		.4byte	.LFE36
 925 0013 0400     		.2byte	0x4
 926 0015 F3       		.byte	0xf3
 927 0016 01       		.uleb128 0x1
 928 0017 50       		.byte	0x50
 929 0018 9F       		.byte	0x9f
 930 0019 00000000 		.4byte	0
 931 001d 00000000 		.4byte	0
 932              	.LLST1:
 933 0021 00000000 		.4byte	.LVL2
 934 0025 06000000 		.4byte	.LVL3
 935 0029 0100     		.2byte	0x1
 936 002b 51       		.byte	0x51
 937 002c 06000000 		.4byte	.LVL3
 938 0030 16000000 		.4byte	.LFE36
 939 0034 0400     		.2byte	0x4
 940 0036 F3       		.byte	0xf3
 941 0037 01       		.uleb128 0x1
 942 0038 51       		.byte	0x51
 943 0039 9F       		.byte	0x9f
 944 003a 00000000 		.4byte	0
 945 003e 00000000 		.4byte	0
 946              	.LLST2:
ARM GAS  C:\Users\CCPOW_~1\AppData\Local\Temp\ccNygItc.s 			page 19


 947 0042 00000000 		.4byte	.LVL2
 948 0046 06000000 		.4byte	.LVL3
 949 004a 0200     		.2byte	0x2
 950 004c 30       		.byte	0x30
 951 004d 9F       		.byte	0x9f
 952 004e 06000000 		.4byte	.LVL3
 953 0052 10000000 		.4byte	.LVL4
 954 0056 0700     		.2byte	0x7
 955 0058 74       		.byte	0x74
 956 0059 00       		.sleb128 0
 957 005a F3       		.byte	0xf3
 958 005b 01       		.uleb128 0x1
 959 005c 50       		.byte	0x50
 960 005d 1C       		.byte	0x1c
 961 005e 9F       		.byte	0x9f
 962 005f 10000000 		.4byte	.LVL4
 963 0063 12000000 		.4byte	.LVL5
 964 0067 0900     		.2byte	0x9
 965 0069 74       		.byte	0x74
 966 006a 00       		.sleb128 0
 967 006b F3       		.byte	0xf3
 968 006c 01       		.uleb128 0x1
 969 006d 50       		.byte	0x50
 970 006e 1C       		.byte	0x1c
 971 006f 23       		.byte	0x23
 972 0070 01       		.uleb128 0x1
 973 0071 9F       		.byte	0x9f
 974 0072 14000000 		.4byte	.LVL6
 975 0076 14000000 		.4byte	.LVL7
 976 007a 0700     		.2byte	0x7
 977 007c 74       		.byte	0x74
 978 007d 00       		.sleb128 0
 979 007e F3       		.byte	0xf3
 980 007f 01       		.uleb128 0x1
 981 0080 50       		.byte	0x50
 982 0081 1C       		.byte	0x1c
 983 0082 9F       		.byte	0x9f
 984 0083 00000000 		.4byte	0
 985 0087 00000000 		.4byte	0
 986              	.LLST3:
 987 008b 00000000 		.4byte	.LVL8
 988 008f 06000000 		.4byte	.LVL9
 989 0093 0100     		.2byte	0x1
 990 0095 50       		.byte	0x50
 991 0096 06000000 		.4byte	.LVL9
 992 009a 16000000 		.4byte	.LFE37
 993 009e 0400     		.2byte	0x4
 994 00a0 F3       		.byte	0xf3
 995 00a1 01       		.uleb128 0x1
 996 00a2 50       		.byte	0x50
 997 00a3 9F       		.byte	0x9f
 998 00a4 00000000 		.4byte	0
 999 00a8 00000000 		.4byte	0
 1000              	.LLST4:
 1001 00ac 00000000 		.4byte	.LVL8
 1002 00b0 06000000 		.4byte	.LVL9
 1003 00b4 0100     		.2byte	0x1
ARM GAS  C:\Users\CCPOW_~1\AppData\Local\Temp\ccNygItc.s 			page 20


 1004 00b6 51       		.byte	0x51
 1005 00b7 06000000 		.4byte	.LVL9
 1006 00bb 16000000 		.4byte	.LFE37
 1007 00bf 0400     		.2byte	0x4
 1008 00c1 F3       		.byte	0xf3
 1009 00c2 01       		.uleb128 0x1
 1010 00c3 51       		.byte	0x51
 1011 00c4 9F       		.byte	0x9f
 1012 00c5 00000000 		.4byte	0
 1013 00c9 00000000 		.4byte	0
 1014              	.LLST5:
 1015 00cd 00000000 		.4byte	.LVL8
 1016 00d1 06000000 		.4byte	.LVL9
 1017 00d5 0200     		.2byte	0x2
 1018 00d7 30       		.byte	0x30
 1019 00d8 9F       		.byte	0x9f
 1020 00d9 06000000 		.4byte	.LVL9
 1021 00dd 10000000 		.4byte	.LVL11
 1022 00e1 0700     		.2byte	0x7
 1023 00e3 74       		.byte	0x74
 1024 00e4 00       		.sleb128 0
 1025 00e5 F3       		.byte	0xf3
 1026 00e6 01       		.uleb128 0x1
 1027 00e7 50       		.byte	0x50
 1028 00e8 1C       		.byte	0x1c
 1029 00e9 9F       		.byte	0x9f
 1030 00ea 10000000 		.4byte	.LVL11
 1031 00ee 12000000 		.4byte	.LVL12
 1032 00f2 0900     		.2byte	0x9
 1033 00f4 74       		.byte	0x74
 1034 00f5 00       		.sleb128 0
 1035 00f6 F3       		.byte	0xf3
 1036 00f7 01       		.uleb128 0x1
 1037 00f8 50       		.byte	0x50
 1038 00f9 1C       		.byte	0x1c
 1039 00fa 23       		.byte	0x23
 1040 00fb 01       		.uleb128 0x1
 1041 00fc 9F       		.byte	0x9f
 1042 00fd 14000000 		.4byte	.LVL13
 1043 0101 14000000 		.4byte	.LVL14
 1044 0105 0700     		.2byte	0x7
 1045 0107 74       		.byte	0x74
 1046 0108 00       		.sleb128 0
 1047 0109 F3       		.byte	0xf3
 1048 010a 01       		.uleb128 0x1
 1049 010b 50       		.byte	0x50
 1050 010c 1C       		.byte	0x1c
 1051 010d 9F       		.byte	0x9f
 1052 010e 00000000 		.4byte	0
 1053 0112 00000000 		.4byte	0
 1054              	.LLST6:
 1055 0116 00000000 		.4byte	.LVL15
 1056 011a 04000000 		.4byte	.LVL16
 1057 011e 0100     		.2byte	0x1
 1058 0120 50       		.byte	0x50
 1059 0121 04000000 		.4byte	.LVL16
 1060 0125 52000000 		.4byte	.LVL19
ARM GAS  C:\Users\CCPOW_~1\AppData\Local\Temp\ccNygItc.s 			page 21


 1061 0129 0100     		.2byte	0x1
 1062 012b 55       		.byte	0x55
 1063 012c 52000000 		.4byte	.LVL19
 1064 0130 58000000 		.4byte	.LFE38
 1065 0134 0400     		.2byte	0x4
 1066 0136 F3       		.byte	0xf3
 1067 0137 01       		.uleb128 0x1
 1068 0138 50       		.byte	0x50
 1069 0139 9F       		.byte	0x9f
 1070 013a 00000000 		.4byte	0
 1071 013e 00000000 		.4byte	0
 1072              		.section	.debug_aranges,"",%progbits
 1073 0000 34000000 		.4byte	0x34
 1074 0004 0200     		.2byte	0x2
 1075 0006 00000000 		.4byte	.Ldebug_info0
 1076 000a 04       		.byte	0x4
 1077 000b 00       		.byte	0
 1078 000c 0000     		.2byte	0
 1079 000e 0000     		.2byte	0
 1080 0010 00000000 		.4byte	.LFB35
 1081 0014 12000000 		.4byte	.LFE35-.LFB35
 1082 0018 00000000 		.4byte	.LFB36
 1083 001c 16000000 		.4byte	.LFE36-.LFB36
 1084 0020 00000000 		.4byte	.LFB37
 1085 0024 16000000 		.4byte	.LFE37-.LFB37
 1086 0028 00000000 		.4byte	.LFB38
 1087 002c 58000000 		.4byte	.LFE38-.LFB38
 1088 0030 00000000 		.4byte	0
 1089 0034 00000000 		.4byte	0
 1090              		.section	.debug_ranges,"",%progbits
 1091              	.Ldebug_ranges0:
 1092 0000 00000000 		.4byte	.LFB35
 1093 0004 12000000 		.4byte	.LFE35
 1094 0008 00000000 		.4byte	.LFB36
 1095 000c 16000000 		.4byte	.LFE36
 1096 0010 00000000 		.4byte	.LFB37
 1097 0014 16000000 		.4byte	.LFE37
 1098 0018 00000000 		.4byte	.LFB38
 1099 001c 58000000 		.4byte	.LFE38
 1100 0020 00000000 		.4byte	0
 1101 0024 00000000 		.4byte	0
 1102              		.section	.debug_line,"",%progbits
 1103              	.Ldebug_line0:
 1104 0000 DF000000 		.section	.debug_str,"MS",%progbits,1
 1104      02007100 
 1104      00000201 
 1104      FB0E0D00 
 1104      01010101 
 1105              	.LASF25:
 1106 0000 6D657373 		.ascii	"message\000"
 1106      61676500 
 1107              	.LASF36:
 1108 0008 53594E43 		.ascii	"SYNC_FAILED_PROV\000"
 1108      5F464149 
 1108      4C45445F 
 1108      50524F56 
 1108      00
ARM GAS  C:\Users\CCPOW_~1\AppData\Local\Temp\ccNygItc.s 			page 22


 1109              	.LASF23:
 1110 0019 73796E63 		.ascii	"syncConnection\000"
 1110      436F6E6E 
 1110      65637469 
 1110      6F6E00
 1111              	.LASF43:
 1112 0028 434F4E54 		.ascii	"CONTEXT\000"
 1112      45585400 
 1113              	.LASF38:
 1114 0030 53594E43 		.ascii	"SYNC_TYPE_CARD_N\000"
 1114      5F545950 
 1114      455F4341 
 1114      52445F4E 
 1114      00
 1115              	.LASF39:
 1116 0041 53594E43 		.ascii	"SYNC_TYPE_CARD_P\000"
 1116      5F545950 
 1116      455F4341 
 1116      52445F50 
 1116      00
 1117              	.LASF31:
 1118 0052 53594E43 		.ascii	"SYNC_REQUEST_PROV\000"
 1118      5F524551 
 1118      55455354 
 1118      5F50524F 
 1118      5600
 1119              	.LASF3:
 1120 0064 73686F72 		.ascii	"short unsigned int\000"
 1120      7420756E 
 1120      7369676E 
 1120      65642069 
 1120      6E7400
 1121              	.LASF34:
 1122 0077 53594E43 		.ascii	"SYNC_CONFIRMED_NO_PROV\000"
 1122      5F434F4E 
 1122      4649524D 
 1122      45445F4E 
 1122      4F5F5052 
 1123              	.LASF24:
 1124 008e 70726F76 		.ascii	"prov\000"
 1124      00
 1125              	.LASF11:
 1126 0093 666C6F61 		.ascii	"float\000"
 1126      7400
 1127              	.LASF18:
 1128 0099 64617461 		.ascii	"data\000"
 1128      00
 1129              	.LASF42:
 1130 009e 50534F43 		.ascii	"PSOC_DEVICE_REQUEST\000"
 1130      5F444556 
 1130      4943455F 
 1130      52455155 
 1130      45535400 
 1131              	.LASF28:
 1132 00b2 52455455 		.ascii	"RETURN_NAME\000"
 1132      524E5F4E 
 1132      414D4500 
ARM GAS  C:\Users\CCPOW_~1\AppData\Local\Temp\ccNygItc.s 			page 23


 1133              	.LASF20:
 1134 00be 72657476 		.ascii	"retval\000"
 1134      616C00
 1135              	.LASF26:
 1136 00c5 41434345 		.ascii	"ACCEPTED\000"
 1136      50544544 
 1136      00
 1137              	.LASF5:
 1138 00ce 6C6F6E67 		.ascii	"long unsigned int\000"
 1138      20756E73 
 1138      69676E65 
 1138      6420696E 
 1138      7400
 1139              	.LASF40:
 1140 00e0 53594E43 		.ascii	"SYNC_TYPE_HSM_N\000"
 1140      5F545950 
 1140      455F4853 
 1140      4D5F4E00 
 1141              	.LASF9:
 1142 00f0 75696E74 		.ascii	"uint8\000"
 1142      3800
 1143              	.LASF41:
 1144 00f6 53594E43 		.ascii	"SYNC_TYPE_HSM_P\000"
 1144      5F545950 
 1144      455F4853 
 1144      4D5F5000 
 1145              	.LASF1:
 1146 0106 756E7369 		.ascii	"unsigned char\000"
 1146      676E6564 
 1146      20636861 
 1146      7200
 1147              	.LASF12:
 1148 0114 646F7562 		.ascii	"double\000"
 1148      6C6500
 1149              	.LASF29:
 1150 011b 52455455 		.ascii	"RETURN_CARD_SIGNATURE\000"
 1150      524E5F43 
 1150      4152445F 
 1150      5349474E 
 1150      41545552 
 1151              	.LASF45:
 1152 0131 5553425F 		.ascii	"USB_UART_UartGetByte\000"
 1152      55415254 
 1152      5F556172 
 1152      74476574 
 1152      42797465 
 1153              	.LASF10:
 1154 0146 75696E74 		.ascii	"uint32\000"
 1154      333200
 1155              	.LASF8:
 1156 014d 756E7369 		.ascii	"unsigned int\000"
 1156      676E6564 
 1156      20696E74 
 1156      00
 1157              	.LASF27:
 1158 015a 52454A45 		.ascii	"REJECTED\000"
 1158      43544544 
ARM GAS  C:\Users\CCPOW_~1\AppData\Local\Temp\ccNygItc.s 			page 24


 1158      00
 1159              	.LASF7:
 1160 0163 6C6F6E67 		.ascii	"long long unsigned int\000"
 1160      206C6F6E 
 1160      6720756E 
 1160      7369676E 
 1160      65642069 
 1161              	.LASF16:
 1162 017a 67657456 		.ascii	"getValidByte\000"
 1162      616C6964 
 1162      42797465 
 1162      00
 1163              	.LASF46:
 1164 0187 5553425F 		.ascii	"USB_UART_SpiUartWriteTxData\000"
 1164      55415254 
 1164      5F537069 
 1164      55617274 
 1164      57726974 
 1165              	.LASF44:
 1166 01a3 5553425F 		.ascii	"USB_UART_SpiUartGetRxBufferSize\000"
 1166      55415254 
 1166      5F537069 
 1166      55617274 
 1166      47657452 
 1167              	.LASF49:
 1168 01c3 433A5C55 		.ascii	"C:\\Users\\ccpow_000\\Desktop\\CPS\\eCTF\\0xBU_SSS_"
 1168      73657273 
 1168      5C636370 
 1168      6F775F30 
 1168      30305C44 
 1169 01f0 41544D5C 		.ascii	"ATM\\CARD.cydsn\000"
 1169      43415244 
 1169      2E637964 
 1169      736E00
 1170              	.LASF48:
 1171 01ff 75736273 		.ascii	"usbserialprotocol.c\000"
 1171      65726961 
 1171      6C70726F 
 1171      746F636F 
 1171      6C2E6300 
 1172              	.LASF32:
 1173 0213 53594E43 		.ascii	"SYNC_REQUEST_NO_PROV\000"
 1173      5F524551 
 1173      55455354 
 1173      5F4E4F5F 
 1173      50524F56 
 1174              	.LASF15:
 1175 0228 73697A65 		.ascii	"sizetype\000"
 1175      74797065 
 1175      00
 1176              	.LASF17:
 1177 0231 70757368 		.ascii	"pushMessage\000"
 1177      4D657373 
 1177      61676500 
 1178              	.LASF6:
 1179 023d 6C6F6E67 		.ascii	"long long int\000"
 1179      206C6F6E 
ARM GAS  C:\Users\CCPOW_~1\AppData\Local\Temp\ccNygItc.s 			page 25


 1179      6720696E 
 1179      7400
 1180              	.LASF13:
 1181 024b 63686172 		.ascii	"char\000"
 1181      00
 1182              	.LASF30:
 1183 0250 52455455 		.ascii	"RETURN_NEW_PK\000"
 1183      524E5F4E 
 1183      45575F50 
 1183      4B00
 1184              	.LASF22:
 1185 025e 6C656E67 		.ascii	"length\000"
 1185      746800
 1186              	.LASF2:
 1187 0265 73686F72 		.ascii	"short int\000"
 1187      7420696E 
 1187      7400
 1188              	.LASF33:
 1189 026f 53594E43 		.ascii	"SYNC_CONFIRMED_PROV\000"
 1189      5F434F4E 
 1189      4649524D 
 1189      45445F50 
 1189      524F5600 
 1190              	.LASF37:
 1191 0283 53594E43 		.ascii	"SYNCED\000"
 1191      454400
 1192              	.LASF35:
 1193 028a 53594E43 		.ascii	"SYNC_FAILED_NO_PROV\000"
 1193      5F464149 
 1193      4C45445F 
 1193      4E4F5F50 
 1193      524F5600 
 1194              	.LASF4:
 1195 029e 6C6F6E67 		.ascii	"long int\000"
 1195      20696E74 
 1195      00
 1196              	.LASF14:
 1197 02a7 6C6F6E67 		.ascii	"long double\000"
 1197      20646F75 
 1197      626C6500 
 1198              	.LASF0:
 1199 02b3 7369676E 		.ascii	"signed char\000"
 1199      65642063 
 1199      68617200 
 1200              	.LASF19:
 1201 02bf 73697A65 		.ascii	"size\000"
 1201      00
 1202              	.LASF47:
 1203 02c4 474E5520 		.ascii	"GNU C11 5.4.1 20160609 (release) [ARM/embedded-5-br"
 1203      43313120 
 1203      352E342E 
 1203      31203230 
 1203      31363036 
 1204 02f7 616E6368 		.ascii	"anch revision 237715] -mcpu=cortex-m0 -mthumb -g -O"
 1204      20726576 
 1204      6973696F 
 1204      6E203233 
ARM GAS  C:\Users\CCPOW_~1\AppData\Local\Temp\ccNygItc.s 			page 26


 1204      37373135 
 1205 032a 73202D66 		.ascii	"s -ffunction-sections -ffat-lto-objects\000"
 1205      66756E63 
 1205      74696F6E 
 1205      2D736563 
 1205      74696F6E 
 1206              	.LASF21:
 1207 0352 70756C6C 		.ascii	"pullMessage\000"
 1207      4D657373 
 1207      61676500 
 1208              		.ident	"GCC: (GNU Tools for ARM Embedded Processors) 5.4.1 20160609 (release) [ARM/embedded-5-bran
