#***************************************************************************

#sjplacer

#Version:            1.1

#Build Date:         Jul 19 2017 14:31:00

#File Generated:     Feb 28 2018 20:02:37

#Purpose:            

#Copyright (C) 2010-2011 by Softjin Technologies Pvt Ltd. All rights reserved.

#***************************************************************************

Executing : D:\Programs\PSoCCreator\PSoC Creator\4.1\PSoC Creator\bin/sjplacer.exe --proj-name CARD --netlist-vh2 CARD_p.vh2 --arch p4_udb2x2a --arch-file D:\Programs\PSoCCreator\PSoC Creator\4.1\PSoC Creator\dev\arch/udbdsi_2x2_04.cydata --ip-file D:\Programs\PSoCCreator\PSoC Creator\4.1\PSoC Creator\dev\psoc4/psoc4a/ip_blocks.cydata --rrg-file D:\Programs\PSoCCreator\PSoC Creator\4.1\PSoC Creator\dev\psoc4/psoc4a/route_arch-rrg.cydata --irq-file D:\Programs\PSoCCreator\PSoC Creator\4.1\PSoC Creator\dev\psoc4/psoc4a/irqconn.cydata --dsi-conn-file D:\Programs\PSoCCreator\PSoC Creator\4.1\PSoC Creator\dev\psoc4/psoc4a/dsiconn.cydata --pins-file pins_44-TQFP.xml --lib-file CARD_p.lib --sdc-file CARD.sdc --io-pcf CARD.pci --outdir .

		Softjin Techologies Placer, Version 1.1

Build Date : Jul 19 2017	14:29:55

D2004: Option and Settings Summary
=============================================================
Netlist vh2 file          - CARD_p.vh2
Architecture file         - D:\Programs\PSoCCreator\PSoC Creator\4.1\PSoC Creator\dev\arch/udbdsi_2x2_04.cydata
Package                   - 
Defparam file             - 
SDC file                  - CARD.sdc
Output directory          - .
Timing library            - CARD_p.lib
IO Placement file         - CARD.pci

D2050: Starting reading inputs for placer
=============================================================
D2065: Reading netlist file : "CARD_p.vh2"
D2065: Reading arch file : "D:\Programs\PSoCCreator\PSoC Creator\4.1\PSoC Creator\dev\arch/udbdsi_2x2_04.cydata"
D2051: Reading of inputs for placer completed successfully

D2053: Starting placement of the design
=============================================================

Phase 2
Phase 3

Design Statistics after Packing
    Number of Combinational MCs 	:	8
    Number of Sequential MCs    	:	16
    Number of DPs               	:	3
    Number of Controls          	:	1
    Number of Status            	:	2
    Number of SyncCells         	:	0
    Number of count7cells       	:	1

Device Utilization Summary after Packing
    Macrocells                  :	24/32
    UDBS                        :	4/4
    IOs                         :	5/36


D2088: Phase 3, elapsed time : 0.0 (sec)

Phase 4
D2088: Phase 4, elapsed time : 0.0 (sec)

Phase 6

######################################################################
Placement Timing Summary

The timing summary is based on estimated routing delays after
placement. For final timing report, please carry out the timing
analysis after routing.
======================================================================

######################################################################
                     Clock Summary 
======================================================================
Number of clocks: 9
Clock: ATM_UART_IntClock    | Frequency:  43.8 MHz | Target:   0.9 MHz
Clock: CyHFCLK              | Frequency:  47.3 MHz | Target:  24.0 MHz
Clock: CyILO                | Frequency: N/A       | Target:   0.0 MHz
Clock: CyIMO                | Frequency: N/A       | Target:  24.0 MHz
Clock: CyLFCLK              | Frequency: N/A       | Target:   0.0 MHz
Clock: CyRouted1            | Frequency: N/A       | Target:  24.0 MHz
Clock: CySYSCLK             | Frequency: N/A       | Target:  24.0 MHz
Clock: USB_UART_SCBCLK      | Frequency: N/A       | Target:   1.4 MHz
Clock: USB_UART_SCBCLK(FFB) | Frequency: N/A       | Target:   1.4 MHz

======================================================================
                     End of Clock Summary
######################################################################

D2088: Phase 6, elapsed time : 0.0 (sec)

Phase 7
######################################################################
                     Clock Summary 
======================================================================
Number of clocks: 9
Clock: ATM_UART_IntClock    | Frequency:   1.2 MHz | Target:   0.9 MHz
Clock: CyHFCLK              | Frequency:   1.2 MHz | Target:  24.0 MHz
Clock: CyILO                | Frequency: N/A       | Target:   0.0 MHz
Clock: CyIMO                | Frequency: N/A       | Target:  24.0 MHz
Clock: CyLFCLK              | Frequency: N/A       | Target:   0.0 MHz
Clock: CyRouted1            | Frequency: N/A       | Target:  24.0 MHz
Clock: CySYSCLK             | Frequency: N/A       | Target:  24.0 MHz
Clock: USB_UART_SCBCLK      | Frequency: N/A       | Target:   1.4 MHz
Clock: USB_UART_SCBCLK(FFB) | Frequency: N/A       | Target:   1.4 MHz

======================================================================
                     End of Clock Summary
######################################################################
D2088: Phase 7, elapsed time : 0.0 (sec)

Final Design Statistics
    Number of Combinational MCs 	:	8
    Number of Sequential MCs    	:	16
    Number of DPs               	:	3
    Number of Controls          	:	1
    Number of Status            	:	2
    Number of SyncCells         	:	0
    Number of count7cells       	:	1
    Number of IOs       	:	5

Device Utilization Summary
    Macrocells                  :	24/32
    IOs                         :	5/36



######################################################################
Placement Timing Summary

The timing summary is based on estimated routing delays after
placement. For final timing report, please carry out the timing
analysis after routing.
======================================================================


######################################################################
                     Clock Summary 
======================================================================
Number of clocks: 9
Clock: ATM_UART_IntClock    | Frequency:   1.2 MHz | Target:   0.9 MHz
Clock: CyHFCLK              | Frequency:   1.2 MHz | Target:  24.0 MHz
Clock: CyILO                | Frequency: N/A       | Target:   0.0 MHz
Clock: CyIMO                | Frequency: N/A       | Target:  24.0 MHz
Clock: CyLFCLK              | Frequency: N/A       | Target:   0.0 MHz
Clock: CyRouted1            | Frequency: N/A       | Target:  24.0 MHz
Clock: CySYSCLK             | Frequency: N/A       | Target:  24.0 MHz
Clock: USB_UART_SCBCLK      | Frequency: N/A       | Target:   1.4 MHz
Clock: USB_UART_SCBCLK(FFB) | Frequency: N/A       | Target:   1.4 MHz

======================================================================
                     End of Clock Summary
######################################################################

Phase 8
D2088: Phase 8, elapsed time : 0.0 (sec)

D2054: Placement of the design completed successfully

I2076: Total run-time: 0.3 sec.

