--------------- Rebuild Started: 02/28/2018 20:03:06 Project: SECURITY_MODULE, Configuration: ARM GCC 5.4-2016-q2-update Debug ---------------
Deleting file ".\CortexM0\ARM_GCC_541\Debug\main.o"
Deleting file ".\CortexM0\ARM_GCC_541\Debug\usbserialprotocol.o"
Deleting file ".\CortexM0\ARM_GCC_541\Debug\cyfitter_cfg.o"
Deleting file ".\CortexM0\ARM_GCC_541\Debug\cymetadata.o"
Deleting file ".\CortexM0\ARM_GCC_541\Debug\DB_UART.o"
Deleting file ".\CortexM0\ARM_GCC_541\Debug\DB_UART_SPI_UART.o"
Deleting file ".\CortexM0\ARM_GCC_541\Debug\DB_UART_SPI_UART_INT.o"
Deleting file ".\CortexM0\ARM_GCC_541\Debug\DB_UART_PM.o"
Deleting file ".\CortexM0\ARM_GCC_541\Debug\DB_UART_UART.o"
Deleting file ".\CortexM0\ARM_GCC_541\Debug\DB_UART_BOOT.o"
Deleting file ".\CortexM0\ARM_GCC_541\Debug\DB_UART_UART_BOOT.o"
Deleting file ".\CortexM0\ARM_GCC_541\Debug\CARD_UART.o"
Deleting file ".\CortexM0\ARM_GCC_541\Debug\CARD_UART_PM.o"
Deleting file ".\CortexM0\ARM_GCC_541\Debug\CARD_UART_INT.o"
Deleting file ".\CortexM0\ARM_GCC_541\Debug\CARD_UART_BOOT.o"
Deleting file ".\CortexM0\ARM_GCC_541\Debug\PIGGY_BANK.o"
Deleting file ".\CortexM0\ARM_GCC_541\Debug\Reset_isr.o"
Deleting file ".\CortexM0\ARM_GCC_541\Debug\SW1.o"
Deleting file ".\CortexM0\ARM_GCC_541\Debug\SW1_PM.o"
Deleting file ".\CortexM0\ARM_GCC_541\Debug\DB_UART_SCBCLK.o"
Deleting file ".\CortexM0\ARM_GCC_541\Debug\DB_UART_tx.o"
Deleting file ".\CortexM0\ARM_GCC_541\Debug\DB_UART_tx_PM.o"
Deleting file ".\CortexM0\ARM_GCC_541\Debug\DB_UART_SCB_IRQ.o"
Deleting file ".\CortexM0\ARM_GCC_541\Debug\DB_UART_rx.o"
Deleting file ".\CortexM0\ARM_GCC_541\Debug\DB_UART_rx_PM.o"
Deleting file ".\CortexM0\ARM_GCC_541\Debug\CARD_UART_IntClock.o"
Deleting file ".\CortexM0\ARM_GCC_541\Debug\Cm0Start.o"
Deleting file ".\CortexM0\ARM_GCC_541\Debug\CyBootAsmGnu.o"
Deleting file ".\CortexM0\ARM_GCC_541\Debug\CyFlash.o"
Deleting file ".\CortexM0\ARM_GCC_541\Debug\CyLib.o"
Deleting file ".\CortexM0\ARM_GCC_541\Debug\cyPm.o"
Deleting file ".\CortexM0\ARM_GCC_541\Debug\cyutils.o"
Deleting file ".\CortexM0\ARM_GCC_541\Debug\CyLFClk.o"
Deleting file ".\CortexM0\ARM_GCC_541\Debug\SECURITY_MODULE.hex"
Deleting file ".\CortexM0\ARM_GCC_541\Debug\SECURITY_MODULE.elf"
Deleting file ".\CortexM0\ARM_GCC_541\Debug\SECURITY_MODULE.map"
Deleting file ".\SECURITY_MODULE.cycdx"
Deleting file ".\SECURITY_MODULE.svd"
Deleting file ".\SECURITY_MODULE.rpt"
Deleting file ".\SECURITY_MODULE_timing.html"
Deleting file ".\CortexM0\ARM_GCC_541\Debug\.deps\SOURCE_C__ARM_GCC_GENERIC.P"
Deleting file ".\CortexM0\ARM_GCC_541\Debug\.deps\SOURCE_ASM__ARM_GCC_GENERIC.P"
cydsfit.exe -.appdatapath "C:\Users\ccpow_000\AppData\Local\Cypress Semiconductor\PSoC Creator\4.1" -.fdsnotice -.fdswarpdepfile=warp_dependencies.txt -.fdselabdepfile=elab_dependencies.txt -.fdsbldfile=generated_files.txt -.fdsreffile=referenced_files.txt -p C:\Users\ccpow_000\Desktop\CPS\eCTF\0xBU_SSS_ATM\SECURITY_MODULE.cydsn\SECURITY_MODULE.cyprj -d CY8C4245AXI-483 -s C:\Users\ccpow_000\Desktop\CPS\eCTF\0xBU_SSS_ATM\SECURITY_MODULE.cydsn\Generated_Source\PSoC4 -- -yv2 -q10 -ygs -o2 -v3 -.fftcfgtype=LE
Elaborating Design...
HDL Generation...
Synthesis...
Tech Mapping...
Analog Placement...
Analog Routing...
Analog Code Generation...
Digital Placement...
Digital Routing...
Bitstream Generation...
Bitstream Verification...
Static timing analysis...
API Generation...
Dependency Generation...
Cleanup...
arm-none-eabi-gcc.exe -mcpu=cortex-m0 -mthumb -I..\libhydrogen.cylib\libhydrogen -I. -IGenerated_Source\PSoC4 -Wa,-alh=.\CortexM0\ARM_GCC_541\Debug/main.lst -g -D DEBUG -Wall -ffunction-sections -ffat-lto-objects -Og -c main.c -o .\CortexM0\ARM_GCC_541\Debug\main.o
main.c: In function 'main':
main.c:223:33: warning: initialization from incompatible pointer type [-Wincompatible-pointer-types]
           uint8_t* ciphertext = &request;
                                 ^
main.c:225:38: warning: passing argument 6 of 'hydro_secretbox_decrypt' makes pointer from integer without a cast [-Wint-conversion]
            (uint64_t) 0, "WITHDRAW", secret_key)!=0) {
                                      ^
In file included from main.c:19:0:
..\libhydrogen.cylib\libhydrogen/hydrogen.h:97:5: note: expected 'const uint8_t * {aka const unsigned char *}' but argument is of type 'uint32_t {aka long unsigned int}'
 int hydro_secretbox_decrypt(void *m_, const uint8_t *c, size_t clen, uint64_t msg_id,
     ^
main.c:154:8: warning: unused variable 'numbills' [-Wunused-variable]
  uint8 numbills, i, bills_left;
        ^
arm-none-eabi-gcc.exe -mcpu=cortex-m0 -mthumb -I..\libhydrogen.cylib\libhydrogen -I. -IGenerated_Source\PSoC4 -Wa,-alh=.\CortexM0\ARM_GCC_541\Debug/usbserialprotocol.lst -g -D DEBUG -Wall -ffunction-sections -ffat-lto-objects -Og -c usbserialprotocol.c -o .\CortexM0\ARM_GCC_541\Debug\usbserialprotocol.o
arm-none-eabi-gcc.exe -mcpu=cortex-m0 -mthumb -I..\libhydrogen.cylib\libhydrogen -I. -IGenerated_Source\PSoC4 -Wa,-alh=.\CortexM0\ARM_GCC_541\Debug/cyfitter_cfg.lst -g -D DEBUG -Wall -ffunction-sections -ffat-lto-objects -Og -c Generated_Source\PSoC4\cyfitter_cfg.c -o .\CortexM0\ARM_GCC_541\Debug\cyfitter_cfg.o
arm-none-eabi-gcc.exe -mcpu=cortex-m0 -mthumb -I..\libhydrogen.cylib\libhydrogen -I. -IGenerated_Source\PSoC4 -Wa,-alh=.\CortexM0\ARM_GCC_541\Debug/cymetadata.lst -g -D DEBUG -Wall -ffunction-sections -ffat-lto-objects -Og -c Generated_Source\PSoC4\cymetadata.c -o .\CortexM0\ARM_GCC_541\Debug\cymetadata.o
arm-none-eabi-gcc.exe -mcpu=cortex-m0 -mthumb -I..\libhydrogen.cylib\libhydrogen -I. -IGenerated_Source\PSoC4 -Wa,-alh=.\CortexM0\ARM_GCC_541\Debug/DB_UART.lst -g -D DEBUG -Wall -ffunction-sections -ffat-lto-objects -Og -c Generated_Source\PSoC4\DB_UART.c -o .\CortexM0\ARM_GCC_541\Debug\DB_UART.o
arm-none-eabi-gcc.exe -mcpu=cortex-m0 -mthumb -I..\libhydrogen.cylib\libhydrogen -I. -IGenerated_Source\PSoC4 -Wa,-alh=.\CortexM0\ARM_GCC_541\Debug/DB_UART_SPI_UART.lst -g -D DEBUG -Wall -ffunction-sections -ffat-lto-objects -Og -c Generated_Source\PSoC4\DB_UART_SPI_UART.c -o .\CortexM0\ARM_GCC_541\Debug\DB_UART_SPI_UART.o
arm-none-eabi-gcc.exe -mcpu=cortex-m0 -mthumb -I..\libhydrogen.cylib\libhydrogen -I. -IGenerated_Source\PSoC4 -Wa,-alh=.\CortexM0\ARM_GCC_541\Debug/DB_UART_SPI_UART_INT.lst -g -D DEBUG -Wall -ffunction-sections -ffat-lto-objects -Og -c Generated_Source\PSoC4\DB_UART_SPI_UART_INT.c -o .\CortexM0\ARM_GCC_541\Debug\DB_UART_SPI_UART_INT.o
arm-none-eabi-gcc.exe -mcpu=cortex-m0 -mthumb -I..\libhydrogen.cylib\libhydrogen -I. -IGenerated_Source\PSoC4 -Wa,-alh=.\CortexM0\ARM_GCC_541\Debug/DB_UART_PM.lst -g -D DEBUG -Wall -ffunction-sections -ffat-lto-objects -Og -c Generated_Source\PSoC4\DB_UART_PM.c -o .\CortexM0\ARM_GCC_541\Debug\DB_UART_PM.o
arm-none-eabi-gcc.exe -mcpu=cortex-m0 -mthumb -I..\libhydrogen.cylib\libhydrogen -I. -IGenerated_Source\PSoC4 -Wa,-alh=.\CortexM0\ARM_GCC_541\Debug/DB_UART_UART.lst -g -D DEBUG -Wall -ffunction-sections -ffat-lto-objects -Og -c Generated_Source\PSoC4\DB_UART_UART.c -o .\CortexM0\ARM_GCC_541\Debug\DB_UART_UART.o
arm-none-eabi-gcc.exe -mcpu=cortex-m0 -mthumb -I..\libhydrogen.cylib\libhydrogen -I. -IGenerated_Source\PSoC4 -Wa,-alh=.\CortexM0\ARM_GCC_541\Debug/DB_UART_BOOT.lst -g -D DEBUG -Wall -ffunction-sections -ffat-lto-objects -Og -c Generated_Source\PSoC4\DB_UART_BOOT.c -o .\CortexM0\ARM_GCC_541\Debug\DB_UART_BOOT.o
arm-none-eabi-gcc.exe -mcpu=cortex-m0 -mthumb -I..\libhydrogen.cylib\libhydrogen -I. -IGenerated_Source\PSoC4 -Wa,-alh=.\CortexM0\ARM_GCC_541\Debug/DB_UART_UART_BOOT.lst -g -D DEBUG -Wall -ffunction-sections -ffat-lto-objects -Og -c Generated_Source\PSoC4\DB_UART_UART_BOOT.c -o .\CortexM0\ARM_GCC_541\Debug\DB_UART_UART_BOOT.o
arm-none-eabi-gcc.exe -mcpu=cortex-m0 -mthumb -I..\libhydrogen.cylib\libhydrogen -I. -IGenerated_Source\PSoC4 -Wa,-alh=.\CortexM0\ARM_GCC_541\Debug/CARD_UART.lst -g -D DEBUG -Wall -ffunction-sections -ffat-lto-objects -Og -c Generated_Source\PSoC4\CARD_UART.c -o .\CortexM0\ARM_GCC_541\Debug\CARD_UART.o
arm-none-eabi-gcc.exe -mcpu=cortex-m0 -mthumb -I..\libhydrogen.cylib\libhydrogen -I. -IGenerated_Source\PSoC4 -Wa,-alh=.\CortexM0\ARM_GCC_541\Debug/CARD_UART_PM.lst -g -D DEBUG -Wall -ffunction-sections -ffat-lto-objects -Og -c Generated_Source\PSoC4\CARD_UART_PM.c -o .\CortexM0\ARM_GCC_541\Debug\CARD_UART_PM.o
arm-none-eabi-gcc.exe -mcpu=cortex-m0 -mthumb -I..\libhydrogen.cylib\libhydrogen -I. -IGenerated_Source\PSoC4 -Wa,-alh=.\CortexM0\ARM_GCC_541\Debug/CARD_UART_INT.lst -g -D DEBUG -Wall -ffunction-sections -ffat-lto-objects -Og -c Generated_Source\PSoC4\CARD_UART_INT.c -o .\CortexM0\ARM_GCC_541\Debug\CARD_UART_INT.o
arm-none-eabi-gcc.exe -mcpu=cortex-m0 -mthumb -I..\libhydrogen.cylib\libhydrogen -I. -IGenerated_Source\PSoC4 -Wa,-alh=.\CortexM0\ARM_GCC_541\Debug/CARD_UART_BOOT.lst -g -D DEBUG -Wall -ffunction-sections -ffat-lto-objects -Og -c Generated_Source\PSoC4\CARD_UART_BOOT.c -o .\CortexM0\ARM_GCC_541\Debug\CARD_UART_BOOT.o
arm-none-eabi-gcc.exe -mcpu=cortex-m0 -mthumb -I..\libhydrogen.cylib\libhydrogen -I. -IGenerated_Source\PSoC4 -Wa,-alh=.\CortexM0\ARM_GCC_541\Debug/PIGGY_BANK.lst -g -D DEBUG -Wall -ffunction-sections -ffat-lto-objects -Og -c Generated_Source\PSoC4\PIGGY_BANK.c -o .\CortexM0\ARM_GCC_541\Debug\PIGGY_BANK.o
arm-none-eabi-gcc.exe -mcpu=cortex-m0 -mthumb -I..\libhydrogen.cylib\libhydrogen -I. -IGenerated_Source\PSoC4 -Wa,-alh=.\CortexM0\ARM_GCC_541\Debug/Reset_isr.lst -g -D DEBUG -Wall -ffunction-sections -ffat-lto-objects -Og -c Generated_Source\PSoC4\Reset_isr.c -o .\CortexM0\ARM_GCC_541\Debug\Reset_isr.o
arm-none-eabi-gcc.exe -mcpu=cortex-m0 -mthumb -I..\libhydrogen.cylib\libhydrogen -I. -IGenerated_Source\PSoC4 -Wa,-alh=.\CortexM0\ARM_GCC_541\Debug/SW1.lst -g -D DEBUG -Wall -ffunction-sections -ffat-lto-objects -Og -c Generated_Source\PSoC4\SW1.c -o .\CortexM0\ARM_GCC_541\Debug\SW1.o
arm-none-eabi-gcc.exe -mcpu=cortex-m0 -mthumb -I..\libhydrogen.cylib\libhydrogen -I. -IGenerated_Source\PSoC4 -Wa,-alh=.\CortexM0\ARM_GCC_541\Debug/SW1_PM.lst -g -D DEBUG -Wall -ffunction-sections -ffat-lto-objects -Og -c Generated_Source\PSoC4\SW1_PM.c -o .\CortexM0\ARM_GCC_541\Debug\SW1_PM.o
arm-none-eabi-gcc.exe -mcpu=cortex-m0 -mthumb -I..\libhydrogen.cylib\libhydrogen -I. -IGenerated_Source\PSoC4 -Wa,-alh=.\CortexM0\ARM_GCC_541\Debug/DB_UART_SCBCLK.lst -g -D DEBUG -Wall -ffunction-sections -ffat-lto-objects -Og -c Generated_Source\PSoC4\DB_UART_SCBCLK.c -o .\CortexM0\ARM_GCC_541\Debug\DB_UART_SCBCLK.o
arm-none-eabi-gcc.exe -mcpu=cortex-m0 -mthumb -I..\libhydrogen.cylib\libhydrogen -I. -IGenerated_Source\PSoC4 -Wa,-alh=.\CortexM0\ARM_GCC_541\Debug/DB_UART_tx.lst -g -D DEBUG -Wall -ffunction-sections -ffat-lto-objects -Og -c Generated_Source\PSoC4\DB_UART_tx.c -o .\CortexM0\ARM_GCC_541\Debug\DB_UART_tx.o
arm-none-eabi-gcc.exe -mcpu=cortex-m0 -mthumb -I..\libhydrogen.cylib\libhydrogen -I. -IGenerated_Source\PSoC4 -Wa,-alh=.\CortexM0\ARM_GCC_541\Debug/DB_UART_tx_PM.lst -g -D DEBUG -Wall -ffunction-sections -ffat-lto-objects -Og -c Generated_Source\PSoC4\DB_UART_tx_PM.c -o .\CortexM0\ARM_GCC_541\Debug\DB_UART_tx_PM.o
arm-none-eabi-gcc.exe -mcpu=cortex-m0 -mthumb -I..\libhydrogen.cylib\libhydrogen -I. -IGenerated_Source\PSoC4 -Wa,-alh=.\CortexM0\ARM_GCC_541\Debug/DB_UART_SCB_IRQ.lst -g -D DEBUG -Wall -ffunction-sections -ffat-lto-objects -Og -c Generated_Source\PSoC4\DB_UART_SCB_IRQ.c -o .\CortexM0\ARM_GCC_541\Debug\DB_UART_SCB_IRQ.o
arm-none-eabi-gcc.exe -mcpu=cortex-m0 -mthumb -I..\libhydrogen.cylib\libhydrogen -I. -IGenerated_Source\PSoC4 -Wa,-alh=.\CortexM0\ARM_GCC_541\Debug/DB_UART_rx.lst -g -D DEBUG -Wall -ffunction-sections -ffat-lto-objects -Og -c Generated_Source\PSoC4\DB_UART_rx.c -o .\CortexM0\ARM_GCC_541\Debug\DB_UART_rx.o
arm-none-eabi-gcc.exe -mcpu=cortex-m0 -mthumb -I..\libhydrogen.cylib\libhydrogen -I. -IGenerated_Source\PSoC4 -Wa,-alh=.\CortexM0\ARM_GCC_541\Debug/DB_UART_rx_PM.lst -g -D DEBUG -Wall -ffunction-sections -ffat-lto-objects -Og -c Generated_Source\PSoC4\DB_UART_rx_PM.c -o .\CortexM0\ARM_GCC_541\Debug\DB_UART_rx_PM.o
arm-none-eabi-gcc.exe -mcpu=cortex-m0 -mthumb -I..\libhydrogen.cylib\libhydrogen -I. -IGenerated_Source\PSoC4 -Wa,-alh=.\CortexM0\ARM_GCC_541\Debug/CARD_UART_IntClock.lst -g -D DEBUG -Wall -ffunction-sections -ffat-lto-objects -Og -c Generated_Source\PSoC4\CARD_UART_IntClock.c -o .\CortexM0\ARM_GCC_541\Debug\CARD_UART_IntClock.o
arm-none-eabi-gcc.exe -mcpu=cortex-m0 -mthumb -I..\libhydrogen.cylib\libhydrogen -I. -IGenerated_Source\PSoC4 -Wa,-alh=.\CortexM0\ARM_GCC_541\Debug/Cm0Start.lst -g -D DEBUG -Wall -ffunction-sections -ffat-lto-objects -Og -c Generated_Source\PSoC4\Cm0Start.c -o .\CortexM0\ARM_GCC_541\Debug\Cm0Start.o
arm-none-eabi-gcc.exe -mcpu=cortex-m0 -mthumb -I..\libhydrogen.cylib\libhydrogen -I. -IGenerated_Source\PSoC4 -Wa,-alh=.\CortexM0\ARM_GCC_541\Debug/CyFlash.lst -g -D DEBUG -Wall -ffunction-sections -ffat-lto-objects -Og -c Generated_Source\PSoC4\CyFlash.c -o .\CortexM0\ARM_GCC_541\Debug\CyFlash.o
arm-none-eabi-gcc.exe -mcpu=cortex-m0 -mthumb -I..\libhydrogen.cylib\libhydrogen -I. -IGenerated_Source\PSoC4 -Wa,-alh=.\CortexM0\ARM_GCC_541\Debug/CyLib.lst -g -D DEBUG -Wall -ffunction-sections -ffat-lto-objects -Og -c Generated_Source\PSoC4\CyLib.c -o .\CortexM0\ARM_GCC_541\Debug\CyLib.o
arm-none-eabi-gcc.exe -mcpu=cortex-m0 -mthumb -I..\libhydrogen.cylib\libhydrogen -I. -IGenerated_Source\PSoC4 -Wa,-alh=.\CortexM0\ARM_GCC_541\Debug/cyPm.lst -g -D DEBUG -Wall -ffunction-sections -ffat-lto-objects -Og -c Generated_Source\PSoC4\cyPm.c -o .\CortexM0\ARM_GCC_541\Debug\cyPm.o
arm-none-eabi-gcc.exe -mcpu=cortex-m0 -mthumb -I..\libhydrogen.cylib\libhydrogen -I. -IGenerated_Source\PSoC4 -Wa,-alh=.\CortexM0\ARM_GCC_541\Debug/cyutils.lst -g -D DEBUG -Wall -ffunction-sections -ffat-lto-objects -Og -c Generated_Source\PSoC4\cyutils.c -o .\CortexM0\ARM_GCC_541\Debug\cyutils.o
arm-none-eabi-gcc.exe -mcpu=cortex-m0 -mthumb -I..\libhydrogen.cylib\libhydrogen -I. -IGenerated_Source\PSoC4 -Wa,-alh=.\CortexM0\ARM_GCC_541\Debug/CyLFClk.lst -g -D DEBUG -Wall -ffunction-sections -ffat-lto-objects -Og -c Generated_Source\PSoC4\CyLFClk.c -o .\CortexM0\ARM_GCC_541\Debug\CyLFClk.o
arm-none-eabi-as.exe -mcpu=cortex-m0 -mthumb -I. -IGenerated_Source\PSoC4 -alh=.\CortexM0\ARM_GCC_541\Debug/CyBootAsmGnu.lst -g -W -o .\CortexM0\ARM_GCC_541\Debug\CyBootAsmGnu.o Generated_Source\PSoC4\CyBootAsmGnu.s
arm-none-eabi-ar.exe -rs .\CortexM0\ARM_GCC_541\Debug\SECURITY_MODULE.a .\CortexM0\ARM_GCC_541\Debug\DB_UART.o .\CortexM0\ARM_GCC_541\Debug\DB_UART_SPI_UART.o .\CortexM0\ARM_GCC_541\Debug\DB_UART_SPI_UART_INT.o .\CortexM0\ARM_GCC_541\Debug\DB_UART_PM.o .\CortexM0\ARM_GCC_541\Debug\DB_UART_UART.o .\CortexM0\ARM_GCC_541\Debug\DB_UART_BOOT.o .\CortexM0\ARM_GCC_541\Debug\DB_UART_UART_BOOT.o .\CortexM0\ARM_GCC_541\Debug\CARD_UART.o .\CortexM0\ARM_GCC_541\Debug\CARD_UART_PM.o .\CortexM0\ARM_GCC_541\Debug\CARD_UART_INT.o .\CortexM0\ARM_GCC_541\Debug\CARD_UART_BOOT.o .\CortexM0\ARM_GCC_541\Debug\PIGGY_BANK.o .\CortexM0\ARM_GCC_541\Debug\Reset_isr.o .\CortexM0\ARM_GCC_541\Debug\SW1.o .\CortexM0\ARM_GCC_541\Debug\SW1_PM.o .\CortexM0\ARM_GCC_541\Debug\DB_UART_SCBCLK.o .\CortexM0\ARM_GCC_541\Debug\DB_UART_tx.o .\CortexM0\ARM_GCC_541\Debug\DB_UART_tx_PM.o .\CortexM0\ARM_GCC_541\Debug\DB_UART_SCB_IRQ.o .\CortexM0\ARM_GCC_541\Debug\DB_UART_rx.o .\CortexM0\ARM_GCC_541\Debug\DB_UART_rx_PM.o .\CortexM0\ARM_GCC_541\Debug\CARD_UART_IntClock.o .\CortexM0\ARM_GCC_541\Debug\CyFlash.o .\CortexM0\ARM_GCC_541\Debug\CyLib.o .\CortexM0\ARM_GCC_541\Debug\cyPm.o .\CortexM0\ARM_GCC_541\Debug\cyutils.o .\CortexM0\ARM_GCC_541\Debug\CyLFClk.o .\CortexM0\ARM_GCC_541\Debug\CyBootAsmGnu.o
arm-none-eabi-ar.exe: creating .\CortexM0\ARM_GCC_541\Debug\SECURITY_MODULE.a
arm-none-eabi-gcc.exe -Wl,--start-group -o C:\Users\ccpow_000\Desktop\CPS\eCTF\0xBU_SSS_ATM\SECURITY_MODULE.cydsn\CortexM0\ARM_GCC_541\Debug\SECURITY_MODULE.elf .\CortexM0\ARM_GCC_541\Debug\main.o .\CortexM0\ARM_GCC_541\Debug\usbserialprotocol.o .\CortexM0\ARM_GCC_541\Debug\cyfitter_cfg.o .\CortexM0\ARM_GCC_541\Debug\cymetadata.o .\CortexM0\ARM_GCC_541\Debug\Cm0Start.o .\CortexM0\ARM_GCC_541\Debug\SECURITY_MODULE.a ..\libhydrogen.cylib\CortexM0\ARM_GCC_541\Debug\libhydrogen.a "D:\Programs\PSoCCreator\PSoC Creator\4.1\PSoC Creator\psoc\content\cycomponentlibrary\CyComponentLibrary.cylib\CortexM0\ARM_GCC_541\Debug\CyComponentLibrary.a" -mcpu=cortex-m0 -mthumb -L Generated_Source\PSoC4 -Wl,-Map,.\CortexM0\ARM_GCC_541\Debug/SECURITY_MODULE.map -T Generated_Source\PSoC4\cm0gcc.ld -specs=nano.specs -Wl,--gc-sections -g -ffunction-sections -Og -ffat-lto-objects -Wl,--end-group
cyelftool.exe -C C:\Users\ccpow_000\Desktop\CPS\eCTF\0xBU_SSS_ATM\SECURITY_MODULE.cydsn\CortexM0\ARM_GCC_541\Debug\SECURITY_MODULE.elf --flash_row_size 128 --flash_size 32768 --flash_offset 0x00000000
cyelftool.exe -S C:\Users\ccpow_000\Desktop\CPS\eCTF\0xBU_SSS_ATM\SECURITY_MODULE.cydsn\CortexM0\ARM_GCC_541\Debug\SECURITY_MODULE.elf
Flash used: 8960 of 32768 bytes (27.3%).
SRAM used: 2600 of 4096 bytes (63.5%). Stack: 1024 bytes. Heap: 496 bytes.
--------------- Rebuild Succeeded: 02/28/2018 20:03:41 ---------------
