ARM GAS  C:\Users\CCPOW_~1\AppData\Local\Temp\ccMfdvgm.s 			page 1


   1              		.syntax unified
   2              		.cpu cortex-m0
   3              		.fpu softvfp
   4              		.eabi_attribute 20, 1
   5              		.eabi_attribute 21, 1
   6              		.eabi_attribute 23, 3
   7              		.eabi_attribute 24, 1
   8              		.eabi_attribute 25, 1
   9              		.eabi_attribute 26, 1
  10              		.eabi_attribute 30, 4
  11              		.eabi_attribute 34, 0
  12              		.eabi_attribute 18, 4
  13              		.thumb
  14              		.syntax unified
  15              		.file	"usbserialprotocol.c"
  16              		.text
  17              	.Ltext0:
  18              		.cfi_sections	.debug_frame
  19              		.section	.text.getValidByte,"ax",%progbits
  20              		.align	1
  21              		.global	getValidByte
  22              		.code	16
  23              		.thumb_func
  24              		.type	getValidByte, %function
  25              	getValidByte:
  26              	.LFB34:
  27              		.file 1 "usbserialprotocol.c"
   1:usbserialprotocol.c **** /* ========================================
   2:usbserialprotocol.c ****  *
   3:usbserialprotocol.c ****  * Copyright YOUR COMPANY, THE YEAR
   4:usbserialprotocol.c ****  * All Rights Reserved
   5:usbserialprotocol.c ****  * UNPUBLISHED, LICENSED SOFTWARE.
   6:usbserialprotocol.c ****  *
   7:usbserialprotocol.c ****  * CONFIDENTIAL AND PROPRIETARY INFORMATION
   8:usbserialprotocol.c ****  * WHICH IS THE PROPERTY OF your company.
   9:usbserialprotocol.c ****  *
  10:usbserialprotocol.c ****  * ========================================
  11:usbserialprotocol.c **** */
  12:usbserialprotocol.c **** 
  13:usbserialprotocol.c **** #include "usbserialprotocol.h"
  14:usbserialprotocol.c **** 
  15:usbserialprotocol.c **** #define RECV_OK 0
  16:usbserialprotocol.c **** #define RECV_ER 1
  17:usbserialprotocol.c **** #define RDY_MSG_RECV "READY"
  18:usbserialprotocol.c **** #define RDY_MSG_RCV_LEN 5
  19:usbserialprotocol.c **** #define RDY_MSG_NORM "HSM_N"
  20:usbserialprotocol.c **** #define RDY_MSG_PROV "HSM_P"
  21:usbserialprotocol.c **** #define RDY_BAD "BAD"
  22:usbserialprotocol.c **** #define GO_MSG "GO"
  23:usbserialprotocol.c **** 
  24:usbserialprotocol.c **** 
  25:usbserialprotocol.c **** uint8 getValidByte()
  26:usbserialprotocol.c **** {
  28              		.loc 1 26 0
  29              		.cfi_startproc
  30              		@ args = 0, pretend = 0, frame = 0
  31              		@ frame_needed = 0, uses_anonymous_args = 0
ARM GAS  C:\Users\CCPOW_~1\AppData\Local\Temp\ccMfdvgm.s 			page 2


  32 0000 10B5     		push	{r4, lr}
  33              		.cfi_def_cfa_offset 8
  34              		.cfi_offset 4, -8
  35              		.cfi_offset 14, -4
  36              	.L2:
  27:usbserialprotocol.c ****     uint8 retval = 0u;
  28:usbserialprotocol.c ****     while(DB_UART_SpiUartGetRxBufferSize() < 1); // wait for byte
  37              		.loc 1 28 0 discriminator 1
  38 0002 FFF7FEFF 		bl	DB_UART_SpiUartGetRxBufferSize
  39              	.LVL0:
  40 0006 0028     		cmp	r0, #0
  41 0008 FBD0     		beq	.L2
  29:usbserialprotocol.c ****     retval = DB_UART_UartGetByte();
  42              		.loc 1 29 0
  43 000a FFF7FEFF 		bl	DB_UART_UartGetByte
  44              	.LVL1:
  30:usbserialprotocol.c ****     return retval;
  31:usbserialprotocol.c **** }
  45              		.loc 1 31 0
  46              		@ sp needed
  30:usbserialprotocol.c ****     return retval;
  47              		.loc 1 30 0
  48 000e C0B2     		uxtb	r0, r0
  49              		.loc 1 31 0
  50 0010 10BD     		pop	{r4, pc}
  51              		.cfi_endproc
  52              	.LFE34:
  53              		.size	getValidByte, .-getValidByte
  54              		.section	.text.pushMessage,"ax",%progbits
  55              		.align	1
  56              		.global	pushMessage
  57              		.code	16
  58              		.thumb_func
  59              		.type	pushMessage, %function
  60              	pushMessage:
  61              	.LFB35:
  32:usbserialprotocol.c **** 
  33:usbserialprotocol.c **** 
  34:usbserialprotocol.c **** int pushMessage(const uint8 data[], uint8 size)
  35:usbserialprotocol.c **** {
  62              		.loc 1 35 0
  63              		.cfi_startproc
  64              		@ args = 0, pretend = 0, frame = 0
  65              		@ frame_needed = 0, uses_anonymous_args = 0
  66              	.LVL2:
  67 0000 70B5     		push	{r4, r5, r6, lr}
  68              		.cfi_def_cfa_offset 16
  69              		.cfi_offset 4, -16
  70              		.cfi_offset 5, -12
  71              		.cfi_offset 6, -8
  72              		.cfi_offset 14, -4
  73              		.loc 1 35 0
  74 0002 0600     		movs	r6, r0
  36:usbserialprotocol.c ****     int i;
  37:usbserialprotocol.c **** 
  38:usbserialprotocol.c ****     DB_UART_UartPutChar(size);
  75              		.loc 1 38 0
ARM GAS  C:\Users\CCPOW_~1\AppData\Local\Temp\ccMfdvgm.s 			page 3


  76 0004 0800     		movs	r0, r1
  77              	.LVL3:
  35:usbserialprotocol.c ****     int i;
  78              		.loc 1 35 0
  79 0006 0D00     		movs	r5, r1
  39:usbserialprotocol.c ****     
  40:usbserialprotocol.c ****     for (i = 0; i < size; i++) {
  80              		.loc 1 40 0
  81 0008 3400     		movs	r4, r6
  38:usbserialprotocol.c ****     
  82              		.loc 1 38 0
  83 000a FFF7FEFF 		bl	DB_UART_SpiUartWriteTxData
  84              	.LVL4:
  85              	.L7:
  86              		.loc 1 40 0 discriminator 1
  87 000e A31B     		subs	r3, r4, r6
  88 0010 9D42     		cmp	r5, r3
  89 0012 04DD     		ble	.L9
  41:usbserialprotocol.c ****         DB_UART_UartPutChar(data[i]);   
  90              		.loc 1 41 0 discriminator 3
  91 0014 2078     		ldrb	r0, [r4]
  92 0016 FFF7FEFF 		bl	DB_UART_SpiUartWriteTxData
  93              	.LVL5:
  94 001a 0134     		adds	r4, r4, #1
  95              	.LVL6:
  96 001c F7E7     		b	.L7
  97              	.L9:
  42:usbserialprotocol.c ****     }
  43:usbserialprotocol.c ****     
  44:usbserialprotocol.c ****     return RECV_OK;
  45:usbserialprotocol.c **** }
  98              		.loc 1 45 0
  99 001e 0020     		movs	r0, #0
 100              		@ sp needed
 101              	.LVL7:
 102              	.LVL8:
 103 0020 70BD     		pop	{r4, r5, r6, pc}
 104              		.cfi_endproc
 105              	.LFE35:
 106              		.size	pushMessage, .-pushMessage
 107              		.section	.text.pullMessage,"ax",%progbits
 108              		.align	1
 109              		.global	pullMessage
 110              		.code	16
 111              		.thumb_func
 112              		.type	pullMessage, %function
 113              	pullMessage:
 114              	.LFB36:
  46:usbserialprotocol.c **** 
  47:usbserialprotocol.c **** 
  48:usbserialprotocol.c **** uint8 pullMessage(uint8 data[], uint8 len)
  49:usbserialprotocol.c **** {
 115              		.loc 1 49 0
 116              		.cfi_startproc
 117              		@ args = 0, pretend = 0, frame = 0
 118              		@ frame_needed = 0, uses_anonymous_args = 0
 119              	.LVL9:
ARM GAS  C:\Users\CCPOW_~1\AppData\Local\Temp\ccMfdvgm.s 			page 4


 120 0000 70B5     		push	{r4, r5, r6, lr}
 121              		.cfi_def_cfa_offset 16
 122              		.cfi_offset 4, -16
 123              		.cfi_offset 5, -12
 124              		.cfi_offset 6, -8
 125              		.cfi_offset 14, -4
 126              		.loc 1 49 0
 127 0002 0600     		movs	r6, r0
 128 0004 0D00     		movs	r5, r1
  50:usbserialprotocol.c ****     int i;
  51:usbserialprotocol.c ****     
  52:usbserialprotocol.c ****     for (i = 0; i < len; i++) {
 129              		.loc 1 52 0
 130 0006 0400     		movs	r4, r0
 131              	.LVL10:
 132              	.L11:
 133              		.loc 1 52 0 is_stmt 0 discriminator 1
 134 0008 A31B     		subs	r3, r4, r6
 135 000a 9D42     		cmp	r5, r3
 136 000c 04DD     		ble	.L13
  53:usbserialprotocol.c ****         data[i] = getValidByte();   
 137              		.loc 1 53 0 is_stmt 1 discriminator 3
 138 000e FFF7FEFF 		bl	getValidByte
 139              	.LVL11:
 140 0012 2070     		strb	r0, [r4]
 141              	.LVL12:
 142 0014 0134     		adds	r4, r4, #1
 143              	.LVL13:
 144 0016 F7E7     		b	.L11
 145              	.L13:
  54:usbserialprotocol.c ****     }
  55:usbserialprotocol.c ****     
  56:usbserialprotocol.c ****     return len;
  57:usbserialprotocol.c **** }
 146              		.loc 1 57 0
 147 0018 2800     		movs	r0, r5
 148              		@ sp needed
 149              	.LVL14:
 150              	.LVL15:
 151 001a 70BD     		pop	{r4, r5, r6, pc}
 152              		.cfi_endproc
 153              	.LFE36:
 154              		.size	pullMessage, .-pullMessage
 155              		.section	.text.syncConnection,"ax",%progbits
 156              		.align	1
 157              		.global	syncConnection
 158              		.code	16
 159              		.thumb_func
 160              		.type	syncConnection, %function
 161              	syncConnection:
 162              	.LFB37:
  58:usbserialprotocol.c **** 
  59:usbserialprotocol.c **** /* 
  60:usbserialprotocol.c ****  * generic PSoC synchronization protocol:
  61:usbserialprotocol.c ****  *
  62:usbserialprotocol.c ****  * 1) ATM -> "READY" -> PSoC
  63:usbserialprotocol.c ****  * 2) if bad:  PSoC -> received bad message -> ATM; goto 1)
ARM GAS  C:\Users\CCPOW_~1\AppData\Local\Temp\ccMfdvgm.s 			page 5


  64:usbserialprotocol.c ****  *    if good: PSoC -> PSoC name (prov/norm) -> ATM
  65:usbserialprotocol.c ****  * 3) ATM -> "GO" -> PSoC
  66:usbserialprotocol.c ****  * 4) if bad: goto 1)
  67:usbserialprotocol.c ****  */
  68:usbserialprotocol.c **** 
  69:usbserialprotocol.c **** //TODO: FIX THE CONNECTION SYNCING
  70:usbserialprotocol.c **** void syncConnection(int prov) 
  71:usbserialprotocol.c **** {
 163              		.loc 1 71 0
 164              		.cfi_startproc
 165              		@ args = 0, pretend = 0, frame = 32
 166              		@ frame_needed = 0, uses_anonymous_args = 0
 167              	.LVL16:
 168 0000 30B5     		push	{r4, r5, lr}
 169              		.cfi_def_cfa_offset 12
 170              		.cfi_offset 4, -12
 171              		.cfi_offset 5, -8
 172              		.cfi_offset 14, -4
 173 0002 0400     		movs	r4, r0
 174 0004 89B0     		sub	sp, sp, #36
 175              		.cfi_def_cfa_offset 48
 176              	.LVL17:
 177              	.L18:
  72:usbserialprotocol.c ****     uint8 message[32];
  73:usbserialprotocol.c ****     
  74:usbserialprotocol.c ****     // marco-polo with bank until connection is in sync
  75:usbserialprotocol.c ****     do {
  76:usbserialprotocol.c ****         pullMessage(message, RDY_MSG_RCV_LEN);                               // 1)
 178              		.loc 1 76 0
 179 0006 0521     		movs	r1, #5
 180 0008 6846     		mov	r0, sp
 181 000a FFF7FEFF 		bl	pullMessage
 182              	.LVL18:
  77:usbserialprotocol.c ****         
  78:usbserialprotocol.c ****         if (strcmp((char*)message, RDY_MSG_RECV)) {
 183              		.loc 1 78 0
 184 000e 1449     		ldr	r1, .L21
 185 0010 6846     		mov	r0, sp
 186 0012 FFF7FEFF 		bl	strcmp
 187              	.LVL19:
 188 0016 051E     		subs	r5, r0, #0
 189 0018 0BD0     		beq	.L15
  79:usbserialprotocol.c ****             pushMessage(message, strlen((char*)message));   // 2) bad
 190              		.loc 1 79 0
 191 001a 6846     		mov	r0, sp
 192 001c FFF7FEFF 		bl	strlen
 193              	.LVL20:
 194 0020 C1B2     		uxtb	r1, r0
 195 0022 6846     		mov	r0, sp
 196 0024 FFF7FEFF 		bl	pushMessage
 197              	.LVL21:
  80:usbserialprotocol.c ****             strcpy((char*)message, RDY_BAD);
 198              		.loc 1 80 0
 199 0028 0E49     		ldr	r1, .L21+4
 200 002a 6846     		mov	r0, sp
 201 002c FFF7FEFF 		bl	strcpy
 202              	.LVL22:
ARM GAS  C:\Users\CCPOW_~1\AppData\Local\Temp\ccMfdvgm.s 			page 6


 203 0030 0EE0     		b	.L16
 204              	.L15:
  81:usbserialprotocol.c ****         } else if (prov) {
  82:usbserialprotocol.c ****             pushMessage((uint8*)RDY_MSG_PROV, 
 205              		.loc 1 82 0
 206 0032 0521     		movs	r1, #5
  81:usbserialprotocol.c ****         } else if (prov) {
 207              		.loc 1 81 0
 208 0034 002C     		cmp	r4, #0
 209 0036 04D0     		beq	.L17
 210              		.loc 1 82 0
 211 0038 0B48     		ldr	r0, .L21+8
 212 003a FFF7FEFF 		bl	pushMessage
 213              	.LVL23:
  83:usbserialprotocol.c ****                         strlen(RDY_MSG_PROV));              // 2) good prov
  84:usbserialprotocol.c ****             
  85:usbserialprotocol.c ****             pullMessage(message, 0);                           // 3)
 214              		.loc 1 85 0
 215 003e 2900     		movs	r1, r5
 216 0040 03E0     		b	.L20
 217              	.L17:
  86:usbserialprotocol.c ****         } else {
  87:usbserialprotocol.c ****             pushMessage((uint8*)RDY_MSG_NORM, 
 218              		.loc 1 87 0
 219 0042 0A48     		ldr	r0, .L21+12
 220 0044 FFF7FEFF 		bl	pushMessage
 221              	.LVL24:
  88:usbserialprotocol.c ****                         strlen(RDY_MSG_NORM));              // 2) good norm
  89:usbserialprotocol.c ****             
  90:usbserialprotocol.c ****             pullMessage(message, 0);                           // 3
 222              		.loc 1 90 0
 223 0048 2100     		movs	r1, r4
 224              	.L20:
 225 004a 6846     		mov	r0, sp
 226 004c FFF7FEFF 		bl	pullMessage
 227              	.LVL25:
 228              	.L16:
  91:usbserialprotocol.c ****         }
  92:usbserialprotocol.c ****         
  93:usbserialprotocol.c ****     } while (strcmp((char*)message, GO_MSG));               // 4)
 229              		.loc 1 93 0
 230 0050 0749     		ldr	r1, .L21+16
 231 0052 6846     		mov	r0, sp
 232 0054 FFF7FEFF 		bl	strcmp
 233              	.LVL26:
 234 0058 0028     		cmp	r0, #0
 235 005a D4D1     		bne	.L18
  94:usbserialprotocol.c **** }
 236              		.loc 1 94 0
 237 005c 09B0     		add	sp, sp, #36
 238              		@ sp needed
 239              	.LVL27:
 240 005e 30BD     		pop	{r4, r5, pc}
 241              	.L22:
 242              		.align	2
 243              	.L21:
 244 0060 00000000 		.word	.LC2
ARM GAS  C:\Users\CCPOW_~1\AppData\Local\Temp\ccMfdvgm.s 			page 7


 245 0064 06000000 		.word	.LC4
 246 0068 0A000000 		.word	.LC6
 247 006c 10000000 		.word	.LC8
 248 0070 16000000 		.word	.LC10
 249              		.cfi_endproc
 250              	.LFE37:
 251              		.size	syncConnection, .-syncConnection
 252              		.section	.rodata.str1.1,"aMS",%progbits,1
 253              	.LC2:
 254 0000 52454144 		.ascii	"READY\000"
 254      5900
 255              	.LC4:
 256 0006 42414400 		.ascii	"BAD\000"
 257              	.LC6:
 258 000a 48534D5F 		.ascii	"HSM_P\000"
 258      5000
 259              	.LC8:
 260 0010 48534D5F 		.ascii	"HSM_N\000"
 260      4E00
 261              	.LC10:
 262 0016 474F00   		.ascii	"GO\000"
 263              		.text
 264              	.Letext0:
 265              		.file 2 "Generated_Source\\PSoC4/cytypes.h"
 266              		.file 3 "Generated_Source\\PSoC4/DB_UART_SPI_UART.h"
 267              		.file 4 "d:\\programs\\psoccreator\\psoc creator\\4.1\\psoc creator\\import\\gnu\\arm\\5.4.1\\arm-
 268              		.section	.debug_info,"",%progbits
 269              	.Ldebug_info0:
 270 0000 00030000 		.4byte	0x300
 271 0004 0400     		.2byte	0x4
 272 0006 00000000 		.4byte	.Ldebug_abbrev0
 273 000a 04       		.byte	0x4
 274 000b 01       		.uleb128 0x1
 275 000c BC010000 		.4byte	.LASF31
 276 0010 0C       		.byte	0xc
 277 0011 33010000 		.4byte	.LASF32
 278 0015 6C000000 		.4byte	.LASF33
 279 0019 00000000 		.4byte	.Ldebug_ranges0+0
 280 001d 00000000 		.4byte	0
 281 0021 00000000 		.4byte	.Ldebug_line0
 282 0025 02       		.uleb128 0x2
 283 0026 01       		.byte	0x1
 284 0027 06       		.byte	0x6
 285 0028 B0010000 		.4byte	.LASF0
 286 002c 02       		.uleb128 0x2
 287 002d 01       		.byte	0x1
 288 002e 08       		.byte	0x8
 289 002f D2000000 		.4byte	.LASF1
 290 0033 02       		.uleb128 0x2
 291 0034 02       		.byte	0x2
 292 0035 05       		.byte	0x5
 293 0036 91010000 		.4byte	.LASF2
 294 003a 02       		.uleb128 0x2
 295 003b 02       		.byte	0x2
 296 003c 07       		.byte	0x7
 297 003d 1D000000 		.4byte	.LASF3
 298 0041 02       		.uleb128 0x2
ARM GAS  C:\Users\CCPOW_~1\AppData\Local\Temp\ccMfdvgm.s 			page 8


 299 0042 04       		.byte	0x4
 300 0043 05       		.byte	0x5
 301 0044 9B010000 		.4byte	.LASF4
 302 0048 02       		.uleb128 0x2
 303 0049 04       		.byte	0x4
 304 004a 07       		.byte	0x7
 305 004b BA000000 		.4byte	.LASF5
 306 004f 02       		.uleb128 0x2
 307 0050 08       		.byte	0x8
 308 0051 05       		.byte	0x5
 309 0052 63010000 		.4byte	.LASF6
 310 0056 02       		.uleb128 0x2
 311 0057 08       		.byte	0x8
 312 0058 07       		.byte	0x7
 313 0059 0F010000 		.4byte	.LASF7
 314 005d 03       		.uleb128 0x3
 315 005e 04       		.byte	0x4
 316 005f 05       		.byte	0x5
 317 0060 696E7400 		.ascii	"int\000"
 318 0064 02       		.uleb128 0x2
 319 0065 04       		.byte	0x4
 320 0066 07       		.byte	0x7
 321 0067 02010000 		.4byte	.LASF8
 322 006b 04       		.uleb128 0x4
 323 006c CC000000 		.4byte	.LASF9
 324 0070 02       		.byte	0x2
 325 0071 B901     		.2byte	0x1b9
 326 0073 2C000000 		.4byte	0x2c
 327 0077 04       		.uleb128 0x4
 328 0078 FB000000 		.4byte	.LASF10
 329 007c 02       		.byte	0x2
 330 007d BB01     		.2byte	0x1bb
 331 007f 48000000 		.4byte	0x48
 332 0083 02       		.uleb128 0x2
 333 0084 04       		.byte	0x4
 334 0085 04       		.byte	0x4
 335 0086 17000000 		.4byte	.LASF11
 336 008a 02       		.uleb128 0x2
 337 008b 08       		.byte	0x8
 338 008c 04       		.byte	0x4
 339 008d F4000000 		.4byte	.LASF12
 340 0091 02       		.uleb128 0x2
 341 0092 01       		.byte	0x1
 342 0093 08       		.byte	0x8
 343 0094 71010000 		.4byte	.LASF13
 344 0098 02       		.uleb128 0x2
 345 0099 08       		.byte	0x8
 346 009a 04       		.byte	0x4
 347 009b A4010000 		.4byte	.LASF14
 348 009f 02       		.uleb128 0x2
 349 00a0 04       		.byte	0x4
 350 00a1 07       		.byte	0x7
 351 00a2 4E010000 		.4byte	.LASF15
 352 00a6 05       		.uleb128 0x5
 353 00a7 04       		.byte	0x4
 354 00a8 6B000000 		.4byte	0x6b
 355 00ac 06       		.uleb128 0x6
ARM GAS  C:\Users\CCPOW_~1\AppData\Local\Temp\ccMfdvgm.s 			page 9


 356 00ad 26010000 		.4byte	.LASF21
 357 00b1 01       		.byte	0x1
 358 00b2 19       		.byte	0x19
 359 00b3 6B000000 		.4byte	0x6b
 360 00b7 00000000 		.4byte	.LFB34
 361 00bb 12000000 		.4byte	.LFE34-.LFB34
 362 00bf 01       		.uleb128 0x1
 363 00c0 9C       		.byte	0x9c
 364 00c1 E5000000 		.4byte	0xe5
 365 00c5 07       		.uleb128 0x7
 366 00c6 65000000 		.4byte	.LASF18
 367 00ca 01       		.byte	0x1
 368 00cb 1B       		.byte	0x1b
 369 00cc 6B000000 		.4byte	0x6b
 370 00d0 01       		.uleb128 0x1
 371 00d1 50       		.byte	0x50
 372 00d2 08       		.uleb128 0x8
 373 00d3 06000000 		.4byte	.LVL0
 374 00d7 BE020000 		.4byte	0x2be
 375 00db 08       		.uleb128 0x8
 376 00dc 0E000000 		.4byte	.LVL1
 377 00e0 CA020000 		.4byte	0x2ca
 378 00e4 00       		.byte	0
 379 00e5 09       		.uleb128 0x9
 380 00e6 57010000 		.4byte	.LASF19
 381 00ea 01       		.byte	0x1
 382 00eb 22       		.byte	0x22
 383 00ec 5D000000 		.4byte	0x5d
 384 00f0 00000000 		.4byte	.LFB35
 385 00f4 22000000 		.4byte	.LFE35-.LFB35
 386 00f8 01       		.uleb128 0x1
 387 00f9 9C       		.byte	0x9c
 388 00fa 47010000 		.4byte	0x147
 389 00fe 0A       		.uleb128 0xa
 390 00ff 5B000000 		.4byte	.LASF16
 391 0103 01       		.byte	0x1
 392 0104 22       		.byte	0x22
 393 0105 47010000 		.4byte	0x147
 394 0109 00000000 		.4byte	.LLST0
 395 010d 0A       		.uleb128 0xa
 396 010e 60000000 		.4byte	.LASF17
 397 0112 01       		.byte	0x1
 398 0113 22       		.byte	0x22
 399 0114 6B000000 		.4byte	0x6b
 400 0118 2C000000 		.4byte	.LLST1
 401 011c 0B       		.uleb128 0xb
 402 011d 6900     		.ascii	"i\000"
 403 011f 01       		.byte	0x1
 404 0120 24       		.byte	0x24
 405 0121 5D000000 		.4byte	0x5d
 406 0125 4D000000 		.4byte	.LLST2
 407 0129 0C       		.uleb128 0xc
 408 012a 0E000000 		.4byte	.LVL4
 409 012e D6020000 		.4byte	0x2d6
 410 0132 3D010000 		.4byte	0x13d
 411 0136 0D       		.uleb128 0xd
 412 0137 01       		.uleb128 0x1
ARM GAS  C:\Users\CCPOW_~1\AppData\Local\Temp\ccMfdvgm.s 			page 10


 413 0138 50       		.byte	0x50
 414 0139 02       		.uleb128 0x2
 415 013a 75       		.byte	0x75
 416 013b 00       		.sleb128 0
 417 013c 00       		.byte	0
 418 013d 08       		.uleb128 0x8
 419 013e 1A000000 		.4byte	.LVL5
 420 0142 D6020000 		.4byte	0x2d6
 421 0146 00       		.byte	0
 422 0147 05       		.uleb128 0x5
 423 0148 04       		.byte	0x4
 424 0149 4D010000 		.4byte	0x14d
 425 014d 0E       		.uleb128 0xe
 426 014e 6B000000 		.4byte	0x6b
 427 0152 09       		.uleb128 0x9
 428 0153 4A020000 		.4byte	.LASF20
 429 0157 01       		.byte	0x1
 430 0158 30       		.byte	0x30
 431 0159 6B000000 		.4byte	0x6b
 432 015d 00000000 		.4byte	.LFB36
 433 0161 1C000000 		.4byte	.LFE36-.LFB36
 434 0165 01       		.uleb128 0x1
 435 0166 9C       		.byte	0x9c
 436 0167 A0010000 		.4byte	0x1a0
 437 016b 0A       		.uleb128 0xa
 438 016c 5B000000 		.4byte	.LASF16
 439 0170 01       		.byte	0x1
 440 0171 30       		.byte	0x30
 441 0172 A6000000 		.4byte	0xa6
 442 0176 87000000 		.4byte	.LLST3
 443 017a 0F       		.uleb128 0xf
 444 017b 6C656E00 		.ascii	"len\000"
 445 017f 01       		.byte	0x1
 446 0180 30       		.byte	0x30
 447 0181 6B000000 		.4byte	0x6b
 448 0185 B3000000 		.4byte	.LLST4
 449 0189 0B       		.uleb128 0xb
 450 018a 6900     		.ascii	"i\000"
 451 018c 01       		.byte	0x1
 452 018d 32       		.byte	0x32
 453 018e 5D000000 		.4byte	0x5d
 454 0192 D4000000 		.4byte	.LLST5
 455 0196 08       		.uleb128 0x8
 456 0197 12000000 		.4byte	.LVL11
 457 019b AC000000 		.4byte	0xac
 458 019f 00       		.byte	0
 459 01a0 10       		.uleb128 0x10
 460 01a1 08000000 		.4byte	.LASF22
 461 01a5 01       		.byte	0x1
 462 01a6 46       		.byte	0x46
 463 01a7 00000000 		.4byte	.LFB37
 464 01ab 74000000 		.4byte	.LFE37-.LFB37
 465 01af 01       		.uleb128 0x1
 466 01b0 9C       		.byte	0x9c
 467 01b1 AE020000 		.4byte	0x2ae
 468 01b5 0A       		.uleb128 0xa
 469 01b6 4F000000 		.4byte	.LASF23
ARM GAS  C:\Users\CCPOW_~1\AppData\Local\Temp\ccMfdvgm.s 			page 11


 470 01ba 01       		.byte	0x1
 471 01bb 46       		.byte	0x46
 472 01bc 5D000000 		.4byte	0x5d
 473 01c0 1A010000 		.4byte	.LLST6
 474 01c4 07       		.uleb128 0x7
 475 01c5 00000000 		.4byte	.LASF24
 476 01c9 01       		.byte	0x1
 477 01ca 48       		.byte	0x48
 478 01cb AE020000 		.4byte	0x2ae
 479 01cf 02       		.uleb128 0x2
 480 01d0 91       		.byte	0x91
 481 01d1 50       		.sleb128 -48
 482 01d2 0C       		.uleb128 0xc
 483 01d3 0E000000 		.4byte	.LVL18
 484 01d7 52010000 		.4byte	0x152
 485 01db EB010000 		.4byte	0x1eb
 486 01df 0D       		.uleb128 0xd
 487 01e0 01       		.uleb128 0x1
 488 01e1 50       		.byte	0x50
 489 01e2 02       		.uleb128 0x2
 490 01e3 7D       		.byte	0x7d
 491 01e4 00       		.sleb128 0
 492 01e5 0D       		.uleb128 0xd
 493 01e6 01       		.uleb128 0x1
 494 01e7 51       		.byte	0x51
 495 01e8 01       		.uleb128 0x1
 496 01e9 35       		.byte	0x35
 497 01ea 00       		.byte	0
 498 01eb 0C       		.uleb128 0xc
 499 01ec 16000000 		.4byte	.LVL19
 500 01f0 E2020000 		.4byte	0x2e2
 501 01f4 08020000 		.4byte	0x208
 502 01f8 0D       		.uleb128 0xd
 503 01f9 01       		.uleb128 0x1
 504 01fa 50       		.byte	0x50
 505 01fb 02       		.uleb128 0x2
 506 01fc 7D       		.byte	0x7d
 507 01fd 00       		.sleb128 0
 508 01fe 0D       		.uleb128 0xd
 509 01ff 01       		.uleb128 0x1
 510 0200 51       		.byte	0x51
 511 0201 05       		.uleb128 0x5
 512 0202 03       		.byte	0x3
 513 0203 00000000 		.4byte	.LC2
 514 0207 00       		.byte	0
 515 0208 0C       		.uleb128 0xc
 516 0209 20000000 		.4byte	.LVL20
 517 020d ED020000 		.4byte	0x2ed
 518 0211 1C020000 		.4byte	0x21c
 519 0215 0D       		.uleb128 0xd
 520 0216 01       		.uleb128 0x1
 521 0217 50       		.byte	0x50
 522 0218 02       		.uleb128 0x2
 523 0219 7D       		.byte	0x7d
 524 021a 00       		.sleb128 0
 525 021b 00       		.byte	0
 526 021c 0C       		.uleb128 0xc
ARM GAS  C:\Users\CCPOW_~1\AppData\Local\Temp\ccMfdvgm.s 			page 12


 527 021d 28000000 		.4byte	.LVL21
 528 0221 E5000000 		.4byte	0xe5
 529 0225 30020000 		.4byte	0x230
 530 0229 0D       		.uleb128 0xd
 531 022a 01       		.uleb128 0x1
 532 022b 50       		.byte	0x50
 533 022c 02       		.uleb128 0x2
 534 022d 7D       		.byte	0x7d
 535 022e 00       		.sleb128 0
 536 022f 00       		.byte	0
 537 0230 0C       		.uleb128 0xc
 538 0231 30000000 		.4byte	.LVL22
 539 0235 F8020000 		.4byte	0x2f8
 540 0239 4D020000 		.4byte	0x24d
 541 023d 0D       		.uleb128 0xd
 542 023e 01       		.uleb128 0x1
 543 023f 50       		.byte	0x50
 544 0240 02       		.uleb128 0x2
 545 0241 7D       		.byte	0x7d
 546 0242 00       		.sleb128 0
 547 0243 0D       		.uleb128 0xd
 548 0244 01       		.uleb128 0x1
 549 0245 51       		.byte	0x51
 550 0246 05       		.uleb128 0x5
 551 0247 03       		.byte	0x3
 552 0248 06000000 		.4byte	.LC4
 553 024c 00       		.byte	0
 554 024d 0C       		.uleb128 0xc
 555 024e 3E000000 		.4byte	.LVL23
 556 0252 E5000000 		.4byte	0xe5
 557 0256 69020000 		.4byte	0x269
 558 025a 0D       		.uleb128 0xd
 559 025b 01       		.uleb128 0x1
 560 025c 50       		.byte	0x50
 561 025d 05       		.uleb128 0x5
 562 025e 03       		.byte	0x3
 563 025f 0A000000 		.4byte	.LC6
 564 0263 0D       		.uleb128 0xd
 565 0264 01       		.uleb128 0x1
 566 0265 51       		.byte	0x51
 567 0266 01       		.uleb128 0x1
 568 0267 35       		.byte	0x35
 569 0268 00       		.byte	0
 570 0269 0C       		.uleb128 0xc
 571 026a 48000000 		.4byte	.LVL24
 572 026e E5000000 		.4byte	0xe5
 573 0272 80020000 		.4byte	0x280
 574 0276 0D       		.uleb128 0xd
 575 0277 01       		.uleb128 0x1
 576 0278 50       		.byte	0x50
 577 0279 05       		.uleb128 0x5
 578 027a 03       		.byte	0x3
 579 027b 10000000 		.4byte	.LC8
 580 027f 00       		.byte	0
 581 0280 0C       		.uleb128 0xc
 582 0281 50000000 		.4byte	.LVL25
 583 0285 52010000 		.4byte	0x152
ARM GAS  C:\Users\CCPOW_~1\AppData\Local\Temp\ccMfdvgm.s 			page 13


 584 0289 94020000 		.4byte	0x294
 585 028d 0D       		.uleb128 0xd
 586 028e 01       		.uleb128 0x1
 587 028f 50       		.byte	0x50
 588 0290 02       		.uleb128 0x2
 589 0291 7D       		.byte	0x7d
 590 0292 00       		.sleb128 0
 591 0293 00       		.byte	0
 592 0294 11       		.uleb128 0x11
 593 0295 58000000 		.4byte	.LVL26
 594 0299 E2020000 		.4byte	0x2e2
 595 029d 0D       		.uleb128 0xd
 596 029e 01       		.uleb128 0x1
 597 029f 50       		.byte	0x50
 598 02a0 02       		.uleb128 0x2
 599 02a1 7D       		.byte	0x7d
 600 02a2 00       		.sleb128 0
 601 02a3 0D       		.uleb128 0xd
 602 02a4 01       		.uleb128 0x1
 603 02a5 51       		.byte	0x51
 604 02a6 05       		.uleb128 0x5
 605 02a7 03       		.byte	0x3
 606 02a8 16000000 		.4byte	.LC10
 607 02ac 00       		.byte	0
 608 02ad 00       		.byte	0
 609 02ae 12       		.uleb128 0x12
 610 02af 6B000000 		.4byte	0x6b
 611 02b3 BE020000 		.4byte	0x2be
 612 02b7 13       		.uleb128 0x13
 613 02b8 9F000000 		.4byte	0x9f
 614 02bc 1F       		.byte	0x1f
 615 02bd 00       		.byte	0
 616 02be 14       		.uleb128 0x14
 617 02bf 30000000 		.4byte	.LASF25
 618 02c3 30000000 		.4byte	.LASF25
 619 02c7 03       		.byte	0x3
 620 02c8 3403     		.2byte	0x334
 621 02ca 14       		.uleb128 0x14
 622 02cb E0000000 		.4byte	.LASF26
 623 02cf E0000000 		.4byte	.LASF26
 624 02d3 03       		.byte	0x3
 625 02d4 0703     		.2byte	0x307
 626 02d6 14       		.uleb128 0x14
 627 02d7 76010000 		.4byte	.LASF27
 628 02db 76010000 		.4byte	.LASF27
 629 02df 03       		.byte	0x3
 630 02e0 3A03     		.2byte	0x33a
 631 02e2 15       		.uleb128 0x15
 632 02e3 47010000 		.4byte	.LASF28
 633 02e7 47010000 		.4byte	.LASF28
 634 02eb 04       		.byte	0x4
 635 02ec 1C       		.byte	0x1c
 636 02ed 15       		.uleb128 0x15
 637 02ee 54000000 		.4byte	.LASF29
 638 02f2 54000000 		.4byte	.LASF29
 639 02f6 04       		.byte	0x4
 640 02f7 21       		.byte	0x21
ARM GAS  C:\Users\CCPOW_~1\AppData\Local\Temp\ccMfdvgm.s 			page 14


 641 02f8 15       		.uleb128 0x15
 642 02f9 B3000000 		.4byte	.LASF30
 643 02fd B3000000 		.4byte	.LASF30
 644 0301 04       		.byte	0x4
 645 0302 1E       		.byte	0x1e
 646 0303 00       		.byte	0
 647              		.section	.debug_abbrev,"",%progbits
 648              	.Ldebug_abbrev0:
 649 0000 01       		.uleb128 0x1
 650 0001 11       		.uleb128 0x11
 651 0002 01       		.byte	0x1
 652 0003 25       		.uleb128 0x25
 653 0004 0E       		.uleb128 0xe
 654 0005 13       		.uleb128 0x13
 655 0006 0B       		.uleb128 0xb
 656 0007 03       		.uleb128 0x3
 657 0008 0E       		.uleb128 0xe
 658 0009 1B       		.uleb128 0x1b
 659 000a 0E       		.uleb128 0xe
 660 000b 55       		.uleb128 0x55
 661 000c 17       		.uleb128 0x17
 662 000d 11       		.uleb128 0x11
 663 000e 01       		.uleb128 0x1
 664 000f 10       		.uleb128 0x10
 665 0010 17       		.uleb128 0x17
 666 0011 00       		.byte	0
 667 0012 00       		.byte	0
 668 0013 02       		.uleb128 0x2
 669 0014 24       		.uleb128 0x24
 670 0015 00       		.byte	0
 671 0016 0B       		.uleb128 0xb
 672 0017 0B       		.uleb128 0xb
 673 0018 3E       		.uleb128 0x3e
 674 0019 0B       		.uleb128 0xb
 675 001a 03       		.uleb128 0x3
 676 001b 0E       		.uleb128 0xe
 677 001c 00       		.byte	0
 678 001d 00       		.byte	0
 679 001e 03       		.uleb128 0x3
 680 001f 24       		.uleb128 0x24
 681 0020 00       		.byte	0
 682 0021 0B       		.uleb128 0xb
 683 0022 0B       		.uleb128 0xb
 684 0023 3E       		.uleb128 0x3e
 685 0024 0B       		.uleb128 0xb
 686 0025 03       		.uleb128 0x3
 687 0026 08       		.uleb128 0x8
 688 0027 00       		.byte	0
 689 0028 00       		.byte	0
 690 0029 04       		.uleb128 0x4
 691 002a 16       		.uleb128 0x16
 692 002b 00       		.byte	0
 693 002c 03       		.uleb128 0x3
 694 002d 0E       		.uleb128 0xe
 695 002e 3A       		.uleb128 0x3a
 696 002f 0B       		.uleb128 0xb
 697 0030 3B       		.uleb128 0x3b
ARM GAS  C:\Users\CCPOW_~1\AppData\Local\Temp\ccMfdvgm.s 			page 15


 698 0031 05       		.uleb128 0x5
 699 0032 49       		.uleb128 0x49
 700 0033 13       		.uleb128 0x13
 701 0034 00       		.byte	0
 702 0035 00       		.byte	0
 703 0036 05       		.uleb128 0x5
 704 0037 0F       		.uleb128 0xf
 705 0038 00       		.byte	0
 706 0039 0B       		.uleb128 0xb
 707 003a 0B       		.uleb128 0xb
 708 003b 49       		.uleb128 0x49
 709 003c 13       		.uleb128 0x13
 710 003d 00       		.byte	0
 711 003e 00       		.byte	0
 712 003f 06       		.uleb128 0x6
 713 0040 2E       		.uleb128 0x2e
 714 0041 01       		.byte	0x1
 715 0042 3F       		.uleb128 0x3f
 716 0043 19       		.uleb128 0x19
 717 0044 03       		.uleb128 0x3
 718 0045 0E       		.uleb128 0xe
 719 0046 3A       		.uleb128 0x3a
 720 0047 0B       		.uleb128 0xb
 721 0048 3B       		.uleb128 0x3b
 722 0049 0B       		.uleb128 0xb
 723 004a 49       		.uleb128 0x49
 724 004b 13       		.uleb128 0x13
 725 004c 11       		.uleb128 0x11
 726 004d 01       		.uleb128 0x1
 727 004e 12       		.uleb128 0x12
 728 004f 06       		.uleb128 0x6
 729 0050 40       		.uleb128 0x40
 730 0051 18       		.uleb128 0x18
 731 0052 9742     		.uleb128 0x2117
 732 0054 19       		.uleb128 0x19
 733 0055 01       		.uleb128 0x1
 734 0056 13       		.uleb128 0x13
 735 0057 00       		.byte	0
 736 0058 00       		.byte	0
 737 0059 07       		.uleb128 0x7
 738 005a 34       		.uleb128 0x34
 739 005b 00       		.byte	0
 740 005c 03       		.uleb128 0x3
 741 005d 0E       		.uleb128 0xe
 742 005e 3A       		.uleb128 0x3a
 743 005f 0B       		.uleb128 0xb
 744 0060 3B       		.uleb128 0x3b
 745 0061 0B       		.uleb128 0xb
 746 0062 49       		.uleb128 0x49
 747 0063 13       		.uleb128 0x13
 748 0064 02       		.uleb128 0x2
 749 0065 18       		.uleb128 0x18
 750 0066 00       		.byte	0
 751 0067 00       		.byte	0
 752 0068 08       		.uleb128 0x8
 753 0069 898201   		.uleb128 0x4109
 754 006c 00       		.byte	0
ARM GAS  C:\Users\CCPOW_~1\AppData\Local\Temp\ccMfdvgm.s 			page 16


 755 006d 11       		.uleb128 0x11
 756 006e 01       		.uleb128 0x1
 757 006f 31       		.uleb128 0x31
 758 0070 13       		.uleb128 0x13
 759 0071 00       		.byte	0
 760 0072 00       		.byte	0
 761 0073 09       		.uleb128 0x9
 762 0074 2E       		.uleb128 0x2e
 763 0075 01       		.byte	0x1
 764 0076 3F       		.uleb128 0x3f
 765 0077 19       		.uleb128 0x19
 766 0078 03       		.uleb128 0x3
 767 0079 0E       		.uleb128 0xe
 768 007a 3A       		.uleb128 0x3a
 769 007b 0B       		.uleb128 0xb
 770 007c 3B       		.uleb128 0x3b
 771 007d 0B       		.uleb128 0xb
 772 007e 27       		.uleb128 0x27
 773 007f 19       		.uleb128 0x19
 774 0080 49       		.uleb128 0x49
 775 0081 13       		.uleb128 0x13
 776 0082 11       		.uleb128 0x11
 777 0083 01       		.uleb128 0x1
 778 0084 12       		.uleb128 0x12
 779 0085 06       		.uleb128 0x6
 780 0086 40       		.uleb128 0x40
 781 0087 18       		.uleb128 0x18
 782 0088 9742     		.uleb128 0x2117
 783 008a 19       		.uleb128 0x19
 784 008b 01       		.uleb128 0x1
 785 008c 13       		.uleb128 0x13
 786 008d 00       		.byte	0
 787 008e 00       		.byte	0
 788 008f 0A       		.uleb128 0xa
 789 0090 05       		.uleb128 0x5
 790 0091 00       		.byte	0
 791 0092 03       		.uleb128 0x3
 792 0093 0E       		.uleb128 0xe
 793 0094 3A       		.uleb128 0x3a
 794 0095 0B       		.uleb128 0xb
 795 0096 3B       		.uleb128 0x3b
 796 0097 0B       		.uleb128 0xb
 797 0098 49       		.uleb128 0x49
 798 0099 13       		.uleb128 0x13
 799 009a 02       		.uleb128 0x2
 800 009b 17       		.uleb128 0x17
 801 009c 00       		.byte	0
 802 009d 00       		.byte	0
 803 009e 0B       		.uleb128 0xb
 804 009f 34       		.uleb128 0x34
 805 00a0 00       		.byte	0
 806 00a1 03       		.uleb128 0x3
 807 00a2 08       		.uleb128 0x8
 808 00a3 3A       		.uleb128 0x3a
 809 00a4 0B       		.uleb128 0xb
 810 00a5 3B       		.uleb128 0x3b
 811 00a6 0B       		.uleb128 0xb
ARM GAS  C:\Users\CCPOW_~1\AppData\Local\Temp\ccMfdvgm.s 			page 17


 812 00a7 49       		.uleb128 0x49
 813 00a8 13       		.uleb128 0x13
 814 00a9 02       		.uleb128 0x2
 815 00aa 17       		.uleb128 0x17
 816 00ab 00       		.byte	0
 817 00ac 00       		.byte	0
 818 00ad 0C       		.uleb128 0xc
 819 00ae 898201   		.uleb128 0x4109
 820 00b1 01       		.byte	0x1
 821 00b2 11       		.uleb128 0x11
 822 00b3 01       		.uleb128 0x1
 823 00b4 31       		.uleb128 0x31
 824 00b5 13       		.uleb128 0x13
 825 00b6 01       		.uleb128 0x1
 826 00b7 13       		.uleb128 0x13
 827 00b8 00       		.byte	0
 828 00b9 00       		.byte	0
 829 00ba 0D       		.uleb128 0xd
 830 00bb 8A8201   		.uleb128 0x410a
 831 00be 00       		.byte	0
 832 00bf 02       		.uleb128 0x2
 833 00c0 18       		.uleb128 0x18
 834 00c1 9142     		.uleb128 0x2111
 835 00c3 18       		.uleb128 0x18
 836 00c4 00       		.byte	0
 837 00c5 00       		.byte	0
 838 00c6 0E       		.uleb128 0xe
 839 00c7 26       		.uleb128 0x26
 840 00c8 00       		.byte	0
 841 00c9 49       		.uleb128 0x49
 842 00ca 13       		.uleb128 0x13
 843 00cb 00       		.byte	0
 844 00cc 00       		.byte	0
 845 00cd 0F       		.uleb128 0xf
 846 00ce 05       		.uleb128 0x5
 847 00cf 00       		.byte	0
 848 00d0 03       		.uleb128 0x3
 849 00d1 08       		.uleb128 0x8
 850 00d2 3A       		.uleb128 0x3a
 851 00d3 0B       		.uleb128 0xb
 852 00d4 3B       		.uleb128 0x3b
 853 00d5 0B       		.uleb128 0xb
 854 00d6 49       		.uleb128 0x49
 855 00d7 13       		.uleb128 0x13
 856 00d8 02       		.uleb128 0x2
 857 00d9 17       		.uleb128 0x17
 858 00da 00       		.byte	0
 859 00db 00       		.byte	0
 860 00dc 10       		.uleb128 0x10
 861 00dd 2E       		.uleb128 0x2e
 862 00de 01       		.byte	0x1
 863 00df 3F       		.uleb128 0x3f
 864 00e0 19       		.uleb128 0x19
 865 00e1 03       		.uleb128 0x3
 866 00e2 0E       		.uleb128 0xe
 867 00e3 3A       		.uleb128 0x3a
 868 00e4 0B       		.uleb128 0xb
ARM GAS  C:\Users\CCPOW_~1\AppData\Local\Temp\ccMfdvgm.s 			page 18


 869 00e5 3B       		.uleb128 0x3b
 870 00e6 0B       		.uleb128 0xb
 871 00e7 27       		.uleb128 0x27
 872 00e8 19       		.uleb128 0x19
 873 00e9 11       		.uleb128 0x11
 874 00ea 01       		.uleb128 0x1
 875 00eb 12       		.uleb128 0x12
 876 00ec 06       		.uleb128 0x6
 877 00ed 40       		.uleb128 0x40
 878 00ee 18       		.uleb128 0x18
 879 00ef 9742     		.uleb128 0x2117
 880 00f1 19       		.uleb128 0x19
 881 00f2 01       		.uleb128 0x1
 882 00f3 13       		.uleb128 0x13
 883 00f4 00       		.byte	0
 884 00f5 00       		.byte	0
 885 00f6 11       		.uleb128 0x11
 886 00f7 898201   		.uleb128 0x4109
 887 00fa 01       		.byte	0x1
 888 00fb 11       		.uleb128 0x11
 889 00fc 01       		.uleb128 0x1
 890 00fd 31       		.uleb128 0x31
 891 00fe 13       		.uleb128 0x13
 892 00ff 00       		.byte	0
 893 0100 00       		.byte	0
 894 0101 12       		.uleb128 0x12
 895 0102 01       		.uleb128 0x1
 896 0103 01       		.byte	0x1
 897 0104 49       		.uleb128 0x49
 898 0105 13       		.uleb128 0x13
 899 0106 01       		.uleb128 0x1
 900 0107 13       		.uleb128 0x13
 901 0108 00       		.byte	0
 902 0109 00       		.byte	0
 903 010a 13       		.uleb128 0x13
 904 010b 21       		.uleb128 0x21
 905 010c 00       		.byte	0
 906 010d 49       		.uleb128 0x49
 907 010e 13       		.uleb128 0x13
 908 010f 2F       		.uleb128 0x2f
 909 0110 0B       		.uleb128 0xb
 910 0111 00       		.byte	0
 911 0112 00       		.byte	0
 912 0113 14       		.uleb128 0x14
 913 0114 2E       		.uleb128 0x2e
 914 0115 00       		.byte	0
 915 0116 3F       		.uleb128 0x3f
 916 0117 19       		.uleb128 0x19
 917 0118 3C       		.uleb128 0x3c
 918 0119 19       		.uleb128 0x19
 919 011a 6E       		.uleb128 0x6e
 920 011b 0E       		.uleb128 0xe
 921 011c 03       		.uleb128 0x3
 922 011d 0E       		.uleb128 0xe
 923 011e 3A       		.uleb128 0x3a
 924 011f 0B       		.uleb128 0xb
 925 0120 3B       		.uleb128 0x3b
ARM GAS  C:\Users\CCPOW_~1\AppData\Local\Temp\ccMfdvgm.s 			page 19


 926 0121 05       		.uleb128 0x5
 927 0122 00       		.byte	0
 928 0123 00       		.byte	0
 929 0124 15       		.uleb128 0x15
 930 0125 2E       		.uleb128 0x2e
 931 0126 00       		.byte	0
 932 0127 3F       		.uleb128 0x3f
 933 0128 19       		.uleb128 0x19
 934 0129 3C       		.uleb128 0x3c
 935 012a 19       		.uleb128 0x19
 936 012b 6E       		.uleb128 0x6e
 937 012c 0E       		.uleb128 0xe
 938 012d 03       		.uleb128 0x3
 939 012e 0E       		.uleb128 0xe
 940 012f 3A       		.uleb128 0x3a
 941 0130 0B       		.uleb128 0xb
 942 0131 3B       		.uleb128 0x3b
 943 0132 0B       		.uleb128 0xb
 944 0133 00       		.byte	0
 945 0134 00       		.byte	0
 946 0135 00       		.byte	0
 947              		.section	.debug_loc,"",%progbits
 948              	.Ldebug_loc0:
 949              	.LLST0:
 950 0000 00000000 		.4byte	.LVL2
 951 0004 06000000 		.4byte	.LVL3
 952 0008 0100     		.2byte	0x1
 953 000a 50       		.byte	0x50
 954 000b 06000000 		.4byte	.LVL3
 955 000f 20000000 		.4byte	.LVL8
 956 0013 0100     		.2byte	0x1
 957 0015 56       		.byte	0x56
 958 0016 20000000 		.4byte	.LVL8
 959 001a 22000000 		.4byte	.LFE35
 960 001e 0400     		.2byte	0x4
 961 0020 F3       		.byte	0xf3
 962 0021 01       		.uleb128 0x1
 963 0022 50       		.byte	0x50
 964 0023 9F       		.byte	0x9f
 965 0024 00000000 		.4byte	0
 966 0028 00000000 		.4byte	0
 967              	.LLST1:
 968 002c 00000000 		.4byte	.LVL2
 969 0030 0D000000 		.4byte	.LVL4-1
 970 0034 0100     		.2byte	0x1
 971 0036 51       		.byte	0x51
 972 0037 0D000000 		.4byte	.LVL4-1
 973 003b 22000000 		.4byte	.LFE35
 974 003f 0400     		.2byte	0x4
 975 0041 F3       		.byte	0xf3
 976 0042 01       		.uleb128 0x1
 977 0043 51       		.byte	0x51
 978 0044 9F       		.byte	0x9f
 979 0045 00000000 		.4byte	0
 980 0049 00000000 		.4byte	0
 981              	.LLST2:
 982 004d 0E000000 		.4byte	.LVL4
ARM GAS  C:\Users\CCPOW_~1\AppData\Local\Temp\ccMfdvgm.s 			page 20


 983 0051 1A000000 		.4byte	.LVL5
 984 0055 0600     		.2byte	0x6
 985 0057 74       		.byte	0x74
 986 0058 00       		.sleb128 0
 987 0059 76       		.byte	0x76
 988 005a 00       		.sleb128 0
 989 005b 1C       		.byte	0x1c
 990 005c 9F       		.byte	0x9f
 991 005d 1A000000 		.4byte	.LVL5
 992 0061 1C000000 		.4byte	.LVL6
 993 0065 0800     		.2byte	0x8
 994 0067 74       		.byte	0x74
 995 0068 00       		.sleb128 0
 996 0069 76       		.byte	0x76
 997 006a 00       		.sleb128 0
 998 006b 1C       		.byte	0x1c
 999 006c 23       		.byte	0x23
 1000 006d 01       		.uleb128 0x1
 1001 006e 9F       		.byte	0x9f
 1002 006f 1C000000 		.4byte	.LVL6
 1003 0073 20000000 		.4byte	.LVL7
 1004 0077 0600     		.2byte	0x6
 1005 0079 74       		.byte	0x74
 1006 007a 00       		.sleb128 0
 1007 007b 76       		.byte	0x76
 1008 007c 00       		.sleb128 0
 1009 007d 1C       		.byte	0x1c
 1010 007e 9F       		.byte	0x9f
 1011 007f 00000000 		.4byte	0
 1012 0083 00000000 		.4byte	0
 1013              	.LLST3:
 1014 0087 00000000 		.4byte	.LVL9
 1015 008b 08000000 		.4byte	.LVL10
 1016 008f 0100     		.2byte	0x1
 1017 0091 50       		.byte	0x50
 1018 0092 08000000 		.4byte	.LVL10
 1019 0096 1A000000 		.4byte	.LVL15
 1020 009a 0100     		.2byte	0x1
 1021 009c 56       		.byte	0x56
 1022 009d 1A000000 		.4byte	.LVL15
 1023 00a1 1C000000 		.4byte	.LFE36
 1024 00a5 0400     		.2byte	0x4
 1025 00a7 F3       		.byte	0xf3
 1026 00a8 01       		.uleb128 0x1
 1027 00a9 50       		.byte	0x50
 1028 00aa 9F       		.byte	0x9f
 1029 00ab 00000000 		.4byte	0
 1030 00af 00000000 		.4byte	0
 1031              	.LLST4:
 1032 00b3 00000000 		.4byte	.LVL9
 1033 00b7 08000000 		.4byte	.LVL10
 1034 00bb 0100     		.2byte	0x1
 1035 00bd 51       		.byte	0x51
 1036 00be 08000000 		.4byte	.LVL10
 1037 00c2 1C000000 		.4byte	.LFE36
 1038 00c6 0400     		.2byte	0x4
 1039 00c8 F3       		.byte	0xf3
ARM GAS  C:\Users\CCPOW_~1\AppData\Local\Temp\ccMfdvgm.s 			page 21


 1040 00c9 01       		.uleb128 0x1
 1041 00ca 51       		.byte	0x51
 1042 00cb 9F       		.byte	0x9f
 1043 00cc 00000000 		.4byte	0
 1044 00d0 00000000 		.4byte	0
 1045              	.LLST5:
 1046 00d4 00000000 		.4byte	.LVL9
 1047 00d8 08000000 		.4byte	.LVL10
 1048 00dc 0200     		.2byte	0x2
 1049 00de 30       		.byte	0x30
 1050 00df 9F       		.byte	0x9f
 1051 00e0 08000000 		.4byte	.LVL10
 1052 00e4 14000000 		.4byte	.LVL12
 1053 00e8 0600     		.2byte	0x6
 1054 00ea 74       		.byte	0x74
 1055 00eb 00       		.sleb128 0
 1056 00ec 76       		.byte	0x76
 1057 00ed 00       		.sleb128 0
 1058 00ee 1C       		.byte	0x1c
 1059 00ef 9F       		.byte	0x9f
 1060 00f0 14000000 		.4byte	.LVL12
 1061 00f4 16000000 		.4byte	.LVL13
 1062 00f8 0800     		.2byte	0x8
 1063 00fa 74       		.byte	0x74
 1064 00fb 00       		.sleb128 0
 1065 00fc 76       		.byte	0x76
 1066 00fd 00       		.sleb128 0
 1067 00fe 1C       		.byte	0x1c
 1068 00ff 23       		.byte	0x23
 1069 0100 01       		.uleb128 0x1
 1070 0101 9F       		.byte	0x9f
 1071 0102 16000000 		.4byte	.LVL13
 1072 0106 1A000000 		.4byte	.LVL14
 1073 010a 0600     		.2byte	0x6
 1074 010c 74       		.byte	0x74
 1075 010d 00       		.sleb128 0
 1076 010e 76       		.byte	0x76
 1077 010f 00       		.sleb128 0
 1078 0110 1C       		.byte	0x1c
 1079 0111 9F       		.byte	0x9f
 1080 0112 00000000 		.4byte	0
 1081 0116 00000000 		.4byte	0
 1082              	.LLST6:
 1083 011a 00000000 		.4byte	.LVL16
 1084 011e 06000000 		.4byte	.LVL17
 1085 0122 0100     		.2byte	0x1
 1086 0124 50       		.byte	0x50
 1087 0125 06000000 		.4byte	.LVL17
 1088 0129 5E000000 		.4byte	.LVL27
 1089 012d 0100     		.2byte	0x1
 1090 012f 54       		.byte	0x54
 1091 0130 5E000000 		.4byte	.LVL27
 1092 0134 74000000 		.4byte	.LFE37
 1093 0138 0400     		.2byte	0x4
 1094 013a F3       		.byte	0xf3
 1095 013b 01       		.uleb128 0x1
 1096 013c 50       		.byte	0x50
ARM GAS  C:\Users\CCPOW_~1\AppData\Local\Temp\ccMfdvgm.s 			page 22


 1097 013d 9F       		.byte	0x9f
 1098 013e 00000000 		.4byte	0
 1099 0142 00000000 		.4byte	0
 1100              		.section	.debug_aranges,"",%progbits
 1101 0000 34000000 		.4byte	0x34
 1102 0004 0200     		.2byte	0x2
 1103 0006 00000000 		.4byte	.Ldebug_info0
 1104 000a 04       		.byte	0x4
 1105 000b 00       		.byte	0
 1106 000c 0000     		.2byte	0
 1107 000e 0000     		.2byte	0
 1108 0010 00000000 		.4byte	.LFB34
 1109 0014 12000000 		.4byte	.LFE34-.LFB34
 1110 0018 00000000 		.4byte	.LFB35
 1111 001c 22000000 		.4byte	.LFE35-.LFB35
 1112 0020 00000000 		.4byte	.LFB36
 1113 0024 1C000000 		.4byte	.LFE36-.LFB36
 1114 0028 00000000 		.4byte	.LFB37
 1115 002c 74000000 		.4byte	.LFE37-.LFB37
 1116 0030 00000000 		.4byte	0
 1117 0034 00000000 		.4byte	0
 1118              		.section	.debug_ranges,"",%progbits
 1119              	.Ldebug_ranges0:
 1120 0000 00000000 		.4byte	.LFB34
 1121 0004 12000000 		.4byte	.LFE34
 1122 0008 00000000 		.4byte	.LFB35
 1123 000c 22000000 		.4byte	.LFE35
 1124 0010 00000000 		.4byte	.LFB36
 1125 0014 1C000000 		.4byte	.LFE36
 1126 0018 00000000 		.4byte	.LFB37
 1127 001c 74000000 		.4byte	.LFE37
 1128 0020 00000000 		.4byte	0
 1129 0024 00000000 		.4byte	0
 1130              		.section	.debug_line,"",%progbits
 1131              	.Ldebug_line0:
 1132 0000 48010000 		.section	.debug_str,"MS",%progbits,1
 1132      0200D100 
 1132      00000201 
 1132      FB0E0D00 
 1132      01010101 
 1133              	.LASF24:
 1134 0000 6D657373 		.ascii	"message\000"
 1134      61676500 
 1135              	.LASF22:
 1136 0008 73796E63 		.ascii	"syncConnection\000"
 1136      436F6E6E 
 1136      65637469 
 1136      6F6E00
 1137              	.LASF11:
 1138 0017 666C6F61 		.ascii	"float\000"
 1138      7400
 1139              	.LASF3:
 1140 001d 73686F72 		.ascii	"short unsigned int\000"
 1140      7420756E 
 1140      7369676E 
 1140      65642069 
 1140      6E7400
ARM GAS  C:\Users\CCPOW_~1\AppData\Local\Temp\ccMfdvgm.s 			page 23


 1141              	.LASF25:
 1142 0030 44425F55 		.ascii	"DB_UART_SpiUartGetRxBufferSize\000"
 1142      4152545F 
 1142      53706955 
 1142      61727447 
 1142      65745278 
 1143              	.LASF23:
 1144 004f 70726F76 		.ascii	"prov\000"
 1144      00
 1145              	.LASF29:
 1146 0054 7374726C 		.ascii	"strlen\000"
 1146      656E00
 1147              	.LASF16:
 1148 005b 64617461 		.ascii	"data\000"
 1148      00
 1149              	.LASF17:
 1150 0060 73697A65 		.ascii	"size\000"
 1150      00
 1151              	.LASF18:
 1152 0065 72657476 		.ascii	"retval\000"
 1152      616C00
 1153              	.LASF33:
 1154 006c 433A5C55 		.ascii	"C:\\Users\\ccpow_000\\Desktop\\CPS\\eCTF\\0xBU_SSS_"
 1154      73657273 
 1154      5C636370 
 1154      6F775F30 
 1154      30305C44 
 1155 0099 41544D5C 		.ascii	"ATM\\SECURITY_MODULE.cydsn\000"
 1155      53454355 
 1155      52495459 
 1155      5F4D4F44 
 1155      554C452E 
 1156              	.LASF30:
 1157 00b3 73747263 		.ascii	"strcpy\000"
 1157      707900
 1158              	.LASF5:
 1159 00ba 6C6F6E67 		.ascii	"long unsigned int\000"
 1159      20756E73 
 1159      69676E65 
 1159      6420696E 
 1159      7400
 1160              	.LASF9:
 1161 00cc 75696E74 		.ascii	"uint8\000"
 1161      3800
 1162              	.LASF1:
 1163 00d2 756E7369 		.ascii	"unsigned char\000"
 1163      676E6564 
 1163      20636861 
 1163      7200
 1164              	.LASF26:
 1165 00e0 44425F55 		.ascii	"DB_UART_UartGetByte\000"
 1165      4152545F 
 1165      55617274 
 1165      47657442 
 1165      79746500 
 1166              	.LASF12:
 1167 00f4 646F7562 		.ascii	"double\000"
ARM GAS  C:\Users\CCPOW_~1\AppData\Local\Temp\ccMfdvgm.s 			page 24


 1167      6C6500
 1168              	.LASF10:
 1169 00fb 75696E74 		.ascii	"uint32\000"
 1169      333200
 1170              	.LASF8:
 1171 0102 756E7369 		.ascii	"unsigned int\000"
 1171      676E6564 
 1171      20696E74 
 1171      00
 1172              	.LASF7:
 1173 010f 6C6F6E67 		.ascii	"long long unsigned int\000"
 1173      206C6F6E 
 1173      6720756E 
 1173      7369676E 
 1173      65642069 
 1174              	.LASF21:
 1175 0126 67657456 		.ascii	"getValidByte\000"
 1175      616C6964 
 1175      42797465 
 1175      00
 1176              	.LASF32:
 1177 0133 75736273 		.ascii	"usbserialprotocol.c\000"
 1177      65726961 
 1177      6C70726F 
 1177      746F636F 
 1177      6C2E6300 
 1178              	.LASF28:
 1179 0147 73747263 		.ascii	"strcmp\000"
 1179      6D7000
 1180              	.LASF15:
 1181 014e 73697A65 		.ascii	"sizetype\000"
 1181      74797065 
 1181      00
 1182              	.LASF19:
 1183 0157 70757368 		.ascii	"pushMessage\000"
 1183      4D657373 
 1183      61676500 
 1184              	.LASF6:
 1185 0163 6C6F6E67 		.ascii	"long long int\000"
 1185      206C6F6E 
 1185      6720696E 
 1185      7400
 1186              	.LASF13:
 1187 0171 63686172 		.ascii	"char\000"
 1187      00
 1188              	.LASF27:
 1189 0176 44425F55 		.ascii	"DB_UART_SpiUartWriteTxData\000"
 1189      4152545F 
 1189      53706955 
 1189      61727457 
 1189      72697465 
 1190              	.LASF2:
 1191 0191 73686F72 		.ascii	"short int\000"
 1191      7420696E 
 1191      7400
 1192              	.LASF4:
 1193 019b 6C6F6E67 		.ascii	"long int\000"
ARM GAS  C:\Users\CCPOW_~1\AppData\Local\Temp\ccMfdvgm.s 			page 25


 1193      20696E74 
 1193      00
 1194              	.LASF14:
 1195 01a4 6C6F6E67 		.ascii	"long double\000"
 1195      20646F75 
 1195      626C6500 
 1196              	.LASF0:
 1197 01b0 7369676E 		.ascii	"signed char\000"
 1197      65642063 
 1197      68617200 
 1198              	.LASF31:
 1199 01bc 474E5520 		.ascii	"GNU C11 5.4.1 20160609 (release) [ARM/embedded-5-br"
 1199      43313120 
 1199      352E342E 
 1199      31203230 
 1199      31363036 
 1200 01ef 616E6368 		.ascii	"anch revision 237715] -mcpu=cortex-m0 -mthumb -g -O"
 1200      20726576 
 1200      6973696F 
 1200      6E203233 
 1200      37373135 
 1201 0222 73202D66 		.ascii	"s -ffunction-sections -ffat-lto-objects\000"
 1201      66756E63 
 1201      74696F6E 
 1201      2D736563 
 1201      74696F6E 
 1202              	.LASF20:
 1203 024a 70756C6C 		.ascii	"pullMessage\000"
 1203      4D657373 
 1203      61676500 
 1204              		.ident	"GCC: (GNU Tools for ARM Embedded Processors) 5.4.1 20160609 (release) [ARM/embedded-5-bran
