ARM GAS  C:\Users\CCPOW_~1\AppData\Local\Temp\cceL2OsB.s 			page 1


   1              		.syntax unified
   2              		.cpu cortex-m0
   3              		.fpu softvfp
   4              		.eabi_attribute 20, 1
   5              		.eabi_attribute 21, 1
   6              		.eabi_attribute 23, 3
   7              		.eabi_attribute 24, 1
   8              		.eabi_attribute 25, 1
   9              		.eabi_attribute 26, 1
  10              		.eabi_attribute 30, 1
  11              		.eabi_attribute 34, 0
  12              		.eabi_attribute 18, 4
  13              		.thumb
  14              		.syntax unified
  15              		.file	"usbserialprotocol.c"
  16              		.text
  17              	.Ltext0:
  18              		.cfi_sections	.debug_frame
  19              		.section	.text.getValidByte,"ax",%progbits
  20              		.align	2
  21              		.global	getValidByte
  22              		.code	16
  23              		.thumb_func
  24              		.type	getValidByte, %function
  25              	getValidByte:
  26              	.LFB35:
  27              		.file 1 "usbserialprotocol.c"
   1:usbserialprotocol.c **** /* ========================================
   2:usbserialprotocol.c ****  *
   3:usbserialprotocol.c ****  * Copyright YOUR COMPANY, THE YEAR
   4:usbserialprotocol.c ****  * All Rights Reserved
   5:usbserialprotocol.c ****  * UNPUBLISHED, LICENSED SOFTWARE.
   6:usbserialprotocol.c ****  *
   7:usbserialprotocol.c ****  * CONFIDENTIAL AND PROPRIETARY INFORMATION
   8:usbserialprotocol.c ****  * WHICH IS THE PROPERTY OF your company.
   9:usbserialprotocol.c ****  *
  10:usbserialprotocol.c ****  * ========================================
  11:usbserialprotocol.c **** */
  12:usbserialprotocol.c **** 
  13:usbserialprotocol.c **** #include "usbserialprotocol.h"
  14:usbserialprotocol.c **** #include "common.h"
  15:usbserialprotocol.c **** 
  16:usbserialprotocol.c **** uint8 getValidByte()
  17:usbserialprotocol.c **** {
  28              		.loc 1 17 0
  29              		.cfi_startproc
  30              		@ args = 0, pretend = 0, frame = 0
  31              		@ frame_needed = 0, uses_anonymous_args = 0
  32 0000 10B5     		push	{r4, lr}
  33              		.cfi_def_cfa_offset 8
  34              		.cfi_offset 4, -8
  35              		.cfi_offset 14, -4
  36              	.L2:
  18:usbserialprotocol.c ****     uint8 retval = 0u;
  19:usbserialprotocol.c ****     while(DB_UART_SpiUartGetRxBufferSize() < 1); // wait for byte
  37              		.loc 1 19 0 discriminator 1
  38 0002 FFF7FEFF 		bl	DB_UART_SpiUartGetRxBufferSize
ARM GAS  C:\Users\CCPOW_~1\AppData\Local\Temp\cceL2OsB.s 			page 2


  39              	.LVL0:
  40 0006 0028     		cmp	r0, #0
  41 0008 FBD0     		beq	.L2
  20:usbserialprotocol.c ****     retval = DB_UART_UartGetByte();
  42              		.loc 1 20 0
  43 000a FFF7FEFF 		bl	DB_UART_UartGetByte
  44              	.LVL1:
  45 000e C0B2     		uxtb	r0, r0
  46              	.LVL2:
  21:usbserialprotocol.c ****     return retval;
  22:usbserialprotocol.c **** }
  47              		.loc 1 22 0
  48              		@ sp needed
  49 0010 10BD     		pop	{r4, pc}
  50              		.cfi_endproc
  51              	.LFE35:
  52              		.size	getValidByte, .-getValidByte
  53 0012 C046     		.section	.text.pushMessage,"ax",%progbits
  54              		.align	2
  55              		.global	pushMessage
  56              		.code	16
  57              		.thumb_func
  58              		.type	pushMessage, %function
  59              	pushMessage:
  60              	.LFB36:
  23:usbserialprotocol.c **** 
  24:usbserialprotocol.c **** 
  25:usbserialprotocol.c **** void pushMessage(const uint8 data[], uint8 size)
  26:usbserialprotocol.c **** {
  61              		.loc 1 26 0
  62              		.cfi_startproc
  63              		@ args = 0, pretend = 0, frame = 0
  64              		@ frame_needed = 0, uses_anonymous_args = 0
  65              	.LVL3:
  66 0000 70B5     		push	{r4, r5, r6, lr}
  67              		.cfi_def_cfa_offset 16
  68              		.cfi_offset 4, -16
  69              		.cfi_offset 5, -12
  70              		.cfi_offset 6, -8
  71              		.cfi_offset 14, -4
  72 0002 0600     		movs	r6, r0
  73 0004 0D00     		movs	r5, r1
  74              	.LVL4:
  75              	.LBB2:
  27:usbserialprotocol.c ****     for (uint8 i = 0; i < size; i++) {
  76              		.loc 1 27 0
  77 0006 0024     		movs	r4, #0
  78 0008 04E0     		b	.L4
  79              	.LVL5:
  80              	.L5:
  28:usbserialprotocol.c ****         DB_UART_UartPutChar(data[i]);   
  81              		.loc 1 28 0 discriminator 3
  82 000a 305D     		ldrb	r0, [r6, r4]
  83 000c FFF7FEFF 		bl	DB_UART_SpiUartWriteTxData
  84              	.LVL6:
  27:usbserialprotocol.c ****     for (uint8 i = 0; i < size; i++) {
  85              		.loc 1 27 0 discriminator 3
ARM GAS  C:\Users\CCPOW_~1\AppData\Local\Temp\cceL2OsB.s 			page 3


  86 0010 0134     		adds	r4, r4, #1
  87              	.LVL7:
  88 0012 E4B2     		uxtb	r4, r4
  89              	.LVL8:
  90              	.L4:
  27:usbserialprotocol.c ****     for (uint8 i = 0; i < size; i++) {
  91              		.loc 1 27 0 is_stmt 0 discriminator 1
  92 0014 AC42     		cmp	r4, r5
  93 0016 F8D3     		bcc	.L5
  94              	.LBE2:
  29:usbserialprotocol.c ****     }
  30:usbserialprotocol.c **** }
  95              		.loc 1 30 0 is_stmt 1
  96              		@ sp needed
  97              	.LVL9:
  98              	.LVL10:
  99 0018 70BD     		pop	{r4, r5, r6, pc}
 100              		.cfi_endproc
 101              	.LFE36:
 102              		.size	pushMessage, .-pushMessage
 103 001a C046     		.section	.text.pullMessage,"ax",%progbits
 104              		.align	2
 105              		.global	pullMessage
 106              		.code	16
 107              		.thumb_func
 108              		.type	pullMessage, %function
 109              	pullMessage:
 110              	.LFB37:
  31:usbserialprotocol.c **** 
  32:usbserialprotocol.c **** void pullMessage(uint8 data[], uint8 length)
  33:usbserialprotocol.c **** {
 111              		.loc 1 33 0
 112              		.cfi_startproc
 113              		@ args = 0, pretend = 0, frame = 0
 114              		@ frame_needed = 0, uses_anonymous_args = 0
 115              	.LVL11:
 116 0000 F8B5     		push	{r3, r4, r5, r6, r7, lr}
 117              		.cfi_def_cfa_offset 24
 118              		.cfi_offset 3, -24
 119              		.cfi_offset 4, -20
 120              		.cfi_offset 5, -16
 121              		.cfi_offset 6, -12
 122              		.cfi_offset 7, -8
 123              		.cfi_offset 14, -4
 124 0002 0700     		movs	r7, r0
 125 0004 0E00     		movs	r6, r1
 126              	.LVL12:
 127              	.LBB3:
  34:usbserialprotocol.c ****     for (uint8 i = 0; i < length; i++) {
 128              		.loc 1 34 0
 129 0006 0024     		movs	r4, #0
 130 0008 05E0     		b	.L7
 131              	.LVL13:
 132              	.L8:
  35:usbserialprotocol.c ****         data[i] = getValidByte();   
 133              		.loc 1 35 0 discriminator 3
 134 000a 3D19     		adds	r5, r7, r4
ARM GAS  C:\Users\CCPOW_~1\AppData\Local\Temp\cceL2OsB.s 			page 4


 135 000c FFF7FEFF 		bl	getValidByte
 136              	.LVL14:
 137 0010 2870     		strb	r0, [r5]
  34:usbserialprotocol.c ****     for (uint8 i = 0; i < length; i++) {
 138              		.loc 1 34 0 discriminator 3
 139 0012 0134     		adds	r4, r4, #1
 140              	.LVL15:
 141 0014 E4B2     		uxtb	r4, r4
 142              	.LVL16:
 143              	.L7:
  34:usbserialprotocol.c ****     for (uint8 i = 0; i < length; i++) {
 144              		.loc 1 34 0 is_stmt 0 discriminator 1
 145 0016 B442     		cmp	r4, r6
 146 0018 F7D3     		bcc	.L8
 147              	.LBE3:
  36:usbserialprotocol.c ****     }
  37:usbserialprotocol.c **** }
 148              		.loc 1 37 0 is_stmt 1
 149              		@ sp needed
 150              	.LVL17:
 151              	.LVL18:
 152 001a F8BD     		pop	{r3, r4, r5, r6, r7, pc}
 153              		.cfi_endproc
 154              	.LFE37:
 155              		.size	pullMessage, .-pullMessage
 156              		.section	.text.syncConnection,"ax",%progbits
 157              		.align	2
 158              		.global	syncConnection
 159              		.code	16
 160              		.thumb_func
 161              		.type	syncConnection, %function
 162              	syncConnection:
 163              	.LFB38:
  38:usbserialprotocol.c **** 
  39:usbserialprotocol.c **** /* 
  40:usbserialprotocol.c ****  * synchronization protocol:
  41:usbserialprotocol.c ****  *
  42:usbserialprotocol.c ****  * 1) ATM -> "READY" -> PSoC
  43:usbserialprotocol.c ****  * 2) if bad:  PSoC -> received bad message -> ATM; goto 1)
  44:usbserialprotocol.c ****  *    if good: PSoC -> PSoC name (prov/norm) -> ATM
  45:usbserialprotocol.c ****  * 3) ATM -> "GO" -> PSoC
  46:usbserialprotocol.c ****  * 4) if bad: goto 1)
  47:usbserialprotocol.c ****  */
  48:usbserialprotocol.c **** void syncConnection(int prov) 
  49:usbserialprotocol.c **** {
 164              		.loc 1 49 0
 165              		.cfi_startproc
 166              		@ args = 0, pretend = 0, frame = 8
 167              		@ frame_needed = 0, uses_anonymous_args = 0
 168              	.LVL19:
 169 0000 10B5     		push	{r4, lr}
 170              		.cfi_def_cfa_offset 8
 171              		.cfi_offset 4, -8
 172              		.cfi_offset 14, -4
 173 0002 82B0     		sub	sp, sp, #8
 174              		.cfi_def_cfa_offset 16
 175 0004 0400     		movs	r4, r0
ARM GAS  C:\Users\CCPOW_~1\AppData\Local\Temp\cceL2OsB.s 			page 5


 176              	.LVL20:
 177              	.L16:
  50:usbserialprotocol.c ****     uint8 message[1];
  51:usbserialprotocol.c ****     
  52:usbserialprotocol.c ****     do {
  53:usbserialprotocol.c ****         pullMessage(message, (uint8)1);                              
 178              		.loc 1 53 0
 179 0006 0121     		movs	r1, #1
 180 0008 01A8     		add	r0, sp, #4
 181 000a FFF7FEFF 		bl	pullMessage
 182              	.LVL21:
  54:usbserialprotocol.c ****         if (prov) {
 183              		.loc 1 54 0
 184 000e 002C     		cmp	r4, #0
 185 0010 18D0     		beq	.L10
  55:usbserialprotocol.c ****             if (message[0] == SYNC_REQUEST_NO_PROV) {
 186              		.loc 1 55 0
 187 0012 01AB     		add	r3, sp, #4
 188 0014 1B78     		ldrb	r3, [r3]
 189 0016 162B     		cmp	r3, #22
 190 0018 04D1     		bne	.L11
  56:usbserialprotocol.c ****                 pushMessage(&SYNC_CONFIRMED_PROV, (uint8)1);
 191              		.loc 1 56 0
 192 001a 0121     		movs	r1, #1
 193 001c 1848     		ldr	r0, .L17
 194 001e FFF7FEFF 		bl	pushMessage
 195              	.LVL22:
 196 0022 26E0     		b	.L12
 197              	.L11:
  57:usbserialprotocol.c ****             }
  58:usbserialprotocol.c ****             else if (message[0] == SYNC_REQUEST_PROV) {
 198              		.loc 1 58 0
 199 0024 152B     		cmp	r3, #21
 200 0026 05D1     		bne	.L13
  59:usbserialprotocol.c ****                 pushMessage(&SYNC_CONFIRMED_NO_PROV, (uint8)1);
 201              		.loc 1 59 0
 202 0028 0121     		movs	r1, #1
 203 002a 1548     		ldr	r0, .L17
 204 002c 0130     		adds	r0, r0, #1
 205 002e FFF7FEFF 		bl	pushMessage
 206              	.LVL23:
 207 0032 1EE0     		b	.L12
 208              	.L13:
  60:usbserialprotocol.c ****             }
  61:usbserialprotocol.c ****             else if (message[0] == PSOC_DEVICE_REQUEST) {
 209              		.loc 1 61 0
 210 0034 1E2B     		cmp	r3, #30
 211 0036 1CD1     		bne	.L12
  62:usbserialprotocol.c ****                 pushMessage(&SYNC_TYPE_HSM_P, (uint8)1);
 212              		.loc 1 62 0
 213 0038 0121     		movs	r1, #1
 214 003a 1148     		ldr	r0, .L17
 215 003c 0230     		adds	r0, r0, #2
 216 003e FFF7FEFF 		bl	pushMessage
 217              	.LVL24:
 218 0042 16E0     		b	.L12
 219              	.L10:
ARM GAS  C:\Users\CCPOW_~1\AppData\Local\Temp\cceL2OsB.s 			page 6


  63:usbserialprotocol.c ****             }
  64:usbserialprotocol.c ****         }
  65:usbserialprotocol.c ****         else {
  66:usbserialprotocol.c ****             if (message[0] == SYNC_REQUEST_PROV) {
 220              		.loc 1 66 0
 221 0044 01AB     		add	r3, sp, #4
 222 0046 1B78     		ldrb	r3, [r3]
 223 0048 152B     		cmp	r3, #21
 224 004a 04D1     		bne	.L14
  67:usbserialprotocol.c ****                 pushMessage(&SYNC_CONFIRMED_PROV, (uint8)1);
 225              		.loc 1 67 0
 226 004c 0121     		movs	r1, #1
 227 004e 0C48     		ldr	r0, .L17
 228 0050 FFF7FEFF 		bl	pushMessage
 229              	.LVL25:
 230 0054 0DE0     		b	.L12
 231              	.L14:
  68:usbserialprotocol.c ****             }
  69:usbserialprotocol.c ****             else if (message[0] == SYNC_REQUEST_NO_PROV) {
 232              		.loc 1 69 0
 233 0056 162B     		cmp	r3, #22
 234 0058 04D1     		bne	.L15
  70:usbserialprotocol.c ****                 pushMessage(&SYNC_CONFIRMED_PROV, (uint8)1);
 235              		.loc 1 70 0
 236 005a 0121     		movs	r1, #1
 237 005c 0848     		ldr	r0, .L17
 238 005e FFF7FEFF 		bl	pushMessage
 239              	.LVL26:
 240 0062 06E0     		b	.L12
 241              	.L15:
  71:usbserialprotocol.c ****             }
  72:usbserialprotocol.c ****             else if (message[0] == PSOC_DEVICE_REQUEST) {
 242              		.loc 1 72 0
 243 0064 1E2B     		cmp	r3, #30
 244 0066 04D1     		bne	.L12
  73:usbserialprotocol.c ****                 pushMessage(&SYNC_TYPE_HSM_N, (uint8)1);
 245              		.loc 1 73 0
 246 0068 0121     		movs	r1, #1
 247 006a 0548     		ldr	r0, .L17
 248 006c 0330     		adds	r0, r0, #3
 249 006e FFF7FEFF 		bl	pushMessage
 250              	.LVL27:
 251              	.L12:
  74:usbserialprotocol.c ****             }
  75:usbserialprotocol.c ****         }
  76:usbserialprotocol.c ****     }
  77:usbserialprotocol.c ****     while (message[0] != SYNCED);
 252              		.loc 1 77 0
 253 0072 01AB     		add	r3, sp, #4
 254 0074 1B78     		ldrb	r3, [r3]
 255 0076 1B2B     		cmp	r3, #27
 256 0078 C5D1     		bne	.L16
  78:usbserialprotocol.c ****     
  79:usbserialprotocol.c **** }
 257              		.loc 1 79 0
 258 007a 02B0     		add	sp, sp, #8
 259              		@ sp needed
ARM GAS  C:\Users\CCPOW_~1\AppData\Local\Temp\cceL2OsB.s 			page 7


 260              	.LVL28:
 261 007c 10BD     		pop	{r4, pc}
 262              	.L18:
 263 007e C046     		.align	2
 264              	.L17:
 265 0080 00000000 		.word	.LANCHOR0
 266              		.cfi_endproc
 267              	.LFE38:
 268              		.size	syncConnection, .-syncConnection
 269              		.section	.rodata
 270              		.set	.LANCHOR0,. + 0
 271              		.type	SYNC_CONFIRMED_PROV, %object
 272              		.size	SYNC_CONFIRMED_PROV, 1
 273              	SYNC_CONFIRMED_PROV:
 274 0000 17       		.byte	23
 275              		.type	SYNC_CONFIRMED_NO_PROV, %object
 276              		.size	SYNC_CONFIRMED_NO_PROV, 1
 277              	SYNC_CONFIRMED_NO_PROV:
 278 0001 18       		.byte	24
 279              		.type	SYNC_TYPE_HSM_P, %object
 280              		.size	SYNC_TYPE_HSM_P, 1
 281              	SYNC_TYPE_HSM_P:
 282 0002 3C       		.byte	60
 283              		.type	SYNC_TYPE_HSM_N, %object
 284              		.size	SYNC_TYPE_HSM_N, 1
 285              	SYNC_TYPE_HSM_N:
 286 0003 1C       		.byte	28
 287              		.text
 288              	.Letext0:
 289              		.file 2 "Generated_Source\\PSoC4/cytypes.h"
 290              		.file 3 "common.h"
 291              		.file 4 "Generated_Source\\PSoC4/DB_UART_SPI_UART.h"
 292              		.section	.debug_info,"",%progbits
 293              	.Ldebug_info0:
 294 0000 1B040000 		.4byte	0x41b
 295 0004 0400     		.2byte	0x4
 296 0006 00000000 		.4byte	.Ldebug_abbrev0
 297 000a 04       		.byte	0x4
 298 000b 01       		.uleb128 0x1
 299 000c 4E020000 		.4byte	.LASF54
 300 0010 0C       		.byte	0xc
 301 0011 DC020000 		.4byte	.LASF55
 302 0015 24010000 		.4byte	.LASF56
 303 0019 00000000 		.4byte	.Ldebug_ranges0+0
 304 001d 00000000 		.4byte	0
 305 0021 00000000 		.4byte	.Ldebug_line0
 306 0025 02       		.uleb128 0x2
 307 0026 01       		.byte	0x1
 308 0027 06       		.byte	0x6
 309 0028 AB030000 		.4byte	.LASF0
 310 002c 02       		.uleb128 0x2
 311 002d 01       		.byte	0x1
 312 002e 08       		.byte	0x8
 313 002f A8010000 		.4byte	.LASF1
 314 0033 02       		.uleb128 0x2
 315 0034 02       		.byte	0x2
 316 0035 05       		.byte	0x5
ARM GAS  C:\Users\CCPOW_~1\AppData\Local\Temp\cceL2OsB.s 			page 8


 317 0036 5D030000 		.4byte	.LASF2
 318 003a 02       		.uleb128 0x2
 319 003b 02       		.byte	0x2
 320 003c 07       		.byte	0x7
 321 003d 78000000 		.4byte	.LASF3
 322 0041 02       		.uleb128 0x2
 323 0042 04       		.byte	0x4
 324 0043 05       		.byte	0x5
 325 0044 96030000 		.4byte	.LASF4
 326 0048 02       		.uleb128 0x2
 327 0049 04       		.byte	0x4
 328 004a 07       		.byte	0x7
 329 004b 6B010000 		.4byte	.LASF5
 330 004f 02       		.uleb128 0x2
 331 0050 08       		.byte	0x8
 332 0051 05       		.byte	0x5
 333 0052 1A030000 		.4byte	.LASF6
 334 0056 02       		.uleb128 0x2
 335 0057 08       		.byte	0x8
 336 0058 07       		.byte	0x7
 337 0059 18020000 		.4byte	.LASF7
 338 005d 03       		.uleb128 0x3
 339 005e 04       		.byte	0x4
 340 005f 05       		.byte	0x5
 341 0060 696E7400 		.ascii	"int\000"
 342 0064 02       		.uleb128 0x2
 343 0065 04       		.byte	0x4
 344 0066 07       		.byte	0x7
 345 0067 02020000 		.4byte	.LASF8
 346 006b 04       		.uleb128 0x4
 347 006c 8D010000 		.4byte	.LASF9
 348 0070 02       		.byte	0x2
 349 0071 B901     		.2byte	0x1b9
 350 0073 2C000000 		.4byte	0x2c
 351 0077 04       		.uleb128 0x4
 352 0078 FB010000 		.4byte	.LASF10
 353 007c 02       		.byte	0x2
 354 007d BB01     		.2byte	0x1bb
 355 007f 48000000 		.4byte	0x48
 356 0083 02       		.uleb128 0x2
 357 0084 04       		.byte	0x4
 358 0085 04       		.byte	0x4
 359 0086 EF000000 		.4byte	.LASF11
 360 008a 02       		.uleb128 0x2
 361 008b 08       		.byte	0x8
 362 008c 04       		.byte	0x4
 363 008d CA010000 		.4byte	.LASF12
 364 0091 02       		.uleb128 0x2
 365 0092 01       		.byte	0x1
 366 0093 08       		.byte	0x8
 367 0094 28030000 		.4byte	.LASF13
 368 0098 02       		.uleb128 0x2
 369 0099 08       		.byte	0x8
 370 009a 04       		.byte	0x4
 371 009b 9F030000 		.4byte	.LASF14
 372 009f 02       		.uleb128 0x2
 373 00a0 04       		.byte	0x4
ARM GAS  C:\Users\CCPOW_~1\AppData\Local\Temp\cceL2OsB.s 			page 9


 374 00a1 07       		.byte	0x7
 375 00a2 05030000 		.4byte	.LASF15
 376 00a6 05       		.uleb128 0x5
 377 00a7 91000000 		.4byte	0x91
 378 00ab 06       		.uleb128 0x6
 379 00ac 04       		.byte	0x4
 380 00ad 6B000000 		.4byte	0x6b
 381 00b1 07       		.uleb128 0x7
 382 00b2 2F020000 		.4byte	.LASF16
 383 00b6 01       		.byte	0x1
 384 00b7 10       		.byte	0x10
 385 00b8 6B000000 		.4byte	0x6b
 386 00bc 00000000 		.4byte	.LFB35
 387 00c0 12000000 		.4byte	.LFE35-.LFB35
 388 00c4 01       		.uleb128 0x1
 389 00c5 9C       		.byte	0x9c
 390 00c6 EA000000 		.4byte	0xea
 391 00ca 08       		.uleb128 0x8
 392 00cb 14010000 		.4byte	.LASF20
 393 00cf 01       		.byte	0x1
 394 00d0 12       		.byte	0x12
 395 00d1 6B000000 		.4byte	0x6b
 396 00d5 01       		.uleb128 0x1
 397 00d6 50       		.byte	0x50
 398 00d7 09       		.uleb128 0x9
 399 00d8 06000000 		.4byte	.LVL0
 400 00dc FA030000 		.4byte	0x3fa
 401 00e0 09       		.uleb128 0x9
 402 00e1 0E000000 		.4byte	.LVL1
 403 00e5 06040000 		.4byte	0x406
 404 00e9 00       		.byte	0
 405 00ea 0A       		.uleb128 0xa
 406 00eb 0E030000 		.4byte	.LASF17
 407 00ef 01       		.byte	0x1
 408 00f0 19       		.byte	0x19
 409 00f1 00000000 		.4byte	.LFB36
 410 00f5 1A000000 		.4byte	.LFE36-.LFB36
 411 00f9 01       		.uleb128 0x1
 412 00fa 9C       		.byte	0x9c
 413 00fb 3E010000 		.4byte	0x13e
 414 00ff 0B       		.uleb128 0xb
 415 0100 F5000000 		.4byte	.LASF18
 416 0104 01       		.byte	0x1
 417 0105 19       		.byte	0x19
 418 0106 3E010000 		.4byte	0x13e
 419 010a 00000000 		.4byte	.LLST0
 420 010e 0B       		.uleb128 0xb
 421 010f B7030000 		.4byte	.LASF19
 422 0113 01       		.byte	0x1
 423 0114 19       		.byte	0x19
 424 0115 6B000000 		.4byte	0x6b
 425 0119 2C000000 		.4byte	.LLST1
 426 011d 0C       		.uleb128 0xc
 427 011e 06000000 		.4byte	.LBB2
 428 0122 12000000 		.4byte	.LBE2-.LBB2
 429 0126 0D       		.uleb128 0xd
 430 0127 6900     		.ascii	"i\000"
ARM GAS  C:\Users\CCPOW_~1\AppData\Local\Temp\cceL2OsB.s 			page 10


 431 0129 01       		.byte	0x1
 432 012a 1B       		.byte	0x1b
 433 012b 6B000000 		.4byte	0x6b
 434 012f 4D000000 		.4byte	.LLST2
 435 0133 09       		.uleb128 0x9
 436 0134 10000000 		.4byte	.LVL6
 437 0138 12040000 		.4byte	0x412
 438 013c 00       		.byte	0
 439 013d 00       		.byte	0
 440 013e 06       		.uleb128 0x6
 441 013f 04       		.byte	0x4
 442 0140 44010000 		.4byte	0x144
 443 0144 05       		.uleb128 0x5
 444 0145 6B000000 		.4byte	0x6b
 445 0149 0A       		.uleb128 0xa
 446 014a CB030000 		.4byte	.LASF21
 447 014e 01       		.byte	0x1
 448 014f 20       		.byte	0x20
 449 0150 00000000 		.4byte	.LFB37
 450 0154 1C000000 		.4byte	.LFE37-.LFB37
 451 0158 01       		.uleb128 0x1
 452 0159 9C       		.byte	0x9c
 453 015a 9D010000 		.4byte	0x19d
 454 015e 0B       		.uleb128 0xb
 455 015f F5000000 		.4byte	.LASF18
 456 0163 01       		.byte	0x1
 457 0164 20       		.byte	0x20
 458 0165 AB000000 		.4byte	0xab
 459 0169 77000000 		.4byte	.LLST3
 460 016d 0B       		.uleb128 0xb
 461 016e 3B030000 		.4byte	.LASF22
 462 0172 01       		.byte	0x1
 463 0173 20       		.byte	0x20
 464 0174 6B000000 		.4byte	0x6b
 465 0178 A3000000 		.4byte	.LLST4
 466 017c 0C       		.uleb128 0xc
 467 017d 06000000 		.4byte	.LBB3
 468 0181 14000000 		.4byte	.LBE3-.LBB3
 469 0185 0D       		.uleb128 0xd
 470 0186 6900     		.ascii	"i\000"
 471 0188 01       		.byte	0x1
 472 0189 22       		.byte	0x22
 473 018a 6B000000 		.4byte	0x6b
 474 018e C4000000 		.4byte	.LLST5
 475 0192 09       		.uleb128 0x9
 476 0193 10000000 		.4byte	.LVL14
 477 0197 B1000000 		.4byte	0xb1
 478 019b 00       		.byte	0
 479 019c 00       		.byte	0
 480 019d 0A       		.uleb128 0xa
 481 019e 19000000 		.4byte	.LASF23
 482 01a2 01       		.byte	0x1
 483 01a3 30       		.byte	0x30
 484 01a4 00000000 		.4byte	.LFB38
 485 01a8 84000000 		.4byte	.LFE38-.LFB38
 486 01ac 01       		.uleb128 0x1
 487 01ad 9C       		.byte	0x9c
ARM GAS  C:\Users\CCPOW_~1\AppData\Local\Temp\cceL2OsB.s 			page 11


 488 01ae 8D020000 		.4byte	0x28d
 489 01b2 0B       		.uleb128 0xb
 490 01b3 A3010000 		.4byte	.LASF24
 491 01b7 01       		.byte	0x1
 492 01b8 30       		.byte	0x30
 493 01b9 5D000000 		.4byte	0x5d
 494 01bd EE000000 		.4byte	.LLST6
 495 01c1 08       		.uleb128 0x8
 496 01c2 00000000 		.4byte	.LASF25
 497 01c6 01       		.byte	0x1
 498 01c7 32       		.byte	0x32
 499 01c8 8D020000 		.4byte	0x28d
 500 01cc 02       		.uleb128 0x2
 501 01cd 91       		.byte	0x91
 502 01ce 74       		.sleb128 -12
 503 01cf 0E       		.uleb128 0xe
 504 01d0 0E000000 		.4byte	.LVL21
 505 01d4 49010000 		.4byte	0x149
 506 01d8 E8010000 		.4byte	0x1e8
 507 01dc 0F       		.uleb128 0xf
 508 01dd 01       		.uleb128 0x1
 509 01de 50       		.byte	0x50
 510 01df 02       		.uleb128 0x2
 511 01e0 91       		.byte	0x91
 512 01e1 74       		.sleb128 -12
 513 01e2 0F       		.uleb128 0xf
 514 01e3 01       		.uleb128 0x1
 515 01e4 51       		.byte	0x51
 516 01e5 01       		.uleb128 0x1
 517 01e6 31       		.byte	0x31
 518 01e7 00       		.byte	0
 519 01e8 0E       		.uleb128 0xe
 520 01e9 22000000 		.4byte	.LVL22
 521 01ed EA000000 		.4byte	0xea
 522 01f1 04020000 		.4byte	0x204
 523 01f5 0F       		.uleb128 0xf
 524 01f6 01       		.uleb128 0x1
 525 01f7 50       		.byte	0x50
 526 01f8 05       		.uleb128 0x5
 527 01f9 03       		.byte	0x3
 528 01fa 00000000 		.4byte	.LANCHOR0
 529 01fe 0F       		.uleb128 0xf
 530 01ff 01       		.uleb128 0x1
 531 0200 51       		.byte	0x51
 532 0201 01       		.uleb128 0x1
 533 0202 31       		.byte	0x31
 534 0203 00       		.byte	0
 535 0204 0E       		.uleb128 0xe
 536 0205 32000000 		.4byte	.LVL23
 537 0209 EA000000 		.4byte	0xea
 538 020d 20020000 		.4byte	0x220
 539 0211 0F       		.uleb128 0xf
 540 0212 01       		.uleb128 0x1
 541 0213 50       		.byte	0x50
 542 0214 05       		.uleb128 0x5
 543 0215 03       		.byte	0x3
 544 0216 01000000 		.4byte	.LANCHOR0+1
ARM GAS  C:\Users\CCPOW_~1\AppData\Local\Temp\cceL2OsB.s 			page 12


 545 021a 0F       		.uleb128 0xf
 546 021b 01       		.uleb128 0x1
 547 021c 51       		.byte	0x51
 548 021d 01       		.uleb128 0x1
 549 021e 31       		.byte	0x31
 550 021f 00       		.byte	0
 551 0220 0E       		.uleb128 0xe
 552 0221 42000000 		.4byte	.LVL24
 553 0225 EA000000 		.4byte	0xea
 554 0229 3C020000 		.4byte	0x23c
 555 022d 0F       		.uleb128 0xf
 556 022e 01       		.uleb128 0x1
 557 022f 50       		.byte	0x50
 558 0230 05       		.uleb128 0x5
 559 0231 03       		.byte	0x3
 560 0232 02000000 		.4byte	.LANCHOR0+2
 561 0236 0F       		.uleb128 0xf
 562 0237 01       		.uleb128 0x1
 563 0238 51       		.byte	0x51
 564 0239 01       		.uleb128 0x1
 565 023a 31       		.byte	0x31
 566 023b 00       		.byte	0
 567 023c 0E       		.uleb128 0xe
 568 023d 54000000 		.4byte	.LVL25
 569 0241 EA000000 		.4byte	0xea
 570 0245 58020000 		.4byte	0x258
 571 0249 0F       		.uleb128 0xf
 572 024a 01       		.uleb128 0x1
 573 024b 50       		.byte	0x50
 574 024c 05       		.uleb128 0x5
 575 024d 03       		.byte	0x3
 576 024e 00000000 		.4byte	.LANCHOR0
 577 0252 0F       		.uleb128 0xf
 578 0253 01       		.uleb128 0x1
 579 0254 51       		.byte	0x51
 580 0255 01       		.uleb128 0x1
 581 0256 31       		.byte	0x31
 582 0257 00       		.byte	0
 583 0258 0E       		.uleb128 0xe
 584 0259 62000000 		.4byte	.LVL26
 585 025d EA000000 		.4byte	0xea
 586 0261 74020000 		.4byte	0x274
 587 0265 0F       		.uleb128 0xf
 588 0266 01       		.uleb128 0x1
 589 0267 50       		.byte	0x50
 590 0268 05       		.uleb128 0x5
 591 0269 03       		.byte	0x3
 592 026a 00000000 		.4byte	.LANCHOR0
 593 026e 0F       		.uleb128 0xf
 594 026f 01       		.uleb128 0x1
 595 0270 51       		.byte	0x51
 596 0271 01       		.uleb128 0x1
 597 0272 31       		.byte	0x31
 598 0273 00       		.byte	0
 599 0274 10       		.uleb128 0x10
 600 0275 72000000 		.4byte	.LVL27
 601 0279 EA000000 		.4byte	0xea
ARM GAS  C:\Users\CCPOW_~1\AppData\Local\Temp\cceL2OsB.s 			page 13


 602 027d 0F       		.uleb128 0xf
 603 027e 01       		.uleb128 0x1
 604 027f 50       		.byte	0x50
 605 0280 05       		.uleb128 0x5
 606 0281 03       		.byte	0x3
 607 0282 03000000 		.4byte	.LANCHOR0+3
 608 0286 0F       		.uleb128 0xf
 609 0287 01       		.uleb128 0x1
 610 0288 51       		.byte	0x51
 611 0289 01       		.uleb128 0x1
 612 028a 31       		.byte	0x31
 613 028b 00       		.byte	0
 614 028c 00       		.byte	0
 615 028d 11       		.uleb128 0x11
 616 028e 6B000000 		.4byte	0x6b
 617 0292 9D020000 		.4byte	0x29d
 618 0296 12       		.uleb128 0x12
 619 0297 9F000000 		.4byte	0x9f
 620 029b 00       		.byte	0
 621 029c 00       		.byte	0
 622 029d 13       		.uleb128 0x13
 623 029e 1B010000 		.4byte	.LASF26
 624 02a2 03       		.byte	0x3
 625 02a3 14       		.byte	0x14
 626 02a4 44010000 		.4byte	0x144
 627 02a8 20       		.byte	0x20
 628 02a9 13       		.uleb128 0x13
 629 02aa 0F020000 		.4byte	.LASF27
 630 02ae 03       		.byte	0x3
 631 02af 15       		.byte	0x15
 632 02b0 44010000 		.4byte	0x144
 633 02b4 21       		.byte	0x21
 634 02b5 13       		.uleb128 0x13
 635 02b6 08010000 		.4byte	.LASF28
 636 02ba 03       		.byte	0x3
 637 02bb 20       		.byte	0x20
 638 02bc 44010000 		.4byte	0x144
 639 02c0 01       		.byte	0x1
 640 02c1 13       		.uleb128 0x13
 641 02c2 D1010000 		.4byte	.LASF29
 642 02c6 03       		.byte	0x3
 643 02c7 21       		.byte	0x21
 644 02c8 44010000 		.4byte	0x144
 645 02cc 03       		.byte	0x3
 646 02cd 13       		.uleb128 0x13
 647 02ce 2D030000 		.4byte	.LASF30
 648 02d2 03       		.byte	0x3
 649 02d3 22       		.byte	0x22
 650 02d4 44010000 		.4byte	0x144
 651 02d8 0D       		.byte	0xd
 652 02d9 13       		.uleb128 0x13
 653 02da 66000000 		.4byte	.LASF31
 654 02de 03       		.byte	0x3
 655 02df 2C       		.byte	0x2c
 656 02e0 44010000 		.4byte	0x144
 657 02e4 15       		.byte	0x15
 658 02e5 13       		.uleb128 0x13
ARM GAS  C:\Users\CCPOW_~1\AppData\Local\Temp\cceL2OsB.s 			page 14


 659 02e6 F0020000 		.4byte	.LASF32
 660 02ea 03       		.byte	0x3
 661 02eb 2D       		.byte	0x2d
 662 02ec 44010000 		.4byte	0x144
 663 02f0 16       		.byte	0x16
 664 02f1 08       		.uleb128 0x8
 665 02f2 67030000 		.4byte	.LASF33
 666 02f6 03       		.byte	0x3
 667 02f7 2E       		.byte	0x2e
 668 02f8 44010000 		.4byte	0x144
 669 02fc 05       		.uleb128 0x5
 670 02fd 03       		.byte	0x3
 671 02fe 00000000 		.4byte	SYNC_CONFIRMED_PROV
 672 0302 08       		.uleb128 0x8
 673 0303 99000000 		.4byte	.LASF34
 674 0307 03       		.byte	0x3
 675 0308 2F       		.byte	0x2f
 676 0309 44010000 		.4byte	0x144
 677 030d 05       		.uleb128 0x5
 678 030e 03       		.byte	0x3
 679 030f 01000000 		.4byte	SYNC_CONFIRMED_NO_PROV
 680 0313 13       		.uleb128 0x13
 681 0314 82030000 		.4byte	.LASF35
 682 0318 03       		.byte	0x3
 683 0319 30       		.byte	0x30
 684 031a 44010000 		.4byte	0x144
 685 031e 19       		.byte	0x19
 686 031f 13       		.uleb128 0x13
 687 0320 08000000 		.4byte	.LASF36
 688 0324 03       		.byte	0x3
 689 0325 31       		.byte	0x31
 690 0326 44010000 		.4byte	0x144
 691 032a 1A       		.byte	0x1a
 692 032b 13       		.uleb128 0x13
 693 032c 7B030000 		.4byte	.LASF37
 694 0330 03       		.byte	0x3
 695 0331 32       		.byte	0x32
 696 0332 44010000 		.4byte	0x144
 697 0336 1B       		.byte	0x1b
 698 0337 13       		.uleb128 0x13
 699 0338 CF000000 		.4byte	.LASF38
 700 033c 03       		.byte	0x3
 701 033d 33       		.byte	0x33
 702 033e 44010000 		.4byte	0x144
 703 0342 1D       		.byte	0x1d
 704 0343 13       		.uleb128 0x13
 705 0344 55000000 		.4byte	.LASF39
 706 0348 03       		.byte	0x3
 707 0349 34       		.byte	0x34
 708 034a 44010000 		.4byte	0x144
 709 034e 3D       		.byte	0x3d
 710 034f 08       		.uleb128 0x8
 711 0350 7D010000 		.4byte	.LASF40
 712 0354 03       		.byte	0x3
 713 0355 35       		.byte	0x35
 714 0356 44010000 		.4byte	0x144
 715 035a 05       		.uleb128 0x5
ARM GAS  C:\Users\CCPOW_~1\AppData\Local\Temp\cceL2OsB.s 			page 15


 716 035b 03       		.byte	0x3
 717 035c 03000000 		.4byte	SYNC_TYPE_HSM_N
 718 0360 08       		.uleb128 0x8
 719 0361 93010000 		.4byte	.LASF41
 720 0365 03       		.byte	0x3
 721 0366 36       		.byte	0x36
 722 0367 44010000 		.4byte	0x144
 723 036b 05       		.uleb128 0x5
 724 036c 03       		.byte	0x3
 725 036d 02000000 		.4byte	SYNC_TYPE_HSM_P
 726 0371 13       		.uleb128 0x13
 727 0372 E7010000 		.4byte	.LASF42
 728 0376 03       		.byte	0x3
 729 0377 37       		.byte	0x37
 730 0378 44010000 		.4byte	0x144
 731 037c 1E       		.byte	0x1e
 732 037d 13       		.uleb128 0x13
 733 037e 28000000 		.4byte	.LASF43
 734 0382 03       		.byte	0x3
 735 0383 3A       		.byte	0x3a
 736 0384 44010000 		.4byte	0x144
 737 0388 27       		.byte	0x27
 738 0389 13       		.uleb128 0x13
 739 038a 47000000 		.4byte	.LASF44
 740 038e 03       		.byte	0x3
 741 038f 3B       		.byte	0x3b
 742 0390 44010000 		.4byte	0x144
 743 0394 28       		.byte	0x28
 744 0395 13       		.uleb128 0x13
 745 0396 FA000000 		.4byte	.LASF45
 746 039a 03       		.byte	0x3
 747 039b 3C       		.byte	0x3c
 748 039c 44010000 		.4byte	0x144
 749 03a0 29       		.byte	0x29
 750 03a1 13       		.uleb128 0x13
 751 03a2 8B000000 		.4byte	.LASF46
 752 03a6 03       		.byte	0x3
 753 03a7 3D       		.byte	0x3d
 754 03a8 44010000 		.4byte	0x144
 755 03ac 07       		.byte	0x7
 756 03ad 13       		.uleb128 0x13
 757 03ae BC030000 		.4byte	.LASF47
 758 03b2 03       		.byte	0x3
 759 03b3 3E       		.byte	0x3e
 760 03b4 44010000 		.4byte	0x144
 761 03b8 05       		.byte	0x5
 762 03b9 13       		.uleb128 0x13
 763 03ba 3C020000 		.4byte	.LASF48
 764 03be 03       		.byte	0x3
 765 03bf 3F       		.byte	0x3f
 766 03c0 44010000 		.4byte	0x144
 767 03c4 09       		.byte	0x9
 768 03c5 13       		.uleb128 0x13
 769 03c6 E0000000 		.4byte	.LASF49
 770 03ca 03       		.byte	0x3
 771 03cb 40       		.byte	0x40
 772 03cc 44010000 		.4byte	0x144
ARM GAS  C:\Users\CCPOW_~1\AppData\Local\Temp\cceL2OsB.s 			page 16


 773 03d0 0B       		.byte	0xb
 774 03d1 11       		.uleb128 0x11
 775 03d2 A6000000 		.4byte	0xa6
 776 03d6 E1030000 		.4byte	0x3e1
 777 03da 12       		.uleb128 0x12
 778 03db 9F000000 		.4byte	0x9f
 779 03df 07       		.byte	0x7
 780 03e0 00       		.byte	0
 781 03e1 14       		.uleb128 0x14
 782 03e2 3F000000 		.4byte	.LASF50
 783 03e6 03       		.byte	0x3
 784 03e7 4B       		.byte	0x4b
 785 03e8 F5030000 		.4byte	0x3f5
 786 03ec 08       		.byte	0x8
 787 03ed 00       		.byte	0
 788 03ee 00       		.byte	0
 789 03ef 00       		.byte	0
 790 03f0 00       		.byte	0
 791 03f1 00       		.byte	0
 792 03f2 00       		.byte	0
 793 03f3 00       		.byte	0
 794 03f4 00       		.byte	0
 795 03f5 05       		.uleb128 0x5
 796 03f6 D1030000 		.4byte	0x3d1
 797 03fa 15       		.uleb128 0x15
 798 03fb B0000000 		.4byte	.LASF51
 799 03ff B0000000 		.4byte	.LASF51
 800 0403 04       		.byte	0x4
 801 0404 3403     		.2byte	0x334
 802 0406 15       		.uleb128 0x15
 803 0407 B6010000 		.4byte	.LASF52
 804 040b B6010000 		.4byte	.LASF52
 805 040f 04       		.byte	0x4
 806 0410 0703     		.2byte	0x307
 807 0412 15       		.uleb128 0x15
 808 0413 42030000 		.4byte	.LASF53
 809 0417 42030000 		.4byte	.LASF53
 810 041b 04       		.byte	0x4
 811 041c 3A03     		.2byte	0x33a
 812 041e 00       		.byte	0
 813              		.section	.debug_abbrev,"",%progbits
 814              	.Ldebug_abbrev0:
 815 0000 01       		.uleb128 0x1
 816 0001 11       		.uleb128 0x11
 817 0002 01       		.byte	0x1
 818 0003 25       		.uleb128 0x25
 819 0004 0E       		.uleb128 0xe
 820 0005 13       		.uleb128 0x13
 821 0006 0B       		.uleb128 0xb
 822 0007 03       		.uleb128 0x3
 823 0008 0E       		.uleb128 0xe
 824 0009 1B       		.uleb128 0x1b
 825 000a 0E       		.uleb128 0xe
 826 000b 55       		.uleb128 0x55
 827 000c 17       		.uleb128 0x17
 828 000d 11       		.uleb128 0x11
 829 000e 01       		.uleb128 0x1
ARM GAS  C:\Users\CCPOW_~1\AppData\Local\Temp\cceL2OsB.s 			page 17


 830 000f 10       		.uleb128 0x10
 831 0010 17       		.uleb128 0x17
 832 0011 00       		.byte	0
 833 0012 00       		.byte	0
 834 0013 02       		.uleb128 0x2
 835 0014 24       		.uleb128 0x24
 836 0015 00       		.byte	0
 837 0016 0B       		.uleb128 0xb
 838 0017 0B       		.uleb128 0xb
 839 0018 3E       		.uleb128 0x3e
 840 0019 0B       		.uleb128 0xb
 841 001a 03       		.uleb128 0x3
 842 001b 0E       		.uleb128 0xe
 843 001c 00       		.byte	0
 844 001d 00       		.byte	0
 845 001e 03       		.uleb128 0x3
 846 001f 24       		.uleb128 0x24
 847 0020 00       		.byte	0
 848 0021 0B       		.uleb128 0xb
 849 0022 0B       		.uleb128 0xb
 850 0023 3E       		.uleb128 0x3e
 851 0024 0B       		.uleb128 0xb
 852 0025 03       		.uleb128 0x3
 853 0026 08       		.uleb128 0x8
 854 0027 00       		.byte	0
 855 0028 00       		.byte	0
 856 0029 04       		.uleb128 0x4
 857 002a 16       		.uleb128 0x16
 858 002b 00       		.byte	0
 859 002c 03       		.uleb128 0x3
 860 002d 0E       		.uleb128 0xe
 861 002e 3A       		.uleb128 0x3a
 862 002f 0B       		.uleb128 0xb
 863 0030 3B       		.uleb128 0x3b
 864 0031 05       		.uleb128 0x5
 865 0032 49       		.uleb128 0x49
 866 0033 13       		.uleb128 0x13
 867 0034 00       		.byte	0
 868 0035 00       		.byte	0
 869 0036 05       		.uleb128 0x5
 870 0037 26       		.uleb128 0x26
 871 0038 00       		.byte	0
 872 0039 49       		.uleb128 0x49
 873 003a 13       		.uleb128 0x13
 874 003b 00       		.byte	0
 875 003c 00       		.byte	0
 876 003d 06       		.uleb128 0x6
 877 003e 0F       		.uleb128 0xf
 878 003f 00       		.byte	0
 879 0040 0B       		.uleb128 0xb
 880 0041 0B       		.uleb128 0xb
 881 0042 49       		.uleb128 0x49
 882 0043 13       		.uleb128 0x13
 883 0044 00       		.byte	0
 884 0045 00       		.byte	0
 885 0046 07       		.uleb128 0x7
 886 0047 2E       		.uleb128 0x2e
ARM GAS  C:\Users\CCPOW_~1\AppData\Local\Temp\cceL2OsB.s 			page 18


 887 0048 01       		.byte	0x1
 888 0049 3F       		.uleb128 0x3f
 889 004a 19       		.uleb128 0x19
 890 004b 03       		.uleb128 0x3
 891 004c 0E       		.uleb128 0xe
 892 004d 3A       		.uleb128 0x3a
 893 004e 0B       		.uleb128 0xb
 894 004f 3B       		.uleb128 0x3b
 895 0050 0B       		.uleb128 0xb
 896 0051 49       		.uleb128 0x49
 897 0052 13       		.uleb128 0x13
 898 0053 11       		.uleb128 0x11
 899 0054 01       		.uleb128 0x1
 900 0055 12       		.uleb128 0x12
 901 0056 06       		.uleb128 0x6
 902 0057 40       		.uleb128 0x40
 903 0058 18       		.uleb128 0x18
 904 0059 9742     		.uleb128 0x2117
 905 005b 19       		.uleb128 0x19
 906 005c 01       		.uleb128 0x1
 907 005d 13       		.uleb128 0x13
 908 005e 00       		.byte	0
 909 005f 00       		.byte	0
 910 0060 08       		.uleb128 0x8
 911 0061 34       		.uleb128 0x34
 912 0062 00       		.byte	0
 913 0063 03       		.uleb128 0x3
 914 0064 0E       		.uleb128 0xe
 915 0065 3A       		.uleb128 0x3a
 916 0066 0B       		.uleb128 0xb
 917 0067 3B       		.uleb128 0x3b
 918 0068 0B       		.uleb128 0xb
 919 0069 49       		.uleb128 0x49
 920 006a 13       		.uleb128 0x13
 921 006b 02       		.uleb128 0x2
 922 006c 18       		.uleb128 0x18
 923 006d 00       		.byte	0
 924 006e 00       		.byte	0
 925 006f 09       		.uleb128 0x9
 926 0070 898201   		.uleb128 0x4109
 927 0073 00       		.byte	0
 928 0074 11       		.uleb128 0x11
 929 0075 01       		.uleb128 0x1
 930 0076 31       		.uleb128 0x31
 931 0077 13       		.uleb128 0x13
 932 0078 00       		.byte	0
 933 0079 00       		.byte	0
 934 007a 0A       		.uleb128 0xa
 935 007b 2E       		.uleb128 0x2e
 936 007c 01       		.byte	0x1
 937 007d 3F       		.uleb128 0x3f
 938 007e 19       		.uleb128 0x19
 939 007f 03       		.uleb128 0x3
 940 0080 0E       		.uleb128 0xe
 941 0081 3A       		.uleb128 0x3a
 942 0082 0B       		.uleb128 0xb
 943 0083 3B       		.uleb128 0x3b
ARM GAS  C:\Users\CCPOW_~1\AppData\Local\Temp\cceL2OsB.s 			page 19


 944 0084 0B       		.uleb128 0xb
 945 0085 27       		.uleb128 0x27
 946 0086 19       		.uleb128 0x19
 947 0087 11       		.uleb128 0x11
 948 0088 01       		.uleb128 0x1
 949 0089 12       		.uleb128 0x12
 950 008a 06       		.uleb128 0x6
 951 008b 40       		.uleb128 0x40
 952 008c 18       		.uleb128 0x18
 953 008d 9742     		.uleb128 0x2117
 954 008f 19       		.uleb128 0x19
 955 0090 01       		.uleb128 0x1
 956 0091 13       		.uleb128 0x13
 957 0092 00       		.byte	0
 958 0093 00       		.byte	0
 959 0094 0B       		.uleb128 0xb
 960 0095 05       		.uleb128 0x5
 961 0096 00       		.byte	0
 962 0097 03       		.uleb128 0x3
 963 0098 0E       		.uleb128 0xe
 964 0099 3A       		.uleb128 0x3a
 965 009a 0B       		.uleb128 0xb
 966 009b 3B       		.uleb128 0x3b
 967 009c 0B       		.uleb128 0xb
 968 009d 49       		.uleb128 0x49
 969 009e 13       		.uleb128 0x13
 970 009f 02       		.uleb128 0x2
 971 00a0 17       		.uleb128 0x17
 972 00a1 00       		.byte	0
 973 00a2 00       		.byte	0
 974 00a3 0C       		.uleb128 0xc
 975 00a4 0B       		.uleb128 0xb
 976 00a5 01       		.byte	0x1
 977 00a6 11       		.uleb128 0x11
 978 00a7 01       		.uleb128 0x1
 979 00a8 12       		.uleb128 0x12
 980 00a9 06       		.uleb128 0x6
 981 00aa 00       		.byte	0
 982 00ab 00       		.byte	0
 983 00ac 0D       		.uleb128 0xd
 984 00ad 34       		.uleb128 0x34
 985 00ae 00       		.byte	0
 986 00af 03       		.uleb128 0x3
 987 00b0 08       		.uleb128 0x8
 988 00b1 3A       		.uleb128 0x3a
 989 00b2 0B       		.uleb128 0xb
 990 00b3 3B       		.uleb128 0x3b
 991 00b4 0B       		.uleb128 0xb
 992 00b5 49       		.uleb128 0x49
 993 00b6 13       		.uleb128 0x13
 994 00b7 02       		.uleb128 0x2
 995 00b8 17       		.uleb128 0x17
 996 00b9 00       		.byte	0
 997 00ba 00       		.byte	0
 998 00bb 0E       		.uleb128 0xe
 999 00bc 898201   		.uleb128 0x4109
 1000 00bf 01       		.byte	0x1
ARM GAS  C:\Users\CCPOW_~1\AppData\Local\Temp\cceL2OsB.s 			page 20


 1001 00c0 11       		.uleb128 0x11
 1002 00c1 01       		.uleb128 0x1
 1003 00c2 31       		.uleb128 0x31
 1004 00c3 13       		.uleb128 0x13
 1005 00c4 01       		.uleb128 0x1
 1006 00c5 13       		.uleb128 0x13
 1007 00c6 00       		.byte	0
 1008 00c7 00       		.byte	0
 1009 00c8 0F       		.uleb128 0xf
 1010 00c9 8A8201   		.uleb128 0x410a
 1011 00cc 00       		.byte	0
 1012 00cd 02       		.uleb128 0x2
 1013 00ce 18       		.uleb128 0x18
 1014 00cf 9142     		.uleb128 0x2111
 1015 00d1 18       		.uleb128 0x18
 1016 00d2 00       		.byte	0
 1017 00d3 00       		.byte	0
 1018 00d4 10       		.uleb128 0x10
 1019 00d5 898201   		.uleb128 0x4109
 1020 00d8 01       		.byte	0x1
 1021 00d9 11       		.uleb128 0x11
 1022 00da 01       		.uleb128 0x1
 1023 00db 31       		.uleb128 0x31
 1024 00dc 13       		.uleb128 0x13
 1025 00dd 00       		.byte	0
 1026 00de 00       		.byte	0
 1027 00df 11       		.uleb128 0x11
 1028 00e0 01       		.uleb128 0x1
 1029 00e1 01       		.byte	0x1
 1030 00e2 49       		.uleb128 0x49
 1031 00e3 13       		.uleb128 0x13
 1032 00e4 01       		.uleb128 0x1
 1033 00e5 13       		.uleb128 0x13
 1034 00e6 00       		.byte	0
 1035 00e7 00       		.byte	0
 1036 00e8 12       		.uleb128 0x12
 1037 00e9 21       		.uleb128 0x21
 1038 00ea 00       		.byte	0
 1039 00eb 49       		.uleb128 0x49
 1040 00ec 13       		.uleb128 0x13
 1041 00ed 2F       		.uleb128 0x2f
 1042 00ee 0B       		.uleb128 0xb
 1043 00ef 00       		.byte	0
 1044 00f0 00       		.byte	0
 1045 00f1 13       		.uleb128 0x13
 1046 00f2 34       		.uleb128 0x34
 1047 00f3 00       		.byte	0
 1048 00f4 03       		.uleb128 0x3
 1049 00f5 0E       		.uleb128 0xe
 1050 00f6 3A       		.uleb128 0x3a
 1051 00f7 0B       		.uleb128 0xb
 1052 00f8 3B       		.uleb128 0x3b
 1053 00f9 0B       		.uleb128 0xb
 1054 00fa 49       		.uleb128 0x49
 1055 00fb 13       		.uleb128 0x13
 1056 00fc 1C       		.uleb128 0x1c
 1057 00fd 0B       		.uleb128 0xb
ARM GAS  C:\Users\CCPOW_~1\AppData\Local\Temp\cceL2OsB.s 			page 21


 1058 00fe 00       		.byte	0
 1059 00ff 00       		.byte	0
 1060 0100 14       		.uleb128 0x14
 1061 0101 34       		.uleb128 0x34
 1062 0102 00       		.byte	0
 1063 0103 03       		.uleb128 0x3
 1064 0104 0E       		.uleb128 0xe
 1065 0105 3A       		.uleb128 0x3a
 1066 0106 0B       		.uleb128 0xb
 1067 0107 3B       		.uleb128 0x3b
 1068 0108 0B       		.uleb128 0xb
 1069 0109 49       		.uleb128 0x49
 1070 010a 13       		.uleb128 0x13
 1071 010b 1C       		.uleb128 0x1c
 1072 010c 0A       		.uleb128 0xa
 1073 010d 00       		.byte	0
 1074 010e 00       		.byte	0
 1075 010f 15       		.uleb128 0x15
 1076 0110 2E       		.uleb128 0x2e
 1077 0111 00       		.byte	0
 1078 0112 3F       		.uleb128 0x3f
 1079 0113 19       		.uleb128 0x19
 1080 0114 3C       		.uleb128 0x3c
 1081 0115 19       		.uleb128 0x19
 1082 0116 6E       		.uleb128 0x6e
 1083 0117 0E       		.uleb128 0xe
 1084 0118 03       		.uleb128 0x3
 1085 0119 0E       		.uleb128 0xe
 1086 011a 3A       		.uleb128 0x3a
 1087 011b 0B       		.uleb128 0xb
 1088 011c 3B       		.uleb128 0x3b
 1089 011d 05       		.uleb128 0x5
 1090 011e 00       		.byte	0
 1091 011f 00       		.byte	0
 1092 0120 00       		.byte	0
 1093              		.section	.debug_loc,"",%progbits
 1094              	.Ldebug_loc0:
 1095              	.LLST0:
 1096 0000 00000000 		.4byte	.LVL3
 1097 0004 0A000000 		.4byte	.LVL5
 1098 0008 0100     		.2byte	0x1
 1099 000a 50       		.byte	0x50
 1100 000b 0A000000 		.4byte	.LVL5
 1101 000f 18000000 		.4byte	.LVL10
 1102 0013 0100     		.2byte	0x1
 1103 0015 56       		.byte	0x56
 1104 0016 18000000 		.4byte	.LVL10
 1105 001a 1A000000 		.4byte	.LFE36
 1106 001e 0400     		.2byte	0x4
 1107 0020 F3       		.byte	0xf3
 1108 0021 01       		.uleb128 0x1
 1109 0022 50       		.byte	0x50
 1110 0023 9F       		.byte	0x9f
 1111 0024 00000000 		.4byte	0
 1112 0028 00000000 		.4byte	0
 1113              	.LLST1:
 1114 002c 00000000 		.4byte	.LVL3
ARM GAS  C:\Users\CCPOW_~1\AppData\Local\Temp\cceL2OsB.s 			page 22


 1115 0030 0A000000 		.4byte	.LVL5
 1116 0034 0100     		.2byte	0x1
 1117 0036 51       		.byte	0x51
 1118 0037 0A000000 		.4byte	.LVL5
 1119 003b 1A000000 		.4byte	.LFE36
 1120 003f 0400     		.2byte	0x4
 1121 0041 F3       		.byte	0xf3
 1122 0042 01       		.uleb128 0x1
 1123 0043 51       		.byte	0x51
 1124 0044 9F       		.byte	0x9f
 1125 0045 00000000 		.4byte	0
 1126 0049 00000000 		.4byte	0
 1127              	.LLST2:
 1128 004d 06000000 		.4byte	.LVL4
 1129 0051 0A000000 		.4byte	.LVL5
 1130 0055 0200     		.2byte	0x2
 1131 0057 30       		.byte	0x30
 1132 0058 9F       		.byte	0x9f
 1133 0059 0A000000 		.4byte	.LVL5
 1134 005d 12000000 		.4byte	.LVL7
 1135 0061 0100     		.2byte	0x1
 1136 0063 54       		.byte	0x54
 1137 0064 14000000 		.4byte	.LVL8
 1138 0068 18000000 		.4byte	.LVL9
 1139 006c 0100     		.2byte	0x1
 1140 006e 54       		.byte	0x54
 1141 006f 00000000 		.4byte	0
 1142 0073 00000000 		.4byte	0
 1143              	.LLST3:
 1144 0077 00000000 		.4byte	.LVL11
 1145 007b 0A000000 		.4byte	.LVL13
 1146 007f 0100     		.2byte	0x1
 1147 0081 50       		.byte	0x50
 1148 0082 0A000000 		.4byte	.LVL13
 1149 0086 1A000000 		.4byte	.LVL18
 1150 008a 0100     		.2byte	0x1
 1151 008c 57       		.byte	0x57
 1152 008d 1A000000 		.4byte	.LVL18
 1153 0091 1C000000 		.4byte	.LFE37
 1154 0095 0400     		.2byte	0x4
 1155 0097 F3       		.byte	0xf3
 1156 0098 01       		.uleb128 0x1
 1157 0099 50       		.byte	0x50
 1158 009a 9F       		.byte	0x9f
 1159 009b 00000000 		.4byte	0
 1160 009f 00000000 		.4byte	0
 1161              	.LLST4:
 1162 00a3 00000000 		.4byte	.LVL11
 1163 00a7 0A000000 		.4byte	.LVL13
 1164 00ab 0100     		.2byte	0x1
 1165 00ad 51       		.byte	0x51
 1166 00ae 0A000000 		.4byte	.LVL13
 1167 00b2 1C000000 		.4byte	.LFE37
 1168 00b6 0400     		.2byte	0x4
 1169 00b8 F3       		.byte	0xf3
 1170 00b9 01       		.uleb128 0x1
 1171 00ba 51       		.byte	0x51
ARM GAS  C:\Users\CCPOW_~1\AppData\Local\Temp\cceL2OsB.s 			page 23


 1172 00bb 9F       		.byte	0x9f
 1173 00bc 00000000 		.4byte	0
 1174 00c0 00000000 		.4byte	0
 1175              	.LLST5:
 1176 00c4 06000000 		.4byte	.LVL12
 1177 00c8 0A000000 		.4byte	.LVL13
 1178 00cc 0200     		.2byte	0x2
 1179 00ce 30       		.byte	0x30
 1180 00cf 9F       		.byte	0x9f
 1181 00d0 0A000000 		.4byte	.LVL13
 1182 00d4 14000000 		.4byte	.LVL15
 1183 00d8 0100     		.2byte	0x1
 1184 00da 54       		.byte	0x54
 1185 00db 16000000 		.4byte	.LVL16
 1186 00df 1A000000 		.4byte	.LVL17
 1187 00e3 0100     		.2byte	0x1
 1188 00e5 54       		.byte	0x54
 1189 00e6 00000000 		.4byte	0
 1190 00ea 00000000 		.4byte	0
 1191              	.LLST6:
 1192 00ee 00000000 		.4byte	.LVL19
 1193 00f2 06000000 		.4byte	.LVL20
 1194 00f6 0100     		.2byte	0x1
 1195 00f8 50       		.byte	0x50
 1196 00f9 06000000 		.4byte	.LVL20
 1197 00fd 7C000000 		.4byte	.LVL28
 1198 0101 0100     		.2byte	0x1
 1199 0103 54       		.byte	0x54
 1200 0104 7C000000 		.4byte	.LVL28
 1201 0108 84000000 		.4byte	.LFE38
 1202 010c 0400     		.2byte	0x4
 1203 010e F3       		.byte	0xf3
 1204 010f 01       		.uleb128 0x1
 1205 0110 50       		.byte	0x50
 1206 0111 9F       		.byte	0x9f
 1207 0112 00000000 		.4byte	0
 1208 0116 00000000 		.4byte	0
 1209              		.section	.debug_aranges,"",%progbits
 1210 0000 34000000 		.4byte	0x34
 1211 0004 0200     		.2byte	0x2
 1212 0006 00000000 		.4byte	.Ldebug_info0
 1213 000a 04       		.byte	0x4
 1214 000b 00       		.byte	0
 1215 000c 0000     		.2byte	0
 1216 000e 0000     		.2byte	0
 1217 0010 00000000 		.4byte	.LFB35
 1218 0014 12000000 		.4byte	.LFE35-.LFB35
 1219 0018 00000000 		.4byte	.LFB36
 1220 001c 1A000000 		.4byte	.LFE36-.LFB36
 1221 0020 00000000 		.4byte	.LFB37
 1222 0024 1C000000 		.4byte	.LFE37-.LFB37
 1223 0028 00000000 		.4byte	.LFB38
 1224 002c 84000000 		.4byte	.LFE38-.LFB38
 1225 0030 00000000 		.4byte	0
 1226 0034 00000000 		.4byte	0
 1227              		.section	.debug_ranges,"",%progbits
 1228              	.Ldebug_ranges0:
ARM GAS  C:\Users\CCPOW_~1\AppData\Local\Temp\cceL2OsB.s 			page 24


 1229 0000 00000000 		.4byte	.LFB35
 1230 0004 12000000 		.4byte	.LFE35
 1231 0008 00000000 		.4byte	.LFB36
 1232 000c 1A000000 		.4byte	.LFE36
 1233 0010 00000000 		.4byte	.LFB37
 1234 0014 1C000000 		.4byte	.LFE37
 1235 0018 00000000 		.4byte	.LFB38
 1236 001c 84000000 		.4byte	.LFE38
 1237 0020 00000000 		.4byte	0
 1238 0024 00000000 		.4byte	0
 1239              		.section	.debug_line,"",%progbits
 1240              	.Ldebug_line0:
 1241 0000 EF000000 		.section	.debug_str,"MS",%progbits,1
 1241      02007000 
 1241      00000201 
 1241      FB0E0D00 
 1241      01010101 
 1242              	.LASF25:
 1243 0000 6D657373 		.ascii	"message\000"
 1243      61676500 
 1244              	.LASF36:
 1245 0008 53594E43 		.ascii	"SYNC_FAILED_PROV\000"
 1245      5F464149 
 1245      4C45445F 
 1245      50524F56 
 1245      00
 1246              	.LASF23:
 1247 0019 73796E63 		.ascii	"syncConnection\000"
 1247      436F6E6E 
 1247      65637469 
 1247      6F6E00
 1248              	.LASF43:
 1249 0028 494E4954 		.ascii	"INITIATE_BILLS_REQUEST\000"
 1249      49415445 
 1249      5F42494C 
 1249      4C535F52 
 1249      45515545 
 1250              	.LASF50:
 1251 003f 434F4E54 		.ascii	"CONTEXT\000"
 1251      45585400 
 1252              	.LASF44:
 1253 0047 42494C4C 		.ascii	"BILLS_REQUEST\000"
 1253      535F5245 
 1253      51554553 
 1253      5400
 1254              	.LASF39:
 1255 0055 53594E43 		.ascii	"SYNC_TYPE_CARD_P\000"
 1255      5F545950 
 1255      455F4341 
 1255      52445F50 
 1255      00
 1256              	.LASF31:
 1257 0066 53594E43 		.ascii	"SYNC_REQUEST_PROV\000"
 1257      5F524551 
 1257      55455354 
 1257      5F50524F 
 1257      5600
ARM GAS  C:\Users\CCPOW_~1\AppData\Local\Temp\cceL2OsB.s 			page 25


 1258              	.LASF3:
 1259 0078 73686F72 		.ascii	"short unsigned int\000"
 1259      7420756E 
 1259      7369676E 
 1259      65642069 
 1259      6E7400
 1260              	.LASF46:
 1261 008b 55554944 		.ascii	"UUID_RESPONSE\000"
 1261      5F524553 
 1261      504F4E53 
 1261      4500
 1262              	.LASF34:
 1263 0099 53594E43 		.ascii	"SYNC_CONFIRMED_NO_PROV\000"
 1263      5F434F4E 
 1263      4649524D 
 1263      45445F4E 
 1263      4F5F5052 
 1264              	.LASF51:
 1265 00b0 44425F55 		.ascii	"DB_UART_SpiUartGetRxBufferSize\000"
 1265      4152545F 
 1265      53706955 
 1265      61727447 
 1265      65745278 
 1266              	.LASF38:
 1267 00cf 53594E43 		.ascii	"SYNC_TYPE_CARD_N\000"
 1267      5F545950 
 1267      455F4341 
 1267      52445F4E 
 1267      00
 1268              	.LASF49:
 1269 00e0 52455455 		.ascii	"RETURN_BALANCE\000"
 1269      524E5F42 
 1269      414C414E 
 1269      434500
 1270              	.LASF11:
 1271 00ef 666C6F61 		.ascii	"float\000"
 1271      7400
 1272              	.LASF18:
 1273 00f5 64617461 		.ascii	"data\000"
 1273      00
 1274              	.LASF45:
 1275 00fa 42494C4C 		.ascii	"BILL_RECEIVED\000"
 1275      5F524543 
 1275      45495645 
 1275      4400
 1276              	.LASF28:
 1277 0108 52455455 		.ascii	"RETURN_NAME\000"
 1277      524E5F4E 
 1277      414D4500 
 1278              	.LASF20:
 1279 0114 72657476 		.ascii	"retval\000"
 1279      616C00
 1280              	.LASF26:
 1281 011b 41434345 		.ascii	"ACCEPTED\000"
 1281      50544544 
 1281      00
 1282              	.LASF56:
ARM GAS  C:\Users\CCPOW_~1\AppData\Local\Temp\cceL2OsB.s 			page 26


 1283 0124 433A5C55 		.ascii	"C:\\Users\\ccpow_000\\Desktop\\CPS\\eCTF\\0xBU_SSS_"
 1283      73657273 
 1283      5C636370 
 1283      6F775F30 
 1283      30305C44 
 1284 0151 41544D5C 		.ascii	"ATM\\SECURITY_MODULE.cydsn\000"
 1284      53454355 
 1284      52495459 
 1284      5F4D4F44 
 1284      554C452E 
 1285              	.LASF5:
 1286 016b 6C6F6E67 		.ascii	"long unsigned int\000"
 1286      20756E73 
 1286      69676E65 
 1286      6420696E 
 1286      7400
 1287              	.LASF40:
 1288 017d 53594E43 		.ascii	"SYNC_TYPE_HSM_N\000"
 1288      5F545950 
 1288      455F4853 
 1288      4D5F4E00 
 1289              	.LASF9:
 1290 018d 75696E74 		.ascii	"uint8\000"
 1290      3800
 1291              	.LASF41:
 1292 0193 53594E43 		.ascii	"SYNC_TYPE_HSM_P\000"
 1292      5F545950 
 1292      455F4853 
 1292      4D5F5000 
 1293              	.LASF24:
 1294 01a3 70726F76 		.ascii	"prov\000"
 1294      00
 1295              	.LASF1:
 1296 01a8 756E7369 		.ascii	"unsigned char\000"
 1296      676E6564 
 1296      20636861 
 1296      7200
 1297              	.LASF52:
 1298 01b6 44425F55 		.ascii	"DB_UART_UartGetByte\000"
 1298      4152545F 
 1298      55617274 
 1298      47657442 
 1298      79746500 
 1299              	.LASF12:
 1300 01ca 646F7562 		.ascii	"double\000"
 1300      6C6500
 1301              	.LASF29:
 1302 01d1 52455455 		.ascii	"RETURN_CARD_SIGNATURE\000"
 1302      524E5F43 
 1302      4152445F 
 1302      5349474E 
 1302      41545552 
 1303              	.LASF42:
 1304 01e7 50534F43 		.ascii	"PSOC_DEVICE_REQUEST\000"
 1304      5F444556 
 1304      4943455F 
 1304      52455155 
ARM GAS  C:\Users\CCPOW_~1\AppData\Local\Temp\cceL2OsB.s 			page 27


 1304      45535400 
 1305              	.LASF10:
 1306 01fb 75696E74 		.ascii	"uint32\000"
 1306      333200
 1307              	.LASF8:
 1308 0202 756E7369 		.ascii	"unsigned int\000"
 1308      676E6564 
 1308      20696E74 
 1308      00
 1309              	.LASF27:
 1310 020f 52454A45 		.ascii	"REJECTED\000"
 1310      43544544 
 1310      00
 1311              	.LASF7:
 1312 0218 6C6F6E67 		.ascii	"long long unsigned int\000"
 1312      206C6F6E 
 1312      6720756E 
 1312      7369676E 
 1312      65642069 
 1313              	.LASF16:
 1314 022f 67657456 		.ascii	"getValidByte\000"
 1314      616C6964 
 1314      42797465 
 1314      00
 1315              	.LASF48:
 1316 023c 52455455 		.ascii	"RETURN_WITHDRAWAL\000"
 1316      524E5F57 
 1316      49544844 
 1316      52415741 
 1316      4C00
 1317              	.LASF54:
 1318 024e 474E5520 		.ascii	"GNU C11 5.4.1 20160609 (release) [ARM/embedded-5-br"
 1318      43313120 
 1318      352E342E 
 1318      31203230 
 1318      31363036 
 1319 0281 616E6368 		.ascii	"anch revision 237715] -mcpu=cortex-m0 -mthumb -g -O"
 1319      20726576 
 1319      6973696F 
 1319      6E203233 
 1319      37373135 
 1320 02b4 67202D66 		.ascii	"g -ffunction-sections -ffat-lto-objects\000"
 1320      66756E63 
 1320      74696F6E 
 1320      2D736563 
 1320      74696F6E 
 1321              	.LASF55:
 1322 02dc 75736273 		.ascii	"usbserialprotocol.c\000"
 1322      65726961 
 1322      6C70726F 
 1322      746F636F 
 1322      6C2E6300 
 1323              	.LASF32:
 1324 02f0 53594E43 		.ascii	"SYNC_REQUEST_NO_PROV\000"
 1324      5F524551 
 1324      55455354 
 1324      5F4E4F5F 
ARM GAS  C:\Users\CCPOW_~1\AppData\Local\Temp\cceL2OsB.s 			page 28


 1324      50524F56 
 1325              	.LASF15:
 1326 0305 73697A65 		.ascii	"sizetype\000"
 1326      74797065 
 1326      00
 1327              	.LASF17:
 1328 030e 70757368 		.ascii	"pushMessage\000"
 1328      4D657373 
 1328      61676500 
 1329              	.LASF6:
 1330 031a 6C6F6E67 		.ascii	"long long int\000"
 1330      206C6F6E 
 1330      6720696E 
 1330      7400
 1331              	.LASF13:
 1332 0328 63686172 		.ascii	"char\000"
 1332      00
 1333              	.LASF30:
 1334 032d 52455455 		.ascii	"RETURN_NEW_PK\000"
 1334      524E5F4E 
 1334      45575F50 
 1334      4B00
 1335              	.LASF22:
 1336 033b 6C656E67 		.ascii	"length\000"
 1336      746800
 1337              	.LASF53:
 1338 0342 44425F55 		.ascii	"DB_UART_SpiUartWriteTxData\000"
 1338      4152545F 
 1338      53706955 
 1338      61727457 
 1338      72697465 
 1339              	.LASF2:
 1340 035d 73686F72 		.ascii	"short int\000"
 1340      7420696E 
 1340      7400
 1341              	.LASF33:
 1342 0367 53594E43 		.ascii	"SYNC_CONFIRMED_PROV\000"
 1342      5F434F4E 
 1342      4649524D 
 1342      45445F50 
 1342      524F5600 
 1343              	.LASF37:
 1344 037b 53594E43 		.ascii	"SYNCED\000"
 1344      454400
 1345              	.LASF35:
 1346 0382 53594E43 		.ascii	"SYNC_FAILED_NO_PROV\000"
 1346      5F464149 
 1346      4C45445F 
 1346      4E4F5F50 
 1346      524F5600 
 1347              	.LASF4:
 1348 0396 6C6F6E67 		.ascii	"long int\000"
 1348      20696E74 
 1348      00
 1349              	.LASF14:
 1350 039f 6C6F6E67 		.ascii	"long double\000"
 1350      20646F75 
ARM GAS  C:\Users\CCPOW_~1\AppData\Local\Temp\cceL2OsB.s 			page 29


 1350      626C6500 
 1351              	.LASF0:
 1352 03ab 7369676E 		.ascii	"signed char\000"
 1352      65642063 
 1352      68617200 
 1353              	.LASF19:
 1354 03b7 73697A65 		.ascii	"size\000"
 1354      00
 1355              	.LASF47:
 1356 03bc 4E4F4E43 		.ascii	"NONCE_RESPONSE\000"
 1356      455F5245 
 1356      53504F4E 
 1356      534500
 1357              	.LASF21:
 1358 03cb 70756C6C 		.ascii	"pullMessage\000"
 1358      4D657373 
 1358      61676500 
 1359              		.ident	"GCC: (GNU Tools for ARM Embedded Processors) 5.4.1 20160609 (release) [ARM/embedded-5-bran
