--------------- Build Started: 03/12/2018 21:20:03 Project: CARD, Configuration: ARM GCC 5.4-2016-q2-update Release ---------------
cydsfit.exe -.appdatapath "C:\Users\ccpow_000\AppData\Local\Cypress Semiconductor\PSoC Creator\4.1" -.fdsnotice -.fdswarpdepfile=warp_dependencies.txt -.fdselabdepfile=elab_dependencies.txt -.fdsbldfile=generated_files.txt -.fdsreffile=referenced_files.txt -p C:\Users\ccpow_000\Desktop\CPS\eCTF\0xBU_SSS_ATM\CARD.cydsn\CARD.cyprj -d CY8C4245AXI-483 -s C:\Users\ccpow_000\Desktop\CPS\eCTF\0xBU_SSS_ATM\CARD.cydsn\Generated_Source\PSoC4 -- -yv2 -q10 -ygs -o2 -v3 -.fftcfgtype=LE
Elaborating Design...
HDL Generation...
Synthesis...
Tech Mapping...
Analog Placement...
Analog Routing...
Analog Code Generation...
Digital Placement...
Digital Routing...
Bitstream Generation...
Bitstream Verification...
Static timing analysis...
API Generation...
Dependency Generation...
Cleanup...
arm-none-eabi-gcc.exe -mcpu=cortex-m0 -mthumb -I..\libhydrogen.cylib\libhydrogen -I. -IGenerated_Source\PSoC4 -Wa,-alh=.\CortexM0\ARM_GCC_541\Release/main.lst -g -D NDEBUG -Wall -ffunction-sections -ffat-lto-objects -Os -c main.c -o .\CortexM0\ARM_GCC_541\Release\main.o
arm-none-eabi-gcc.exe -mcpu=cortex-m0 -mthumb -I..\libhydrogen.cylib\libhydrogen -I. -IGenerated_Source\PSoC4 -Wa,-alh=.\CortexM0\ARM_GCC_541\Release/usbserialprotocol.lst -g -D NDEBUG -Wall -ffunction-sections -ffat-lto-objects -Os -c usbserialprotocol.c -o .\CortexM0\ARM_GCC_541\Release\usbserialprotocol.o
In file included from usbserialprotocol.c:14:0:
common.h:56:13: warning: 'eeprom_copy' defined but not used [-Wunused-function]
 static void eeprom_copy(uint8 *dst, const volatile uint8 *src, uint8 len) 
             ^
arm-none-eabi-gcc.exe -mcpu=cortex-m0 -mthumb -I..\libhydrogen.cylib\libhydrogen -I. -IGenerated_Source\PSoC4 -Wa,-alh=.\CortexM0\ARM_GCC_541\Release/cyfitter_cfg.lst -g -D NDEBUG -Wall -ffunction-sections -ffat-lto-objects -Os -c Generated_Source\PSoC4\cyfitter_cfg.c -o .\CortexM0\ARM_GCC_541\Release\cyfitter_cfg.o
arm-none-eabi-gcc.exe -mcpu=cortex-m0 -mthumb -I..\libhydrogen.cylib\libhydrogen -I. -IGenerated_Source\PSoC4 -Wa,-alh=.\CortexM0\ARM_GCC_541\Release/cymetadata.lst -g -D NDEBUG -Wall -ffunction-sections -ffat-lto-objects -Os -c Generated_Source\PSoC4\cymetadata.c -o .\CortexM0\ARM_GCC_541\Release\cymetadata.o
arm-none-eabi-gcc.exe -mcpu=cortex-m0 -mthumb -I..\libhydrogen.cylib\libhydrogen -I. -IGenerated_Source\PSoC4 -Wa,-alh=.\CortexM0\ARM_GCC_541\Release/ATM_UART.lst -g -D NDEBUG -Wall -ffunction-sections -ffat-lto-objects -Os -c Generated_Source\PSoC4\ATM_UART.c -o .\CortexM0\ARM_GCC_541\Release\ATM_UART.o
arm-none-eabi-gcc.exe -mcpu=cortex-m0 -mthumb -I..\libhydrogen.cylib\libhydrogen -I. -IGenerated_Source\PSoC4 -Wa,-alh=.\CortexM0\ARM_GCC_541\Release/ATM_UART_PM.lst -g -D NDEBUG -Wall -ffunction-sections -ffat-lto-objects -Os -c Generated_Source\PSoC4\ATM_UART_PM.c -o .\CortexM0\ARM_GCC_541\Release\ATM_UART_PM.o
arm-none-eabi-gcc.exe -mcpu=cortex-m0 -mthumb -I..\libhydrogen.cylib\libhydrogen -I. -IGenerated_Source\PSoC4 -Wa,-alh=.\CortexM0\ARM_GCC_541\Release/ATM_UART_INT.lst -g -D NDEBUG -Wall -ffunction-sections -ffat-lto-objects -Os -c Generated_Source\PSoC4\ATM_UART_INT.c -o .\CortexM0\ARM_GCC_541\Release\ATM_UART_INT.o
arm-none-eabi-gcc.exe -mcpu=cortex-m0 -mthumb -I..\libhydrogen.cylib\libhydrogen -I. -IGenerated_Source\PSoC4 -Wa,-alh=.\CortexM0\ARM_GCC_541\Release/ATM_UART_BOOT.lst -g -D NDEBUG -Wall -ffunction-sections -ffat-lto-objects -Os -c Generated_Source\PSoC4\ATM_UART_BOOT.c -o .\CortexM0\ARM_GCC_541\Release\ATM_UART_BOOT.o
arm-none-eabi-gcc.exe -mcpu=cortex-m0 -mthumb -I..\libhydrogen.cylib\libhydrogen -I. -IGenerated_Source\PSoC4 -Wa,-alh=.\CortexM0\ARM_GCC_541\Release/USER_INFO.lst -g -D NDEBUG -Wall -ffunction-sections -ffat-lto-objects -Os -c Generated_Source\PSoC4\USER_INFO.c -o .\CortexM0\ARM_GCC_541\Release\USER_INFO.o
arm-none-eabi-gcc.exe -mcpu=cortex-m0 -mthumb -I..\libhydrogen.cylib\libhydrogen -I. -IGenerated_Source\PSoC4 -Wa,-alh=.\CortexM0\ARM_GCC_541\Release/USB_UART.lst -g -D NDEBUG -Wall -ffunction-sections -ffat-lto-objects -Os -c Generated_Source\PSoC4\USB_UART.c -o .\CortexM0\ARM_GCC_541\Release\USB_UART.o
arm-none-eabi-gcc.exe -mcpu=cortex-m0 -mthumb -I..\libhydrogen.cylib\libhydrogen -I. -IGenerated_Source\PSoC4 -Wa,-alh=.\CortexM0\ARM_GCC_541\Release/USB_UART_SPI_UART.lst -g -D NDEBUG -Wall -ffunction-sections -ffat-lto-objects -Os -c Generated_Source\PSoC4\USB_UART_SPI_UART.c -o .\CortexM0\ARM_GCC_541\Release\USB_UART_SPI_UART.o
arm-none-eabi-gcc.exe -mcpu=cortex-m0 -mthumb -I..\libhydrogen.cylib\libhydrogen -I. -IGenerated_Source\PSoC4 -Wa,-alh=.\CortexM0\ARM_GCC_541\Release/USB_UART_SPI_UART_INT.lst -g -D NDEBUG -Wall -ffunction-sections -ffat-lto-objects -Os -c Generated_Source\PSoC4\USB_UART_SPI_UART_INT.c -o .\CortexM0\ARM_GCC_541\Release\USB_UART_SPI_UART_INT.o
arm-none-eabi-gcc.exe -mcpu=cortex-m0 -mthumb -I..\libhydrogen.cylib\libhydrogen -I. -IGenerated_Source\PSoC4 -Wa,-alh=.\CortexM0\ARM_GCC_541\Release/USB_UART_PM.lst -g -D NDEBUG -Wall -ffunction-sections -ffat-lto-objects -Os -c Generated_Source\PSoC4\USB_UART_PM.c -o .\CortexM0\ARM_GCC_541\Release\USB_UART_PM.o
arm-none-eabi-gcc.exe -mcpu=cortex-m0 -mthumb -I..\libhydrogen.cylib\libhydrogen -I. -IGenerated_Source\PSoC4 -Wa,-alh=.\CortexM0\ARM_GCC_541\Release/USB_UART_UART.lst -g -D NDEBUG -Wall -ffunction-sections -ffat-lto-objects -Os -c Generated_Source\PSoC4\USB_UART_UART.c -o .\CortexM0\ARM_GCC_541\Release\USB_UART_UART.o
arm-none-eabi-gcc.exe -mcpu=cortex-m0 -mthumb -I..\libhydrogen.cylib\libhydrogen -I. -IGenerated_Source\PSoC4 -Wa,-alh=.\CortexM0\ARM_GCC_541\Release/USB_UART_BOOT.lst -g -D NDEBUG -Wall -ffunction-sections -ffat-lto-objects -Os -c Generated_Source\PSoC4\USB_UART_BOOT.c -o .\CortexM0\ARM_GCC_541\Release\USB_UART_BOOT.o
arm-none-eabi-gcc.exe -mcpu=cortex-m0 -mthumb -I..\libhydrogen.cylib\libhydrogen -I. -IGenerated_Source\PSoC4 -Wa,-alh=.\CortexM0\ARM_GCC_541\Release/USB_UART_UART_BOOT.lst -g -D NDEBUG -Wall -ffunction-sections -ffat-lto-objects -Os -c Generated_Source\PSoC4\USB_UART_UART_BOOT.c -o .\CortexM0\ARM_GCC_541\Release\USB_UART_UART_BOOT.o
arm-none-eabi-gcc.exe -mcpu=cortex-m0 -mthumb -I..\libhydrogen.cylib\libhydrogen -I. -IGenerated_Source\PSoC4 -Wa,-alh=.\CortexM0\ARM_GCC_541\Release/Reset_isr.lst -g -D NDEBUG -Wall -ffunction-sections -ffat-lto-objects -Os -c Generated_Source\PSoC4\Reset_isr.c -o .\CortexM0\ARM_GCC_541\Release\Reset_isr.o
arm-none-eabi-gcc.exe -mcpu=cortex-m0 -mthumb -I..\libhydrogen.cylib\libhydrogen -I. -IGenerated_Source\PSoC4 -Wa,-alh=.\CortexM0\ARM_GCC_541\Release/SW1.lst -g -D NDEBUG -Wall -ffunction-sections -ffat-lto-objects -Os -c Generated_Source\PSoC4\SW1.c -o .\CortexM0\ARM_GCC_541\Release\SW1.o
arm-none-eabi-gcc.exe -mcpu=cortex-m0 -mthumb -I..\libhydrogen.cylib\libhydrogen -I. -IGenerated_Source\PSoC4 -Wa,-alh=.\CortexM0\ARM_GCC_541\Release/SW1_PM.lst -g -D NDEBUG -Wall -ffunction-sections -ffat-lto-objects -Os -c Generated_Source\PSoC4\SW1_PM.c -o .\CortexM0\ARM_GCC_541\Release\SW1_PM.o
arm-none-eabi-gcc.exe -mcpu=cortex-m0 -mthumb -I..\libhydrogen.cylib\libhydrogen -I. -IGenerated_Source\PSoC4 -Wa,-alh=.\CortexM0\ARM_GCC_541\Release/ATM_UART_IntClock.lst -g -D NDEBUG -Wall -ffunction-sections -ffat-lto-objects -Os -c Generated_Source\PSoC4\ATM_UART_IntClock.c -o .\CortexM0\ARM_GCC_541\Release\ATM_UART_IntClock.o
arm-none-eabi-gcc.exe -mcpu=cortex-m0 -mthumb -I..\libhydrogen.cylib\libhydrogen -I. -IGenerated_Source\PSoC4 -Wa,-alh=.\CortexM0\ARM_GCC_541\Release/USB_UART_SCBCLK.lst -g -D NDEBUG -Wall -ffunction-sections -ffat-lto-objects -Os -c Generated_Source\PSoC4\USB_UART_SCBCLK.c -o .\CortexM0\ARM_GCC_541\Release\USB_UART_SCBCLK.o
arm-none-eabi-gcc.exe -mcpu=cortex-m0 -mthumb -I..\libhydrogen.cylib\libhydrogen -I. -IGenerated_Source\PSoC4 -Wa,-alh=.\CortexM0\ARM_GCC_541\Release/USB_UART_tx.lst -g -D NDEBUG -Wall -ffunction-sections -ffat-lto-objects -Os -c Generated_Source\PSoC4\USB_UART_tx.c -o .\CortexM0\ARM_GCC_541\Release\USB_UART_tx.o
arm-none-eabi-gcc.exe -mcpu=cortex-m0 -mthumb -I..\libhydrogen.cylib\libhydrogen -I. -IGenerated_Source\PSoC4 -Wa,-alh=.\CortexM0\ARM_GCC_541\Release/USB_UART_tx_PM.lst -g -D NDEBUG -Wall -ffunction-sections -ffat-lto-objects -Os -c Generated_Source\PSoC4\USB_UART_tx_PM.c -o .\CortexM0\ARM_GCC_541\Release\USB_UART_tx_PM.o
arm-none-eabi-gcc.exe -mcpu=cortex-m0 -mthumb -I..\libhydrogen.cylib\libhydrogen -I. -IGenerated_Source\PSoC4 -Wa,-alh=.\CortexM0\ARM_GCC_541\Release/USB_UART_SCB_IRQ.lst -g -D NDEBUG -Wall -ffunction-sections -ffat-lto-objects -Os -c Generated_Source\PSoC4\USB_UART_SCB_IRQ.c -o .\CortexM0\ARM_GCC_541\Release\USB_UART_SCB_IRQ.o
arm-none-eabi-gcc.exe -mcpu=cortex-m0 -mthumb -I..\libhydrogen.cylib\libhydrogen -I. -IGenerated_Source\PSoC4 -Wa,-alh=.\CortexM0\ARM_GCC_541\Release/USB_UART_rx.lst -g -D NDEBUG -Wall -ffunction-sections -ffat-lto-objects -Os -c Generated_Source\PSoC4\USB_UART_rx.c -o .\CortexM0\ARM_GCC_541\Release\USB_UART_rx.o
arm-none-eabi-gcc.exe -mcpu=cortex-m0 -mthumb -I..\libhydrogen.cylib\libhydrogen -I. -IGenerated_Source\PSoC4 -Wa,-alh=.\CortexM0\ARM_GCC_541\Release/USB_UART_rx_PM.lst -g -D NDEBUG -Wall -ffunction-sections -ffat-lto-objects -Os -c Generated_Source\PSoC4\USB_UART_rx_PM.c -o .\CortexM0\ARM_GCC_541\Release\USB_UART_rx_PM.o
arm-none-eabi-gcc.exe -mcpu=cortex-m0 -mthumb -I..\libhydrogen.cylib\libhydrogen -I. -IGenerated_Source\PSoC4 -Wa,-alh=.\CortexM0\ARM_GCC_541\Release/Cm0Start.lst -g -D NDEBUG -Wall -ffunction-sections -ffat-lto-objects -Os -c Generated_Source\PSoC4\Cm0Start.c -o .\CortexM0\ARM_GCC_541\Release\Cm0Start.o
arm-none-eabi-gcc.exe -mcpu=cortex-m0 -mthumb -I..\libhydrogen.cylib\libhydrogen -I. -IGenerated_Source\PSoC4 -Wa,-alh=.\CortexM0\ARM_GCC_541\Release/CyFlash.lst -g -D NDEBUG -Wall -ffunction-sections -ffat-lto-objects -Os -c Generated_Source\PSoC4\CyFlash.c -o .\CortexM0\ARM_GCC_541\Release\CyFlash.o
arm-none-eabi-gcc.exe -mcpu=cortex-m0 -mthumb -I..\libhydrogen.cylib\libhydrogen -I. -IGenerated_Source\PSoC4 -Wa,-alh=.\CortexM0\ARM_GCC_541\Release/CyLib.lst -g -D NDEBUG -Wall -ffunction-sections -ffat-lto-objects -Os -c Generated_Source\PSoC4\CyLib.c -o .\CortexM0\ARM_GCC_541\Release\CyLib.o
arm-none-eabi-gcc.exe -mcpu=cortex-m0 -mthumb -I..\libhydrogen.cylib\libhydrogen -I. -IGenerated_Source\PSoC4 -Wa,-alh=.\CortexM0\ARM_GCC_541\Release/cyPm.lst -g -D NDEBUG -Wall -ffunction-sections -ffat-lto-objects -Os -c Generated_Source\PSoC4\cyPm.c -o .\CortexM0\ARM_GCC_541\Release\cyPm.o
arm-none-eabi-gcc.exe -mcpu=cortex-m0 -mthumb -I..\libhydrogen.cylib\libhydrogen -I. -IGenerated_Source\PSoC4 -Wa,-alh=.\CortexM0\ARM_GCC_541\Release/cyutils.lst -g -D NDEBUG -Wall -ffunction-sections -ffat-lto-objects -Os -c Generated_Source\PSoC4\cyutils.c -o .\CortexM0\ARM_GCC_541\Release\cyutils.o
arm-none-eabi-gcc.exe -mcpu=cortex-m0 -mthumb -I..\libhydrogen.cylib\libhydrogen -I. -IGenerated_Source\PSoC4 -Wa,-alh=.\CortexM0\ARM_GCC_541\Release/CyLFClk.lst -g -D NDEBUG -Wall -ffunction-sections -ffat-lto-objects -Os -c Generated_Source\PSoC4\CyLFClk.c -o .\CortexM0\ARM_GCC_541\Release\CyLFClk.o
arm-none-eabi-as.exe -mcpu=cortex-m0 -mthumb -I. -IGenerated_Source\PSoC4 -alh=.\CortexM0\ARM_GCC_541\Release/CyBootAsmGnu.lst -g -W -o .\CortexM0\ARM_GCC_541\Release\CyBootAsmGnu.o Generated_Source\PSoC4\CyBootAsmGnu.s
arm-none-eabi-ar.exe -rs .\CortexM0\ARM_GCC_541\Release\CARD.a .\CortexM0\ARM_GCC_541\Release\ATM_UART.o .\CortexM0\ARM_GCC_541\Release\ATM_UART_PM.o .\CortexM0\ARM_GCC_541\Release\ATM_UART_INT.o .\CortexM0\ARM_GCC_541\Release\ATM_UART_BOOT.o .\CortexM0\ARM_GCC_541\Release\USER_INFO.o .\CortexM0\ARM_GCC_541\Release\USB_UART.o .\CortexM0\ARM_GCC_541\Release\USB_UART_SPI_UART.o .\CortexM0\ARM_GCC_541\Release\USB_UART_SPI_UART_INT.o .\CortexM0\ARM_GCC_541\Release\USB_UART_PM.o .\CortexM0\ARM_GCC_541\Release\USB_UART_UART.o .\CortexM0\ARM_GCC_541\Release\USB_UART_BOOT.o .\CortexM0\ARM_GCC_541\Release\USB_UART_UART_BOOT.o .\CortexM0\ARM_GCC_541\Release\Reset_isr.o .\CortexM0\ARM_GCC_541\Release\SW1.o .\CortexM0\ARM_GCC_541\Release\SW1_PM.o .\CortexM0\ARM_GCC_541\Release\ATM_UART_IntClock.o .\CortexM0\ARM_GCC_541\Release\USB_UART_SCBCLK.o .\CortexM0\ARM_GCC_541\Release\USB_UART_tx.o .\CortexM0\ARM_GCC_541\Release\USB_UART_tx_PM.o .\CortexM0\ARM_GCC_541\Release\USB_UART_SCB_IRQ.o .\CortexM0\ARM_GCC_541\Release\USB_UART_rx.o .\CortexM0\ARM_GCC_541\Release\USB_UART_rx_PM.o .\CortexM0\ARM_GCC_541\Release\CyFlash.o .\CortexM0\ARM_GCC_541\Release\CyLib.o .\CortexM0\ARM_GCC_541\Release\cyPm.o .\CortexM0\ARM_GCC_541\Release\cyutils.o .\CortexM0\ARM_GCC_541\Release\CyLFClk.o .\CortexM0\ARM_GCC_541\Release\CyBootAsmGnu.o
arm-none-eabi-ar.exe: creating .\CortexM0\ARM_GCC_541\Release\CARD.a
arm-none-eabi-gcc.exe -Wl,--start-group -o C:\Users\ccpow_000\Desktop\CPS\eCTF\0xBU_SSS_ATM\CARD.cydsn\CortexM0\ARM_GCC_541\Release\CARD.elf .\CortexM0\ARM_GCC_541\Release\main.o .\CortexM0\ARM_GCC_541\Release\usbserialprotocol.o .\CortexM0\ARM_GCC_541\Release\cyfitter_cfg.o .\CortexM0\ARM_GCC_541\Release\cymetadata.o .\CortexM0\ARM_GCC_541\Release\Cm0Start.o .\CortexM0\ARM_GCC_541\Release\CARD.a ..\libhydrogen.cylib\CortexM0\ARM_GCC_541\Release\libhydrogen.a "D:\Programs\PSoCCreator\PSoC Creator\4.1\PSoC Creator\psoc\content\cycomponentlibrary\CyComponentLibrary.cylib\CortexM0\ARM_GCC_541\Release\CyComponentLibrary.a" -mcpu=cortex-m0 -mthumb -L Generated_Source\PSoC4 -Wl,-Map,.\CortexM0\ARM_GCC_541\Release/CARD.map -T Generated_Source\PSoC4\cm0gcc.ld -specs=nano.specs -Wl,--gc-sections -g -ffunction-sections -Os -ffat-lto-objects -Wl,--end-group
cyelftool.exe -C C:\Users\ccpow_000\Desktop\CPS\eCTF\0xBU_SSS_ATM\CARD.cydsn\CortexM0\ARM_GCC_541\Release\CARD.elf --flash_row_size 128 --flash_size 32768 --flash_offset 0x00000000
cyelftool.exe -S C:\Users\ccpow_000\Desktop\CPS\eCTF\0xBU_SSS_ATM\CARD.cydsn\CortexM0\ARM_GCC_541\Release\CARD.elf
Flash used: 8008 of 32768 bytes (24.4%).
SRAM used: 2264 of 4096 bytes (55.3%). Stack: 1024 bytes. Heap: 496 bytes.
--------------- Build Succeeded: 03/12/2018 21:20:35 ---------------
