--------------- Clean Started: 03/06/2018 20:25:34 Project: CARD, Configuration: ARM GCC 5.4-2016-q2-update Debug ---------------
Deleting file ".\CortexM0\ARM_GCC_541\Debug\main.o"
Deleting file ".\CortexM0\ARM_GCC_541\Debug\usbserialprotocol.o"
Deleting file ".\CortexM0\ARM_GCC_541\Debug\cyfitter_cfg.o"
Deleting file ".\CortexM0\ARM_GCC_541\Debug\cymetadata.o"
Deleting file ".\CortexM0\ARM_GCC_541\Debug\ATM_UART.o"
Deleting file ".\CortexM0\ARM_GCC_541\Debug\ATM_UART_PM.o"
Deleting file ".\CortexM0\ARM_GCC_541\Debug\ATM_UART_INT.o"
Deleting file ".\CortexM0\ARM_GCC_541\Debug\ATM_UART_BOOT.o"
Deleting file ".\CortexM0\ARM_GCC_541\Debug\USER_INFO.o"
Deleting file ".\CortexM0\ARM_GCC_541\Debug\USB_UART.o"
Deleting file ".\CortexM0\ARM_GCC_541\Debug\USB_UART_SPI_UART.o"
Deleting file ".\CortexM0\ARM_GCC_541\Debug\USB_UART_SPI_UART_INT.o"
Deleting file ".\CortexM0\ARM_GCC_541\Debug\USB_UART_PM.o"
Deleting file ".\CortexM0\ARM_GCC_541\Debug\USB_UART_UART.o"
Deleting file ".\CortexM0\ARM_GCC_541\Debug\USB_UART_BOOT.o"
Deleting file ".\CortexM0\ARM_GCC_541\Debug\USB_UART_UART_BOOT.o"
Deleting file ".\CortexM0\ARM_GCC_541\Debug\Reset_isr.o"
Deleting file ".\CortexM0\ARM_GCC_541\Debug\SW1.o"
Deleting file ".\CortexM0\ARM_GCC_541\Debug\SW1_PM.o"
Deleting file ".\CortexM0\ARM_GCC_541\Debug\ATM_UART_IntClock.o"
Deleting file ".\CortexM0\ARM_GCC_541\Debug\USB_UART_SCBCLK.o"
Deleting file ".\CortexM0\ARM_GCC_541\Debug\USB_UART_tx.o"
Deleting file ".\CortexM0\ARM_GCC_541\Debug\USB_UART_tx_PM.o"
Deleting file ".\CortexM0\ARM_GCC_541\Debug\USB_UART_SCB_IRQ.o"
Deleting file ".\CortexM0\ARM_GCC_541\Debug\USB_UART_rx.o"
Deleting file ".\CortexM0\ARM_GCC_541\Debug\USB_UART_rx_PM.o"
Deleting file ".\CortexM0\ARM_GCC_541\Debug\Cm0Start.o"
Deleting file ".\CortexM0\ARM_GCC_541\Debug\CyBootAsmGnu.o"
Deleting file ".\CortexM0\ARM_GCC_541\Debug\CyFlash.o"
Deleting file ".\CortexM0\ARM_GCC_541\Debug\CyLib.o"
Deleting file ".\CortexM0\ARM_GCC_541\Debug\cyPm.o"
Deleting file ".\CortexM0\ARM_GCC_541\Debug\cyutils.o"
Deleting file ".\CortexM0\ARM_GCC_541\Debug\CyLFClk.o"
Deleting file ".\CortexM0\ARM_GCC_541\Debug\CARD.hex"
Deleting file ".\CortexM0\ARM_GCC_541\Debug\CARD.elf"
Deleting file ".\CortexM0\ARM_GCC_541\Debug\CARD.map"
Deleting file ".\CARD.cycdx"
Deleting file ".\CARD.svd"
Deleting file ".\CARD.rpt"
Deleting file ".\CARD_timing.html"
Deleting file ".\CortexM0\ARM_GCC_541\Debug\.deps\SOURCE_C__ARM_GCC_GENERIC.P"
Deleting file ".\CortexM0\ARM_GCC_541\Debug\.deps\SOURCE_ASM__ARM_GCC_GENERIC.P"
--------------- Clean Succeeded: 03/06/2018 20:25:34 ---------------
