ARM GAS  C:\Users\CCPOW_~1\AppData\Local\Temp\ccrMvHAY.s 			page 1


   1              		.syntax unified
   2              		.cpu cortex-m0
   3              		.fpu softvfp
   4              		.eabi_attribute 20, 1
   5              		.eabi_attribute 21, 1
   6              		.eabi_attribute 23, 3
   7              		.eabi_attribute 24, 1
   8              		.eabi_attribute 25, 1
   9              		.eabi_attribute 26, 1
  10              		.eabi_attribute 30, 1
  11              		.eabi_attribute 34, 0
  12              		.eabi_attribute 18, 4
  13              		.thumb
  14              		.syntax unified
  15              		.file	"ATM_UART_INT.c"
  16              		.text
  17              	.Ltext0:
  18              		.cfi_sections	.debug_frame
  19              		.section	.text.ATM_UART_RXISR,"ax",%progbits
  20              		.align	2
  21              		.global	ATM_UART_RXISR
  22              		.code	16
  23              		.thumb_func
  24              		.type	ATM_UART_RXISR, %function
  25              	ATM_UART_RXISR:
  26              	.LFB0:
  27              		.file 1 "Generated_Source\\PSoC4\\ATM_UART_INT.c"
   1:Generated_Source\PSoC4/ATM_UART_INT.c **** /*******************************************************************************
   2:Generated_Source\PSoC4/ATM_UART_INT.c **** * File Name: ATM_UARTINT.c
   3:Generated_Source\PSoC4/ATM_UART_INT.c **** * Version 2.50
   4:Generated_Source\PSoC4/ATM_UART_INT.c **** *
   5:Generated_Source\PSoC4/ATM_UART_INT.c **** * Description:
   6:Generated_Source\PSoC4/ATM_UART_INT.c **** *  This file provides all Interrupt Service functionality of the UART component
   7:Generated_Source\PSoC4/ATM_UART_INT.c **** *
   8:Generated_Source\PSoC4/ATM_UART_INT.c **** ********************************************************************************
   9:Generated_Source\PSoC4/ATM_UART_INT.c **** * Copyright 2008-2015, Cypress Semiconductor Corporation.  All rights reserved.
  10:Generated_Source\PSoC4/ATM_UART_INT.c **** * You may use this file only in accordance with the license, terms, conditions,
  11:Generated_Source\PSoC4/ATM_UART_INT.c **** * disclaimers, and limitations in the end user license agreement accompanying
  12:Generated_Source\PSoC4/ATM_UART_INT.c **** * the software package with which this file was provided.
  13:Generated_Source\PSoC4/ATM_UART_INT.c **** *******************************************************************************/
  14:Generated_Source\PSoC4/ATM_UART_INT.c **** 
  15:Generated_Source\PSoC4/ATM_UART_INT.c **** #include "ATM_UART.h"
  16:Generated_Source\PSoC4/ATM_UART_INT.c **** #include "cyapicallbacks.h"
  17:Generated_Source\PSoC4/ATM_UART_INT.c **** 
  18:Generated_Source\PSoC4/ATM_UART_INT.c **** 
  19:Generated_Source\PSoC4/ATM_UART_INT.c **** /***************************************
  20:Generated_Source\PSoC4/ATM_UART_INT.c **** * Custom Declarations
  21:Generated_Source\PSoC4/ATM_UART_INT.c **** ***************************************/
  22:Generated_Source\PSoC4/ATM_UART_INT.c **** /* `#START CUSTOM_DECLARATIONS` Place your declaration here */
  23:Generated_Source\PSoC4/ATM_UART_INT.c **** 
  24:Generated_Source\PSoC4/ATM_UART_INT.c **** /* `#END` */
  25:Generated_Source\PSoC4/ATM_UART_INT.c **** 
  26:Generated_Source\PSoC4/ATM_UART_INT.c **** #if (ATM_UART_RX_INTERRUPT_ENABLED && (ATM_UART_RX_ENABLED || ATM_UART_HD_ENABLED))
  27:Generated_Source\PSoC4/ATM_UART_INT.c ****     /*******************************************************************************
  28:Generated_Source\PSoC4/ATM_UART_INT.c ****     * Function Name: ATM_UART_RXISR
  29:Generated_Source\PSoC4/ATM_UART_INT.c ****     ********************************************************************************
  30:Generated_Source\PSoC4/ATM_UART_INT.c ****     *
ARM GAS  C:\Users\CCPOW_~1\AppData\Local\Temp\ccrMvHAY.s 			page 2


  31:Generated_Source\PSoC4/ATM_UART_INT.c ****     * Summary:
  32:Generated_Source\PSoC4/ATM_UART_INT.c ****     *  Interrupt Service Routine for RX portion of the UART
  33:Generated_Source\PSoC4/ATM_UART_INT.c ****     *
  34:Generated_Source\PSoC4/ATM_UART_INT.c ****     * Parameters:
  35:Generated_Source\PSoC4/ATM_UART_INT.c ****     *  None.
  36:Generated_Source\PSoC4/ATM_UART_INT.c ****     *
  37:Generated_Source\PSoC4/ATM_UART_INT.c ****     * Return:
  38:Generated_Source\PSoC4/ATM_UART_INT.c ****     *  None.
  39:Generated_Source\PSoC4/ATM_UART_INT.c ****     *
  40:Generated_Source\PSoC4/ATM_UART_INT.c ****     * Global Variables:
  41:Generated_Source\PSoC4/ATM_UART_INT.c ****     *  ATM_UART_rxBuffer - RAM buffer pointer for save received data.
  42:Generated_Source\PSoC4/ATM_UART_INT.c ****     *  ATM_UART_rxBufferWrite - cyclic index for write to rxBuffer,
  43:Generated_Source\PSoC4/ATM_UART_INT.c ****     *     increments after each byte saved to buffer.
  44:Generated_Source\PSoC4/ATM_UART_INT.c ****     *  ATM_UART_rxBufferRead - cyclic index for read from rxBuffer,
  45:Generated_Source\PSoC4/ATM_UART_INT.c ****     *     checked to detect overflow condition.
  46:Generated_Source\PSoC4/ATM_UART_INT.c ****     *  ATM_UART_rxBufferOverflow - software overflow flag. Set to one
  47:Generated_Source\PSoC4/ATM_UART_INT.c ****     *     when ATM_UART_rxBufferWrite index overtakes
  48:Generated_Source\PSoC4/ATM_UART_INT.c ****     *     ATM_UART_rxBufferRead index.
  49:Generated_Source\PSoC4/ATM_UART_INT.c ****     *  ATM_UART_rxBufferLoopDetect - additional variable to detect overflow.
  50:Generated_Source\PSoC4/ATM_UART_INT.c ****     *     Set to one when ATM_UART_rxBufferWrite is equal to
  51:Generated_Source\PSoC4/ATM_UART_INT.c ****     *    ATM_UART_rxBufferRead
  52:Generated_Source\PSoC4/ATM_UART_INT.c ****     *  ATM_UART_rxAddressMode - this variable contains the Address mode,
  53:Generated_Source\PSoC4/ATM_UART_INT.c ****     *     selected in customizer or set by UART_SetRxAddressMode() API.
  54:Generated_Source\PSoC4/ATM_UART_INT.c ****     *  ATM_UART_rxAddressDetected - set to 1 when correct address received,
  55:Generated_Source\PSoC4/ATM_UART_INT.c ****     *     and analysed to store following addressed data bytes to the buffer.
  56:Generated_Source\PSoC4/ATM_UART_INT.c ****     *     When not correct address received, set to 0 to skip following data bytes.
  57:Generated_Source\PSoC4/ATM_UART_INT.c ****     *
  58:Generated_Source\PSoC4/ATM_UART_INT.c ****     *******************************************************************************/
  59:Generated_Source\PSoC4/ATM_UART_INT.c ****     CY_ISR(ATM_UART_RXISR)
  60:Generated_Source\PSoC4/ATM_UART_INT.c ****     {
  28              		.loc 1 60 0
  29              		.cfi_startproc
  30              		@ args = 0, pretend = 0, frame = 0
  31              		@ frame_needed = 0, uses_anonymous_args = 0
  32              		@ link register save eliminated.
  33              	.L6:
  61:Generated_Source\PSoC4/ATM_UART_INT.c ****         uint8 readData;
  62:Generated_Source\PSoC4/ATM_UART_INT.c ****         uint8 readStatus;
  63:Generated_Source\PSoC4/ATM_UART_INT.c ****         uint8 increment_pointer = 0u;
  64:Generated_Source\PSoC4/ATM_UART_INT.c **** 
  65:Generated_Source\PSoC4/ATM_UART_INT.c ****     #if(CY_PSOC3)
  66:Generated_Source\PSoC4/ATM_UART_INT.c ****         uint8 int_en;
  67:Generated_Source\PSoC4/ATM_UART_INT.c ****     #endif /* (CY_PSOC3) */
  68:Generated_Source\PSoC4/ATM_UART_INT.c **** 
  69:Generated_Source\PSoC4/ATM_UART_INT.c ****     #ifdef ATM_UART_RXISR_ENTRY_CALLBACK
  70:Generated_Source\PSoC4/ATM_UART_INT.c ****         ATM_UART_RXISR_EntryCallback();
  71:Generated_Source\PSoC4/ATM_UART_INT.c ****     #endif /* ATM_UART_RXISR_ENTRY_CALLBACK */
  72:Generated_Source\PSoC4/ATM_UART_INT.c **** 
  73:Generated_Source\PSoC4/ATM_UART_INT.c ****         /* User code required at start of ISR */
  74:Generated_Source\PSoC4/ATM_UART_INT.c ****         /* `#START ATM_UART_RXISR_START` */
  75:Generated_Source\PSoC4/ATM_UART_INT.c **** 
  76:Generated_Source\PSoC4/ATM_UART_INT.c ****         /* `#END` */
  77:Generated_Source\PSoC4/ATM_UART_INT.c **** 
  78:Generated_Source\PSoC4/ATM_UART_INT.c ****     #if(CY_PSOC3)   /* Make sure nested interrupt is enabled */
  79:Generated_Source\PSoC4/ATM_UART_INT.c ****         int_en = EA;
  80:Generated_Source\PSoC4/ATM_UART_INT.c ****         CyGlobalIntEnable;
  81:Generated_Source\PSoC4/ATM_UART_INT.c ****     #endif /* (CY_PSOC3) */
ARM GAS  C:\Users\CCPOW_~1\AppData\Local\Temp\ccrMvHAY.s 			page 3


  82:Generated_Source\PSoC4/ATM_UART_INT.c **** 
  83:Generated_Source\PSoC4/ATM_UART_INT.c ****         do
  84:Generated_Source\PSoC4/ATM_UART_INT.c ****         {
  85:Generated_Source\PSoC4/ATM_UART_INT.c ****             /* Read receiver status register */
  86:Generated_Source\PSoC4/ATM_UART_INT.c ****             readStatus = ATM_UART_RXSTATUS_REG;
  34              		.loc 1 86 0
  35 0000 1B4B     		ldr	r3, .L7
  36 0002 1B78     		ldrb	r3, [r3]
  37 0004 DBB2     		uxtb	r3, r3
  38              	.LVL0:
  87:Generated_Source\PSoC4/ATM_UART_INT.c ****             /* Copy the same status to readData variable for backward compatibility support 
  88:Generated_Source\PSoC4/ATM_UART_INT.c ****             *  of the user code in ATM_UART_RXISR_ERROR` section. 
  89:Generated_Source\PSoC4/ATM_UART_INT.c ****             */
  90:Generated_Source\PSoC4/ATM_UART_INT.c ****             readData = readStatus;
  91:Generated_Source\PSoC4/ATM_UART_INT.c **** 
  92:Generated_Source\PSoC4/ATM_UART_INT.c ****             if((readStatus & (ATM_UART_RX_STS_BREAK | 
  39              		.loc 1 92 0
  40 0006 1E22     		movs	r2, #30
  41 0008 1A42     		tst	r2, r3
  42 000a 04D0     		beq	.L2
  93:Generated_Source\PSoC4/ATM_UART_INT.c ****                             ATM_UART_RX_STS_PAR_ERROR |
  94:Generated_Source\PSoC4/ATM_UART_INT.c ****                             ATM_UART_RX_STS_STOP_ERROR | 
  95:Generated_Source\PSoC4/ATM_UART_INT.c ****                             ATM_UART_RX_STS_OVERRUN)) != 0u)
  96:Generated_Source\PSoC4/ATM_UART_INT.c ****             {
  97:Generated_Source\PSoC4/ATM_UART_INT.c ****                 /* ERROR handling. */
  98:Generated_Source\PSoC4/ATM_UART_INT.c ****                 ATM_UART_errorStatus |= readStatus & ( ATM_UART_RX_STS_BREAK | 
  43              		.loc 1 98 0
  44 000c 1948     		ldr	r0, .L7+4
  45 000e 1A40     		ands	r2, r3
  46 0010 0178     		ldrb	r1, [r0]
  47 0012 0A43     		orrs	r2, r1
  48 0014 0270     		strb	r2, [r0]
  49              	.L2:
  50 0016 2022     		movs	r2, #32
  51 0018 1340     		ands	r3, r2
  52              	.LVL1:
  99:Generated_Source\PSoC4/ATM_UART_INT.c ****                                                             ATM_UART_RX_STS_PAR_ERROR | 
 100:Generated_Source\PSoC4/ATM_UART_INT.c ****                                                             ATM_UART_RX_STS_STOP_ERROR | 
 101:Generated_Source\PSoC4/ATM_UART_INT.c ****                                                             ATM_UART_RX_STS_OVERRUN);
 102:Generated_Source\PSoC4/ATM_UART_INT.c ****                 /* `#START ATM_UART_RXISR_ERROR` */
 103:Generated_Source\PSoC4/ATM_UART_INT.c **** 
 104:Generated_Source\PSoC4/ATM_UART_INT.c ****                 /* `#END` */
 105:Generated_Source\PSoC4/ATM_UART_INT.c ****                 
 106:Generated_Source\PSoC4/ATM_UART_INT.c ****             #ifdef ATM_UART_RXISR_ERROR_CALLBACK
 107:Generated_Source\PSoC4/ATM_UART_INT.c ****                 ATM_UART_RXISR_ERROR_Callback();
 108:Generated_Source\PSoC4/ATM_UART_INT.c ****             #endif /* ATM_UART_RXISR_ERROR_CALLBACK */
 109:Generated_Source\PSoC4/ATM_UART_INT.c ****             }
 110:Generated_Source\PSoC4/ATM_UART_INT.c ****             
 111:Generated_Source\PSoC4/ATM_UART_INT.c ****             if((readStatus & ATM_UART_RX_STS_FIFO_NOTEMPTY) != 0u)
  53              		.loc 1 111 0
  54 001a 25D0     		beq	.L3
 112:Generated_Source\PSoC4/ATM_UART_INT.c ****             {
 113:Generated_Source\PSoC4/ATM_UART_INT.c ****                 /* Read data from the RX data register */
 114:Generated_Source\PSoC4/ATM_UART_INT.c ****                 readData = ATM_UART_RXDATA_REG;
  55              		.loc 1 114 0
  56 001c 164A     		ldr	r2, .L7+8
  57 001e 1178     		ldrb	r1, [r2]
ARM GAS  C:\Users\CCPOW_~1\AppData\Local\Temp\ccrMvHAY.s 			page 4


  58 0020 C9B2     		uxtb	r1, r1
  59              	.LVL2:
 115:Generated_Source\PSoC4/ATM_UART_INT.c ****             #if (ATM_UART_RXHW_ADDRESS_ENABLED)
 116:Generated_Source\PSoC4/ATM_UART_INT.c ****                 if(ATM_UART_rxAddressMode == (uint8)ATM_UART__B_UART__AM_SW_DETECT_TO_BUFFER)
 117:Generated_Source\PSoC4/ATM_UART_INT.c ****                 {
 118:Generated_Source\PSoC4/ATM_UART_INT.c ****                     if((readStatus & ATM_UART_RX_STS_MRKSPC) != 0u)
 119:Generated_Source\PSoC4/ATM_UART_INT.c ****                     {
 120:Generated_Source\PSoC4/ATM_UART_INT.c ****                         if ((readStatus & ATM_UART_RX_STS_ADDR_MATCH) != 0u)
 121:Generated_Source\PSoC4/ATM_UART_INT.c ****                         {
 122:Generated_Source\PSoC4/ATM_UART_INT.c ****                             ATM_UART_rxAddressDetected = 1u;
 123:Generated_Source\PSoC4/ATM_UART_INT.c ****                         }
 124:Generated_Source\PSoC4/ATM_UART_INT.c ****                         else
 125:Generated_Source\PSoC4/ATM_UART_INT.c ****                         {
 126:Generated_Source\PSoC4/ATM_UART_INT.c ****                             ATM_UART_rxAddressDetected = 0u;
 127:Generated_Source\PSoC4/ATM_UART_INT.c ****                         }
 128:Generated_Source\PSoC4/ATM_UART_INT.c ****                     }
 129:Generated_Source\PSoC4/ATM_UART_INT.c ****                     if(ATM_UART_rxAddressDetected != 0u)
 130:Generated_Source\PSoC4/ATM_UART_INT.c ****                     {   /* Store only addressed data */
 131:Generated_Source\PSoC4/ATM_UART_INT.c ****                         ATM_UART_rxBuffer[ATM_UART_rxBufferWrite] = readData;
 132:Generated_Source\PSoC4/ATM_UART_INT.c ****                         increment_pointer = 1u;
 133:Generated_Source\PSoC4/ATM_UART_INT.c ****                     }
 134:Generated_Source\PSoC4/ATM_UART_INT.c ****                 }
 135:Generated_Source\PSoC4/ATM_UART_INT.c ****                 else /* Without software addressing */
 136:Generated_Source\PSoC4/ATM_UART_INT.c ****                 {
 137:Generated_Source\PSoC4/ATM_UART_INT.c ****                     ATM_UART_rxBuffer[ATM_UART_rxBufferWrite] = readData;
 138:Generated_Source\PSoC4/ATM_UART_INT.c ****                     increment_pointer = 1u;
 139:Generated_Source\PSoC4/ATM_UART_INT.c ****                 }
 140:Generated_Source\PSoC4/ATM_UART_INT.c ****             #else  /* Without addressing */
 141:Generated_Source\PSoC4/ATM_UART_INT.c ****                 ATM_UART_rxBuffer[ATM_UART_rxBufferWrite] = readData;
  60              		.loc 1 141 0
  61 0022 164A     		ldr	r2, .L7+12
  62 0024 1278     		ldrb	r2, [r2]
  63 0026 D2B2     		uxtb	r2, r2
  64 0028 1548     		ldr	r0, .L7+16
  65 002a 8154     		strb	r1, [r0, r2]
  66              	.LVL3:
 142:Generated_Source\PSoC4/ATM_UART_INT.c ****                 increment_pointer = 1u;
 143:Generated_Source\PSoC4/ATM_UART_INT.c ****             #endif /* (ATM_UART_RXHW_ADDRESS_ENABLED) */
 144:Generated_Source\PSoC4/ATM_UART_INT.c **** 
 145:Generated_Source\PSoC4/ATM_UART_INT.c ****                 /* Do not increment buffer pointer when skip not addressed data */
 146:Generated_Source\PSoC4/ATM_UART_INT.c ****                 if(increment_pointer != 0u)
 147:Generated_Source\PSoC4/ATM_UART_INT.c ****                 {
 148:Generated_Source\PSoC4/ATM_UART_INT.c ****                     if(ATM_UART_rxBufferLoopDetect != 0u)
  67              		.loc 1 148 0
  68 002c 154A     		ldr	r2, .L7+20
  69 002e 1278     		ldrb	r2, [r2]
  70 0030 002A     		cmp	r2, #0
  71 0032 02D0     		beq	.L4
 149:Generated_Source\PSoC4/ATM_UART_INT.c ****                     {   /* Set Software Buffer status Overflow */
 150:Generated_Source\PSoC4/ATM_UART_INT.c ****                         ATM_UART_rxBufferOverflow = 1u;
  72              		.loc 1 150 0
  73 0034 0121     		movs	r1, #1
  74              	.LVL4:
  75 0036 144A     		ldr	r2, .L7+24
  76 0038 1170     		strb	r1, [r2]
  77              	.L4:
 151:Generated_Source\PSoC4/ATM_UART_INT.c ****                     }
ARM GAS  C:\Users\CCPOW_~1\AppData\Local\Temp\ccrMvHAY.s 			page 5


 152:Generated_Source\PSoC4/ATM_UART_INT.c ****                     /* Set next pointer. */
 153:Generated_Source\PSoC4/ATM_UART_INT.c ****                     ATM_UART_rxBufferWrite++;
  78              		.loc 1 153 0
  79 003a 1049     		ldr	r1, .L7+12
  80 003c 0A78     		ldrb	r2, [r1]
  81 003e 0132     		adds	r2, r2, #1
  82 0040 D2B2     		uxtb	r2, r2
  83 0042 0A70     		strb	r2, [r1]
 154:Generated_Source\PSoC4/ATM_UART_INT.c **** 
 155:Generated_Source\PSoC4/ATM_UART_INT.c ****                     /* Check pointer for a loop condition */
 156:Generated_Source\PSoC4/ATM_UART_INT.c ****                     if(ATM_UART_rxBufferWrite >= ATM_UART_RX_BUFFER_SIZE)
  84              		.loc 1 156 0
  85 0044 0A78     		ldrb	r2, [r1]
  86 0046 D2B2     		uxtb	r2, r2
  87 0048 0F2A     		cmp	r2, #15
  88 004a 02D9     		bls	.L5
 157:Generated_Source\PSoC4/ATM_UART_INT.c ****                     {
 158:Generated_Source\PSoC4/ATM_UART_INT.c ****                         ATM_UART_rxBufferWrite = 0u;
  89              		.loc 1 158 0
  90 004c 0021     		movs	r1, #0
  91 004e 0B4A     		ldr	r2, .L7+12
  92 0050 1170     		strb	r1, [r2]
  93              	.L5:
 159:Generated_Source\PSoC4/ATM_UART_INT.c ****                     }
 160:Generated_Source\PSoC4/ATM_UART_INT.c **** 
 161:Generated_Source\PSoC4/ATM_UART_INT.c ****                     /* Detect pre-overload condition and set flag */
 162:Generated_Source\PSoC4/ATM_UART_INT.c ****                     if(ATM_UART_rxBufferWrite == ATM_UART_rxBufferRead)
  94              		.loc 1 162 0
  95 0052 0A4A     		ldr	r2, .L7+12
  96 0054 1178     		ldrb	r1, [r2]
  97 0056 C9B2     		uxtb	r1, r1
  98 0058 0C4A     		ldr	r2, .L7+28
  99 005a 1278     		ldrb	r2, [r2]
 100 005c D2B2     		uxtb	r2, r2
 101 005e 9142     		cmp	r1, r2
 102 0060 02D1     		bne	.L3
 163:Generated_Source\PSoC4/ATM_UART_INT.c ****                     {
 164:Generated_Source\PSoC4/ATM_UART_INT.c ****                         ATM_UART_rxBufferLoopDetect = 1u;
 103              		.loc 1 164 0
 104 0062 0121     		movs	r1, #1
 105 0064 074A     		ldr	r2, .L7+20
 106 0066 1170     		strb	r1, [r2]
 107              	.LVL5:
 108              	.L3:
 165:Generated_Source\PSoC4/ATM_UART_INT.c ****                         /* When Hardware Flow Control selected */
 166:Generated_Source\PSoC4/ATM_UART_INT.c ****                         #if (ATM_UART_FLOW_CONTROL != 0u)
 167:Generated_Source\PSoC4/ATM_UART_INT.c ****                             /* Disable RX interrupt mask, it is enabled when user read data from th
 168:Generated_Source\PSoC4/ATM_UART_INT.c ****                             ATM_UART_RXSTATUS_MASK_REG  &= (uint8)~ATM_UART_RX_STS_FIFO_NOTEMPTY;
 169:Generated_Source\PSoC4/ATM_UART_INT.c ****                             CyIntClearPending(ATM_UART_RX_VECT_NUM);
 170:Generated_Source\PSoC4/ATM_UART_INT.c ****                             break; /* Break the reading of the FIFO loop, leave the data there for 
 171:Generated_Source\PSoC4/ATM_UART_INT.c ****                         #endif /* (ATM_UART_FLOW_CONTROL != 0u) */
 172:Generated_Source\PSoC4/ATM_UART_INT.c ****                     }
 173:Generated_Source\PSoC4/ATM_UART_INT.c ****                 }
 174:Generated_Source\PSoC4/ATM_UART_INT.c ****             }
 175:Generated_Source\PSoC4/ATM_UART_INT.c ****         }while((readStatus & ATM_UART_RX_STS_FIFO_NOTEMPTY) != 0u);
 109              		.loc 1 175 0
 110 0068 002B     		cmp	r3, #0
ARM GAS  C:\Users\CCPOW_~1\AppData\Local\Temp\ccrMvHAY.s 			page 6


 111 006a C9D1     		bne	.L6
 176:Generated_Source\PSoC4/ATM_UART_INT.c **** 
 177:Generated_Source\PSoC4/ATM_UART_INT.c ****         /* User code required at end of ISR (Optional) */
 178:Generated_Source\PSoC4/ATM_UART_INT.c ****         /* `#START ATM_UART_RXISR_END` */
 179:Generated_Source\PSoC4/ATM_UART_INT.c **** 
 180:Generated_Source\PSoC4/ATM_UART_INT.c ****         /* `#END` */
 181:Generated_Source\PSoC4/ATM_UART_INT.c **** 
 182:Generated_Source\PSoC4/ATM_UART_INT.c ****     #ifdef ATM_UART_RXISR_EXIT_CALLBACK
 183:Generated_Source\PSoC4/ATM_UART_INT.c ****         ATM_UART_RXISR_ExitCallback();
 184:Generated_Source\PSoC4/ATM_UART_INT.c ****     #endif /* ATM_UART_RXISR_EXIT_CALLBACK */
 185:Generated_Source\PSoC4/ATM_UART_INT.c **** 
 186:Generated_Source\PSoC4/ATM_UART_INT.c ****     #if(CY_PSOC3)
 187:Generated_Source\PSoC4/ATM_UART_INT.c ****         EA = int_en;
 188:Generated_Source\PSoC4/ATM_UART_INT.c ****     #endif /* (CY_PSOC3) */
 189:Generated_Source\PSoC4/ATM_UART_INT.c ****     }
 112              		.loc 1 189 0
 113              		@ sp needed
 114 006c 7047     		bx	lr
 115              	.L8:
 116 006e C046     		.align	2
 117              	.L7:
 118 0070 60000F40 		.word	1074724960
 119 0074 00000000 		.word	ATM_UART_errorStatus
 120 0078 41000F40 		.word	1074724929
 121 007c 00000000 		.word	ATM_UART_rxBufferWrite
 122 0080 00000000 		.word	ATM_UART_rxBuffer
 123 0084 00000000 		.word	ATM_UART_rxBufferLoopDetect
 124 0088 00000000 		.word	ATM_UART_rxBufferOverflow
 125 008c 00000000 		.word	ATM_UART_rxBufferRead
 126              		.cfi_endproc
 127              	.LFE0:
 128              		.size	ATM_UART_RXISR, .-ATM_UART_RXISR
 129              		.section	.text.ATM_UART_TXISR,"ax",%progbits
 130              		.align	2
 131              		.global	ATM_UART_TXISR
 132              		.code	16
 133              		.thumb_func
 134              		.type	ATM_UART_TXISR, %function
 135              	ATM_UART_TXISR:
 136              	.LFB1:
 190:Generated_Source\PSoC4/ATM_UART_INT.c ****     
 191:Generated_Source\PSoC4/ATM_UART_INT.c **** #endif /* (ATM_UART_RX_INTERRUPT_ENABLED && (ATM_UART_RX_ENABLED || ATM_UART_HD_ENABLED)) */
 192:Generated_Source\PSoC4/ATM_UART_INT.c **** 
 193:Generated_Source\PSoC4/ATM_UART_INT.c **** 
 194:Generated_Source\PSoC4/ATM_UART_INT.c **** #if (ATM_UART_TX_INTERRUPT_ENABLED && ATM_UART_TX_ENABLED)
 195:Generated_Source\PSoC4/ATM_UART_INT.c ****     /*******************************************************************************
 196:Generated_Source\PSoC4/ATM_UART_INT.c ****     * Function Name: ATM_UART_TXISR
 197:Generated_Source\PSoC4/ATM_UART_INT.c ****     ********************************************************************************
 198:Generated_Source\PSoC4/ATM_UART_INT.c ****     *
 199:Generated_Source\PSoC4/ATM_UART_INT.c ****     * Summary:
 200:Generated_Source\PSoC4/ATM_UART_INT.c ****     * Interrupt Service Routine for the TX portion of the UART
 201:Generated_Source\PSoC4/ATM_UART_INT.c ****     *
 202:Generated_Source\PSoC4/ATM_UART_INT.c ****     * Parameters:
 203:Generated_Source\PSoC4/ATM_UART_INT.c ****     *  None.
 204:Generated_Source\PSoC4/ATM_UART_INT.c ****     *
 205:Generated_Source\PSoC4/ATM_UART_INT.c ****     * Return:
 206:Generated_Source\PSoC4/ATM_UART_INT.c ****     *  None.
ARM GAS  C:\Users\CCPOW_~1\AppData\Local\Temp\ccrMvHAY.s 			page 7


 207:Generated_Source\PSoC4/ATM_UART_INT.c ****     *
 208:Generated_Source\PSoC4/ATM_UART_INT.c ****     * Global Variables:
 209:Generated_Source\PSoC4/ATM_UART_INT.c ****     *  ATM_UART_txBuffer - RAM buffer pointer for transmit data from.
 210:Generated_Source\PSoC4/ATM_UART_INT.c ****     *  ATM_UART_txBufferRead - cyclic index for read and transmit data
 211:Generated_Source\PSoC4/ATM_UART_INT.c ****     *     from txBuffer, increments after each transmitted byte.
 212:Generated_Source\PSoC4/ATM_UART_INT.c ****     *  ATM_UART_rxBufferWrite - cyclic index for write to txBuffer,
 213:Generated_Source\PSoC4/ATM_UART_INT.c ****     *     checked to detect available for transmission bytes.
 214:Generated_Source\PSoC4/ATM_UART_INT.c ****     *
 215:Generated_Source\PSoC4/ATM_UART_INT.c ****     *******************************************************************************/
 216:Generated_Source\PSoC4/ATM_UART_INT.c ****     CY_ISR(ATM_UART_TXISR)
 217:Generated_Source\PSoC4/ATM_UART_INT.c ****     {
 137              		.loc 1 217 0
 138              		.cfi_startproc
 139              		@ args = 0, pretend = 0, frame = 0
 140              		@ frame_needed = 0, uses_anonymous_args = 0
 141              		@ link register save eliminated.
 218:Generated_Source\PSoC4/ATM_UART_INT.c ****     #if(CY_PSOC3)
 219:Generated_Source\PSoC4/ATM_UART_INT.c ****         uint8 int_en;
 220:Generated_Source\PSoC4/ATM_UART_INT.c ****     #endif /* (CY_PSOC3) */
 221:Generated_Source\PSoC4/ATM_UART_INT.c **** 
 222:Generated_Source\PSoC4/ATM_UART_INT.c ****     #ifdef ATM_UART_TXISR_ENTRY_CALLBACK
 223:Generated_Source\PSoC4/ATM_UART_INT.c ****         ATM_UART_TXISR_EntryCallback();
 224:Generated_Source\PSoC4/ATM_UART_INT.c ****     #endif /* ATM_UART_TXISR_ENTRY_CALLBACK */
 225:Generated_Source\PSoC4/ATM_UART_INT.c **** 
 226:Generated_Source\PSoC4/ATM_UART_INT.c ****         /* User code required at start of ISR */
 227:Generated_Source\PSoC4/ATM_UART_INT.c ****         /* `#START ATM_UART_TXISR_START` */
 228:Generated_Source\PSoC4/ATM_UART_INT.c **** 
 229:Generated_Source\PSoC4/ATM_UART_INT.c ****         /* `#END` */
 230:Generated_Source\PSoC4/ATM_UART_INT.c **** 
 231:Generated_Source\PSoC4/ATM_UART_INT.c ****     #if(CY_PSOC3)   /* Make sure nested interrupt is enabled */
 232:Generated_Source\PSoC4/ATM_UART_INT.c ****         int_en = EA;
 233:Generated_Source\PSoC4/ATM_UART_INT.c ****         CyGlobalIntEnable;
 234:Generated_Source\PSoC4/ATM_UART_INT.c ****     #endif /* (CY_PSOC3) */
 235:Generated_Source\PSoC4/ATM_UART_INT.c **** 
 236:Generated_Source\PSoC4/ATM_UART_INT.c ****         while((ATM_UART_txBufferRead != ATM_UART_txBufferWrite) &&
 142              		.loc 1 236 0
 143 0000 13E0     		b	.L10
 144              	.L13:
 237:Generated_Source\PSoC4/ATM_UART_INT.c ****              ((ATM_UART_TXSTATUS_REG & ATM_UART_TX_STS_FIFO_FULL) == 0u))
 238:Generated_Source\PSoC4/ATM_UART_INT.c ****         {
 239:Generated_Source\PSoC4/ATM_UART_INT.c ****             /* Check pointer wrap around */
 240:Generated_Source\PSoC4/ATM_UART_INT.c ****             if(ATM_UART_txBufferRead >= ATM_UART_TX_BUFFER_SIZE)
 145              		.loc 1 240 0
 146 0002 104B     		ldr	r3, .L14
 147 0004 1B78     		ldrb	r3, [r3]
 148 0006 DBB2     		uxtb	r3, r3
 149 0008 0F2B     		cmp	r3, #15
 150 000a 02D9     		bls	.L11
 241:Generated_Source\PSoC4/ATM_UART_INT.c ****             {
 242:Generated_Source\PSoC4/ATM_UART_INT.c ****                 ATM_UART_txBufferRead = 0u;
 151              		.loc 1 242 0
 152 000c 0022     		movs	r2, #0
 153 000e 0D4B     		ldr	r3, .L14
 154 0010 1A70     		strb	r2, [r3]
 155              	.L11:
 243:Generated_Source\PSoC4/ATM_UART_INT.c ****             }
 244:Generated_Source\PSoC4/ATM_UART_INT.c **** 
ARM GAS  C:\Users\CCPOW_~1\AppData\Local\Temp\ccrMvHAY.s 			page 8


 245:Generated_Source\PSoC4/ATM_UART_INT.c ****             ATM_UART_TXDATA_REG = ATM_UART_txBuffer[ATM_UART_txBufferRead];
 156              		.loc 1 245 0
 157 0012 0C4A     		ldr	r2, .L14
 158 0014 1378     		ldrb	r3, [r2]
 159 0016 DBB2     		uxtb	r3, r3
 160 0018 0B49     		ldr	r1, .L14+4
 161 001a CB5C     		ldrb	r3, [r1, r3]
 162 001c DBB2     		uxtb	r3, r3
 163 001e 0B49     		ldr	r1, .L14+8
 164 0020 0B70     		strb	r3, [r1]
 246:Generated_Source\PSoC4/ATM_UART_INT.c **** 
 247:Generated_Source\PSoC4/ATM_UART_INT.c ****             /* Set next pointer */
 248:Generated_Source\PSoC4/ATM_UART_INT.c ****             ATM_UART_txBufferRead++;
 165              		.loc 1 248 0
 166 0022 1378     		ldrb	r3, [r2]
 167 0024 0133     		adds	r3, r3, #1
 168 0026 DBB2     		uxtb	r3, r3
 169 0028 1370     		strb	r3, [r2]
 170              	.L10:
 236:Generated_Source\PSoC4/ATM_UART_INT.c ****              ((ATM_UART_TXSTATUS_REG & ATM_UART_TX_STS_FIFO_FULL) == 0u))
 171              		.loc 1 236 0
 172 002a 064B     		ldr	r3, .L14
 173 002c 1B78     		ldrb	r3, [r3]
 174 002e DBB2     		uxtb	r3, r3
 175 0030 074A     		ldr	r2, .L14+12
 176 0032 1278     		ldrb	r2, [r2]
 177 0034 9342     		cmp	r3, r2
 178 0036 03D0     		beq	.L9
 237:Generated_Source\PSoC4/ATM_UART_INT.c ****         {
 179              		.loc 1 237 0 discriminator 1
 180 0038 064B     		ldr	r3, .L14+16
 181 003a 1B78     		ldrb	r3, [r3]
 236:Generated_Source\PSoC4/ATM_UART_INT.c ****              ((ATM_UART_TXSTATUS_REG & ATM_UART_TX_STS_FIFO_FULL) == 0u))
 182              		.loc 1 236 0 discriminator 1
 183 003c 5B07     		lsls	r3, r3, #29
 184 003e E0D5     		bpl	.L13
 185              	.L9:
 249:Generated_Source\PSoC4/ATM_UART_INT.c ****         }
 250:Generated_Source\PSoC4/ATM_UART_INT.c **** 
 251:Generated_Source\PSoC4/ATM_UART_INT.c ****         /* User code required at end of ISR (Optional) */
 252:Generated_Source\PSoC4/ATM_UART_INT.c ****         /* `#START ATM_UART_TXISR_END` */
 253:Generated_Source\PSoC4/ATM_UART_INT.c **** 
 254:Generated_Source\PSoC4/ATM_UART_INT.c ****         /* `#END` */
 255:Generated_Source\PSoC4/ATM_UART_INT.c **** 
 256:Generated_Source\PSoC4/ATM_UART_INT.c ****     #ifdef ATM_UART_TXISR_EXIT_CALLBACK
 257:Generated_Source\PSoC4/ATM_UART_INT.c ****         ATM_UART_TXISR_ExitCallback();
 258:Generated_Source\PSoC4/ATM_UART_INT.c ****     #endif /* ATM_UART_TXISR_EXIT_CALLBACK */
 259:Generated_Source\PSoC4/ATM_UART_INT.c **** 
 260:Generated_Source\PSoC4/ATM_UART_INT.c ****     #if(CY_PSOC3)
 261:Generated_Source\PSoC4/ATM_UART_INT.c ****         EA = int_en;
 262:Generated_Source\PSoC4/ATM_UART_INT.c ****     #endif /* (CY_PSOC3) */
 263:Generated_Source\PSoC4/ATM_UART_INT.c ****    }
 186              		.loc 1 263 0
 187              		@ sp needed
 188 0040 7047     		bx	lr
 189              	.L15:
 190 0042 C046     		.align	2
ARM GAS  C:\Users\CCPOW_~1\AppData\Local\Temp\ccrMvHAY.s 			page 9


 191              	.L14:
 192 0044 00000000 		.word	ATM_UART_txBufferRead
 193 0048 00000000 		.word	ATM_UART_txBuffer
 194 004c 42000F40 		.word	1074724930
 195 0050 00000000 		.word	ATM_UART_txBufferWrite
 196 0054 62000F40 		.word	1074724962
 197              		.cfi_endproc
 198              	.LFE1:
 199              		.size	ATM_UART_TXISR, .-ATM_UART_TXISR
 200              		.text
 201              	.Letext0:
 202              		.file 2 "Generated_Source\\PSoC4\\cytypes.h"
 203              		.file 3 "Generated_Source\\PSoC4\\ATM_UART.h"
 204              		.section	.debug_info,"",%progbits
 205              	.Ldebug_info0:
 206 0000 82010000 		.4byte	0x182
 207 0004 0400     		.2byte	0x4
 208 0006 00000000 		.4byte	.Ldebug_abbrev0
 209 000a 04       		.byte	0x4
 210 000b 01       		.uleb128 0x1
 211 000c 61010000 		.4byte	.LASF28
 212 0010 0C       		.byte	0xc
 213 0011 8D020000 		.4byte	.LASF29
 214 0015 0B010000 		.4byte	.LASF30
 215 0019 00000000 		.4byte	.Ldebug_ranges0+0
 216 001d 00000000 		.4byte	0
 217 0021 00000000 		.4byte	.Ldebug_line0
 218 0025 02       		.uleb128 0x2
 219 0026 01       		.byte	0x1
 220 0027 06       		.byte	0x6
 221 0028 78020000 		.4byte	.LASF0
 222 002c 02       		.uleb128 0x2
 223 002d 01       		.byte	0x1
 224 002e 08       		.byte	0x8
 225 002f BB000000 		.4byte	.LASF1
 226 0033 02       		.uleb128 0x2
 227 0034 02       		.byte	0x2
 228 0035 05       		.byte	0x5
 229 0036 2A020000 		.4byte	.LASF2
 230 003a 02       		.uleb128 0x2
 231 003b 02       		.byte	0x2
 232 003c 07       		.byte	0x7
 233 003d 28000000 		.4byte	.LASF3
 234 0041 02       		.uleb128 0x2
 235 0042 04       		.byte	0x4
 236 0043 05       		.byte	0x5
 237 0044 43020000 		.4byte	.LASF4
 238 0048 02       		.uleb128 0x2
 239 0049 04       		.byte	0x4
 240 004a 07       		.byte	0x7
 241 004b 8D000000 		.4byte	.LASF5
 242 004f 02       		.uleb128 0x2
 243 0050 08       		.byte	0x8
 244 0051 05       		.byte	0x5
 245 0052 F8010000 		.4byte	.LASF6
 246 0056 02       		.uleb128 0x2
 247 0057 08       		.byte	0x8
ARM GAS  C:\Users\CCPOW_~1\AppData\Local\Temp\ccrMvHAY.s 			page 10


 248 0058 07       		.byte	0x7
 249 0059 DD000000 		.4byte	.LASF7
 250 005d 03       		.uleb128 0x3
 251 005e 04       		.byte	0x4
 252 005f 05       		.byte	0x5
 253 0060 696E7400 		.ascii	"int\000"
 254 0064 02       		.uleb128 0x2
 255 0065 04       		.byte	0x4
 256 0066 07       		.byte	0x7
 257 0067 D0000000 		.4byte	.LASF8
 258 006b 04       		.uleb128 0x4
 259 006c 9F000000 		.4byte	.LASF12
 260 0070 02       		.byte	0x2
 261 0071 B901     		.2byte	0x1b9
 262 0073 2C000000 		.4byte	0x2c
 263 0077 02       		.uleb128 0x2
 264 0078 04       		.byte	0x4
 265 0079 04       		.byte	0x4
 266 007a 72020000 		.4byte	.LASF9
 267 007e 02       		.uleb128 0x2
 268 007f 08       		.byte	0x8
 269 0080 04       		.byte	0x4
 270 0081 C9000000 		.4byte	.LASF10
 271 0085 02       		.uleb128 0x2
 272 0086 01       		.byte	0x1
 273 0087 08       		.byte	0x8
 274 0088 4C020000 		.4byte	.LASF11
 275 008c 04       		.uleb128 0x4
 276 008d 79000000 		.4byte	.LASF13
 277 0091 02       		.byte	0x2
 278 0092 6302     		.2byte	0x263
 279 0094 98000000 		.4byte	0x98
 280 0098 05       		.uleb128 0x5
 281 0099 6B000000 		.4byte	0x6b
 282 009d 02       		.uleb128 0x2
 283 009e 08       		.byte	0x8
 284 009f 04       		.byte	0x4
 285 00a0 66020000 		.4byte	.LASF14
 286 00a4 02       		.uleb128 0x2
 287 00a5 04       		.byte	0x4
 288 00a6 07       		.byte	0x7
 289 00a7 EF010000 		.4byte	.LASF15
 290 00ab 06       		.uleb128 0x6
 291 00ac 7E000000 		.4byte	.LASF31
 292 00b0 01       		.byte	0x1
 293 00b1 3B       		.byte	0x3b
 294 00b2 00000000 		.4byte	.LFB0
 295 00b6 90000000 		.4byte	.LFE0-.LFB0
 296 00ba 01       		.uleb128 0x1
 297 00bb 9C       		.byte	0x9c
 298 00bc EE000000 		.4byte	0xee
 299 00c0 07       		.uleb128 0x7
 300 00c1 84020000 		.4byte	.LASF16
 301 00c5 01       		.byte	0x1
 302 00c6 3D       		.byte	0x3d
 303 00c7 6B000000 		.4byte	0x6b
 304 00cb 00000000 		.4byte	.LLST0
ARM GAS  C:\Users\CCPOW_~1\AppData\Local\Temp\ccrMvHAY.s 			page 11


 305 00cf 07       		.uleb128 0x7
 306 00d0 3B000000 		.4byte	.LASF17
 307 00d4 01       		.byte	0x1
 308 00d5 3E       		.byte	0x3e
 309 00d6 6B000000 		.4byte	0x6b
 310 00da 1E000000 		.4byte	.LLST1
 311 00de 07       		.uleb128 0x7
 312 00df 06020000 		.4byte	.LASF18
 313 00e3 01       		.byte	0x1
 314 00e4 3F       		.byte	0x3f
 315 00e5 6B000000 		.4byte	0x6b
 316 00e9 31000000 		.4byte	.LLST2
 317 00ed 00       		.byte	0
 318 00ee 08       		.uleb128 0x8
 319 00ef 34020000 		.4byte	.LASF32
 320 00f3 01       		.byte	0x1
 321 00f4 D8       		.byte	0xd8
 322 00f5 00000000 		.4byte	.LFB1
 323 00f9 58000000 		.4byte	.LFE1-.LFB1
 324 00fd 01       		.uleb128 0x1
 325 00fe 9C       		.byte	0x9c
 326 00ff 09       		.uleb128 0x9
 327 0100 98000000 		.4byte	0x98
 328 0104 0F010000 		.4byte	0x10f
 329 0108 0A       		.uleb128 0xa
 330 0109 A4000000 		.4byte	0xa4
 331 010d 0F       		.byte	0xf
 332 010e 00       		.byte	0
 333 010f 0B       		.uleb128 0xb
 334 0110 18020000 		.4byte	.LASF19
 335 0114 03       		.byte	0x3
 336 0115 3801     		.2byte	0x138
 337 0117 1B010000 		.4byte	0x11b
 338 011b 05       		.uleb128 0x5
 339 011c FF000000 		.4byte	0xff
 340 0120 0B       		.uleb128 0xb
 341 0121 A5000000 		.4byte	.LASF20
 342 0125 03       		.byte	0x3
 343 0126 3901     		.2byte	0x139
 344 0128 98000000 		.4byte	0x98
 345 012c 0B       		.uleb128 0xb
 346 012d F4000000 		.4byte	.LASF21
 347 0131 03       		.byte	0x3
 348 0132 3A01     		.2byte	0x13a
 349 0134 6B000000 		.4byte	0x6b
 350 0138 0B       		.uleb128 0xb
 351 0139 51020000 		.4byte	.LASF22
 352 013d 03       		.byte	0x3
 353 013e 3D01     		.2byte	0x13d
 354 0140 6B000000 		.4byte	0x6b
 355 0144 0B       		.uleb128 0xb
 356 0145 16000000 		.4byte	.LASF23
 357 0149 03       		.byte	0x3
 358 014a 3E01     		.2byte	0x13e
 359 014c 50010000 		.4byte	0x150
 360 0150 05       		.uleb128 0x5
 361 0151 FF000000 		.4byte	0xff
ARM GAS  C:\Users\CCPOW_~1\AppData\Local\Temp\ccrMvHAY.s 			page 12


 362 0155 0B       		.uleb128 0xb
 363 0156 00000000 		.4byte	.LASF24
 364 015a 03       		.byte	0x3
 365 015b 3F01     		.2byte	0x13f
 366 015d 98000000 		.4byte	0x98
 367 0161 0B       		.uleb128 0xb
 368 0162 62000000 		.4byte	.LASF25
 369 0166 03       		.byte	0x3
 370 0167 4001     		.2byte	0x140
 371 0169 98000000 		.4byte	0x98
 372 016d 0B       		.uleb128 0xb
 373 016e 46000000 		.4byte	.LASF26
 374 0172 03       		.byte	0x3
 375 0173 4101     		.2byte	0x141
 376 0175 98000000 		.4byte	0x98
 377 0179 0B       		.uleb128 0xb
 378 017a 47010000 		.4byte	.LASF27
 379 017e 03       		.byte	0x3
 380 017f 4201     		.2byte	0x142
 381 0181 98000000 		.4byte	0x98
 382 0185 00       		.byte	0
 383              		.section	.debug_abbrev,"",%progbits
 384              	.Ldebug_abbrev0:
 385 0000 01       		.uleb128 0x1
 386 0001 11       		.uleb128 0x11
 387 0002 01       		.byte	0x1
 388 0003 25       		.uleb128 0x25
 389 0004 0E       		.uleb128 0xe
 390 0005 13       		.uleb128 0x13
 391 0006 0B       		.uleb128 0xb
 392 0007 03       		.uleb128 0x3
 393 0008 0E       		.uleb128 0xe
 394 0009 1B       		.uleb128 0x1b
 395 000a 0E       		.uleb128 0xe
 396 000b 55       		.uleb128 0x55
 397 000c 17       		.uleb128 0x17
 398 000d 11       		.uleb128 0x11
 399 000e 01       		.uleb128 0x1
 400 000f 10       		.uleb128 0x10
 401 0010 17       		.uleb128 0x17
 402 0011 00       		.byte	0
 403 0012 00       		.byte	0
 404 0013 02       		.uleb128 0x2
 405 0014 24       		.uleb128 0x24
 406 0015 00       		.byte	0
 407 0016 0B       		.uleb128 0xb
 408 0017 0B       		.uleb128 0xb
 409 0018 3E       		.uleb128 0x3e
 410 0019 0B       		.uleb128 0xb
 411 001a 03       		.uleb128 0x3
 412 001b 0E       		.uleb128 0xe
 413 001c 00       		.byte	0
 414 001d 00       		.byte	0
 415 001e 03       		.uleb128 0x3
 416 001f 24       		.uleb128 0x24
 417 0020 00       		.byte	0
 418 0021 0B       		.uleb128 0xb
ARM GAS  C:\Users\CCPOW_~1\AppData\Local\Temp\ccrMvHAY.s 			page 13


 419 0022 0B       		.uleb128 0xb
 420 0023 3E       		.uleb128 0x3e
 421 0024 0B       		.uleb128 0xb
 422 0025 03       		.uleb128 0x3
 423 0026 08       		.uleb128 0x8
 424 0027 00       		.byte	0
 425 0028 00       		.byte	0
 426 0029 04       		.uleb128 0x4
 427 002a 16       		.uleb128 0x16
 428 002b 00       		.byte	0
 429 002c 03       		.uleb128 0x3
 430 002d 0E       		.uleb128 0xe
 431 002e 3A       		.uleb128 0x3a
 432 002f 0B       		.uleb128 0xb
 433 0030 3B       		.uleb128 0x3b
 434 0031 05       		.uleb128 0x5
 435 0032 49       		.uleb128 0x49
 436 0033 13       		.uleb128 0x13
 437 0034 00       		.byte	0
 438 0035 00       		.byte	0
 439 0036 05       		.uleb128 0x5
 440 0037 35       		.uleb128 0x35
 441 0038 00       		.byte	0
 442 0039 49       		.uleb128 0x49
 443 003a 13       		.uleb128 0x13
 444 003b 00       		.byte	0
 445 003c 00       		.byte	0
 446 003d 06       		.uleb128 0x6
 447 003e 2E       		.uleb128 0x2e
 448 003f 01       		.byte	0x1
 449 0040 3F       		.uleb128 0x3f
 450 0041 19       		.uleb128 0x19
 451 0042 03       		.uleb128 0x3
 452 0043 0E       		.uleb128 0xe
 453 0044 3A       		.uleb128 0x3a
 454 0045 0B       		.uleb128 0xb
 455 0046 3B       		.uleb128 0x3b
 456 0047 0B       		.uleb128 0xb
 457 0048 27       		.uleb128 0x27
 458 0049 19       		.uleb128 0x19
 459 004a 11       		.uleb128 0x11
 460 004b 01       		.uleb128 0x1
 461 004c 12       		.uleb128 0x12
 462 004d 06       		.uleb128 0x6
 463 004e 40       		.uleb128 0x40
 464 004f 18       		.uleb128 0x18
 465 0050 9742     		.uleb128 0x2117
 466 0052 19       		.uleb128 0x19
 467 0053 01       		.uleb128 0x1
 468 0054 13       		.uleb128 0x13
 469 0055 00       		.byte	0
 470 0056 00       		.byte	0
 471 0057 07       		.uleb128 0x7
 472 0058 34       		.uleb128 0x34
 473 0059 00       		.byte	0
 474 005a 03       		.uleb128 0x3
 475 005b 0E       		.uleb128 0xe
ARM GAS  C:\Users\CCPOW_~1\AppData\Local\Temp\ccrMvHAY.s 			page 14


 476 005c 3A       		.uleb128 0x3a
 477 005d 0B       		.uleb128 0xb
 478 005e 3B       		.uleb128 0x3b
 479 005f 0B       		.uleb128 0xb
 480 0060 49       		.uleb128 0x49
 481 0061 13       		.uleb128 0x13
 482 0062 02       		.uleb128 0x2
 483 0063 17       		.uleb128 0x17
 484 0064 00       		.byte	0
 485 0065 00       		.byte	0
 486 0066 08       		.uleb128 0x8
 487 0067 2E       		.uleb128 0x2e
 488 0068 00       		.byte	0
 489 0069 3F       		.uleb128 0x3f
 490 006a 19       		.uleb128 0x19
 491 006b 03       		.uleb128 0x3
 492 006c 0E       		.uleb128 0xe
 493 006d 3A       		.uleb128 0x3a
 494 006e 0B       		.uleb128 0xb
 495 006f 3B       		.uleb128 0x3b
 496 0070 0B       		.uleb128 0xb
 497 0071 27       		.uleb128 0x27
 498 0072 19       		.uleb128 0x19
 499 0073 11       		.uleb128 0x11
 500 0074 01       		.uleb128 0x1
 501 0075 12       		.uleb128 0x12
 502 0076 06       		.uleb128 0x6
 503 0077 40       		.uleb128 0x40
 504 0078 18       		.uleb128 0x18
 505 0079 9742     		.uleb128 0x2117
 506 007b 19       		.uleb128 0x19
 507 007c 00       		.byte	0
 508 007d 00       		.byte	0
 509 007e 09       		.uleb128 0x9
 510 007f 01       		.uleb128 0x1
 511 0080 01       		.byte	0x1
 512 0081 49       		.uleb128 0x49
 513 0082 13       		.uleb128 0x13
 514 0083 01       		.uleb128 0x1
 515 0084 13       		.uleb128 0x13
 516 0085 00       		.byte	0
 517 0086 00       		.byte	0
 518 0087 0A       		.uleb128 0xa
 519 0088 21       		.uleb128 0x21
 520 0089 00       		.byte	0
 521 008a 49       		.uleb128 0x49
 522 008b 13       		.uleb128 0x13
 523 008c 2F       		.uleb128 0x2f
 524 008d 0B       		.uleb128 0xb
 525 008e 00       		.byte	0
 526 008f 00       		.byte	0
 527 0090 0B       		.uleb128 0xb
 528 0091 34       		.uleb128 0x34
 529 0092 00       		.byte	0
 530 0093 03       		.uleb128 0x3
 531 0094 0E       		.uleb128 0xe
 532 0095 3A       		.uleb128 0x3a
ARM GAS  C:\Users\CCPOW_~1\AppData\Local\Temp\ccrMvHAY.s 			page 15


 533 0096 0B       		.uleb128 0xb
 534 0097 3B       		.uleb128 0x3b
 535 0098 05       		.uleb128 0x5
 536 0099 49       		.uleb128 0x49
 537 009a 13       		.uleb128 0x13
 538 009b 3F       		.uleb128 0x3f
 539 009c 19       		.uleb128 0x19
 540 009d 3C       		.uleb128 0x3c
 541 009e 19       		.uleb128 0x19
 542 009f 00       		.byte	0
 543 00a0 00       		.byte	0
 544 00a1 00       		.byte	0
 545              		.section	.debug_loc,"",%progbits
 546              	.Ldebug_loc0:
 547              	.LLST0:
 548 0000 06000000 		.4byte	.LVL0
 549 0004 1A000000 		.4byte	.LVL1
 550 0008 0100     		.2byte	0x1
 551 000a 53       		.byte	0x53
 552 000b 22000000 		.4byte	.LVL2
 553 000f 36000000 		.4byte	.LVL4
 554 0013 0100     		.2byte	0x1
 555 0015 51       		.byte	0x51
 556 0016 00000000 		.4byte	0
 557 001a 00000000 		.4byte	0
 558              	.LLST1:
 559 001e 06000000 		.4byte	.LVL0
 560 0022 1A000000 		.4byte	.LVL1
 561 0026 0100     		.2byte	0x1
 562 0028 53       		.byte	0x53
 563 0029 00000000 		.4byte	0
 564 002d 00000000 		.4byte	0
 565              	.LLST2:
 566 0031 2C000000 		.4byte	.LVL3
 567 0035 68000000 		.4byte	.LVL5
 568 0039 0200     		.2byte	0x2
 569 003b 31       		.byte	0x31
 570 003c 9F       		.byte	0x9f
 571 003d 00000000 		.4byte	0
 572 0041 00000000 		.4byte	0
 573              		.section	.debug_aranges,"",%progbits
 574 0000 24000000 		.4byte	0x24
 575 0004 0200     		.2byte	0x2
 576 0006 00000000 		.4byte	.Ldebug_info0
 577 000a 04       		.byte	0x4
 578 000b 00       		.byte	0
 579 000c 0000     		.2byte	0
 580 000e 0000     		.2byte	0
 581 0010 00000000 		.4byte	.LFB0
 582 0014 90000000 		.4byte	.LFE0-.LFB0
 583 0018 00000000 		.4byte	.LFB1
 584 001c 58000000 		.4byte	.LFE1-.LFB1
 585 0020 00000000 		.4byte	0
 586 0024 00000000 		.4byte	0
 587              		.section	.debug_ranges,"",%progbits
 588              	.Ldebug_ranges0:
 589 0000 00000000 		.4byte	.LFB0
ARM GAS  C:\Users\CCPOW_~1\AppData\Local\Temp\ccrMvHAY.s 			page 16


 590 0004 90000000 		.4byte	.LFE0
 591 0008 00000000 		.4byte	.LFB1
 592 000c 58000000 		.4byte	.LFE1
 593 0010 00000000 		.4byte	0
 594 0014 00000000 		.4byte	0
 595              		.section	.debug_line,"",%progbits
 596              	.Ldebug_line0:
 597 0000 AC000000 		.section	.debug_str,"MS",%progbits,1
 597      02005700 
 597      00000201 
 597      FB0E0D00 
 597      01010101 
 598              	.LASF24:
 599 0000 41544D5F 		.ascii	"ATM_UART_rxBufferRead\000"
 599      55415254 
 599      5F727842 
 599      75666665 
 599      72526561 
 600              	.LASF23:
 601 0016 41544D5F 		.ascii	"ATM_UART_rxBuffer\000"
 601      55415254 
 601      5F727842 
 601      75666665 
 601      7200
 602              	.LASF3:
 603 0028 73686F72 		.ascii	"short unsigned int\000"
 603      7420756E 
 603      7369676E 
 603      65642069 
 603      6E7400
 604              	.LASF17:
 605 003b 72656164 		.ascii	"readStatus\000"
 605      53746174 
 605      757300
 606              	.LASF26:
 607 0046 41544D5F 		.ascii	"ATM_UART_rxBufferLoopDetect\000"
 607      55415254 
 607      5F727842 
 607      75666665 
 607      724C6F6F 
 608              	.LASF25:
 609 0062 41544D5F 		.ascii	"ATM_UART_rxBufferWrite\000"
 609      55415254 
 609      5F727842 
 609      75666665 
 609      72577269 
 610              	.LASF13:
 611 0079 72656738 		.ascii	"reg8\000"
 611      00
 612              	.LASF31:
 613 007e 41544D5F 		.ascii	"ATM_UART_RXISR\000"
 613      55415254 
 613      5F525849 
 613      535200
 614              	.LASF5:
 615 008d 6C6F6E67 		.ascii	"long unsigned int\000"
 615      20756E73 
ARM GAS  C:\Users\CCPOW_~1\AppData\Local\Temp\ccrMvHAY.s 			page 17


 615      69676E65 
 615      6420696E 
 615      7400
 616              	.LASF12:
 617 009f 75696E74 		.ascii	"uint8\000"
 617      3800
 618              	.LASF20:
 619 00a5 41544D5F 		.ascii	"ATM_UART_txBufferRead\000"
 619      55415254 
 619      5F747842 
 619      75666665 
 619      72526561 
 620              	.LASF1:
 621 00bb 756E7369 		.ascii	"unsigned char\000"
 621      676E6564 
 621      20636861 
 621      7200
 622              	.LASF10:
 623 00c9 646F7562 		.ascii	"double\000"
 623      6C6500
 624              	.LASF8:
 625 00d0 756E7369 		.ascii	"unsigned int\000"
 625      676E6564 
 625      20696E74 
 625      00
 626              	.LASF7:
 627 00dd 6C6F6E67 		.ascii	"long long unsigned int\000"
 627      206C6F6E 
 627      6720756E 
 627      7369676E 
 627      65642069 
 628              	.LASF21:
 629 00f4 41544D5F 		.ascii	"ATM_UART_txBufferWrite\000"
 629      55415254 
 629      5F747842 
 629      75666665 
 629      72577269 
 630              	.LASF30:
 631 010b 433A5C55 		.ascii	"C:\\Users\\ccpow_000\\Desktop\\CPS\\eCTF\\0xBU_SSS_"
 631      73657273 
 631      5C636370 
 631      6F775F30 
 631      30305C44 
 632 0138 41544D5C 		.ascii	"ATM\\CARD.cydsn\000"
 632      43415244 
 632      2E637964 
 632      736E00
 633              	.LASF27:
 634 0147 41544D5F 		.ascii	"ATM_UART_rxBufferOverflow\000"
 634      55415254 
 634      5F727842 
 634      75666665 
 634      724F7665 
 635              	.LASF28:
 636 0161 474E5520 		.ascii	"GNU C11 5.4.1 20160609 (release) [ARM/embedded-5-br"
 636      43313120 
 636      352E342E 
ARM GAS  C:\Users\CCPOW_~1\AppData\Local\Temp\ccrMvHAY.s 			page 18


 636      31203230 
 636      31363036 
 637 0194 616E6368 		.ascii	"anch revision 237715] -mcpu=cortex-m0 -mthumb -g -O"
 637      20726576 
 637      6973696F 
 637      6E203233 
 637      37373135 
 638 01c7 67202D66 		.ascii	"g -ffunction-sections -ffat-lto-objects\000"
 638      66756E63 
 638      74696F6E 
 638      2D736563 
 638      74696F6E 
 639              	.LASF15:
 640 01ef 73697A65 		.ascii	"sizetype\000"
 640      74797065 
 640      00
 641              	.LASF6:
 642 01f8 6C6F6E67 		.ascii	"long long int\000"
 642      206C6F6E 
 642      6720696E 
 642      7400
 643              	.LASF18:
 644 0206 696E6372 		.ascii	"increment_pointer\000"
 644      656D656E 
 644      745F706F 
 644      696E7465 
 644      7200
 645              	.LASF19:
 646 0218 41544D5F 		.ascii	"ATM_UART_txBuffer\000"
 646      55415254 
 646      5F747842 
 646      75666665 
 646      7200
 647              	.LASF2:
 648 022a 73686F72 		.ascii	"short int\000"
 648      7420696E 
 648      7400
 649              	.LASF32:
 650 0234 41544D5F 		.ascii	"ATM_UART_TXISR\000"
 650      55415254 
 650      5F545849 
 650      535200
 651              	.LASF4:
 652 0243 6C6F6E67 		.ascii	"long int\000"
 652      20696E74 
 652      00
 653              	.LASF11:
 654 024c 63686172 		.ascii	"char\000"
 654      00
 655              	.LASF22:
 656 0251 41544D5F 		.ascii	"ATM_UART_errorStatus\000"
 656      55415254 
 656      5F657272 
 656      6F725374 
 656      61747573 
 657              	.LASF14:
 658 0266 6C6F6E67 		.ascii	"long double\000"
ARM GAS  C:\Users\CCPOW_~1\AppData\Local\Temp\ccrMvHAY.s 			page 19


 658      20646F75 
 658      626C6500 
 659              	.LASF9:
 660 0272 666C6F61 		.ascii	"float\000"
 660      7400
 661              	.LASF0:
 662 0278 7369676E 		.ascii	"signed char\000"
 662      65642063 
 662      68617200 
 663              	.LASF16:
 664 0284 72656164 		.ascii	"readData\000"
 664      44617461 
 664      00
 665              	.LASF29:
 666 028d 47656E65 		.ascii	"Generated_Source\\PSoC4\\ATM_UART_INT.c\000"
 666      72617465 
 666      645F536F 
 666      75726365 
 666      5C50536F 
 667              		.ident	"GCC: (GNU Tools for ARM Embedded Processors) 5.4.1 20160609 (release) [ARM/embedded-5-bran
