ARM GAS  C:\Users\CCPOW_~1\AppData\Local\Temp\ccaNjOPK.s 			page 1


   1              		.syntax unified
   2              		.cpu cortex-m0
   3              		.fpu softvfp
   4              		.eabi_attribute 20, 1
   5              		.eabi_attribute 21, 1
   6              		.eabi_attribute 23, 3
   7              		.eabi_attribute 24, 1
   8              		.eabi_attribute 25, 1
   9              		.eabi_attribute 26, 1
  10              		.eabi_attribute 30, 1
  11              		.eabi_attribute 34, 0
  12              		.eabi_attribute 18, 4
  13              		.thumb
  14              		.syntax unified
  15              		.file	"main.c"
  16              		.text
  17              	.Ltext0:
  18              		.cfi_sections	.debug_frame
  19              		.section	.text.Reset_ISR,"ax",%progbits
  20              		.align	2
  21              		.global	Reset_ISR
  22              		.code	16
  23              		.thumb_func
  24              		.type	Reset_ISR, %function
  25              	Reset_ISR:
  26              	.LFB34:
  27              		.file 1 "main.c"
   1:main.c        **** /* ========================================
   2:main.c        ****  *
   3:main.c        ****  * Copyright YOUR COMPANY, THE YEAR
   4:main.c        ****  * All Rights Reserved
   5:main.c        ****  * UNPUBLISHED, LICENSED SOFTWARE.
   6:main.c        ****  *
   7:main.c        ****  * CONFIDENTIAL AND PROPRIETARY INFORMATION
   8:main.c        ****  * WHICH IS THE PROPERTY OF your company.
   9:main.c        ****  *
  10:main.c        ****  * ========================================
  11:main.c        **** */
  12:main.c        **** 
  13:main.c        **** #include "project.h"
  14:main.c        **** #include <stdlib.h>
  15:main.c        **** #include "usbserialprotocol.h"
  16:main.c        **** #include "SW1.h"
  17:main.c        **** #include "Reset_isr.h"
  18:main.c        **** #include "hydrogen.h"
  19:main.c        **** 
  20:main.c        **** #define PIN_LEN 8
  21:main.c        **** #define UUID_LEN 36
  22:main.c        **** #define R_LEN 32
  23:main.c        **** #define NONCE_LEN 32
  24:main.c        **** #define SIG_LEN 32
  25:main.c        **** #define PK_LEN 32
  26:main.c        **** 
  27:main.c        **** 
  28:main.c        **** #define PINCHG_SUC "SUCCESS"
  29:main.c        **** #define PROV_MSG "P"
  30:main.c        **** #define RECV_OK "K"
ARM GAS  C:\Users\CCPOW_~1\AppData\Local\Temp\ccaNjOPK.s 			page 2


  31:main.c        **** #define PIN_OK "OK"
  32:main.c        **** #define PIN_BAD "BAD"
  33:main.c        **** 
  34:main.c        **** #define REQUEST_NAME            0x00
  35:main.c        **** #define RETURN_NAME             0x01
  36:main.c        **** #define REQUEST_CARD_SIGNATURE  0x02
  37:main.c        **** #define RETURN_CARD_SIGNATURE   0x03
  38:main.c        **** #define REQUEST_NEW_PK          0x0C
  39:main.c        **** #define RETURN_NEW_PK           0x0D
  40:main.c        **** 
  41:main.c        **** 
  42:main.c        **** //CARD
  43:main.c        **** 
  44:main.c        **** /* 
  45:main.c        ****  * How to read from EEPROM (persistent memory):
  46:main.c        ****  * 
  47:main.c        ****  * // read variable:
  48:main.c        ****  * static const uint8 EEPROM_BUF_VAR[len] = { val1, val2, ... };
  49:main.c        ****  * // write variable:
  50:main.c        ****  * volatile const uint8 *ptr = EEPROM_BUF_VAR;
  51:main.c        ****  * 
  52:main.c        ****  * uint8 val1 = *ptr;
  53:main.c        ****  * uint8 buf[4] = { 0x01, 0x02, 0x03, 0x04 };
  54:main.c        ****  * USER_INFO_Write(message, EEPROM_BUF_VAR, 4u); 
  55:main.c        ****  */
  56:main.c        **** 
  57:main.c        **** // global EEPROM read variables
  58:main.c        **** static const uint8 R[R_LEN] = {};
  59:main.c        **** static const uint8 UUID[UUID_LEN] = {0x37, 0x33, 0x36, 0x35, 0x36, 0x33, 0x37, 0x35, 0x37, 0x32, 0x
  60:main.c        **** 
  61:main.c        **** // more variables
  62:main.c        **** uint8_t request[100]; // when HSM receives message
  63:main.c        **** uint8_t response[100]; // when HSM sends out a message
  64:main.c        **** uint8_t message_type;
  65:main.c        **** uint8_t r[32];
  66:main.c        **** uint32_t secret_key;
  67:main.c        **** 
  68:main.c        **** // libhydrogen variables
  69:main.c        **** hydro_sign_keypair key_pair;
  70:main.c        **** 
  71:main.c        **** uint8_t signature[32];
  72:main.c        **** hydro_sign_state st;
  73:main.c        **** 
  74:main.c        **** // reset interrupt on button press
  75:main.c        **** CY_ISR(Reset_ISR)
  76:main.c        **** {
  28              		.loc 1 76 0
  29              		.cfi_startproc
  30              		@ args = 0, pretend = 0, frame = 0
  31              		@ frame_needed = 0, uses_anonymous_args = 0
  32 0000 10B5     		push	{r4, lr}
  33              		.cfi_def_cfa_offset 8
  34              		.cfi_offset 4, -8
  35              		.cfi_offset 14, -4
  77:main.c        ****     pushMessage((uint8*)"In interrupt\n", strlen("In interrupt\n"));
  36              		.loc 1 77 0
  37 0002 0D21     		movs	r1, #13
ARM GAS  C:\Users\CCPOW_~1\AppData\Local\Temp\ccaNjOPK.s 			page 3


  38 0004 0348     		ldr	r0, .L2
  39 0006 FFF7FEFF 		bl	pushMessage
  40              	.LVL0:
  78:main.c        ****     SW1_ClearInterrupt();
  41              		.loc 1 78 0
  42 000a FFF7FEFF 		bl	SW1_ClearInterrupt
  43              	.LVL1:
  79:main.c        ****     CySoftwareReset();
  44              		.loc 1 79 0
  45 000e FFF7FEFF 		bl	CySoftwareReset
  46              	.LVL2:
  80:main.c        **** }
  47              		.loc 1 80 0
  48              		@ sp needed
  49 0012 10BD     		pop	{r4, pc}
  50              	.L3:
  51              		.align	2
  52              	.L2:
  53 0014 00000000 		.word	.LC0
  54              		.cfi_endproc
  55              	.LFE34:
  56              		.size	Reset_ISR, .-Reset_ISR
  57              		.section	.text.provision,"ax",%progbits
  58              		.align	2
  59              		.global	provision
  60              		.code	16
  61              		.thumb_func
  62              		.type	provision, %function
  63              	provision:
  64              	.LFB35:
  81:main.c        **** 
  82:main.c        **** // provisions card (should only ever be called once)
  83:main.c        **** void provision()
  84:main.c        **** {
  65              		.loc 1 84 0
  66              		.cfi_startproc
  67              		@ args = 0, pretend = 0, frame = 64
  68              		@ frame_needed = 0, uses_anonymous_args = 0
  69 0000 30B5     		push	{r4, r5, lr}
  70              		.cfi_def_cfa_offset 12
  71              		.cfi_offset 4, -12
  72              		.cfi_offset 5, -8
  73              		.cfi_offset 14, -4
  74 0002 91B0     		sub	sp, sp, #68
  75              		.cfi_def_cfa_offset 80
  85:main.c        ****     uint8 message[64];
  86:main.c        ****     
  87:main.c        ****     // synchronize with bank
  88:main.c        ****     syncConnection(SYNC_PROV);
  76              		.loc 1 88 0
  77 0004 0120     		movs	r0, #1
  78 0006 FFF7FEFF 		bl	syncConnection
  79              	.LVL3:
  89:main.c        ****  
  90:main.c        ****     pushMessage((uint8*)PROV_MSG, (uint8)strlen(PROV_MSG));
  80              		.loc 1 90 0
  81 000a 0121     		movs	r1, #1
ARM GAS  C:\Users\CCPOW_~1\AppData\Local\Temp\ccaNjOPK.s 			page 4


  82 000c 0F48     		ldr	r0, .L5
  83 000e FFF7FEFF 		bl	pushMessage
  84              	.LVL4:
  91:main.c        ****     
  92:main.c        ****     // get r (random)
  93:main.c        ****     pullMessage(message);
  85              		.loc 1 93 0
  86 0012 6846     		mov	r0, sp
  87 0014 FFF7FEFF 		bl	pullMessage
  88              	.LVL5:
  94:main.c        ****     USER_INFO_Write(message, R, R_LEN);
  89              		.loc 1 94 0
  90 0018 0D4C     		ldr	r4, .L5+4
  91 001a 2022     		movs	r2, #32
  92 001c 2100     		movs	r1, r4
  93 001e 6846     		mov	r0, sp
  94 0020 FFF7FEFF 		bl	USER_INFO_Write
  95              	.LVL6:
  95:main.c        ****     pushMessage((uint8*)RECV_OK, strlen(RECV_OK));         
  96              		.loc 1 95 0
  97 0024 0B4D     		ldr	r5, .L5+8
  98 0026 0121     		movs	r1, #1
  99 0028 2800     		movs	r0, r5
 100 002a FFF7FEFF 		bl	pushMessage
 101              	.LVL7:
  96:main.c        **** 
  97:main.c        ****     // set account number
  98:main.c        ****     pullMessage(message);
 102              		.loc 1 98 0
 103 002e 6846     		mov	r0, sp
 104 0030 FFF7FEFF 		bl	pullMessage
 105              	.LVL8:
  99:main.c        ****     USER_INFO_Write(message, UUID, UUID_LEN);
 106              		.loc 1 99 0
 107 0034 2100     		movs	r1, r4
 108 0036 2031     		adds	r1, r1, #32
 109 0038 2422     		movs	r2, #36
 110 003a 6846     		mov	r0, sp
 111 003c FFF7FEFF 		bl	USER_INFO_Write
 112              	.LVL9:
 100:main.c        ****     pushMessage((uint8*)RECV_OK, strlen(RECV_OK));
 113              		.loc 1 100 0
 114 0040 0121     		movs	r1, #1
 115 0042 2800     		movs	r0, r5
 116 0044 FFF7FEFF 		bl	pushMessage
 117              	.LVL10:
 101:main.c        **** }
 118              		.loc 1 101 0
 119 0048 11B0     		add	sp, sp, #68
 120              		@ sp needed
 121 004a 30BD     		pop	{r4, r5, pc}
 122              	.L6:
 123              		.align	2
 124              	.L5:
 125 004c 10000000 		.word	.LC2
 126 0050 00000000 		.word	.LANCHOR0
 127 0054 14000000 		.word	.LC5
ARM GAS  C:\Users\CCPOW_~1\AppData\Local\Temp\ccaNjOPK.s 			page 5


 128              		.cfi_endproc
 129              	.LFE35:
 130              		.size	provision, .-provision
 131              		.section	.text.main,"ax",%progbits
 132              		.align	2
 133              		.global	main
 134              		.code	16
 135              		.thumb_func
 136              		.type	main, %function
 137              	main:
 138              	.LFB36:
 102:main.c        **** 
 103:main.c        **** 
 104:main.c        **** int main(void)
 105:main.c        **** {
 139              		.loc 1 105 0
 140              		.cfi_startproc
 141              		@ args = 0, pretend = 0, frame = 328
 142              		@ frame_needed = 0, uses_anonymous_args = 0
 143 0000 10B5     		push	{r4, lr}
 144              		.cfi_def_cfa_offset 8
 145              		.cfi_offset 4, -8
 146              		.cfi_offset 14, -4
 147 0002 D6B0     		sub	sp, sp, #344
 148              		.cfi_def_cfa_offset 352
 106:main.c        ****     // enable global interrupts -- DO NOT DELETE
 107:main.c        ****     CyGlobalIntEnable;
 149              		.loc 1 107 0
 150              		.syntax divided
 151              	@ 107 "main.c" 1
 152 0004 62B6     		CPSIE   i
 153              	@ 0 "" 2
 108:main.c        ****     
 109:main.c        ****     // start reset button
 110:main.c        ****     Reset_isr_StartEx(Reset_ISR);
 154              		.loc 1 110 0
 155              		.thumb
 156              		.syntax unified
 157 0006 5748     		ldr	r0, .L27
 158 0008 FFF7FEFF 		bl	Reset_isr_StartEx
 159              	.LVL11:
 111:main.c        ****     
 112:main.c        ****     /* Declare vairables here */
 113:main.c        ****     uint8 i;
 114:main.c        ****     uint8 message[128];
 115:main.c        ****     
 116:main.c        ****     // local EEPROM read variable
 117:main.c        ****     static const uint8 PROVISIONED[1] = {0x00};
 118:main.c        ****     
 119:main.c        ****     // EEPROM write variable
 120:main.c        ****     volatile const uint8 *ptr;
 121:main.c        ****     
 122:main.c        ****     /* Place your initialization/startup code here (e.g. MyInst_Start()) */
 123:main.c        ****     USER_INFO_Start();
 160              		.loc 1 123 0
 161 000c FFF7FEFF 		bl	USER_INFO_Start
 162              	.LVL12:
ARM GAS  C:\Users\CCPOW_~1\AppData\Local\Temp\ccaNjOPK.s 			page 6


 124:main.c        ****     USB_UART_Start();
 163              		.loc 1 124 0
 164 0010 FFF7FEFF 		bl	USB_UART_Start
 165              	.LVL13:
 125:main.c        ****     
 126:main.c        ****     // Provision card if on first boot
 127:main.c        ****     ptr = PROVISIONED;
 128:main.c        ****     if (*ptr == 0x00) {
 166              		.loc 1 128 0
 167 0014 4423     		movs	r3, #68
 168 0016 544A     		ldr	r2, .L27+4
 169 0018 D35C     		ldrb	r3, [r2, r3]
 170 001a 002B     		cmp	r3, #0
 171 001c 0BD1     		bne	.L10
 129:main.c        ****         provision();
 172              		.loc 1 129 0
 173 001e FFF7FEFF 		bl	provision
 174              	.LVL14:
 130:main.c        ****         
 131:main.c        ****         // Mark as provisioned
 132:main.c        ****         i = 0x01;
 175              		.loc 1 132 0
 176 0022 5820     		movs	r0, #88
 177 0024 FF30     		adds	r0, r0, #255
 178 0026 6844     		add	r0, r0, sp
 179 0028 0123     		movs	r3, #1
 180 002a 0370     		strb	r3, [r0]
 133:main.c        ****         USER_INFO_Write(&i,PROVISIONED, 1u);
 181              		.loc 1 133 0
 182 002c 0122     		movs	r2, #1
 183 002e 4E49     		ldr	r1, .L27+4
 184 0030 4431     		adds	r1, r1, #68
 185 0032 FFF7FEFF 		bl	USER_INFO_Write
 186              	.LVL15:
 187              	.L10:
 188              	.LBB2:
 134:main.c        ****     }
 135:main.c        ****     
 136:main.c        ****     // Go into infinite loop
 137:main.c        ****     while (1) {
 138:main.c        ****         //get message type
 139:main.c        ****         syncConnection(SYNC_NORM);
 189              		.loc 1 139 0
 190 0036 0020     		movs	r0, #0
 191 0038 FFF7FEFF 		bl	syncConnection
 192              	.LVL16:
 140:main.c        ****         pullMessage2(message, (uint8)1);
 193              		.loc 1 140 0
 194 003c 0121     		movs	r1, #1
 195 003e 35A8     		add	r0, sp, #212
 196 0040 FFF7FEFF 		bl	pullMessage2
 197              	.LVL17:
 141:main.c        **** 	    message_type = request[0];
 198              		.loc 1 141 0
 199 0044 494B     		ldr	r3, .L27+8
 200 0046 1B78     		ldrb	r3, [r3]
 201 0048 494A     		ldr	r2, .L27+12
ARM GAS  C:\Users\CCPOW_~1\AppData\Local\Temp\ccaNjOPK.s 			page 7


 202 004a 1370     		strb	r3, [r2]
 142:main.c        **** 	    
 143:main.c        ****         int j;
 144:main.c        **** 	    switch(message_type)
 203              		.loc 1 144 0
 204 004c 022B     		cmp	r3, #2
 205 004e 1FD0     		beq	.L25
 206 0050 0C2B     		cmp	r3, #12
 207 0052 60D0     		beq	.L26
 208 0054 002B     		cmp	r3, #0
 209 0056 EED1     		bne	.L10
 145:main.c        **** 	    {
 146:main.c        **** 	        case REQUEST_NAME:
 147:main.c        ****             {
 148:main.c        **** 		        response[0] = RETURN_NAME;
 210              		.loc 1 148 0
 211 0058 0122     		movs	r2, #1
 212 005a 464B     		ldr	r3, .L27+16
 213 005c 1A70     		strb	r2, [r3]
 214              	.LVL18:
 149:main.c        **** 		        for (j = 0; j < UUID_LEN; j++)
 215              		.loc 1 149 0
 216 005e 0023     		movs	r3, #0
 217 0060 07E0     		b	.L14
 218              	.LVL19:
 219              	.L15:
 150:main.c        **** 		        {
 151:main.c        **** 		            response[j+1] = UUID[j];
 220              		.loc 1 151 0 discriminator 3
 221 0062 5A1C     		adds	r2, r3, #1
 222 0064 4049     		ldr	r1, .L27+4
 223 0066 CB18     		adds	r3, r1, r3
 224              	.LVL20:
 225 0068 2021     		movs	r1, #32
 226 006a 595C     		ldrb	r1, [r3, r1]
 227 006c 414B     		ldr	r3, .L27+16
 228 006e 9954     		strb	r1, [r3, r2]
 229              	.LVL21:
 149:main.c        **** 		        for (j = 0; j < UUID_LEN; j++)
 230              		.loc 1 149 0 discriminator 3
 231 0070 1300     		movs	r3, r2
 232              	.LVL22:
 233              	.L14:
 149:main.c        **** 		        for (j = 0; j < UUID_LEN; j++)
 234              		.loc 1 149 0 is_stmt 0 discriminator 1
 235 0072 232B     		cmp	r3, #35
 236 0074 F5DD     		ble	.L15
 152:main.c        **** 		        }
 153:main.c        **** 		        pushMessage(response, UUID_LEN);
 237              		.loc 1 153 0 is_stmt 1
 238 0076 2421     		movs	r1, #36
 239 0078 3E48     		ldr	r0, .L27+16
 240 007a FFF7FEFF 		bl	pushMessage
 241              	.LVL23:
 154:main.c        **** 		        break;
 242              		.loc 1 154 0
 243 007e DAE7     		b	.L10
ARM GAS  C:\Users\CCPOW_~1\AppData\Local\Temp\ccaNjOPK.s 			page 8


 244              	.LVL24:
 245              	.L17:
 246              	.LBB3:
 155:main.c        ****             }
 156:main.c        **** 	        case REQUEST_CARD_SIGNATURE:
 157:main.c        ****             {
 158:main.c        **** 		        int nonce[32];
 159:main.c        **** 		        for (j = 0; j < NONCE_LEN; j++)
 160:main.c        **** 		        {
 161:main.c        **** 		            nonce[j] = request[j+1];
 247              		.loc 1 161 0 discriminator 3
 248 0080 5A1C     		adds	r2, r3, #1
 249 0082 3A49     		ldr	r1, .L27+8
 250 0084 885C     		ldrb	r0, [r1, r2]
 251 0086 9B00     		lsls	r3, r3, #2
 252              	.LVL25:
 253 0088 15A9     		add	r1, sp, #84
 254 008a 5850     		str	r0, [r3, r1]
 255              	.LVL26:
 159:main.c        **** 		        {
 256              		.loc 1 159 0 discriminator 3
 257 008c 1300     		movs	r3, r2
 258 008e 00E0     		b	.L11
 259              	.LVL27:
 260              	.L25:
 261              	.LBE3:
 144:main.c        **** 	    {
 262              		.loc 1 144 0
 263 0090 0023     		movs	r3, #0
 264              	.L11:
 265              	.LVL28:
 266              	.LBB4:
 159:main.c        **** 		        {
 267              		.loc 1 159 0 discriminator 1
 268 0092 1F2B     		cmp	r3, #31
 269 0094 F4DD     		ble	.L17
 270 0096 0023     		movs	r3, #0
 271              	.LVL29:
 272 0098 07E0     		b	.L18
 273              	.LVL30:
 274              	.L19:
 162:main.c        **** 		        }
 163:main.c        **** 
 164:main.c        **** 		        int pin[8];
 165:main.c        **** 		        for (j = 0; j < PIN_LEN; j++)
 166:main.c        **** 		        {
 167:main.c        **** 		            pin[j] = request[NONCE_LEN + 1 + j];
 275              		.loc 1 167 0 discriminator 3
 276 009a 1A00     		movs	r2, r3
 277 009c 2132     		adds	r2, r2, #33
 278 009e 3349     		ldr	r1, .L27+8
 279 00a0 885C     		ldrb	r0, [r1, r2]
 280 00a2 9900     		lsls	r1, r3, #2
 281 00a4 05AA     		add	r2, sp, #20
 282 00a6 8850     		str	r0, [r1, r2]
 165:main.c        **** 		        {
 283              		.loc 1 165 0 discriminator 3
ARM GAS  C:\Users\CCPOW_~1\AppData\Local\Temp\ccaNjOPK.s 			page 9


 284 00a8 0133     		adds	r3, r3, #1
 285              	.LVL31:
 286              	.L18:
 165:main.c        **** 		        {
 287              		.loc 1 165 0 is_stmt 0 discriminator 1
 288 00aa 072B     		cmp	r3, #7
 289 00ac F5DD     		ble	.L19
 168:main.c        **** 		        }
 169:main.c        **** 
 170:main.c        ****         		// Get the seed value by encrypting the PIN with R
 171:main.c        ****         		uint8_t ciphertext[32];
 172:main.c        ****         		hydro_secretbox_encrypt(ciphertext, pin, PIN_LEN, 0, "__seed__", R);
 290              		.loc 1 172 0 is_stmt 1
 291 00ae 2E4B     		ldr	r3, .L27+4
 292              	.LVL32:
 293 00b0 0393     		str	r3, [sp, #12]
 294 00b2 314B     		ldr	r3, .L27+20
 295 00b4 0293     		str	r3, [sp, #8]
 296 00b6 0022     		movs	r2, #0
 297 00b8 0023     		movs	r3, #0
 298 00ba 0092     		str	r2, [sp]
 299 00bc 0193     		str	r3, [sp, #4]
 300 00be 0832     		adds	r2, r2, #8
 301 00c0 05A9     		add	r1, sp, #20
 302 00c2 0DA8     		add	r0, sp, #52
 303 00c4 FFF7FEFF 		bl	hydro_secretbox_encrypt
 304              	.LVL33:
 173:main.c        **** 
 174:main.c        ****         		// Get the public and the secret key
 175:main.c        ****         		hydro_sign_keygen_deterministic(&key_pair, ciphertext);
 305              		.loc 1 175 0
 306 00c8 2C4C     		ldr	r4, .L27+24
 307 00ca 0DA9     		add	r1, sp, #52
 308 00cc 2000     		movs	r0, r4
 309 00ce FFF7FEFF 		bl	hydro_sign_keygen_deterministic
 310              	.LVL34:
 176:main.c        **** 
 177:main.c        ****         		// generate signature
 178:main.c        ****         		hydro_sign_create(signature, nonce, NONCE_LEN, "__sign__", key_pair.sk);
 311              		.loc 1 178 0
 312 00d2 2034     		adds	r4, r4, #32
 313 00d4 0094     		str	r4, [sp]
 314 00d6 2A4B     		ldr	r3, .L27+28
 315 00d8 2022     		movs	r2, #32
 316 00da 15A9     		add	r1, sp, #84
 317 00dc 2948     		ldr	r0, .L27+32
 318 00de FFF7FEFF 		bl	hydro_sign_create
 319              	.LVL35:
 179:main.c        **** 
 180:main.c        ****         		response[0] = RETURN_CARD_SIGNATURE;
 320              		.loc 1 180 0
 321 00e2 0322     		movs	r2, #3
 322 00e4 234B     		ldr	r3, .L27+16
 323 00e6 1A70     		strb	r2, [r3]
 324              	.LVL36:
 181:main.c        ****         		for (j = 0; j < SIG_LEN; j++)
 325              		.loc 1 181 0
ARM GAS  C:\Users\CCPOW_~1\AppData\Local\Temp\ccaNjOPK.s 			page 10


 326 00e8 0023     		movs	r3, #0
 327 00ea 05E0     		b	.L20
 328              	.LVL37:
 329              	.L21:
 182:main.c        ****                         {
 183:main.c        ****                            response[j+1] = signature[j];
 330              		.loc 1 183 0 discriminator 3
 331 00ec 5A1C     		adds	r2, r3, #1
 332 00ee 2549     		ldr	r1, .L27+32
 333 00f0 C95C     		ldrb	r1, [r1, r3]
 334 00f2 204B     		ldr	r3, .L27+16
 335              	.LVL38:
 336 00f4 9954     		strb	r1, [r3, r2]
 337              	.LVL39:
 181:main.c        ****         		for (j = 0; j < SIG_LEN; j++)
 338              		.loc 1 181 0 discriminator 3
 339 00f6 1300     		movs	r3, r2
 340              	.LVL40:
 341              	.L20:
 181:main.c        ****         		for (j = 0; j < SIG_LEN; j++)
 342              		.loc 1 181 0 is_stmt 0 discriminator 1
 343 00f8 1F2B     		cmp	r3, #31
 344 00fa F7DD     		ble	.L21
 184:main.c        ****                         }
 185:main.c        ****         		pushMessage(response, SIG_LEN);
 345              		.loc 1 185 0 is_stmt 1
 346 00fc 2021     		movs	r1, #32
 347 00fe 1D48     		ldr	r0, .L27+16
 348 0100 FFF7FEFF 		bl	pushMessage
 349              	.LVL41:
 350 0104 97E7     		b	.L10
 351              	.LVL42:
 352              	.L22:
 353              	.LBE4:
 354              	.LBB5:
 186:main.c        ****         		break;
 187:main.c        ****             }
 188:main.c        **** 
 189:main.c        ****     	    case REQUEST_NEW_PK:
 190:main.c        ****             {
 191:main.c        ****         		int pin[8];
 192:main.c        ****                         for (j = 0; j < PIN_LEN; j++)
 193:main.c        ****                         {
 194:main.c        ****                             pin[j] = request[1 + j];
 355              		.loc 1 194 0 discriminator 3
 356 0106 5A1C     		adds	r2, r3, #1
 357 0108 1849     		ldr	r1, .L27+8
 358 010a 885C     		ldrb	r0, [r1, r2]
 359 010c 9B00     		lsls	r3, r3, #2
 360              	.LVL43:
 361 010e 0DA9     		add	r1, sp, #52
 362 0110 5850     		str	r0, [r3, r1]
 363              	.LVL44:
 192:main.c        ****                         {
 364              		.loc 1 192 0 discriminator 3
 365 0112 1300     		movs	r3, r2
 366 0114 00E0     		b	.L12
ARM GAS  C:\Users\CCPOW_~1\AppData\Local\Temp\ccaNjOPK.s 			page 11


 367              	.LVL45:
 368              	.L26:
 369              	.LBE5:
 144:main.c        **** 	    {
 370              		.loc 1 144 0
 371 0116 0023     		movs	r3, #0
 372              	.L12:
 373              	.LVL46:
 374              	.LBB6:
 192:main.c        ****                         {
 375              		.loc 1 192 0 discriminator 1
 376 0118 072B     		cmp	r3, #7
 377 011a F4DD     		ble	.L22
 195:main.c        ****                         }
 196:main.c        ****         		
 197:main.c        ****         		// Get the seed value by encrypting the PIN with R
 198:main.c        ****                         uint8_t ciphertext[32];
 199:main.c        ****                         hydro_secretbox_encrypt(ciphertext, pin, PIN_LEN, 0, "__seed__", R);
 378              		.loc 1 199 0
 379 011c 124B     		ldr	r3, .L27+4
 380              	.LVL47:
 381 011e 0393     		str	r3, [sp, #12]
 382 0120 154B     		ldr	r3, .L27+20
 383 0122 0293     		str	r3, [sp, #8]
 384 0124 0022     		movs	r2, #0
 385 0126 0023     		movs	r3, #0
 386 0128 0092     		str	r2, [sp]
 387 012a 0193     		str	r3, [sp, #4]
 388 012c 0832     		adds	r2, r2, #8
 389 012e 0DA9     		add	r1, sp, #52
 390 0130 15A8     		add	r0, sp, #84
 391 0132 FFF7FEFF 		bl	hydro_secretbox_encrypt
 392              	.LVL48:
 200:main.c        **** 
 201:main.c        ****                         // Get the public and the secret key
 202:main.c        ****                         hydro_sign_keygen_deterministic(&key_pair, ciphertext);
 393              		.loc 1 202 0
 394 0136 15A9     		add	r1, sp, #84
 395 0138 1048     		ldr	r0, .L27+24
 396 013a FFF7FEFF 		bl	hydro_sign_keygen_deterministic
 397              	.LVL49:
 203:main.c        **** 
 204:main.c        ****         		response[0] = RETURN_NEW_PK;
 398              		.loc 1 204 0
 399 013e 0D22     		movs	r2, #13
 400 0140 0C4B     		ldr	r3, .L27+16
 401 0142 1A70     		strb	r2, [r3]
 402              	.LVL50:
 205:main.c        ****         		for (j = 0; j < hydro_sign_PUBLICKEYBYTES; j++)
 403              		.loc 1 205 0
 404 0144 0023     		movs	r3, #0
 405 0146 05E0     		b	.L23
 406              	.LVL51:
 407              	.L24:
 206:main.c        ****                         {
 207:main.c        ****                            response[j+1] = key_pair.pk[j];
 408              		.loc 1 207 0 discriminator 3
ARM GAS  C:\Users\CCPOW_~1\AppData\Local\Temp\ccaNjOPK.s 			page 12


 409 0148 5A1C     		adds	r2, r3, #1
 410 014a 0C49     		ldr	r1, .L27+24
 411 014c C95C     		ldrb	r1, [r1, r3]
 412 014e 094B     		ldr	r3, .L27+16
 413              	.LVL52:
 414 0150 9954     		strb	r1, [r3, r2]
 415              	.LVL53:
 205:main.c        ****         		for (j = 0; j < hydro_sign_PUBLICKEYBYTES; j++)
 416              		.loc 1 205 0 discriminator 3
 417 0152 1300     		movs	r3, r2
 418              	.LVL54:
 419              	.L23:
 205:main.c        ****         		for (j = 0; j < hydro_sign_PUBLICKEYBYTES; j++)
 420              		.loc 1 205 0 is_stmt 0 discriminator 1
 421 0154 1F2B     		cmp	r3, #31
 422 0156 F7DD     		ble	.L24
 208:main.c        ****                         }
 209:main.c        ****                         pushMessage(response, PK_LEN);
 423              		.loc 1 209 0 is_stmt 1
 424 0158 2021     		movs	r1, #32
 425 015a 0648     		ldr	r0, .L27+16
 426 015c FFF7FEFF 		bl	pushMessage
 427              	.LVL55:
 428 0160 69E7     		b	.L10
 429              	.L28:
 430 0162 C046     		.align	2
 431              	.L27:
 432 0164 00000000 		.word	Reset_ISR
 433 0168 00000000 		.word	.LANCHOR0
 434 016c 00000000 		.word	request
 435 0170 00000000 		.word	message_type
 436 0174 00000000 		.word	response
 437 0178 18000000 		.word	.LC13
 438 017c 00000000 		.word	key_pair
 439 0180 24000000 		.word	.LC16
 440 0184 00000000 		.word	signature
 441              	.LBE6:
 442              	.LBE2:
 443              		.cfi_endproc
 444              	.LFE36:
 445              		.size	main, .-main
 446              		.comm	st,52,4
 447              		.comm	signature,32,4
 448              		.comm	key_pair,96,4
 449              		.comm	secret_key,4,4
 450              		.comm	r,32,4
 451              		.comm	message_type,1,1
 452              		.comm	response,100,4
 453              		.comm	request,100,4
 454              		.section	.rodata
 455              		.align	2
 456              		.set	.LANCHOR0,. + 0
 457              		.type	R, %object
 458              		.size	R, 32
 459              	R:
 460 0000 00000000 		.space	32
 460      00000000 
ARM GAS  C:\Users\CCPOW_~1\AppData\Local\Temp\ccaNjOPK.s 			page 13


 460      00000000 
 460      00000000 
 460      00000000 
 461              		.type	UUID, %object
 462              		.size	UUID, 36
 463              	UUID:
 464 0020 37       		.byte	55
 465 0021 33       		.byte	51
 466 0022 36       		.byte	54
 467 0023 35       		.byte	53
 468 0024 36       		.byte	54
 469 0025 33       		.byte	51
 470 0026 37       		.byte	55
 471 0027 35       		.byte	53
 472 0028 37       		.byte	55
 473 0029 32       		.byte	50
 474 002a 36       		.byte	54
 475 002b 39       		.byte	57
 476 002c 37       		.byte	55
 477 002d 34       		.byte	52
 478 002e 37       		.byte	55
 479 002f 39       		.byte	57
 480 0030 00000000 		.space	20
 480      00000000 
 480      00000000 
 480      00000000 
 480      00000000 
 481              		.type	PROVISIONED.6102, %object
 482              		.size	PROVISIONED.6102, 1
 483              	PROVISIONED.6102:
 484 0044 00       		.space	1
 485              		.section	.rodata.str1.4,"aMS",%progbits,1
 486              		.align	2
 487              	.LC0:
 488 0000 496E2069 		.ascii	"In interrupt\012\000"
 488      6E746572 
 488      72757074 
 488      0A00
 489 000e 0000     		.space	2
 490              	.LC2:
 491 0010 5000     		.ascii	"P\000"
 492 0012 0000     		.space	2
 493              	.LC5:
 494 0014 4B00     		.ascii	"K\000"
 495 0016 0000     		.space	2
 496              	.LC13:
 497 0018 5F5F7365 		.ascii	"__seed__\000"
 497      65645F5F 
 497      00
 498 0021 000000   		.space	3
 499              	.LC16:
 500 0024 5F5F7369 		.ascii	"__sign__\000"
 500      676E5F5F 
 500      00
 501              		.text
 502              	.Letext0:
 503              		.file 2 "d:\\programs\\psoccreator\\psoc creator\\4.1\\psoc creator\\import\\gnu\\arm\\5.4.1\\arm-
ARM GAS  C:\Users\CCPOW_~1\AppData\Local\Temp\ccaNjOPK.s 			page 14


 504              		.file 3 "d:\\programs\\psoccreator\\psoc creator\\4.1\\psoc creator\\import\\gnu\\arm\\5.4.1\\arm-
 505              		.file 4 "Generated_Source\\PSoC4/cytypes.h"
 506              		.file 5 "..\\bank_server\\wrapper\\libhydrogen/hydrogen.h"
 507              		.file 6 "usbserialprotocol.h"
 508              		.file 7 "Generated_Source\\PSoC4/SW1.h"
 509              		.file 8 "Generated_Source\\PSoC4/CyLib.h"
 510              		.file 9 "Generated_Source\\PSoC4/USER_INFO.h"
 511              		.file 10 "Generated_Source\\PSoC4/Reset_isr.h"
 512              		.file 11 "Generated_Source\\PSoC4/USB_UART.h"
 513              		.section	.debug_info,"",%progbits
 514              	.Ldebug_info0:
 515 0000 03070000 		.4byte	0x703
 516 0004 0400     		.2byte	0x4
 517 0006 00000000 		.4byte	.Ldebug_abbrev0
 518 000a 04       		.byte	0x4
 519 000b 01       		.uleb128 0x1
 520 000c A0000000 		.4byte	.LASF50
 521 0010 0C       		.byte	0xc
 522 0011 89020000 		.4byte	.LASF51
 523 0015 D3020000 		.4byte	.LASF52
 524 0019 30000000 		.4byte	.Ldebug_ranges0+0x30
 525 001d 00000000 		.4byte	0
 526 0021 00000000 		.4byte	.Ldebug_line0
 527 0025 02       		.uleb128 0x2
 528 0026 01       		.byte	0x1
 529 0027 06       		.byte	0x6
 530 0028 C1010000 		.4byte	.LASF0
 531 002c 03       		.uleb128 0x3
 532 002d 84010000 		.4byte	.LASF5
 533 0031 02       		.byte	0x2
 534 0032 1D       		.byte	0x1d
 535 0033 37000000 		.4byte	0x37
 536 0037 02       		.uleb128 0x2
 537 0038 01       		.byte	0x1
 538 0039 08       		.byte	0x8
 539 003a A0010000 		.4byte	.LASF1
 540 003e 02       		.uleb128 0x2
 541 003f 02       		.byte	0x2
 542 0040 05       		.byte	0x5
 543 0041 44000000 		.4byte	.LASF2
 544 0045 02       		.uleb128 0x2
 545 0046 02       		.byte	0x2
 546 0047 07       		.byte	0x7
 547 0048 47020000 		.4byte	.LASF3
 548 004c 02       		.uleb128 0x2
 549 004d 04       		.byte	0x4
 550 004e 05       		.byte	0x5
 551 004f 64020000 		.4byte	.LASF4
 552 0053 03       		.uleb128 0x3
 553 0054 6C000000 		.4byte	.LASF6
 554 0058 02       		.byte	0x2
 555 0059 41       		.byte	0x41
 556 005a 5E000000 		.4byte	0x5e
 557 005e 02       		.uleb128 0x2
 558 005f 04       		.byte	0x4
 559 0060 07       		.byte	0x7
 560 0061 02020000 		.4byte	.LASF7
ARM GAS  C:\Users\CCPOW_~1\AppData\Local\Temp\ccaNjOPK.s 			page 15


 561 0065 02       		.uleb128 0x2
 562 0066 08       		.byte	0x8
 563 0067 05       		.byte	0x5
 564 0068 5C010000 		.4byte	.LASF8
 565 006c 02       		.uleb128 0x2
 566 006d 08       		.byte	0x8
 567 006e 07       		.byte	0x7
 568 006f CD010000 		.4byte	.LASF9
 569 0073 04       		.uleb128 0x4
 570 0074 04       		.byte	0x4
 571 0075 05       		.byte	0x5
 572 0076 696E7400 		.ascii	"int\000"
 573 007a 02       		.uleb128 0x2
 574 007b 04       		.byte	0x4
 575 007c 07       		.byte	0x7
 576 007d ED010000 		.4byte	.LASF10
 577 0081 03       		.uleb128 0x3
 578 0082 2E010000 		.4byte	.LASF11
 579 0086 03       		.byte	0x3
 580 0087 18       		.byte	0x18
 581 0088 2C000000 		.4byte	0x2c
 582 008c 03       		.uleb128 0x3
 583 008d E4010000 		.4byte	.LASF12
 584 0091 03       		.byte	0x3
 585 0092 30       		.byte	0x30
 586 0093 53000000 		.4byte	0x53
 587 0097 05       		.uleb128 0x5
 588 0098 43010000 		.4byte	.LASF13
 589 009c 04       		.byte	0x4
 590 009d B901     		.2byte	0x1b9
 591 009f 37000000 		.4byte	0x37
 592 00a3 02       		.uleb128 0x2
 593 00a4 04       		.byte	0x4
 594 00a5 04       		.byte	0x4
 595 00a6 56010000 		.4byte	.LASF14
 596 00aa 02       		.uleb128 0x2
 597 00ab 08       		.byte	0x8
 598 00ac 04       		.byte	0x4
 599 00ad 98020000 		.4byte	.LASF15
 600 00b1 02       		.uleb128 0x2
 601 00b2 01       		.byte	0x1
 602 00b3 08       		.byte	0x8
 603 00b4 5F020000 		.4byte	.LASF16
 604 00b8 02       		.uleb128 0x2
 605 00b9 08       		.byte	0x8
 606 00ba 04       		.byte	0x4
 607 00bb 8E010000 		.4byte	.LASF17
 608 00bf 02       		.uleb128 0x2
 609 00c0 04       		.byte	0x4
 610 00c1 07       		.byte	0x7
 611 00c2 4E000000 		.4byte	.LASF18
 612 00c6 06       		.uleb128 0x6
 613 00c7 0F030000 		.4byte	.LASF22
 614 00cb 34       		.byte	0x34
 615 00cc 05       		.byte	0x5
 616 00cd 41       		.byte	0x41
 617 00ce F7000000 		.4byte	0xf7
ARM GAS  C:\Users\CCPOW_~1\AppData\Local\Temp\ccaNjOPK.s 			page 16


 618 00d2 07       		.uleb128 0x7
 619 00d3 33000000 		.4byte	.LASF19
 620 00d7 05       		.byte	0x5
 621 00d8 42       		.byte	0x42
 622 00d9 F7000000 		.4byte	0xf7
 623 00dd 00       		.byte	0
 624 00de 07       		.uleb128 0x7
 625 00df FA010000 		.4byte	.LASF20
 626 00e3 05       		.byte	0x5
 627 00e4 43       		.byte	0x43
 628 00e5 81000000 		.4byte	0x81
 629 00e9 30       		.byte	0x30
 630 00ea 07       		.uleb128 0x7
 631 00eb C3020000 		.4byte	.LASF21
 632 00ef 05       		.byte	0x5
 633 00f0 44       		.byte	0x44
 634 00f1 07010000 		.4byte	0x107
 635 00f5 31       		.byte	0x31
 636 00f6 00       		.byte	0
 637 00f7 08       		.uleb128 0x8
 638 00f8 8C000000 		.4byte	0x8c
 639 00fc 07010000 		.4byte	0x107
 640 0100 09       		.uleb128 0x9
 641 0101 BF000000 		.4byte	0xbf
 642 0105 0B       		.byte	0xb
 643 0106 00       		.byte	0
 644 0107 08       		.uleb128 0x8
 645 0108 81000000 		.4byte	0x81
 646 010c 17010000 		.4byte	0x117
 647 0110 09       		.uleb128 0x9
 648 0111 BF000000 		.4byte	0xbf
 649 0115 02       		.byte	0x2
 650 0116 00       		.byte	0
 651 0117 03       		.uleb128 0x3
 652 0118 0F030000 		.4byte	.LASF22
 653 011c 05       		.byte	0x5
 654 011d 45       		.byte	0x45
 655 011e C6000000 		.4byte	0xc6
 656 0122 06       		.uleb128 0x6
 657 0123 A8020000 		.4byte	.LASF23
 658 0127 34       		.byte	0x34
 659 0128 05       		.byte	0x5
 660 0129 84       		.byte	0x84
 661 012a 3B010000 		.4byte	0x13b
 662 012e 07       		.uleb128 0x7
 663 012f 98000000 		.4byte	.LASF24
 664 0133 05       		.byte	0x5
 665 0134 85       		.byte	0x85
 666 0135 17010000 		.4byte	0x117
 667 0139 00       		.byte	0
 668 013a 00       		.byte	0
 669 013b 03       		.uleb128 0x3
 670 013c A8020000 		.4byte	.LASF23
 671 0140 05       		.byte	0x5
 672 0141 86       		.byte	0x86
 673 0142 22010000 		.4byte	0x122
 674 0146 06       		.uleb128 0x6
ARM GAS  C:\Users\CCPOW_~1\AppData\Local\Temp\ccaNjOPK.s 			page 17


 675 0147 AE010000 		.4byte	.LASF25
 676 014b 60       		.byte	0x60
 677 014c 05       		.byte	0x5
 678 014d 88       		.byte	0x88
 679 014e 69010000 		.4byte	0x169
 680 0152 0A       		.uleb128 0xa
 681 0153 706B00   		.ascii	"pk\000"
 682 0156 05       		.byte	0x5
 683 0157 89       		.byte	0x89
 684 0158 69010000 		.4byte	0x169
 685 015c 00       		.byte	0
 686 015d 0A       		.uleb128 0xa
 687 015e 736B00   		.ascii	"sk\000"
 688 0161 05       		.byte	0x5
 689 0162 8A       		.byte	0x8a
 690 0163 79010000 		.4byte	0x179
 691 0167 20       		.byte	0x20
 692 0168 00       		.byte	0
 693 0169 08       		.uleb128 0x8
 694 016a 81000000 		.4byte	0x81
 695 016e 79010000 		.4byte	0x179
 696 0172 09       		.uleb128 0x9
 697 0173 BF000000 		.4byte	0xbf
 698 0177 1F       		.byte	0x1f
 699 0178 00       		.byte	0
 700 0179 08       		.uleb128 0x8
 701 017a 81000000 		.4byte	0x81
 702 017e 89010000 		.4byte	0x189
 703 0182 09       		.uleb128 0x9
 704 0183 BF000000 		.4byte	0xbf
 705 0187 3F       		.byte	0x3f
 706 0188 00       		.byte	0
 707 0189 03       		.uleb128 0x3
 708 018a AE010000 		.4byte	.LASF25
 709 018e 05       		.byte	0x5
 710 018f 8B       		.byte	0x8b
 711 0190 46010000 		.4byte	0x146
 712 0194 0B       		.uleb128 0xb
 713 0195 B9020000 		.4byte	.LASF53
 714 0199 01       		.byte	0x1
 715 019a 4B       		.byte	0x4b
 716 019b 00000000 		.4byte	.LFB34
 717 019f 18000000 		.4byte	.LFE34-.LFB34
 718 01a3 01       		.uleb128 0x1
 719 01a4 9C       		.byte	0x9c
 720 01a5 D8010000 		.4byte	0x1d8
 721 01a9 0C       		.uleb128 0xc
 722 01aa 0A000000 		.4byte	.LVL0
 723 01ae 77060000 		.4byte	0x677
 724 01b2 C5010000 		.4byte	0x1c5
 725 01b6 0D       		.uleb128 0xd
 726 01b7 01       		.uleb128 0x1
 727 01b8 50       		.byte	0x50
 728 01b9 05       		.uleb128 0x5
 729 01ba 03       		.byte	0x3
 730 01bb 00000000 		.4byte	.LC0
 731 01bf 0D       		.uleb128 0xd
ARM GAS  C:\Users\CCPOW_~1\AppData\Local\Temp\ccaNjOPK.s 			page 18


 732 01c0 01       		.uleb128 0x1
 733 01c1 51       		.byte	0x51
 734 01c2 01       		.uleb128 0x1
 735 01c3 3D       		.byte	0x3d
 736 01c4 00       		.byte	0
 737 01c5 0E       		.uleb128 0xe
 738 01c6 0E000000 		.4byte	.LVL1
 739 01ca 82060000 		.4byte	0x682
 740 01ce 0E       		.uleb128 0xe
 741 01cf 12000000 		.4byte	.LVL2
 742 01d3 8D060000 		.4byte	0x68d
 743 01d7 00       		.byte	0
 744 01d8 0F       		.uleb128 0xf
 745 01d9 50030000 		.4byte	.LASF54
 746 01dd 01       		.byte	0x1
 747 01de 53       		.byte	0x53
 748 01df 00000000 		.4byte	.LFB35
 749 01e3 58000000 		.4byte	.LFE35-.LFB35
 750 01e7 01       		.uleb128 0x1
 751 01e8 9C       		.byte	0x9c
 752 01e9 C2020000 		.4byte	0x2c2
 753 01ed 10       		.uleb128 0x10
 754 01ee 90020000 		.4byte	.LASF26
 755 01f2 01       		.byte	0x1
 756 01f3 55       		.byte	0x55
 757 01f4 C2020000 		.4byte	0x2c2
 758 01f8 03       		.uleb128 0x3
 759 01f9 91       		.byte	0x91
 760 01fa B07F     		.sleb128 -80
 761 01fc 0C       		.uleb128 0xc
 762 01fd 0A000000 		.4byte	.LVL3
 763 0201 98060000 		.4byte	0x698
 764 0205 0F020000 		.4byte	0x20f
 765 0209 0D       		.uleb128 0xd
 766 020a 01       		.uleb128 0x1
 767 020b 50       		.byte	0x50
 768 020c 01       		.uleb128 0x1
 769 020d 31       		.byte	0x31
 770 020e 00       		.byte	0
 771 020f 0C       		.uleb128 0xc
 772 0210 12000000 		.4byte	.LVL4
 773 0214 77060000 		.4byte	0x677
 774 0218 2B020000 		.4byte	0x22b
 775 021c 0D       		.uleb128 0xd
 776 021d 01       		.uleb128 0x1
 777 021e 50       		.byte	0x50
 778 021f 05       		.uleb128 0x5
 779 0220 03       		.byte	0x3
 780 0221 10000000 		.4byte	.LC2
 781 0225 0D       		.uleb128 0xd
 782 0226 01       		.uleb128 0x1
 783 0227 51       		.byte	0x51
 784 0228 01       		.uleb128 0x1
 785 0229 31       		.byte	0x31
 786 022a 00       		.byte	0
 787 022b 0C       		.uleb128 0xc
 788 022c 18000000 		.4byte	.LVL5
ARM GAS  C:\Users\CCPOW_~1\AppData\Local\Temp\ccaNjOPK.s 			page 19


 789 0230 A3060000 		.4byte	0x6a3
 790 0234 3F020000 		.4byte	0x23f
 791 0238 0D       		.uleb128 0xd
 792 0239 01       		.uleb128 0x1
 793 023a 50       		.byte	0x50
 794 023b 02       		.uleb128 0x2
 795 023c 7D       		.byte	0x7d
 796 023d 00       		.sleb128 0
 797 023e 00       		.byte	0
 798 023f 0C       		.uleb128 0xc
 799 0240 24000000 		.4byte	.LVL6
 800 0244 AE060000 		.4byte	0x6ae
 801 0248 5F020000 		.4byte	0x25f
 802 024c 0D       		.uleb128 0xd
 803 024d 01       		.uleb128 0x1
 804 024e 50       		.byte	0x50
 805 024f 02       		.uleb128 0x2
 806 0250 7D       		.byte	0x7d
 807 0251 00       		.sleb128 0
 808 0252 0D       		.uleb128 0xd
 809 0253 01       		.uleb128 0x1
 810 0254 51       		.byte	0x51
 811 0255 02       		.uleb128 0x2
 812 0256 74       		.byte	0x74
 813 0257 00       		.sleb128 0
 814 0258 0D       		.uleb128 0xd
 815 0259 01       		.uleb128 0x1
 816 025a 52       		.byte	0x52
 817 025b 02       		.uleb128 0x2
 818 025c 08       		.byte	0x8
 819 025d 20       		.byte	0x20
 820 025e 00       		.byte	0
 821 025f 0C       		.uleb128 0xc
 822 0260 2E000000 		.4byte	.LVL7
 823 0264 77060000 		.4byte	0x677
 824 0268 78020000 		.4byte	0x278
 825 026c 0D       		.uleb128 0xd
 826 026d 01       		.uleb128 0x1
 827 026e 50       		.byte	0x50
 828 026f 02       		.uleb128 0x2
 829 0270 75       		.byte	0x75
 830 0271 00       		.sleb128 0
 831 0272 0D       		.uleb128 0xd
 832 0273 01       		.uleb128 0x1
 833 0274 51       		.byte	0x51
 834 0275 01       		.uleb128 0x1
 835 0276 31       		.byte	0x31
 836 0277 00       		.byte	0
 837 0278 0C       		.uleb128 0xc
 838 0279 34000000 		.4byte	.LVL8
 839 027d A3060000 		.4byte	0x6a3
 840 0281 8C020000 		.4byte	0x28c
 841 0285 0D       		.uleb128 0xd
 842 0286 01       		.uleb128 0x1
 843 0287 50       		.byte	0x50
 844 0288 02       		.uleb128 0x2
 845 0289 7D       		.byte	0x7d
ARM GAS  C:\Users\CCPOW_~1\AppData\Local\Temp\ccaNjOPK.s 			page 20


 846 028a 00       		.sleb128 0
 847 028b 00       		.byte	0
 848 028c 0C       		.uleb128 0xc
 849 028d 40000000 		.4byte	.LVL9
 850 0291 AE060000 		.4byte	0x6ae
 851 0295 AC020000 		.4byte	0x2ac
 852 0299 0D       		.uleb128 0xd
 853 029a 01       		.uleb128 0x1
 854 029b 50       		.byte	0x50
 855 029c 02       		.uleb128 0x2
 856 029d 7D       		.byte	0x7d
 857 029e 00       		.sleb128 0
 858 029f 0D       		.uleb128 0xd
 859 02a0 01       		.uleb128 0x1
 860 02a1 51       		.byte	0x51
 861 02a2 02       		.uleb128 0x2
 862 02a3 74       		.byte	0x74
 863 02a4 20       		.sleb128 32
 864 02a5 0D       		.uleb128 0xd
 865 02a6 01       		.uleb128 0x1
 866 02a7 52       		.byte	0x52
 867 02a8 02       		.uleb128 0x2
 868 02a9 08       		.byte	0x8
 869 02aa 24       		.byte	0x24
 870 02ab 00       		.byte	0
 871 02ac 11       		.uleb128 0x11
 872 02ad 48000000 		.4byte	.LVL10
 873 02b1 77060000 		.4byte	0x677
 874 02b5 0D       		.uleb128 0xd
 875 02b6 01       		.uleb128 0x1
 876 02b7 50       		.byte	0x50
 877 02b8 02       		.uleb128 0x2
 878 02b9 75       		.byte	0x75
 879 02ba 00       		.sleb128 0
 880 02bb 0D       		.uleb128 0xd
 881 02bc 01       		.uleb128 0x1
 882 02bd 51       		.byte	0x51
 883 02be 01       		.uleb128 0x1
 884 02bf 31       		.byte	0x31
 885 02c0 00       		.byte	0
 886 02c1 00       		.byte	0
 887 02c2 08       		.uleb128 0x8
 888 02c3 97000000 		.4byte	0x97
 889 02c7 D2020000 		.4byte	0x2d2
 890 02cb 09       		.uleb128 0x9
 891 02cc BF000000 		.4byte	0xbf
 892 02d0 3F       		.byte	0x3f
 893 02d1 00       		.byte	0
 894 02d2 12       		.uleb128 0x12
 895 02d3 67000000 		.4byte	.LASF55
 896 02d7 01       		.byte	0x1
 897 02d8 68       		.byte	0x68
 898 02d9 73000000 		.4byte	0x73
 899 02dd 00000000 		.4byte	.LFB36
 900 02e1 88010000 		.4byte	.LFE36-.LFB36
 901 02e5 01       		.uleb128 0x1
 902 02e6 9C       		.byte	0x9c
ARM GAS  C:\Users\CCPOW_~1\AppData\Local\Temp\ccaNjOPK.s 			page 21


 903 02e7 43050000 		.4byte	0x543
 904 02eb 13       		.uleb128 0x13
 905 02ec 6900     		.ascii	"i\000"
 906 02ee 01       		.byte	0x1
 907 02ef 71       		.byte	0x71
 908 02f0 97000000 		.4byte	0x97
 909 02f4 02       		.uleb128 0x2
 910 02f5 91       		.byte	0x91
 911 02f6 77       		.sleb128 -9
 912 02f7 10       		.uleb128 0x10
 913 02f8 90020000 		.4byte	.LASF26
 914 02fc 01       		.byte	0x1
 915 02fd 72       		.byte	0x72
 916 02fe 43050000 		.4byte	0x543
 917 0302 03       		.uleb128 0x3
 918 0303 91       		.byte	0x91
 919 0304 F47E     		.sleb128 -140
 920 0306 10       		.uleb128 0x10
 921 0307 44030000 		.4byte	.LASF27
 922 030b 01       		.byte	0x1
 923 030c 75       		.byte	0x75
 924 030d 68050000 		.4byte	0x568
 925 0311 05       		.uleb128 0x5
 926 0312 03       		.byte	0x3
 927 0313 44000000 		.4byte	PROVISIONED.6102
 928 0317 13       		.uleb128 0x13
 929 0318 70747200 		.ascii	"ptr\000"
 930 031c 01       		.byte	0x1
 931 031d 78       		.byte	0x78
 932 031e 6D050000 		.4byte	0x56d
 933 0322 06       		.uleb128 0x6
 934 0323 03       		.byte	0x3
 935 0324 44000000 		.4byte	PROVISIONED.6102
 936 0328 9F       		.byte	0x9f
 937 0329 14       		.uleb128 0x14
 938 032a 36000000 		.4byte	.LBB2
 939 032e 52010000 		.4byte	.LBE2-.LBB2
 940 0332 F2040000 		.4byte	0x4f2
 941 0336 15       		.uleb128 0x15
 942 0337 6A00     		.ascii	"j\000"
 943 0339 01       		.byte	0x1
 944 033a 8F       		.byte	0x8f
 945 033b 73000000 		.4byte	0x73
 946 033f 00000000 		.4byte	.LLST0
 947 0343 16       		.uleb128 0x16
 948 0344 00000000 		.4byte	.Ldebug_ranges0+0
 949 0348 17040000 		.4byte	0x417
 950 034c 10       		.uleb128 0x10
 951 034d 9A010000 		.4byte	.LASF28
 952 0351 01       		.byte	0x1
 953 0352 9E       		.byte	0x9e
 954 0353 78050000 		.4byte	0x578
 955 0357 03       		.uleb128 0x3
 956 0358 91       		.byte	0x91
 957 0359 F47D     		.sleb128 -268
 958 035b 13       		.uleb128 0x13
 959 035c 70696E00 		.ascii	"pin\000"
ARM GAS  C:\Users\CCPOW_~1\AppData\Local\Temp\ccaNjOPK.s 			page 22


 960 0360 01       		.byte	0x1
 961 0361 A4       		.byte	0xa4
 962 0362 88050000 		.4byte	0x588
 963 0366 03       		.uleb128 0x3
 964 0367 91       		.byte	0x91
 965 0368 B47D     		.sleb128 -332
 966 036a 10       		.uleb128 0x10
 967 036b 6A010000 		.4byte	.LASF29
 968 036f 01       		.byte	0x1
 969 0370 AB       		.byte	0xab
 970 0371 69010000 		.4byte	0x169
 971 0375 03       		.uleb128 0x3
 972 0376 91       		.byte	0x91
 973 0377 D47D     		.sleb128 -300
 974 0379 0C       		.uleb128 0xc
 975 037a C8000000 		.4byte	.LVL33
 976 037e B9060000 		.4byte	0x6b9
 977 0382 AE030000 		.4byte	0x3ae
 978 0386 0D       		.uleb128 0xd
 979 0387 01       		.uleb128 0x1
 980 0388 50       		.byte	0x50
 981 0389 03       		.uleb128 0x3
 982 038a 91       		.byte	0x91
 983 038b D47D     		.sleb128 -300
 984 038d 0D       		.uleb128 0xd
 985 038e 01       		.uleb128 0x1
 986 038f 51       		.byte	0x51
 987 0390 03       		.uleb128 0x3
 988 0391 91       		.byte	0x91
 989 0392 B47D     		.sleb128 -332
 990 0394 0D       		.uleb128 0xd
 991 0395 01       		.uleb128 0x1
 992 0396 52       		.byte	0x52
 993 0397 01       		.uleb128 0x1
 994 0398 38       		.byte	0x38
 995 0399 0D       		.uleb128 0xd
 996 039a 02       		.uleb128 0x2
 997 039b 7D       		.byte	0x7d
 998 039c 08       		.sleb128 8
 999 039d 05       		.uleb128 0x5
 1000 039e 03       		.byte	0x3
 1001 039f 18000000 		.4byte	.LC13
 1002 03a3 0D       		.uleb128 0xd
 1003 03a4 02       		.uleb128 0x2
 1004 03a5 7D       		.byte	0x7d
 1005 03a6 0C       		.sleb128 12
 1006 03a7 05       		.uleb128 0x5
 1007 03a8 03       		.byte	0x3
 1008 03a9 00000000 		.4byte	.LANCHOR0
 1009 03ad 00       		.byte	0
 1010 03ae 0C       		.uleb128 0xc
 1011 03af D2000000 		.4byte	.LVL34
 1012 03b3 C4060000 		.4byte	0x6c4
 1013 03b7 C9030000 		.4byte	0x3c9
 1014 03bb 0D       		.uleb128 0xd
 1015 03bc 01       		.uleb128 0x1
 1016 03bd 50       		.byte	0x50
ARM GAS  C:\Users\CCPOW_~1\AppData\Local\Temp\ccaNjOPK.s 			page 23


 1017 03be 02       		.uleb128 0x2
 1018 03bf 74       		.byte	0x74
 1019 03c0 00       		.sleb128 0
 1020 03c1 0D       		.uleb128 0xd
 1021 03c2 01       		.uleb128 0x1
 1022 03c3 51       		.byte	0x51
 1023 03c4 03       		.uleb128 0x3
 1024 03c5 91       		.byte	0x91
 1025 03c6 D47D     		.sleb128 -300
 1026 03c8 00       		.byte	0
 1027 03c9 0C       		.uleb128 0xc
 1028 03ca E2000000 		.4byte	.LVL35
 1029 03ce CF060000 		.4byte	0x6cf
 1030 03d2 FD030000 		.4byte	0x3fd
 1031 03d6 0D       		.uleb128 0xd
 1032 03d7 01       		.uleb128 0x1
 1033 03d8 50       		.byte	0x50
 1034 03d9 05       		.uleb128 0x5
 1035 03da 03       		.byte	0x3
 1036 03db 00000000 		.4byte	signature
 1037 03df 0D       		.uleb128 0xd
 1038 03e0 01       		.uleb128 0x1
 1039 03e1 51       		.byte	0x51
 1040 03e2 03       		.uleb128 0x3
 1041 03e3 91       		.byte	0x91
 1042 03e4 F47D     		.sleb128 -268
 1043 03e6 0D       		.uleb128 0xd
 1044 03e7 01       		.uleb128 0x1
 1045 03e8 52       		.byte	0x52
 1046 03e9 02       		.uleb128 0x2
 1047 03ea 08       		.byte	0x8
 1048 03eb 20       		.byte	0x20
 1049 03ec 0D       		.uleb128 0xd
 1050 03ed 01       		.uleb128 0x1
 1051 03ee 53       		.byte	0x53
 1052 03ef 05       		.uleb128 0x5
 1053 03f0 03       		.byte	0x3
 1054 03f1 24000000 		.4byte	.LC16
 1055 03f5 0D       		.uleb128 0xd
 1056 03f6 02       		.uleb128 0x2
 1057 03f7 7D       		.byte	0x7d
 1058 03f8 00       		.sleb128 0
 1059 03f9 02       		.uleb128 0x2
 1060 03fa 74       		.byte	0x74
 1061 03fb 00       		.sleb128 0
 1062 03fc 00       		.byte	0
 1063 03fd 11       		.uleb128 0x11
 1064 03fe 04010000 		.4byte	.LVL41
 1065 0402 77060000 		.4byte	0x677
 1066 0406 0D       		.uleb128 0xd
 1067 0407 01       		.uleb128 0x1
 1068 0408 50       		.byte	0x50
 1069 0409 05       		.uleb128 0x5
 1070 040a 03       		.byte	0x3
 1071 040b 00000000 		.4byte	response
 1072 040f 0D       		.uleb128 0xd
 1073 0410 01       		.uleb128 0x1
ARM GAS  C:\Users\CCPOW_~1\AppData\Local\Temp\ccaNjOPK.s 			page 24


 1074 0411 51       		.byte	0x51
 1075 0412 02       		.uleb128 0x2
 1076 0413 08       		.byte	0x8
 1077 0414 20       		.byte	0x20
 1078 0415 00       		.byte	0
 1079 0416 00       		.byte	0
 1080 0417 16       		.uleb128 0x16
 1081 0418 18000000 		.4byte	.Ldebug_ranges0+0x18
 1082 041c AB040000 		.4byte	0x4ab
 1083 0420 13       		.uleb128 0x13
 1084 0421 70696E00 		.ascii	"pin\000"
 1085 0425 01       		.byte	0x1
 1086 0426 BF       		.byte	0xbf
 1087 0427 88050000 		.4byte	0x588
 1088 042b 03       		.uleb128 0x3
 1089 042c 91       		.byte	0x91
 1090 042d D47D     		.sleb128 -300
 1091 042f 10       		.uleb128 0x10
 1092 0430 6A010000 		.4byte	.LASF29
 1093 0434 01       		.byte	0x1
 1094 0435 C6       		.byte	0xc6
 1095 0436 69010000 		.4byte	0x169
 1096 043a 03       		.uleb128 0x3
 1097 043b 91       		.byte	0x91
 1098 043c F47D     		.sleb128 -268
 1099 043e 0C       		.uleb128 0xc
 1100 043f 36010000 		.4byte	.LVL48
 1101 0443 B9060000 		.4byte	0x6b9
 1102 0447 73040000 		.4byte	0x473
 1103 044b 0D       		.uleb128 0xd
 1104 044c 01       		.uleb128 0x1
 1105 044d 50       		.byte	0x50
 1106 044e 03       		.uleb128 0x3
 1107 044f 91       		.byte	0x91
 1108 0450 F47D     		.sleb128 -268
 1109 0452 0D       		.uleb128 0xd
 1110 0453 01       		.uleb128 0x1
 1111 0454 51       		.byte	0x51
 1112 0455 03       		.uleb128 0x3
 1113 0456 91       		.byte	0x91
 1114 0457 D47D     		.sleb128 -300
 1115 0459 0D       		.uleb128 0xd
 1116 045a 01       		.uleb128 0x1
 1117 045b 52       		.byte	0x52
 1118 045c 01       		.uleb128 0x1
 1119 045d 38       		.byte	0x38
 1120 045e 0D       		.uleb128 0xd
 1121 045f 02       		.uleb128 0x2
 1122 0460 7D       		.byte	0x7d
 1123 0461 08       		.sleb128 8
 1124 0462 05       		.uleb128 0x5
 1125 0463 03       		.byte	0x3
 1126 0464 18000000 		.4byte	.LC13
 1127 0468 0D       		.uleb128 0xd
 1128 0469 02       		.uleb128 0x2
 1129 046a 7D       		.byte	0x7d
 1130 046b 0C       		.sleb128 12
ARM GAS  C:\Users\CCPOW_~1\AppData\Local\Temp\ccaNjOPK.s 			page 25


 1131 046c 05       		.uleb128 0x5
 1132 046d 03       		.byte	0x3
 1133 046e 00000000 		.4byte	.LANCHOR0
 1134 0472 00       		.byte	0
 1135 0473 0C       		.uleb128 0xc
 1136 0474 3E010000 		.4byte	.LVL49
 1137 0478 C4060000 		.4byte	0x6c4
 1138 047c 91040000 		.4byte	0x491
 1139 0480 0D       		.uleb128 0xd
 1140 0481 01       		.uleb128 0x1
 1141 0482 50       		.byte	0x50
 1142 0483 05       		.uleb128 0x5
 1143 0484 03       		.byte	0x3
 1144 0485 00000000 		.4byte	key_pair
 1145 0489 0D       		.uleb128 0xd
 1146 048a 01       		.uleb128 0x1
 1147 048b 51       		.byte	0x51
 1148 048c 03       		.uleb128 0x3
 1149 048d 91       		.byte	0x91
 1150 048e F47D     		.sleb128 -268
 1151 0490 00       		.byte	0
 1152 0491 11       		.uleb128 0x11
 1153 0492 60010000 		.4byte	.LVL55
 1154 0496 77060000 		.4byte	0x677
 1155 049a 0D       		.uleb128 0xd
 1156 049b 01       		.uleb128 0x1
 1157 049c 50       		.byte	0x50
 1158 049d 05       		.uleb128 0x5
 1159 049e 03       		.byte	0x3
 1160 049f 00000000 		.4byte	response
 1161 04a3 0D       		.uleb128 0xd
 1162 04a4 01       		.uleb128 0x1
 1163 04a5 51       		.byte	0x51
 1164 04a6 02       		.uleb128 0x2
 1165 04a7 08       		.byte	0x8
 1166 04a8 20       		.byte	0x20
 1167 04a9 00       		.byte	0
 1168 04aa 00       		.byte	0
 1169 04ab 0C       		.uleb128 0xc
 1170 04ac 3C000000 		.4byte	.LVL16
 1171 04b0 98060000 		.4byte	0x698
 1172 04b4 BE040000 		.4byte	0x4be
 1173 04b8 0D       		.uleb128 0xd
 1174 04b9 01       		.uleb128 0x1
 1175 04ba 50       		.byte	0x50
 1176 04bb 01       		.uleb128 0x1
 1177 04bc 30       		.byte	0x30
 1178 04bd 00       		.byte	0
 1179 04be 0C       		.uleb128 0xc
 1180 04bf 44000000 		.4byte	.LVL17
 1181 04c3 DA060000 		.4byte	0x6da
 1182 04c7 D8040000 		.4byte	0x4d8
 1183 04cb 0D       		.uleb128 0xd
 1184 04cc 01       		.uleb128 0x1
 1185 04cd 50       		.byte	0x50
 1186 04ce 03       		.uleb128 0x3
 1187 04cf 91       		.byte	0x91
ARM GAS  C:\Users\CCPOW_~1\AppData\Local\Temp\ccaNjOPK.s 			page 26


 1188 04d0 F47E     		.sleb128 -140
 1189 04d2 0D       		.uleb128 0xd
 1190 04d3 01       		.uleb128 0x1
 1191 04d4 51       		.byte	0x51
 1192 04d5 01       		.uleb128 0x1
 1193 04d6 31       		.byte	0x31
 1194 04d7 00       		.byte	0
 1195 04d8 11       		.uleb128 0x11
 1196 04d9 7E000000 		.4byte	.LVL23
 1197 04dd 77060000 		.4byte	0x677
 1198 04e1 0D       		.uleb128 0xd
 1199 04e2 01       		.uleb128 0x1
 1200 04e3 50       		.byte	0x50
 1201 04e4 05       		.uleb128 0x5
 1202 04e5 03       		.byte	0x3
 1203 04e6 00000000 		.4byte	response
 1204 04ea 0D       		.uleb128 0xd
 1205 04eb 01       		.uleb128 0x1
 1206 04ec 51       		.byte	0x51
 1207 04ed 02       		.uleb128 0x2
 1208 04ee 08       		.byte	0x8
 1209 04ef 24       		.byte	0x24
 1210 04f0 00       		.byte	0
 1211 04f1 00       		.byte	0
 1212 04f2 0C       		.uleb128 0xc
 1213 04f3 0C000000 		.4byte	.LVL11
 1214 04f7 E5060000 		.4byte	0x6e5
 1215 04fb 09050000 		.4byte	0x509
 1216 04ff 0D       		.uleb128 0xd
 1217 0500 01       		.uleb128 0x1
 1218 0501 50       		.byte	0x50
 1219 0502 05       		.uleb128 0x5
 1220 0503 03       		.byte	0x3
 1221 0504 00000000 		.4byte	Reset_ISR
 1222 0508 00       		.byte	0
 1223 0509 0E       		.uleb128 0xe
 1224 050a 10000000 		.4byte	.LVL12
 1225 050e F0060000 		.4byte	0x6f0
 1226 0512 0E       		.uleb128 0xe
 1227 0513 14000000 		.4byte	.LVL13
 1228 0517 FB060000 		.4byte	0x6fb
 1229 051b 0E       		.uleb128 0xe
 1230 051c 22000000 		.4byte	.LVL14
 1231 0520 D8010000 		.4byte	0x1d8
 1232 0524 11       		.uleb128 0x11
 1233 0525 36000000 		.4byte	.LVL15
 1234 0529 AE060000 		.4byte	0x6ae
 1235 052d 0D       		.uleb128 0xd
 1236 052e 01       		.uleb128 0x1
 1237 052f 50       		.byte	0x50
 1238 0530 02       		.uleb128 0x2
 1239 0531 91       		.byte	0x91
 1240 0532 77       		.sleb128 -9
 1241 0533 0D       		.uleb128 0xd
 1242 0534 01       		.uleb128 0x1
 1243 0535 51       		.byte	0x51
 1244 0536 05       		.uleb128 0x5
ARM GAS  C:\Users\CCPOW_~1\AppData\Local\Temp\ccaNjOPK.s 			page 27


 1245 0537 03       		.byte	0x3
 1246 0538 44000000 		.4byte	.LANCHOR0+68
 1247 053c 0D       		.uleb128 0xd
 1248 053d 01       		.uleb128 0x1
 1249 053e 52       		.byte	0x52
 1250 053f 01       		.uleb128 0x1
 1251 0540 31       		.byte	0x31
 1252 0541 00       		.byte	0
 1253 0542 00       		.byte	0
 1254 0543 08       		.uleb128 0x8
 1255 0544 97000000 		.4byte	0x97
 1256 0548 53050000 		.4byte	0x553
 1257 054c 09       		.uleb128 0x9
 1258 054d BF000000 		.4byte	0xbf
 1259 0551 7F       		.byte	0x7f
 1260 0552 00       		.byte	0
 1261 0553 08       		.uleb128 0x8
 1262 0554 63050000 		.4byte	0x563
 1263 0558 63050000 		.4byte	0x563
 1264 055c 09       		.uleb128 0x9
 1265 055d BF000000 		.4byte	0xbf
 1266 0561 00       		.byte	0
 1267 0562 00       		.byte	0
 1268 0563 17       		.uleb128 0x17
 1269 0564 97000000 		.4byte	0x97
 1270 0568 17       		.uleb128 0x17
 1271 0569 53050000 		.4byte	0x553
 1272 056d 18       		.uleb128 0x18
 1273 056e 04       		.byte	0x4
 1274 056f 73050000 		.4byte	0x573
 1275 0573 19       		.uleb128 0x19
 1276 0574 63050000 		.4byte	0x563
 1277 0578 08       		.uleb128 0x8
 1278 0579 73000000 		.4byte	0x73
 1279 057d 88050000 		.4byte	0x588
 1280 0581 09       		.uleb128 0x9
 1281 0582 BF000000 		.4byte	0xbf
 1282 0586 1F       		.byte	0x1f
 1283 0587 00       		.byte	0
 1284 0588 08       		.uleb128 0x8
 1285 0589 73000000 		.4byte	0x73
 1286 058d 98050000 		.4byte	0x598
 1287 0591 09       		.uleb128 0x9
 1288 0592 BF000000 		.4byte	0xbf
 1289 0596 07       		.byte	0x7
 1290 0597 00       		.byte	0
 1291 0598 08       		.uleb128 0x8
 1292 0599 63050000 		.4byte	0x563
 1293 059d A8050000 		.4byte	0x5a8
 1294 05a1 09       		.uleb128 0x9
 1295 05a2 BF000000 		.4byte	0xbf
 1296 05a6 1F       		.byte	0x1f
 1297 05a7 00       		.byte	0
 1298 05a8 13       		.uleb128 0x13
 1299 05a9 5200     		.ascii	"R\000"
 1300 05ab 01       		.byte	0x1
 1301 05ac 3A       		.byte	0x3a
ARM GAS  C:\Users\CCPOW_~1\AppData\Local\Temp\ccaNjOPK.s 			page 28


 1302 05ad B7050000 		.4byte	0x5b7
 1303 05b1 05       		.uleb128 0x5
 1304 05b2 03       		.byte	0x3
 1305 05b3 00000000 		.4byte	R
 1306 05b7 17       		.uleb128 0x17
 1307 05b8 98050000 		.4byte	0x598
 1308 05bc 08       		.uleb128 0x8
 1309 05bd 63050000 		.4byte	0x563
 1310 05c1 CC050000 		.4byte	0x5cc
 1311 05c5 09       		.uleb128 0x9
 1312 05c6 BF000000 		.4byte	0xbf
 1313 05ca 23       		.byte	0x23
 1314 05cb 00       		.byte	0
 1315 05cc 10       		.uleb128 0x10
 1316 05cd 5A020000 		.4byte	.LASF30
 1317 05d1 01       		.byte	0x1
 1318 05d2 3B       		.byte	0x3b
 1319 05d3 DD050000 		.4byte	0x5dd
 1320 05d7 05       		.uleb128 0x5
 1321 05d8 03       		.byte	0x3
 1322 05d9 20000000 		.4byte	UUID
 1323 05dd 17       		.uleb128 0x17
 1324 05de BC050000 		.4byte	0x5bc
 1325 05e2 08       		.uleb128 0x8
 1326 05e3 81000000 		.4byte	0x81
 1327 05e7 F2050000 		.4byte	0x5f2
 1328 05eb 09       		.uleb128 0x9
 1329 05ec BF000000 		.4byte	0xbf
 1330 05f0 63       		.byte	0x63
 1331 05f1 00       		.byte	0
 1332 05f2 1A       		.uleb128 0x1a
 1333 05f3 24020000 		.4byte	.LASF31
 1334 05f7 01       		.byte	0x1
 1335 05f8 3E       		.byte	0x3e
 1336 05f9 E2050000 		.4byte	0x5e2
 1337 05fd 05       		.uleb128 0x5
 1338 05fe 03       		.byte	0x3
 1339 05ff 00000000 		.4byte	request
 1340 0603 1A       		.uleb128 0x1a
 1341 0604 9F020000 		.4byte	.LASF32
 1342 0608 01       		.byte	0x1
 1343 0609 3F       		.byte	0x3f
 1344 060a E2050000 		.4byte	0x5e2
 1345 060e 05       		.uleb128 0x5
 1346 060f 03       		.byte	0x3
 1347 0610 00000000 		.4byte	response
 1348 0614 1A       		.uleb128 0x1a
 1349 0615 49010000 		.4byte	.LASF33
 1350 0619 01       		.byte	0x1
 1351 061a 40       		.byte	0x40
 1352 061b 81000000 		.4byte	0x81
 1353 061f 05       		.uleb128 0x5
 1354 0620 03       		.byte	0x3
 1355 0621 00000000 		.4byte	message_type
 1356 0625 1B       		.uleb128 0x1b
 1357 0626 7200     		.ascii	"r\000"
 1358 0628 01       		.byte	0x1
ARM GAS  C:\Users\CCPOW_~1\AppData\Local\Temp\ccaNjOPK.s 			page 29


 1359 0629 41       		.byte	0x41
 1360 062a 69010000 		.4byte	0x169
 1361 062e 05       		.uleb128 0x5
 1362 062f 03       		.byte	0x3
 1363 0630 00000000 		.4byte	r
 1364 0634 1A       		.uleb128 0x1a
 1365 0635 39000000 		.4byte	.LASF34
 1366 0639 01       		.byte	0x1
 1367 063a 42       		.byte	0x42
 1368 063b 8C000000 		.4byte	0x8c
 1369 063f 05       		.uleb128 0x5
 1370 0640 03       		.byte	0x3
 1371 0641 00000000 		.4byte	secret_key
 1372 0645 1A       		.uleb128 0x1a
 1373 0646 3E020000 		.4byte	.LASF35
 1374 064a 01       		.byte	0x1
 1375 064b 45       		.byte	0x45
 1376 064c 89010000 		.4byte	0x189
 1377 0650 05       		.uleb128 0x5
 1378 0651 03       		.byte	0x3
 1379 0652 00000000 		.4byte	key_pair
 1380 0656 1A       		.uleb128 0x1a
 1381 0657 C9020000 		.4byte	.LASF36
 1382 065b 01       		.byte	0x1
 1383 065c 47       		.byte	0x47
 1384 065d 69010000 		.4byte	0x169
 1385 0661 05       		.uleb128 0x5
 1386 0662 03       		.byte	0x3
 1387 0663 00000000 		.4byte	signature
 1388 0667 1B       		.uleb128 0x1b
 1389 0668 737400   		.ascii	"st\000"
 1390 066b 01       		.byte	0x1
 1391 066c 48       		.byte	0x48
 1392 066d 3B010000 		.4byte	0x13b
 1393 0671 05       		.uleb128 0x5
 1394 0672 03       		.byte	0x3
 1395 0673 00000000 		.4byte	st
 1396 0677 1C       		.uleb128 0x1c
 1397 0678 20030000 		.4byte	.LASF37
 1398 067c 20030000 		.4byte	.LASF37
 1399 0680 06       		.byte	0x6
 1400 0681 1E       		.byte	0x1e
 1401 0682 1C       		.uleb128 0x1c
 1402 0683 20000000 		.4byte	.LASF38
 1403 0687 20000000 		.4byte	.LASF38
 1404 068b 07       		.byte	0x7
 1405 068c 39       		.byte	0x39
 1406 068d 1C       		.uleb128 0x1c
 1407 068e 79020000 		.4byte	.LASF39
 1408 0692 79020000 		.4byte	.LASF39
 1409 0696 08       		.byte	0x8
 1410 0697 E4       		.byte	0xe4
 1411 0698 1C       		.uleb128 0x1c
 1412 0699 89000000 		.4byte	.LASF40
 1413 069d 89000000 		.4byte	.LASF40
 1414 06a1 06       		.byte	0x6
 1415 06a2 2B       		.byte	0x2b
ARM GAS  C:\Users\CCPOW_~1\AppData\Local\Temp\ccaNjOPK.s 			page 30


 1416 06a3 1C       		.uleb128 0x1c
 1417 06a4 6D020000 		.4byte	.LASF41
 1418 06a8 6D020000 		.4byte	.LASF41
 1419 06ac 06       		.byte	0x6
 1420 06ad 25       		.byte	0x25
 1421 06ae 1C       		.uleb128 0x1c
 1422 06af 14020000 		.4byte	.LASF42
 1423 06b3 14020000 		.4byte	.LASF42
 1424 06b7 09       		.byte	0x9
 1425 06b8 2F       		.byte	0x2f
 1426 06b9 1C       		.uleb128 0x1c
 1427 06ba 2C030000 		.4byte	.LASF43
 1428 06be 2C030000 		.4byte	.LASF43
 1429 06c2 05       		.byte	0x5
 1430 06c3 5D       		.byte	0x5d
 1431 06c4 1C       		.uleb128 0x1c
 1432 06c5 00000000 		.4byte	.LASF44
 1433 06c9 00000000 		.4byte	.LASF44
 1434 06cd 05       		.byte	0x5
 1435 06ce 8F       		.byte	0x8f
 1436 06cf 1C       		.uleb128 0x1c
 1437 06d0 2C020000 		.4byte	.LASF45
 1438 06d4 2C020000 		.4byte	.LASF45
 1439 06d8 05       		.byte	0x5
 1440 06d9 9D       		.byte	0x9d
 1441 06da 1C       		.uleb128 0x1c
 1442 06db 36010000 		.4byte	.LASF46
 1443 06df 36010000 		.4byte	.LASF46
 1444 06e3 06       		.byte	0x6
 1445 06e4 2D       		.byte	0x2d
 1446 06e5 1C       		.uleb128 0x1c
 1447 06e6 77000000 		.4byte	.LASF47
 1448 06ea 77000000 		.4byte	.LASF47
 1449 06ee 0A       		.byte	0xa
 1450 06ef 18       		.byte	0x18
 1451 06f0 1C       		.uleb128 0x1c
 1452 06f1 57000000 		.4byte	.LASF48
 1453 06f5 57000000 		.4byte	.LASF48
 1454 06f9 09       		.byte	0x9
 1455 06fa 29       		.byte	0x29
 1456 06fb 1C       		.uleb128 0x1c
 1457 06fc 75010000 		.4byte	.LASF49
 1458 0700 75010000 		.4byte	.LASF49
 1459 0704 0B       		.byte	0xb
 1460 0705 6E       		.byte	0x6e
 1461 0706 00       		.byte	0
 1462              		.section	.debug_abbrev,"",%progbits
 1463              	.Ldebug_abbrev0:
 1464 0000 01       		.uleb128 0x1
 1465 0001 11       		.uleb128 0x11
 1466 0002 01       		.byte	0x1
 1467 0003 25       		.uleb128 0x25
 1468 0004 0E       		.uleb128 0xe
 1469 0005 13       		.uleb128 0x13
 1470 0006 0B       		.uleb128 0xb
 1471 0007 03       		.uleb128 0x3
 1472 0008 0E       		.uleb128 0xe
ARM GAS  C:\Users\CCPOW_~1\AppData\Local\Temp\ccaNjOPK.s 			page 31


 1473 0009 1B       		.uleb128 0x1b
 1474 000a 0E       		.uleb128 0xe
 1475 000b 55       		.uleb128 0x55
 1476 000c 17       		.uleb128 0x17
 1477 000d 11       		.uleb128 0x11
 1478 000e 01       		.uleb128 0x1
 1479 000f 10       		.uleb128 0x10
 1480 0010 17       		.uleb128 0x17
 1481 0011 00       		.byte	0
 1482 0012 00       		.byte	0
 1483 0013 02       		.uleb128 0x2
 1484 0014 24       		.uleb128 0x24
 1485 0015 00       		.byte	0
 1486 0016 0B       		.uleb128 0xb
 1487 0017 0B       		.uleb128 0xb
 1488 0018 3E       		.uleb128 0x3e
 1489 0019 0B       		.uleb128 0xb
 1490 001a 03       		.uleb128 0x3
 1491 001b 0E       		.uleb128 0xe
 1492 001c 00       		.byte	0
 1493 001d 00       		.byte	0
 1494 001e 03       		.uleb128 0x3
 1495 001f 16       		.uleb128 0x16
 1496 0020 00       		.byte	0
 1497 0021 03       		.uleb128 0x3
 1498 0022 0E       		.uleb128 0xe
 1499 0023 3A       		.uleb128 0x3a
 1500 0024 0B       		.uleb128 0xb
 1501 0025 3B       		.uleb128 0x3b
 1502 0026 0B       		.uleb128 0xb
 1503 0027 49       		.uleb128 0x49
 1504 0028 13       		.uleb128 0x13
 1505 0029 00       		.byte	0
 1506 002a 00       		.byte	0
 1507 002b 04       		.uleb128 0x4
 1508 002c 24       		.uleb128 0x24
 1509 002d 00       		.byte	0
 1510 002e 0B       		.uleb128 0xb
 1511 002f 0B       		.uleb128 0xb
 1512 0030 3E       		.uleb128 0x3e
 1513 0031 0B       		.uleb128 0xb
 1514 0032 03       		.uleb128 0x3
 1515 0033 08       		.uleb128 0x8
 1516 0034 00       		.byte	0
 1517 0035 00       		.byte	0
 1518 0036 05       		.uleb128 0x5
 1519 0037 16       		.uleb128 0x16
 1520 0038 00       		.byte	0
 1521 0039 03       		.uleb128 0x3
 1522 003a 0E       		.uleb128 0xe
 1523 003b 3A       		.uleb128 0x3a
 1524 003c 0B       		.uleb128 0xb
 1525 003d 3B       		.uleb128 0x3b
 1526 003e 05       		.uleb128 0x5
 1527 003f 49       		.uleb128 0x49
 1528 0040 13       		.uleb128 0x13
 1529 0041 00       		.byte	0
ARM GAS  C:\Users\CCPOW_~1\AppData\Local\Temp\ccaNjOPK.s 			page 32


 1530 0042 00       		.byte	0
 1531 0043 06       		.uleb128 0x6
 1532 0044 13       		.uleb128 0x13
 1533 0045 01       		.byte	0x1
 1534 0046 03       		.uleb128 0x3
 1535 0047 0E       		.uleb128 0xe
 1536 0048 0B       		.uleb128 0xb
 1537 0049 0B       		.uleb128 0xb
 1538 004a 3A       		.uleb128 0x3a
 1539 004b 0B       		.uleb128 0xb
 1540 004c 3B       		.uleb128 0x3b
 1541 004d 0B       		.uleb128 0xb
 1542 004e 01       		.uleb128 0x1
 1543 004f 13       		.uleb128 0x13
 1544 0050 00       		.byte	0
 1545 0051 00       		.byte	0
 1546 0052 07       		.uleb128 0x7
 1547 0053 0D       		.uleb128 0xd
 1548 0054 00       		.byte	0
 1549 0055 03       		.uleb128 0x3
 1550 0056 0E       		.uleb128 0xe
 1551 0057 3A       		.uleb128 0x3a
 1552 0058 0B       		.uleb128 0xb
 1553 0059 3B       		.uleb128 0x3b
 1554 005a 0B       		.uleb128 0xb
 1555 005b 49       		.uleb128 0x49
 1556 005c 13       		.uleb128 0x13
 1557 005d 38       		.uleb128 0x38
 1558 005e 0B       		.uleb128 0xb
 1559 005f 00       		.byte	0
 1560 0060 00       		.byte	0
 1561 0061 08       		.uleb128 0x8
 1562 0062 01       		.uleb128 0x1
 1563 0063 01       		.byte	0x1
 1564 0064 49       		.uleb128 0x49
 1565 0065 13       		.uleb128 0x13
 1566 0066 01       		.uleb128 0x1
 1567 0067 13       		.uleb128 0x13
 1568 0068 00       		.byte	0
 1569 0069 00       		.byte	0
 1570 006a 09       		.uleb128 0x9
 1571 006b 21       		.uleb128 0x21
 1572 006c 00       		.byte	0
 1573 006d 49       		.uleb128 0x49
 1574 006e 13       		.uleb128 0x13
 1575 006f 2F       		.uleb128 0x2f
 1576 0070 0B       		.uleb128 0xb
 1577 0071 00       		.byte	0
 1578 0072 00       		.byte	0
 1579 0073 0A       		.uleb128 0xa
 1580 0074 0D       		.uleb128 0xd
 1581 0075 00       		.byte	0
 1582 0076 03       		.uleb128 0x3
 1583 0077 08       		.uleb128 0x8
 1584 0078 3A       		.uleb128 0x3a
 1585 0079 0B       		.uleb128 0xb
 1586 007a 3B       		.uleb128 0x3b
ARM GAS  C:\Users\CCPOW_~1\AppData\Local\Temp\ccaNjOPK.s 			page 33


 1587 007b 0B       		.uleb128 0xb
 1588 007c 49       		.uleb128 0x49
 1589 007d 13       		.uleb128 0x13
 1590 007e 38       		.uleb128 0x38
 1591 007f 0B       		.uleb128 0xb
 1592 0080 00       		.byte	0
 1593 0081 00       		.byte	0
 1594 0082 0B       		.uleb128 0xb
 1595 0083 2E       		.uleb128 0x2e
 1596 0084 01       		.byte	0x1
 1597 0085 3F       		.uleb128 0x3f
 1598 0086 19       		.uleb128 0x19
 1599 0087 03       		.uleb128 0x3
 1600 0088 0E       		.uleb128 0xe
 1601 0089 3A       		.uleb128 0x3a
 1602 008a 0B       		.uleb128 0xb
 1603 008b 3B       		.uleb128 0x3b
 1604 008c 0B       		.uleb128 0xb
 1605 008d 27       		.uleb128 0x27
 1606 008e 19       		.uleb128 0x19
 1607 008f 11       		.uleb128 0x11
 1608 0090 01       		.uleb128 0x1
 1609 0091 12       		.uleb128 0x12
 1610 0092 06       		.uleb128 0x6
 1611 0093 40       		.uleb128 0x40
 1612 0094 18       		.uleb128 0x18
 1613 0095 9742     		.uleb128 0x2117
 1614 0097 19       		.uleb128 0x19
 1615 0098 01       		.uleb128 0x1
 1616 0099 13       		.uleb128 0x13
 1617 009a 00       		.byte	0
 1618 009b 00       		.byte	0
 1619 009c 0C       		.uleb128 0xc
 1620 009d 898201   		.uleb128 0x4109
 1621 00a0 01       		.byte	0x1
 1622 00a1 11       		.uleb128 0x11
 1623 00a2 01       		.uleb128 0x1
 1624 00a3 31       		.uleb128 0x31
 1625 00a4 13       		.uleb128 0x13
 1626 00a5 01       		.uleb128 0x1
 1627 00a6 13       		.uleb128 0x13
 1628 00a7 00       		.byte	0
 1629 00a8 00       		.byte	0
 1630 00a9 0D       		.uleb128 0xd
 1631 00aa 8A8201   		.uleb128 0x410a
 1632 00ad 00       		.byte	0
 1633 00ae 02       		.uleb128 0x2
 1634 00af 18       		.uleb128 0x18
 1635 00b0 9142     		.uleb128 0x2111
 1636 00b2 18       		.uleb128 0x18
 1637 00b3 00       		.byte	0
 1638 00b4 00       		.byte	0
 1639 00b5 0E       		.uleb128 0xe
 1640 00b6 898201   		.uleb128 0x4109
 1641 00b9 00       		.byte	0
 1642 00ba 11       		.uleb128 0x11
 1643 00bb 01       		.uleb128 0x1
ARM GAS  C:\Users\CCPOW_~1\AppData\Local\Temp\ccaNjOPK.s 			page 34


 1644 00bc 31       		.uleb128 0x31
 1645 00bd 13       		.uleb128 0x13
 1646 00be 00       		.byte	0
 1647 00bf 00       		.byte	0
 1648 00c0 0F       		.uleb128 0xf
 1649 00c1 2E       		.uleb128 0x2e
 1650 00c2 01       		.byte	0x1
 1651 00c3 3F       		.uleb128 0x3f
 1652 00c4 19       		.uleb128 0x19
 1653 00c5 03       		.uleb128 0x3
 1654 00c6 0E       		.uleb128 0xe
 1655 00c7 3A       		.uleb128 0x3a
 1656 00c8 0B       		.uleb128 0xb
 1657 00c9 3B       		.uleb128 0x3b
 1658 00ca 0B       		.uleb128 0xb
 1659 00cb 11       		.uleb128 0x11
 1660 00cc 01       		.uleb128 0x1
 1661 00cd 12       		.uleb128 0x12
 1662 00ce 06       		.uleb128 0x6
 1663 00cf 40       		.uleb128 0x40
 1664 00d0 18       		.uleb128 0x18
 1665 00d1 9742     		.uleb128 0x2117
 1666 00d3 19       		.uleb128 0x19
 1667 00d4 01       		.uleb128 0x1
 1668 00d5 13       		.uleb128 0x13
 1669 00d6 00       		.byte	0
 1670 00d7 00       		.byte	0
 1671 00d8 10       		.uleb128 0x10
 1672 00d9 34       		.uleb128 0x34
 1673 00da 00       		.byte	0
 1674 00db 03       		.uleb128 0x3
 1675 00dc 0E       		.uleb128 0xe
 1676 00dd 3A       		.uleb128 0x3a
 1677 00de 0B       		.uleb128 0xb
 1678 00df 3B       		.uleb128 0x3b
 1679 00e0 0B       		.uleb128 0xb
 1680 00e1 49       		.uleb128 0x49
 1681 00e2 13       		.uleb128 0x13
 1682 00e3 02       		.uleb128 0x2
 1683 00e4 18       		.uleb128 0x18
 1684 00e5 00       		.byte	0
 1685 00e6 00       		.byte	0
 1686 00e7 11       		.uleb128 0x11
 1687 00e8 898201   		.uleb128 0x4109
 1688 00eb 01       		.byte	0x1
 1689 00ec 11       		.uleb128 0x11
 1690 00ed 01       		.uleb128 0x1
 1691 00ee 31       		.uleb128 0x31
 1692 00ef 13       		.uleb128 0x13
 1693 00f0 00       		.byte	0
 1694 00f1 00       		.byte	0
 1695 00f2 12       		.uleb128 0x12
 1696 00f3 2E       		.uleb128 0x2e
 1697 00f4 01       		.byte	0x1
 1698 00f5 3F       		.uleb128 0x3f
 1699 00f6 19       		.uleb128 0x19
 1700 00f7 03       		.uleb128 0x3
ARM GAS  C:\Users\CCPOW_~1\AppData\Local\Temp\ccaNjOPK.s 			page 35


 1701 00f8 0E       		.uleb128 0xe
 1702 00f9 3A       		.uleb128 0x3a
 1703 00fa 0B       		.uleb128 0xb
 1704 00fb 3B       		.uleb128 0x3b
 1705 00fc 0B       		.uleb128 0xb
 1706 00fd 27       		.uleb128 0x27
 1707 00fe 19       		.uleb128 0x19
 1708 00ff 49       		.uleb128 0x49
 1709 0100 13       		.uleb128 0x13
 1710 0101 8701     		.uleb128 0x87
 1711 0103 19       		.uleb128 0x19
 1712 0104 11       		.uleb128 0x11
 1713 0105 01       		.uleb128 0x1
 1714 0106 12       		.uleb128 0x12
 1715 0107 06       		.uleb128 0x6
 1716 0108 40       		.uleb128 0x40
 1717 0109 18       		.uleb128 0x18
 1718 010a 9742     		.uleb128 0x2117
 1719 010c 19       		.uleb128 0x19
 1720 010d 01       		.uleb128 0x1
 1721 010e 13       		.uleb128 0x13
 1722 010f 00       		.byte	0
 1723 0110 00       		.byte	0
 1724 0111 13       		.uleb128 0x13
 1725 0112 34       		.uleb128 0x34
 1726 0113 00       		.byte	0
 1727 0114 03       		.uleb128 0x3
 1728 0115 08       		.uleb128 0x8
 1729 0116 3A       		.uleb128 0x3a
 1730 0117 0B       		.uleb128 0xb
 1731 0118 3B       		.uleb128 0x3b
 1732 0119 0B       		.uleb128 0xb
 1733 011a 49       		.uleb128 0x49
 1734 011b 13       		.uleb128 0x13
 1735 011c 02       		.uleb128 0x2
 1736 011d 18       		.uleb128 0x18
 1737 011e 00       		.byte	0
 1738 011f 00       		.byte	0
 1739 0120 14       		.uleb128 0x14
 1740 0121 0B       		.uleb128 0xb
 1741 0122 01       		.byte	0x1
 1742 0123 11       		.uleb128 0x11
 1743 0124 01       		.uleb128 0x1
 1744 0125 12       		.uleb128 0x12
 1745 0126 06       		.uleb128 0x6
 1746 0127 01       		.uleb128 0x1
 1747 0128 13       		.uleb128 0x13
 1748 0129 00       		.byte	0
 1749 012a 00       		.byte	0
 1750 012b 15       		.uleb128 0x15
 1751 012c 34       		.uleb128 0x34
 1752 012d 00       		.byte	0
 1753 012e 03       		.uleb128 0x3
 1754 012f 08       		.uleb128 0x8
 1755 0130 3A       		.uleb128 0x3a
 1756 0131 0B       		.uleb128 0xb
 1757 0132 3B       		.uleb128 0x3b
ARM GAS  C:\Users\CCPOW_~1\AppData\Local\Temp\ccaNjOPK.s 			page 36


 1758 0133 0B       		.uleb128 0xb
 1759 0134 49       		.uleb128 0x49
 1760 0135 13       		.uleb128 0x13
 1761 0136 02       		.uleb128 0x2
 1762 0137 17       		.uleb128 0x17
 1763 0138 00       		.byte	0
 1764 0139 00       		.byte	0
 1765 013a 16       		.uleb128 0x16
 1766 013b 0B       		.uleb128 0xb
 1767 013c 01       		.byte	0x1
 1768 013d 55       		.uleb128 0x55
 1769 013e 17       		.uleb128 0x17
 1770 013f 01       		.uleb128 0x1
 1771 0140 13       		.uleb128 0x13
 1772 0141 00       		.byte	0
 1773 0142 00       		.byte	0
 1774 0143 17       		.uleb128 0x17
 1775 0144 26       		.uleb128 0x26
 1776 0145 00       		.byte	0
 1777 0146 49       		.uleb128 0x49
 1778 0147 13       		.uleb128 0x13
 1779 0148 00       		.byte	0
 1780 0149 00       		.byte	0
 1781 014a 18       		.uleb128 0x18
 1782 014b 0F       		.uleb128 0xf
 1783 014c 00       		.byte	0
 1784 014d 0B       		.uleb128 0xb
 1785 014e 0B       		.uleb128 0xb
 1786 014f 49       		.uleb128 0x49
 1787 0150 13       		.uleb128 0x13
 1788 0151 00       		.byte	0
 1789 0152 00       		.byte	0
 1790 0153 19       		.uleb128 0x19
 1791 0154 35       		.uleb128 0x35
 1792 0155 00       		.byte	0
 1793 0156 49       		.uleb128 0x49
 1794 0157 13       		.uleb128 0x13
 1795 0158 00       		.byte	0
 1796 0159 00       		.byte	0
 1797 015a 1A       		.uleb128 0x1a
 1798 015b 34       		.uleb128 0x34
 1799 015c 00       		.byte	0
 1800 015d 03       		.uleb128 0x3
 1801 015e 0E       		.uleb128 0xe
 1802 015f 3A       		.uleb128 0x3a
 1803 0160 0B       		.uleb128 0xb
 1804 0161 3B       		.uleb128 0x3b
 1805 0162 0B       		.uleb128 0xb
 1806 0163 49       		.uleb128 0x49
 1807 0164 13       		.uleb128 0x13
 1808 0165 3F       		.uleb128 0x3f
 1809 0166 19       		.uleb128 0x19
 1810 0167 02       		.uleb128 0x2
 1811 0168 18       		.uleb128 0x18
 1812 0169 00       		.byte	0
 1813 016a 00       		.byte	0
 1814 016b 1B       		.uleb128 0x1b
ARM GAS  C:\Users\CCPOW_~1\AppData\Local\Temp\ccaNjOPK.s 			page 37


 1815 016c 34       		.uleb128 0x34
 1816 016d 00       		.byte	0
 1817 016e 03       		.uleb128 0x3
 1818 016f 08       		.uleb128 0x8
 1819 0170 3A       		.uleb128 0x3a
 1820 0171 0B       		.uleb128 0xb
 1821 0172 3B       		.uleb128 0x3b
 1822 0173 0B       		.uleb128 0xb
 1823 0174 49       		.uleb128 0x49
 1824 0175 13       		.uleb128 0x13
 1825 0176 3F       		.uleb128 0x3f
 1826 0177 19       		.uleb128 0x19
 1827 0178 02       		.uleb128 0x2
 1828 0179 18       		.uleb128 0x18
 1829 017a 00       		.byte	0
 1830 017b 00       		.byte	0
 1831 017c 1C       		.uleb128 0x1c
 1832 017d 2E       		.uleb128 0x2e
 1833 017e 00       		.byte	0
 1834 017f 3F       		.uleb128 0x3f
 1835 0180 19       		.uleb128 0x19
 1836 0181 3C       		.uleb128 0x3c
 1837 0182 19       		.uleb128 0x19
 1838 0183 6E       		.uleb128 0x6e
 1839 0184 0E       		.uleb128 0xe
 1840 0185 03       		.uleb128 0x3
 1841 0186 0E       		.uleb128 0xe
 1842 0187 3A       		.uleb128 0x3a
 1843 0188 0B       		.uleb128 0xb
 1844 0189 3B       		.uleb128 0x3b
 1845 018a 0B       		.uleb128 0xb
 1846 018b 00       		.byte	0
 1847 018c 00       		.byte	0
 1848 018d 00       		.byte	0
 1849              		.section	.debug_loc,"",%progbits
 1850              	.Ldebug_loc0:
 1851              	.LLST0:
 1852 0000 5E000000 		.4byte	.LVL18
 1853 0004 62000000 		.4byte	.LVL19
 1854 0008 0200     		.2byte	0x2
 1855 000a 30       		.byte	0x30
 1856 000b 9F       		.byte	0x9f
 1857 000c 62000000 		.4byte	.LVL19
 1858 0010 68000000 		.4byte	.LVL20
 1859 0014 0100     		.2byte	0x1
 1860 0016 53       		.byte	0x53
 1861 0017 68000000 		.4byte	.LVL20
 1862 001b 70000000 		.4byte	.LVL21
 1863 001f 0300     		.2byte	0x3
 1864 0021 72       		.byte	0x72
 1865 0022 7F       		.sleb128 -1
 1866 0023 9F       		.byte	0x9f
 1867 0024 70000000 		.4byte	.LVL21
 1868 0028 72000000 		.4byte	.LVL22
 1869 002c 0100     		.2byte	0x1
 1870 002e 52       		.byte	0x52
 1871 002f 72000000 		.4byte	.LVL22
ARM GAS  C:\Users\CCPOW_~1\AppData\Local\Temp\ccaNjOPK.s 			page 38


 1872 0033 7D000000 		.4byte	.LVL23-1
 1873 0037 0100     		.2byte	0x1
 1874 0039 53       		.byte	0x53
 1875 003a 80000000 		.4byte	.LVL24
 1876 003e 88000000 		.4byte	.LVL25
 1877 0042 0100     		.2byte	0x1
 1878 0044 53       		.byte	0x53
 1879 0045 88000000 		.4byte	.LVL25
 1880 0049 8C000000 		.4byte	.LVL26
 1881 004d 0300     		.2byte	0x3
 1882 004f 72       		.byte	0x72
 1883 0050 7F       		.sleb128 -1
 1884 0051 9F       		.byte	0x9f
 1885 0052 8C000000 		.4byte	.LVL26
 1886 0056 90000000 		.4byte	.LVL27
 1887 005a 0100     		.2byte	0x1
 1888 005c 52       		.byte	0x52
 1889 005d 92000000 		.4byte	.LVL28
 1890 0061 98000000 		.4byte	.LVL29
 1891 0065 0100     		.2byte	0x1
 1892 0067 53       		.byte	0x53
 1893 0068 9A000000 		.4byte	.LVL30
 1894 006c B0000000 		.4byte	.LVL32
 1895 0070 0100     		.2byte	0x1
 1896 0072 53       		.byte	0x53
 1897 0073 E8000000 		.4byte	.LVL36
 1898 0077 EC000000 		.4byte	.LVL37
 1899 007b 0200     		.2byte	0x2
 1900 007d 30       		.byte	0x30
 1901 007e 9F       		.byte	0x9f
 1902 007f EC000000 		.4byte	.LVL37
 1903 0083 F4000000 		.4byte	.LVL38
 1904 0087 0100     		.2byte	0x1
 1905 0089 53       		.byte	0x53
 1906 008a F4000000 		.4byte	.LVL38
 1907 008e F6000000 		.4byte	.LVL39
 1908 0092 0300     		.2byte	0x3
 1909 0094 72       		.byte	0x72
 1910 0095 7F       		.sleb128 -1
 1911 0096 9F       		.byte	0x9f
 1912 0097 F6000000 		.4byte	.LVL39
 1913 009b F8000000 		.4byte	.LVL40
 1914 009f 0100     		.2byte	0x1
 1915 00a1 52       		.byte	0x52
 1916 00a2 F8000000 		.4byte	.LVL40
 1917 00a6 03010000 		.4byte	.LVL41-1
 1918 00aa 0100     		.2byte	0x1
 1919 00ac 53       		.byte	0x53
 1920 00ad 06010000 		.4byte	.LVL42
 1921 00b1 0E010000 		.4byte	.LVL43
 1922 00b5 0100     		.2byte	0x1
 1923 00b7 53       		.byte	0x53
 1924 00b8 0E010000 		.4byte	.LVL43
 1925 00bc 12010000 		.4byte	.LVL44
 1926 00c0 0300     		.2byte	0x3
 1927 00c2 72       		.byte	0x72
 1928 00c3 7F       		.sleb128 -1
ARM GAS  C:\Users\CCPOW_~1\AppData\Local\Temp\ccaNjOPK.s 			page 39


 1929 00c4 9F       		.byte	0x9f
 1930 00c5 12010000 		.4byte	.LVL44
 1931 00c9 16010000 		.4byte	.LVL45
 1932 00cd 0100     		.2byte	0x1
 1933 00cf 52       		.byte	0x52
 1934 00d0 18010000 		.4byte	.LVL46
 1935 00d4 1E010000 		.4byte	.LVL47
 1936 00d8 0100     		.2byte	0x1
 1937 00da 53       		.byte	0x53
 1938 00db 44010000 		.4byte	.LVL50
 1939 00df 48010000 		.4byte	.LVL51
 1940 00e3 0200     		.2byte	0x2
 1941 00e5 30       		.byte	0x30
 1942 00e6 9F       		.byte	0x9f
 1943 00e7 48010000 		.4byte	.LVL51
 1944 00eb 50010000 		.4byte	.LVL52
 1945 00ef 0100     		.2byte	0x1
 1946 00f1 53       		.byte	0x53
 1947 00f2 50010000 		.4byte	.LVL52
 1948 00f6 52010000 		.4byte	.LVL53
 1949 00fa 0300     		.2byte	0x3
 1950 00fc 72       		.byte	0x72
 1951 00fd 7F       		.sleb128 -1
 1952 00fe 9F       		.byte	0x9f
 1953 00ff 52010000 		.4byte	.LVL53
 1954 0103 54010000 		.4byte	.LVL54
 1955 0107 0100     		.2byte	0x1
 1956 0109 52       		.byte	0x52
 1957 010a 54010000 		.4byte	.LVL54
 1958 010e 5F010000 		.4byte	.LVL55-1
 1959 0112 0100     		.2byte	0x1
 1960 0114 53       		.byte	0x53
 1961 0115 00000000 		.4byte	0
 1962 0119 00000000 		.4byte	0
 1963              		.section	.debug_aranges,"",%progbits
 1964 0000 2C000000 		.4byte	0x2c
 1965 0004 0200     		.2byte	0x2
 1966 0006 00000000 		.4byte	.Ldebug_info0
 1967 000a 04       		.byte	0x4
 1968 000b 00       		.byte	0
 1969 000c 0000     		.2byte	0
 1970 000e 0000     		.2byte	0
 1971 0010 00000000 		.4byte	.LFB34
 1972 0014 18000000 		.4byte	.LFE34-.LFB34
 1973 0018 00000000 		.4byte	.LFB35
 1974 001c 58000000 		.4byte	.LFE35-.LFB35
 1975 0020 00000000 		.4byte	.LFB36
 1976 0024 88010000 		.4byte	.LFE36-.LFB36
 1977 0028 00000000 		.4byte	0
 1978 002c 00000000 		.4byte	0
 1979              		.section	.debug_ranges,"",%progbits
 1980              	.Ldebug_ranges0:
 1981 0000 80000000 		.4byte	.LBB3
 1982 0004 90000000 		.4byte	.LBE3
 1983 0008 92000000 		.4byte	.LBB4
 1984 000c 06010000 		.4byte	.LBE4
 1985 0010 00000000 		.4byte	0
ARM GAS  C:\Users\CCPOW_~1\AppData\Local\Temp\ccaNjOPK.s 			page 40


 1986 0014 00000000 		.4byte	0
 1987 0018 06010000 		.4byte	.LBB5
 1988 001c 16010000 		.4byte	.LBE5
 1989 0020 18010000 		.4byte	.LBB6
 1990 0024 88010000 		.4byte	.LBE6
 1991 0028 00000000 		.4byte	0
 1992 002c 00000000 		.4byte	0
 1993 0030 00000000 		.4byte	.LFB34
 1994 0034 18000000 		.4byte	.LFE34
 1995 0038 00000000 		.4byte	.LFB35
 1996 003c 58000000 		.4byte	.LFE35
 1997 0040 00000000 		.4byte	.LFB36
 1998 0044 88010000 		.4byte	.LFE36
 1999 0048 00000000 		.4byte	0
 2000 004c 00000000 		.4byte	0
 2001              		.section	.debug_line,"",%progbits
 2002              	.Ldebug_line0:
 2003 0000 86020000 		.section	.debug_str,"MS",%progbits,1
 2003      0200B801 
 2003      00000201 
 2003      FB0E0D00 
 2003      01010101 
 2004              	.LASF44:
 2005 0000 68796472 		.ascii	"hydro_sign_keygen_deterministic\000"
 2005      6F5F7369 
 2005      676E5F6B 
 2005      65796765 
 2005      6E5F6465 
 2006              	.LASF38:
 2007 0020 5357315F 		.ascii	"SW1_ClearInterrupt\000"
 2007      436C6561 
 2007      72496E74 
 2007      65727275 
 2007      707400
 2008              	.LASF19:
 2009 0033 73746174 		.ascii	"state\000"
 2009      6500
 2010              	.LASF34:
 2011 0039 73656372 		.ascii	"secret_key\000"
 2011      65745F6B 
 2011      657900
 2012              	.LASF2:
 2013 0044 73686F72 		.ascii	"short int\000"
 2013      7420696E 
 2013      7400
 2014              	.LASF18:
 2015 004e 73697A65 		.ascii	"sizetype\000"
 2015      74797065 
 2015      00
 2016              	.LASF48:
 2017 0057 55534552 		.ascii	"USER_INFO_Start\000"
 2017      5F494E46 
 2017      4F5F5374 
 2017      61727400 
 2018              	.LASF55:
 2019 0067 6D61696E 		.ascii	"main\000"
 2019      00
ARM GAS  C:\Users\CCPOW_~1\AppData\Local\Temp\ccaNjOPK.s 			page 41


 2020              	.LASF6:
 2021 006c 5F5F7569 		.ascii	"__uint32_t\000"
 2021      6E743332 
 2021      5F7400
 2022              	.LASF47:
 2023 0077 52657365 		.ascii	"Reset_isr_StartEx\000"
 2023      745F6973 
 2023      725F5374 
 2023      61727445 
 2023      7800
 2024              	.LASF40:
 2025 0089 73796E63 		.ascii	"syncConnection\000"
 2025      436F6E6E 
 2025      65637469 
 2025      6F6E00
 2026              	.LASF24:
 2027 0098 68617368 		.ascii	"hash_st\000"
 2027      5F737400 
 2028              	.LASF50:
 2029 00a0 474E5520 		.ascii	"GNU C11 5.4.1 20160609 (release) [ARM/embedded-5-br"
 2029      43313120 
 2029      352E342E 
 2029      31203230 
 2029      31363036 
 2030 00d3 616E6368 		.ascii	"anch revision 237715] -mcpu=cortex-m0 -mthumb -g -O"
 2030      20726576 
 2030      6973696F 
 2030      6E203233 
 2030      37373135 
 2031 0106 67202D66 		.ascii	"g -ffunction-sections -ffat-lto-objects\000"
 2031      66756E63 
 2031      74696F6E 
 2031      2D736563 
 2031      74696F6E 
 2032              	.LASF11:
 2033 012e 75696E74 		.ascii	"uint8_t\000"
 2033      385F7400 
 2034              	.LASF46:
 2035 0136 70756C6C 		.ascii	"pullMessage2\000"
 2035      4D657373 
 2035      61676532 
 2035      00
 2036              	.LASF13:
 2037 0143 75696E74 		.ascii	"uint8\000"
 2037      3800
 2038              	.LASF33:
 2039 0149 6D657373 		.ascii	"message_type\000"
 2039      6167655F 
 2039      74797065 
 2039      00
 2040              	.LASF14:
 2041 0156 666C6F61 		.ascii	"float\000"
 2041      7400
 2042              	.LASF8:
 2043 015c 6C6F6E67 		.ascii	"long long int\000"
 2043      206C6F6E 
 2043      6720696E 
ARM GAS  C:\Users\CCPOW_~1\AppData\Local\Temp\ccaNjOPK.s 			page 42


 2043      7400
 2044              	.LASF29:
 2045 016a 63697068 		.ascii	"ciphertext\000"
 2045      65727465 
 2045      787400
 2046              	.LASF49:
 2047 0175 5553425F 		.ascii	"USB_UART_Start\000"
 2047      55415254 
 2047      5F537461 
 2047      727400
 2048              	.LASF5:
 2049 0184 5F5F7569 		.ascii	"__uint8_t\000"
 2049      6E74385F 
 2049      7400
 2050              	.LASF17:
 2051 018e 6C6F6E67 		.ascii	"long double\000"
 2051      20646F75 
 2051      626C6500 
 2052              	.LASF28:
 2053 019a 6E6F6E63 		.ascii	"nonce\000"
 2053      6500
 2054              	.LASF1:
 2055 01a0 756E7369 		.ascii	"unsigned char\000"
 2055      676E6564 
 2055      20636861 
 2055      7200
 2056              	.LASF25:
 2057 01ae 68796472 		.ascii	"hydro_sign_keypair\000"
 2057      6F5F7369 
 2057      676E5F6B 
 2057      65797061 
 2057      697200
 2058              	.LASF0:
 2059 01c1 7369676E 		.ascii	"signed char\000"
 2059      65642063 
 2059      68617200 
 2060              	.LASF9:
 2061 01cd 6C6F6E67 		.ascii	"long long unsigned int\000"
 2061      206C6F6E 
 2061      6720756E 
 2061      7369676E 
 2061      65642069 
 2062              	.LASF12:
 2063 01e4 75696E74 		.ascii	"uint32_t\000"
 2063      33325F74 
 2063      00
 2064              	.LASF10:
 2065 01ed 756E7369 		.ascii	"unsigned int\000"
 2065      676E6564 
 2065      20696E74 
 2065      00
 2066              	.LASF20:
 2067 01fa 6275665F 		.ascii	"buf_off\000"
 2067      6F666600 
 2068              	.LASF7:
 2069 0202 6C6F6E67 		.ascii	"long unsigned int\000"
 2069      20756E73 
ARM GAS  C:\Users\CCPOW_~1\AppData\Local\Temp\ccaNjOPK.s 			page 43


 2069      69676E65 
 2069      6420696E 
 2069      7400
 2070              	.LASF42:
 2071 0214 55534552 		.ascii	"USER_INFO_Write\000"
 2071      5F494E46 
 2071      4F5F5772 
 2071      69746500 
 2072              	.LASF31:
 2073 0224 72657175 		.ascii	"request\000"
 2073      65737400 
 2074              	.LASF45:
 2075 022c 68796472 		.ascii	"hydro_sign_create\000"
 2075      6F5F7369 
 2075      676E5F63 
 2075      72656174 
 2075      6500
 2076              	.LASF35:
 2077 023e 6B65795F 		.ascii	"key_pair\000"
 2077      70616972 
 2077      00
 2078              	.LASF3:
 2079 0247 73686F72 		.ascii	"short unsigned int\000"
 2079      7420756E 
 2079      7369676E 
 2079      65642069 
 2079      6E7400
 2080              	.LASF30:
 2081 025a 55554944 		.ascii	"UUID\000"
 2081      00
 2082              	.LASF16:
 2083 025f 63686172 		.ascii	"char\000"
 2083      00
 2084              	.LASF4:
 2085 0264 6C6F6E67 		.ascii	"long int\000"
 2085      20696E74 
 2085      00
 2086              	.LASF41:
 2087 026d 70756C6C 		.ascii	"pullMessage\000"
 2087      4D657373 
 2087      61676500 
 2088              	.LASF39:
 2089 0279 4379536F 		.ascii	"CySoftwareReset\000"
 2089      66747761 
 2089      72655265 
 2089      73657400 
 2090              	.LASF51:
 2091 0289 6D61696E 		.ascii	"main.c\000"
 2091      2E6300
 2092              	.LASF26:
 2093 0290 6D657373 		.ascii	"message\000"
 2093      61676500 
 2094              	.LASF15:
 2095 0298 646F7562 		.ascii	"double\000"
 2095      6C6500
 2096              	.LASF32:
 2097 029f 72657370 		.ascii	"response\000"
ARM GAS  C:\Users\CCPOW_~1\AppData\Local\Temp\ccaNjOPK.s 			page 44


 2097      6F6E7365 
 2097      00
 2098              	.LASF23:
 2099 02a8 68796472 		.ascii	"hydro_sign_state\000"
 2099      6F5F7369 
 2099      676E5F73 
 2099      74617465 
 2099      00
 2100              	.LASF53:
 2101 02b9 52657365 		.ascii	"Reset_ISR\000"
 2101      745F4953 
 2101      5200
 2102              	.LASF21:
 2103 02c3 616C6967 		.ascii	"align\000"
 2103      6E00
 2104              	.LASF36:
 2105 02c9 7369676E 		.ascii	"signature\000"
 2105      61747572 
 2105      6500
 2106              	.LASF52:
 2107 02d3 433A5C55 		.ascii	"C:\\Users\\ccpow_000\\Desktop\\CPS\\eCTF\\0xBU_SSS_"
 2107      73657273 
 2107      5C636370 
 2107      6F775F30 
 2107      30305C44 
 2108 0300 41544D5C 		.ascii	"ATM\\CARD.cydsn\000"
 2108      43415244 
 2108      2E637964 
 2108      736E00
 2109              	.LASF22:
 2110 030f 68796472 		.ascii	"hydro_hash_state\000"
 2110      6F5F6861 
 2110      73685F73 
 2110      74617465 
 2110      00
 2111              	.LASF37:
 2112 0320 70757368 		.ascii	"pushMessage\000"
 2112      4D657373 
 2112      61676500 
 2113              	.LASF43:
 2114 032c 68796472 		.ascii	"hydro_secretbox_encrypt\000"
 2114      6F5F7365 
 2114      63726574 
 2114      626F785F 
 2114      656E6372 
 2115              	.LASF27:
 2116 0344 50524F56 		.ascii	"PROVISIONED\000"
 2116      4953494F 
 2116      4E454400 
 2117              	.LASF54:
 2118 0350 70726F76 		.ascii	"provision\000"
 2118      6973696F 
 2118      6E00
 2119              		.ident	"GCC: (GNU Tools for ARM Embedded Processors) 5.4.1 20160609 (release) [ARM/embedded-5-bran
