ARM GAS  C:\Users\CCPOW_~1\AppData\Local\Temp\ccklcHTX.s 			page 1


   1              		.syntax unified
   2              		.cpu cortex-m0
   3              		.fpu softvfp
   4              		.eabi_attribute 20, 1
   5              		.eabi_attribute 21, 1
   6              		.eabi_attribute 23, 3
   7              		.eabi_attribute 24, 1
   8              		.eabi_attribute 25, 1
   9              		.eabi_attribute 26, 1
  10              		.eabi_attribute 30, 1
  11              		.eabi_attribute 34, 0
  12              		.eabi_attribute 18, 4
  13              		.thumb
  14              		.syntax unified
  15              		.file	"usbserialprotocol.c"
  16              		.text
  17              	.Ltext0:
  18              		.cfi_sections	.debug_frame
  19              		.section	.text.getValidByte,"ax",%progbits
  20              		.align	2
  21              		.global	getValidByte
  22              		.code	16
  23              		.thumb_func
  24              		.type	getValidByte, %function
  25              	getValidByte:
  26              	.LFB35:
  27              		.file 1 "usbserialprotocol.c"
   1:usbserialprotocol.c **** /* ========================================
   2:usbserialprotocol.c ****  *
   3:usbserialprotocol.c ****  * Copyright YOUR COMPANY, THE YEAR
   4:usbserialprotocol.c ****  * All Rights Reserved
   5:usbserialprotocol.c ****  * UNPUBLISHED, LICENSED SOFTWARE.
   6:usbserialprotocol.c ****  *
   7:usbserialprotocol.c ****  * CONFIDENTIAL AND PROPRIETARY INFORMATION
   8:usbserialprotocol.c ****  * WHICH IS THE PROPERTY OF your company.
   9:usbserialprotocol.c ****  *
  10:usbserialprotocol.c ****  * ========================================
  11:usbserialprotocol.c **** */
  12:usbserialprotocol.c **** 
  13:usbserialprotocol.c **** #include "usbserialprotocol.h"
  14:usbserialprotocol.c **** #include "common.h"
  15:usbserialprotocol.c **** 
  16:usbserialprotocol.c **** uint8 getValidByte()
  17:usbserialprotocol.c **** {
  28              		.loc 1 17 0
  29              		.cfi_startproc
  30              		@ args = 0, pretend = 0, frame = 0
  31              		@ frame_needed = 0, uses_anonymous_args = 0
  32 0000 10B5     		push	{r4, lr}
  33              		.cfi_def_cfa_offset 8
  34              		.cfi_offset 4, -8
  35              		.cfi_offset 14, -4
  36              	.L2:
  18:usbserialprotocol.c ****     uint8 retval = 0u;
  19:usbserialprotocol.c ****     while(USB_UART_SpiUartGetRxBufferSize() < 1); // wait for byte
  37              		.loc 1 19 0 discriminator 1
  38 0002 FFF7FEFF 		bl	USB_UART_SpiUartGetRxBufferSize
ARM GAS  C:\Users\CCPOW_~1\AppData\Local\Temp\ccklcHTX.s 			page 2


  39              	.LVL0:
  40 0006 0028     		cmp	r0, #0
  41 0008 FBD0     		beq	.L2
  20:usbserialprotocol.c ****     retval = USB_UART_UartGetByte();
  42              		.loc 1 20 0
  43 000a FFF7FEFF 		bl	USB_UART_UartGetByte
  44              	.LVL1:
  45 000e C0B2     		uxtb	r0, r0
  46              	.LVL2:
  21:usbserialprotocol.c ****     return retval;
  22:usbserialprotocol.c **** }
  47              		.loc 1 22 0
  48              		@ sp needed
  49 0010 10BD     		pop	{r4, pc}
  50              		.cfi_endproc
  51              	.LFE35:
  52              		.size	getValidByte, .-getValidByte
  53 0012 C046     		.section	.text.pushMessage,"ax",%progbits
  54              		.align	2
  55              		.global	pushMessage
  56              		.code	16
  57              		.thumb_func
  58              		.type	pushMessage, %function
  59              	pushMessage:
  60              	.LFB36:
  23:usbserialprotocol.c **** 
  24:usbserialprotocol.c **** 
  25:usbserialprotocol.c **** void pushMessage(const uint8 data[], uint8 size)
  26:usbserialprotocol.c **** {
  61              		.loc 1 26 0
  62              		.cfi_startproc
  63              		@ args = 0, pretend = 0, frame = 0
  64              		@ frame_needed = 0, uses_anonymous_args = 0
  65              	.LVL3:
  66 0000 70B5     		push	{r4, r5, r6, lr}
  67              		.cfi_def_cfa_offset 16
  68              		.cfi_offset 4, -16
  69              		.cfi_offset 5, -12
  70              		.cfi_offset 6, -8
  71              		.cfi_offset 14, -4
  72 0002 0600     		movs	r6, r0
  73 0004 0D00     		movs	r5, r1
  74              	.LVL4:
  75              	.LBB2:
  27:usbserialprotocol.c ****     for (uint8 i = 0; i < size; i++) {
  76              		.loc 1 27 0
  77 0006 0024     		movs	r4, #0
  78 0008 04E0     		b	.L4
  79              	.LVL5:
  80              	.L5:
  28:usbserialprotocol.c ****         USB_UART_UartPutChar(data[i]);   
  81              		.loc 1 28 0 discriminator 3
  82 000a 305D     		ldrb	r0, [r6, r4]
  83 000c FFF7FEFF 		bl	USB_UART_SpiUartWriteTxData
  84              	.LVL6:
  27:usbserialprotocol.c ****     for (uint8 i = 0; i < size; i++) {
  85              		.loc 1 27 0 discriminator 3
ARM GAS  C:\Users\CCPOW_~1\AppData\Local\Temp\ccklcHTX.s 			page 3


  86 0010 0134     		adds	r4, r4, #1
  87              	.LVL7:
  88 0012 E4B2     		uxtb	r4, r4
  89              	.LVL8:
  90              	.L4:
  27:usbserialprotocol.c ****     for (uint8 i = 0; i < size; i++) {
  91              		.loc 1 27 0 is_stmt 0 discriminator 1
  92 0014 AC42     		cmp	r4, r5
  93 0016 F8D3     		bcc	.L5
  94              	.LBE2:
  29:usbserialprotocol.c ****     }
  30:usbserialprotocol.c **** }
  95              		.loc 1 30 0 is_stmt 1
  96              		@ sp needed
  97              	.LVL9:
  98              	.LVL10:
  99 0018 70BD     		pop	{r4, r5, r6, pc}
 100              		.cfi_endproc
 101              	.LFE36:
 102              		.size	pushMessage, .-pushMessage
 103 001a C046     		.section	.text.pullMessage,"ax",%progbits
 104              		.align	2
 105              		.global	pullMessage
 106              		.code	16
 107              		.thumb_func
 108              		.type	pullMessage, %function
 109              	pullMessage:
 110              	.LFB37:
  31:usbserialprotocol.c **** 
  32:usbserialprotocol.c **** void pullMessage(uint8 data[], uint8 length)
  33:usbserialprotocol.c **** {
 111              		.loc 1 33 0
 112              		.cfi_startproc
 113              		@ args = 0, pretend = 0, frame = 0
 114              		@ frame_needed = 0, uses_anonymous_args = 0
 115              	.LVL11:
 116 0000 F8B5     		push	{r3, r4, r5, r6, r7, lr}
 117              		.cfi_def_cfa_offset 24
 118              		.cfi_offset 3, -24
 119              		.cfi_offset 4, -20
 120              		.cfi_offset 5, -16
 121              		.cfi_offset 6, -12
 122              		.cfi_offset 7, -8
 123              		.cfi_offset 14, -4
 124 0002 0700     		movs	r7, r0
 125 0004 0E00     		movs	r6, r1
 126              	.LVL12:
 127              	.LBB3:
  34:usbserialprotocol.c ****     for (uint8 i = 0; i < length; i++) {
 128              		.loc 1 34 0
 129 0006 0024     		movs	r4, #0
 130 0008 05E0     		b	.L7
 131              	.LVL13:
 132              	.L8:
  35:usbserialprotocol.c ****         data[i] = getValidByte();   
 133              		.loc 1 35 0 discriminator 3
 134 000a 3D19     		adds	r5, r7, r4
ARM GAS  C:\Users\CCPOW_~1\AppData\Local\Temp\ccklcHTX.s 			page 4


 135 000c FFF7FEFF 		bl	getValidByte
 136              	.LVL14:
 137 0010 2870     		strb	r0, [r5]
  34:usbserialprotocol.c ****     for (uint8 i = 0; i < length; i++) {
 138              		.loc 1 34 0 discriminator 3
 139 0012 0134     		adds	r4, r4, #1
 140              	.LVL15:
 141 0014 E4B2     		uxtb	r4, r4
 142              	.LVL16:
 143              	.L7:
  34:usbserialprotocol.c ****     for (uint8 i = 0; i < length; i++) {
 144              		.loc 1 34 0 is_stmt 0 discriminator 1
 145 0016 B442     		cmp	r4, r6
 146 0018 F7D3     		bcc	.L8
 147              	.LBE3:
  36:usbserialprotocol.c ****     }
  37:usbserialprotocol.c **** }
 148              		.loc 1 37 0 is_stmt 1
 149              		@ sp needed
 150              	.LVL17:
 151              	.LVL18:
 152 001a F8BD     		pop	{r3, r4, r5, r6, r7, pc}
 153              		.cfi_endproc
 154              	.LFE37:
 155              		.size	pullMessage, .-pullMessage
 156              		.section	.text.syncConnection,"ax",%progbits
 157              		.align	2
 158              		.global	syncConnection
 159              		.code	16
 160              		.thumb_func
 161              		.type	syncConnection, %function
 162              	syncConnection:
 163              	.LFB38:
  38:usbserialprotocol.c **** 
  39:usbserialprotocol.c **** /* 
  40:usbserialprotocol.c ****  * synchronization protocol:
  41:usbserialprotocol.c ****  *
  42:usbserialprotocol.c ****  * 1) ATM -> "READY" -> PSoC
  43:usbserialprotocol.c ****  * 2) if bad:  PSoC -> received bad message -> ATM; goto 1)
  44:usbserialprotocol.c ****  *    if good: PSoC -> PSoC name (prov/norm) -> ATM
  45:usbserialprotocol.c ****  * 3) ATM -> "GO" -> PSoC
  46:usbserialprotocol.c ****  * 4) if bad: goto 1)
  47:usbserialprotocol.c ****  */
  48:usbserialprotocol.c **** void syncConnection(int prov) 
  49:usbserialprotocol.c **** {
 164              		.loc 1 49 0
 165              		.cfi_startproc
 166              		@ args = 0, pretend = 0, frame = 8
 167              		@ frame_needed = 0, uses_anonymous_args = 0
 168              	.LVL19:
 169 0000 10B5     		push	{r4, lr}
 170              		.cfi_def_cfa_offset 8
 171              		.cfi_offset 4, -8
 172              		.cfi_offset 14, -4
 173 0002 82B0     		sub	sp, sp, #8
 174              		.cfi_def_cfa_offset 16
 175 0004 0400     		movs	r4, r0
ARM GAS  C:\Users\CCPOW_~1\AppData\Local\Temp\ccklcHTX.s 			page 5


 176              	.LVL20:
 177              	.L16:
  50:usbserialprotocol.c ****     uint8 message[1];
  51:usbserialprotocol.c ****     
  52:usbserialprotocol.c ****     do {
  53:usbserialprotocol.c ****         pullMessage(message, (uint8)1);                              
 178              		.loc 1 53 0
 179 0006 0121     		movs	r1, #1
 180 0008 01A8     		add	r0, sp, #4
 181 000a FFF7FEFF 		bl	pullMessage
 182              	.LVL21:
  54:usbserialprotocol.c ****         if (prov) {
 183              		.loc 1 54 0
 184 000e 002C     		cmp	r4, #0
 185 0010 18D0     		beq	.L10
  55:usbserialprotocol.c ****             if (message[0] == SYNC_REQUEST_NO_PROV) {
 186              		.loc 1 55 0
 187 0012 01AB     		add	r3, sp, #4
 188 0014 1B78     		ldrb	r3, [r3]
 189 0016 162B     		cmp	r3, #22
 190 0018 04D1     		bne	.L11
  56:usbserialprotocol.c ****                 pushMessage(&SYNC_CONFIRMED_PROV, (uint8)1);
 191              		.loc 1 56 0
 192 001a 0121     		movs	r1, #1
 193 001c 1848     		ldr	r0, .L17
 194 001e FFF7FEFF 		bl	pushMessage
 195              	.LVL22:
 196 0022 26E0     		b	.L12
 197              	.L11:
  57:usbserialprotocol.c ****             }
  58:usbserialprotocol.c ****             else if (message[0] == SYNC_REQUEST_PROV) {
 198              		.loc 1 58 0
 199 0024 152B     		cmp	r3, #21
 200 0026 05D1     		bne	.L13
  59:usbserialprotocol.c ****                 pushMessage(&SYNC_CONFIRMED_NO_PROV, (uint8)1);
 201              		.loc 1 59 0
 202 0028 0121     		movs	r1, #1
 203 002a 1548     		ldr	r0, .L17
 204 002c 0130     		adds	r0, r0, #1
 205 002e FFF7FEFF 		bl	pushMessage
 206              	.LVL23:
 207 0032 1EE0     		b	.L12
 208              	.L13:
  60:usbserialprotocol.c ****             }
  61:usbserialprotocol.c ****             else if (message[0] == PSOC_DEVICE_REQUEST) {
 209              		.loc 1 61 0
 210 0034 1E2B     		cmp	r3, #30
 211 0036 1CD1     		bne	.L12
  62:usbserialprotocol.c ****                 pushMessage(&SYNC_TYPE_CARD_P, (uint8)1);
 212              		.loc 1 62 0
 213 0038 0121     		movs	r1, #1
 214 003a 1148     		ldr	r0, .L17
 215 003c 0230     		adds	r0, r0, #2
 216 003e FFF7FEFF 		bl	pushMessage
 217              	.LVL24:
 218 0042 16E0     		b	.L12
 219              	.L10:
ARM GAS  C:\Users\CCPOW_~1\AppData\Local\Temp\ccklcHTX.s 			page 6


  63:usbserialprotocol.c ****             }
  64:usbserialprotocol.c ****         }
  65:usbserialprotocol.c ****         else {
  66:usbserialprotocol.c ****             if (message[0] == SYNC_REQUEST_PROV) {
 220              		.loc 1 66 0
 221 0044 01AB     		add	r3, sp, #4
 222 0046 1B78     		ldrb	r3, [r3]
 223 0048 152B     		cmp	r3, #21
 224 004a 04D1     		bne	.L14
  67:usbserialprotocol.c ****                 pushMessage(&SYNC_CONFIRMED_PROV, (uint8)1);
 225              		.loc 1 67 0
 226 004c 0121     		movs	r1, #1
 227 004e 0C48     		ldr	r0, .L17
 228 0050 FFF7FEFF 		bl	pushMessage
 229              	.LVL25:
 230 0054 0DE0     		b	.L12
 231              	.L14:
  68:usbserialprotocol.c ****             }
  69:usbserialprotocol.c ****             else if (message[0] == SYNC_REQUEST_NO_PROV) {
 232              		.loc 1 69 0
 233 0056 162B     		cmp	r3, #22
 234 0058 04D1     		bne	.L15
  70:usbserialprotocol.c ****                 pushMessage(&SYNC_CONFIRMED_PROV, (uint8)1);
 235              		.loc 1 70 0
 236 005a 0121     		movs	r1, #1
 237 005c 0848     		ldr	r0, .L17
 238 005e FFF7FEFF 		bl	pushMessage
 239              	.LVL26:
 240 0062 06E0     		b	.L12
 241              	.L15:
  71:usbserialprotocol.c ****             }
  72:usbserialprotocol.c ****             else if (message[0] == PSOC_DEVICE_REQUEST) {
 242              		.loc 1 72 0
 243 0064 1E2B     		cmp	r3, #30
 244 0066 04D1     		bne	.L12
  73:usbserialprotocol.c ****                 pushMessage(&SYNC_TYPE_CARD_N, (uint8)1);
 245              		.loc 1 73 0
 246 0068 0121     		movs	r1, #1
 247 006a 0548     		ldr	r0, .L17
 248 006c 0330     		adds	r0, r0, #3
 249 006e FFF7FEFF 		bl	pushMessage
 250              	.LVL27:
 251              	.L12:
  74:usbserialprotocol.c ****             }
  75:usbserialprotocol.c ****         }
  76:usbserialprotocol.c ****     }
  77:usbserialprotocol.c ****     while (message[0] != SYNCED);
 252              		.loc 1 77 0
 253 0072 01AB     		add	r3, sp, #4
 254 0074 1B78     		ldrb	r3, [r3]
 255 0076 1B2B     		cmp	r3, #27
 256 0078 C5D1     		bne	.L16
  78:usbserialprotocol.c ****     
  79:usbserialprotocol.c **** }
 257              		.loc 1 79 0
 258 007a 02B0     		add	sp, sp, #8
 259              		@ sp needed
ARM GAS  C:\Users\CCPOW_~1\AppData\Local\Temp\ccklcHTX.s 			page 7


 260              	.LVL28:
 261 007c 10BD     		pop	{r4, pc}
 262              	.L18:
 263 007e C046     		.align	2
 264              	.L17:
 265 0080 00000000 		.word	.LANCHOR0
 266              		.cfi_endproc
 267              	.LFE38:
 268              		.size	syncConnection, .-syncConnection
 269              		.section	.rodata
 270              		.set	.LANCHOR0,. + 0
 271              		.type	SYNC_CONFIRMED_PROV, %object
 272              		.size	SYNC_CONFIRMED_PROV, 1
 273              	SYNC_CONFIRMED_PROV:
 274 0000 17       		.byte	23
 275              		.type	SYNC_CONFIRMED_NO_PROV, %object
 276              		.size	SYNC_CONFIRMED_NO_PROV, 1
 277              	SYNC_CONFIRMED_NO_PROV:
 278 0001 18       		.byte	24
 279              		.type	SYNC_TYPE_CARD_P, %object
 280              		.size	SYNC_TYPE_CARD_P, 1
 281              	SYNC_TYPE_CARD_P:
 282 0002 3D       		.byte	61
 283              		.type	SYNC_TYPE_CARD_N, %object
 284              		.size	SYNC_TYPE_CARD_N, 1
 285              	SYNC_TYPE_CARD_N:
 286 0003 1D       		.byte	29
 287              		.text
 288              	.Letext0:
 289              		.file 2 "Generated_Source\\PSoC4/cytypes.h"
 290              		.file 3 "common.h"
 291              		.file 4 "Generated_Source\\PSoC4/USB_UART_SPI_UART.h"
 292              		.section	.debug_info,"",%progbits
 293              	.Ldebug_info0:
 294 0000 C7030000 		.4byte	0x3c7
 295 0004 0400     		.2byte	0x4
 296 0006 00000000 		.4byte	.Ldebug_abbrev0
 297 000a 04       		.byte	0x4
 298 000b 01       		.uleb128 0x1
 299 000c FF010000 		.4byte	.LASF47
 300 0010 0C       		.byte	0xc
 301 0011 8D020000 		.4byte	.LASF48
 302 0015 C3010000 		.4byte	.LASF49
 303 0019 00000000 		.4byte	.Ldebug_ranges0+0
 304 001d 00000000 		.4byte	0
 305 0021 00000000 		.4byte	.Ldebug_line0
 306 0025 02       		.uleb128 0x2
 307 0026 01       		.byte	0x1
 308 0027 06       		.byte	0x6
 309 0028 41030000 		.4byte	.LASF0
 310 002c 02       		.uleb128 0x2
 311 002d 01       		.byte	0x1
 312 002e 08       		.byte	0x8
 313 002f 06010000 		.4byte	.LASF1
 314 0033 02       		.uleb128 0x2
 315 0034 02       		.byte	0x2
 316 0035 05       		.byte	0x5
ARM GAS  C:\Users\CCPOW_~1\AppData\Local\Temp\ccklcHTX.s 			page 8


 317 0036 F3020000 		.4byte	.LASF2
 318 003a 02       		.uleb128 0x2
 319 003b 02       		.byte	0x2
 320 003c 07       		.byte	0x7
 321 003d 64000000 		.4byte	.LASF3
 322 0041 02       		.uleb128 0x2
 323 0042 04       		.byte	0x4
 324 0043 05       		.byte	0x5
 325 0044 2C030000 		.4byte	.LASF4
 326 0048 02       		.uleb128 0x2
 327 0049 04       		.byte	0x4
 328 004a 07       		.byte	0x7
 329 004b CE000000 		.4byte	.LASF5
 330 004f 02       		.uleb128 0x2
 331 0050 08       		.byte	0x8
 332 0051 05       		.byte	0x5
 333 0052 CB020000 		.4byte	.LASF6
 334 0056 02       		.uleb128 0x2
 335 0057 08       		.byte	0x8
 336 0058 07       		.byte	0x7
 337 0059 63010000 		.4byte	.LASF7
 338 005d 03       		.uleb128 0x3
 339 005e 04       		.byte	0x4
 340 005f 05       		.byte	0x5
 341 0060 696E7400 		.ascii	"int\000"
 342 0064 02       		.uleb128 0x2
 343 0065 04       		.byte	0x4
 344 0066 07       		.byte	0x7
 345 0067 4D010000 		.4byte	.LASF8
 346 006b 04       		.uleb128 0x4
 347 006c F0000000 		.4byte	.LASF9
 348 0070 02       		.byte	0x2
 349 0071 B901     		.2byte	0x1b9
 350 0073 2C000000 		.4byte	0x2c
 351 0077 04       		.uleb128 0x4
 352 0078 46010000 		.4byte	.LASF10
 353 007c 02       		.byte	0x2
 354 007d BB01     		.2byte	0x1bb
 355 007f 48000000 		.4byte	0x48
 356 0083 02       		.uleb128 0x2
 357 0084 04       		.byte	0x4
 358 0085 04       		.byte	0x4
 359 0086 93000000 		.4byte	.LASF11
 360 008a 02       		.uleb128 0x2
 361 008b 08       		.byte	0x8
 362 008c 04       		.byte	0x4
 363 008d 14010000 		.4byte	.LASF12
 364 0091 02       		.uleb128 0x2
 365 0092 01       		.byte	0x1
 366 0093 08       		.byte	0x8
 367 0094 D9020000 		.4byte	.LASF13
 368 0098 02       		.uleb128 0x2
 369 0099 08       		.byte	0x8
 370 009a 04       		.byte	0x4
 371 009b 35030000 		.4byte	.LASF14
 372 009f 02       		.uleb128 0x2
 373 00a0 04       		.byte	0x4
ARM GAS  C:\Users\CCPOW_~1\AppData\Local\Temp\ccklcHTX.s 			page 9


 374 00a1 07       		.byte	0x7
 375 00a2 B6020000 		.4byte	.LASF15
 376 00a6 05       		.uleb128 0x5
 377 00a7 91000000 		.4byte	0x91
 378 00ab 06       		.uleb128 0x6
 379 00ac 04       		.byte	0x4
 380 00ad 6B000000 		.4byte	0x6b
 381 00b1 07       		.uleb128 0x7
 382 00b2 7A010000 		.4byte	.LASF16
 383 00b6 01       		.byte	0x1
 384 00b7 10       		.byte	0x10
 385 00b8 6B000000 		.4byte	0x6b
 386 00bc 00000000 		.4byte	.LFB35
 387 00c0 12000000 		.4byte	.LFE35-.LFB35
 388 00c4 01       		.uleb128 0x1
 389 00c5 9C       		.byte	0x9c
 390 00c6 EA000000 		.4byte	0xea
 391 00ca 08       		.uleb128 0x8
 392 00cb BE000000 		.4byte	.LASF20
 393 00cf 01       		.byte	0x1
 394 00d0 12       		.byte	0x12
 395 00d1 6B000000 		.4byte	0x6b
 396 00d5 01       		.uleb128 0x1
 397 00d6 50       		.byte	0x50
 398 00d7 09       		.uleb128 0x9
 399 00d8 06000000 		.4byte	.LVL0
 400 00dc A6030000 		.4byte	0x3a6
 401 00e0 09       		.uleb128 0x9
 402 00e1 0E000000 		.4byte	.LVL1
 403 00e5 B2030000 		.4byte	0x3b2
 404 00e9 00       		.byte	0
 405 00ea 0A       		.uleb128 0xa
 406 00eb BF020000 		.4byte	.LASF17
 407 00ef 01       		.byte	0x1
 408 00f0 19       		.byte	0x19
 409 00f1 00000000 		.4byte	.LFB36
 410 00f5 1A000000 		.4byte	.LFE36-.LFB36
 411 00f9 01       		.uleb128 0x1
 412 00fa 9C       		.byte	0x9c
 413 00fb 3E010000 		.4byte	0x13e
 414 00ff 0B       		.uleb128 0xb
 415 0100 99000000 		.4byte	.LASF18
 416 0104 01       		.byte	0x1
 417 0105 19       		.byte	0x19
 418 0106 3E010000 		.4byte	0x13e
 419 010a 00000000 		.4byte	.LLST0
 420 010e 0B       		.uleb128 0xb
 421 010f 4D030000 		.4byte	.LASF19
 422 0113 01       		.byte	0x1
 423 0114 19       		.byte	0x19
 424 0115 6B000000 		.4byte	0x6b
 425 0119 2C000000 		.4byte	.LLST1
 426 011d 0C       		.uleb128 0xc
 427 011e 06000000 		.4byte	.LBB2
 428 0122 12000000 		.4byte	.LBE2-.LBB2
 429 0126 0D       		.uleb128 0xd
 430 0127 6900     		.ascii	"i\000"
ARM GAS  C:\Users\CCPOW_~1\AppData\Local\Temp\ccklcHTX.s 			page 10


 431 0129 01       		.byte	0x1
 432 012a 1B       		.byte	0x1b
 433 012b 6B000000 		.4byte	0x6b
 434 012f 4D000000 		.4byte	.LLST2
 435 0133 09       		.uleb128 0x9
 436 0134 10000000 		.4byte	.LVL6
 437 0138 BE030000 		.4byte	0x3be
 438 013c 00       		.byte	0
 439 013d 00       		.byte	0
 440 013e 06       		.uleb128 0x6
 441 013f 04       		.byte	0x4
 442 0140 44010000 		.4byte	0x144
 443 0144 05       		.uleb128 0x5
 444 0145 6B000000 		.4byte	0x6b
 445 0149 0A       		.uleb128 0xa
 446 014a 52030000 		.4byte	.LASF21
 447 014e 01       		.byte	0x1
 448 014f 20       		.byte	0x20
 449 0150 00000000 		.4byte	.LFB37
 450 0154 1C000000 		.4byte	.LFE37-.LFB37
 451 0158 01       		.uleb128 0x1
 452 0159 9C       		.byte	0x9c
 453 015a 9D010000 		.4byte	0x19d
 454 015e 0B       		.uleb128 0xb
 455 015f 99000000 		.4byte	.LASF18
 456 0163 01       		.byte	0x1
 457 0164 20       		.byte	0x20
 458 0165 AB000000 		.4byte	0xab
 459 0169 77000000 		.4byte	.LLST3
 460 016d 0B       		.uleb128 0xb
 461 016e EC020000 		.4byte	.LASF22
 462 0172 01       		.byte	0x1
 463 0173 20       		.byte	0x20
 464 0174 6B000000 		.4byte	0x6b
 465 0178 A3000000 		.4byte	.LLST4
 466 017c 0C       		.uleb128 0xc
 467 017d 06000000 		.4byte	.LBB3
 468 0181 14000000 		.4byte	.LBE3-.LBB3
 469 0185 0D       		.uleb128 0xd
 470 0186 6900     		.ascii	"i\000"
 471 0188 01       		.byte	0x1
 472 0189 22       		.byte	0x22
 473 018a 6B000000 		.4byte	0x6b
 474 018e C4000000 		.4byte	.LLST5
 475 0192 09       		.uleb128 0x9
 476 0193 10000000 		.4byte	.LVL14
 477 0197 B1000000 		.4byte	0xb1
 478 019b 00       		.byte	0
 479 019c 00       		.byte	0
 480 019d 0A       		.uleb128 0xa
 481 019e 19000000 		.4byte	.LASF23
 482 01a2 01       		.byte	0x1
 483 01a3 30       		.byte	0x30
 484 01a4 00000000 		.4byte	.LFB38
 485 01a8 84000000 		.4byte	.LFE38-.LFB38
 486 01ac 01       		.uleb128 0x1
 487 01ad 9C       		.byte	0x9c
ARM GAS  C:\Users\CCPOW_~1\AppData\Local\Temp\ccklcHTX.s 			page 11


 488 01ae 8D020000 		.4byte	0x28d
 489 01b2 0B       		.uleb128 0xb
 490 01b3 8E000000 		.4byte	.LASF24
 491 01b7 01       		.byte	0x1
 492 01b8 30       		.byte	0x30
 493 01b9 5D000000 		.4byte	0x5d
 494 01bd EE000000 		.4byte	.LLST6
 495 01c1 08       		.uleb128 0x8
 496 01c2 00000000 		.4byte	.LASF25
 497 01c6 01       		.byte	0x1
 498 01c7 32       		.byte	0x32
 499 01c8 8D020000 		.4byte	0x28d
 500 01cc 02       		.uleb128 0x2
 501 01cd 91       		.byte	0x91
 502 01ce 74       		.sleb128 -12
 503 01cf 0E       		.uleb128 0xe
 504 01d0 0E000000 		.4byte	.LVL21
 505 01d4 49010000 		.4byte	0x149
 506 01d8 E8010000 		.4byte	0x1e8
 507 01dc 0F       		.uleb128 0xf
 508 01dd 01       		.uleb128 0x1
 509 01de 50       		.byte	0x50
 510 01df 02       		.uleb128 0x2
 511 01e0 91       		.byte	0x91
 512 01e1 74       		.sleb128 -12
 513 01e2 0F       		.uleb128 0xf
 514 01e3 01       		.uleb128 0x1
 515 01e4 51       		.byte	0x51
 516 01e5 01       		.uleb128 0x1
 517 01e6 31       		.byte	0x31
 518 01e7 00       		.byte	0
 519 01e8 0E       		.uleb128 0xe
 520 01e9 22000000 		.4byte	.LVL22
 521 01ed EA000000 		.4byte	0xea
 522 01f1 04020000 		.4byte	0x204
 523 01f5 0F       		.uleb128 0xf
 524 01f6 01       		.uleb128 0x1
 525 01f7 50       		.byte	0x50
 526 01f8 05       		.uleb128 0x5
 527 01f9 03       		.byte	0x3
 528 01fa 00000000 		.4byte	.LANCHOR0
 529 01fe 0F       		.uleb128 0xf
 530 01ff 01       		.uleb128 0x1
 531 0200 51       		.byte	0x51
 532 0201 01       		.uleb128 0x1
 533 0202 31       		.byte	0x31
 534 0203 00       		.byte	0
 535 0204 0E       		.uleb128 0xe
 536 0205 32000000 		.4byte	.LVL23
 537 0209 EA000000 		.4byte	0xea
 538 020d 20020000 		.4byte	0x220
 539 0211 0F       		.uleb128 0xf
 540 0212 01       		.uleb128 0x1
 541 0213 50       		.byte	0x50
 542 0214 05       		.uleb128 0x5
 543 0215 03       		.byte	0x3
 544 0216 01000000 		.4byte	.LANCHOR0+1
ARM GAS  C:\Users\CCPOW_~1\AppData\Local\Temp\ccklcHTX.s 			page 12


 545 021a 0F       		.uleb128 0xf
 546 021b 01       		.uleb128 0x1
 547 021c 51       		.byte	0x51
 548 021d 01       		.uleb128 0x1
 549 021e 31       		.byte	0x31
 550 021f 00       		.byte	0
 551 0220 0E       		.uleb128 0xe
 552 0221 42000000 		.4byte	.LVL24
 553 0225 EA000000 		.4byte	0xea
 554 0229 3C020000 		.4byte	0x23c
 555 022d 0F       		.uleb128 0xf
 556 022e 01       		.uleb128 0x1
 557 022f 50       		.byte	0x50
 558 0230 05       		.uleb128 0x5
 559 0231 03       		.byte	0x3
 560 0232 02000000 		.4byte	.LANCHOR0+2
 561 0236 0F       		.uleb128 0xf
 562 0237 01       		.uleb128 0x1
 563 0238 51       		.byte	0x51
 564 0239 01       		.uleb128 0x1
 565 023a 31       		.byte	0x31
 566 023b 00       		.byte	0
 567 023c 0E       		.uleb128 0xe
 568 023d 54000000 		.4byte	.LVL25
 569 0241 EA000000 		.4byte	0xea
 570 0245 58020000 		.4byte	0x258
 571 0249 0F       		.uleb128 0xf
 572 024a 01       		.uleb128 0x1
 573 024b 50       		.byte	0x50
 574 024c 05       		.uleb128 0x5
 575 024d 03       		.byte	0x3
 576 024e 00000000 		.4byte	.LANCHOR0
 577 0252 0F       		.uleb128 0xf
 578 0253 01       		.uleb128 0x1
 579 0254 51       		.byte	0x51
 580 0255 01       		.uleb128 0x1
 581 0256 31       		.byte	0x31
 582 0257 00       		.byte	0
 583 0258 0E       		.uleb128 0xe
 584 0259 62000000 		.4byte	.LVL26
 585 025d EA000000 		.4byte	0xea
 586 0261 74020000 		.4byte	0x274
 587 0265 0F       		.uleb128 0xf
 588 0266 01       		.uleb128 0x1
 589 0267 50       		.byte	0x50
 590 0268 05       		.uleb128 0x5
 591 0269 03       		.byte	0x3
 592 026a 00000000 		.4byte	.LANCHOR0
 593 026e 0F       		.uleb128 0xf
 594 026f 01       		.uleb128 0x1
 595 0270 51       		.byte	0x51
 596 0271 01       		.uleb128 0x1
 597 0272 31       		.byte	0x31
 598 0273 00       		.byte	0
 599 0274 10       		.uleb128 0x10
 600 0275 72000000 		.4byte	.LVL27
 601 0279 EA000000 		.4byte	0xea
ARM GAS  C:\Users\CCPOW_~1\AppData\Local\Temp\ccklcHTX.s 			page 13


 602 027d 0F       		.uleb128 0xf
 603 027e 01       		.uleb128 0x1
 604 027f 50       		.byte	0x50
 605 0280 05       		.uleb128 0x5
 606 0281 03       		.byte	0x3
 607 0282 03000000 		.4byte	.LANCHOR0+3
 608 0286 0F       		.uleb128 0xf
 609 0287 01       		.uleb128 0x1
 610 0288 51       		.byte	0x51
 611 0289 01       		.uleb128 0x1
 612 028a 31       		.byte	0x31
 613 028b 00       		.byte	0
 614 028c 00       		.byte	0
 615 028d 11       		.uleb128 0x11
 616 028e 6B000000 		.4byte	0x6b
 617 0292 9D020000 		.4byte	0x29d
 618 0296 12       		.uleb128 0x12
 619 0297 9F000000 		.4byte	0x9f
 620 029b 00       		.byte	0
 621 029c 00       		.byte	0
 622 029d 13       		.uleb128 0x13
 623 029e C5000000 		.4byte	.LASF26
 624 02a2 03       		.byte	0x3
 625 02a3 0F       		.byte	0xf
 626 02a4 44010000 		.4byte	0x144
 627 02a8 20       		.byte	0x20
 628 02a9 13       		.uleb128 0x13
 629 02aa 5A010000 		.4byte	.LASF27
 630 02ae 03       		.byte	0x3
 631 02af 10       		.byte	0x10
 632 02b0 44010000 		.4byte	0x144
 633 02b4 21       		.byte	0x21
 634 02b5 13       		.uleb128 0x13
 635 02b6 B2000000 		.4byte	.LASF28
 636 02ba 03       		.byte	0x3
 637 02bb 1B       		.byte	0x1b
 638 02bc 44010000 		.4byte	0x144
 639 02c0 01       		.byte	0x1
 640 02c1 13       		.uleb128 0x13
 641 02c2 1B010000 		.4byte	.LASF29
 642 02c6 03       		.byte	0x3
 643 02c7 1C       		.byte	0x1c
 644 02c8 44010000 		.4byte	0x144
 645 02cc 03       		.byte	0x3
 646 02cd 13       		.uleb128 0x13
 647 02ce DE020000 		.4byte	.LASF30
 648 02d2 03       		.byte	0x3
 649 02d3 1D       		.byte	0x1d
 650 02d4 44010000 		.4byte	0x144
 651 02d8 0D       		.byte	0xd
 652 02d9 13       		.uleb128 0x13
 653 02da 52000000 		.4byte	.LASF31
 654 02de 03       		.byte	0x3
 655 02df 21       		.byte	0x21
 656 02e0 44010000 		.4byte	0x144
 657 02e4 15       		.byte	0x15
 658 02e5 13       		.uleb128 0x13
ARM GAS  C:\Users\CCPOW_~1\AppData\Local\Temp\ccklcHTX.s 			page 14


 659 02e6 A1020000 		.4byte	.LASF32
 660 02ea 03       		.byte	0x3
 661 02eb 22       		.byte	0x22
 662 02ec 44010000 		.4byte	0x144
 663 02f0 16       		.byte	0x16
 664 02f1 08       		.uleb128 0x8
 665 02f2 FD020000 		.4byte	.LASF33
 666 02f6 03       		.byte	0x3
 667 02f7 23       		.byte	0x23
 668 02f8 44010000 		.4byte	0x144
 669 02fc 05       		.uleb128 0x5
 670 02fd 03       		.byte	0x3
 671 02fe 00000000 		.4byte	SYNC_CONFIRMED_PROV
 672 0302 08       		.uleb128 0x8
 673 0303 77000000 		.4byte	.LASF34
 674 0307 03       		.byte	0x3
 675 0308 24       		.byte	0x24
 676 0309 44010000 		.4byte	0x144
 677 030d 05       		.uleb128 0x5
 678 030e 03       		.byte	0x3
 679 030f 01000000 		.4byte	SYNC_CONFIRMED_NO_PROV
 680 0313 13       		.uleb128 0x13
 681 0314 18030000 		.4byte	.LASF35
 682 0318 03       		.byte	0x3
 683 0319 25       		.byte	0x25
 684 031a 44010000 		.4byte	0x144
 685 031e 19       		.byte	0x19
 686 031f 13       		.uleb128 0x13
 687 0320 08000000 		.4byte	.LASF36
 688 0324 03       		.byte	0x3
 689 0325 26       		.byte	0x26
 690 0326 44010000 		.4byte	0x144
 691 032a 1A       		.byte	0x1a
 692 032b 13       		.uleb128 0x13
 693 032c 11030000 		.4byte	.LASF37
 694 0330 03       		.byte	0x3
 695 0331 27       		.byte	0x27
 696 0332 44010000 		.4byte	0x144
 697 0336 1B       		.byte	0x1b
 698 0337 08       		.uleb128 0x8
 699 0338 30000000 		.4byte	.LASF38
 700 033c 03       		.byte	0x3
 701 033d 28       		.byte	0x28
 702 033e 44010000 		.4byte	0x144
 703 0342 05       		.uleb128 0x5
 704 0343 03       		.byte	0x3
 705 0344 03000000 		.4byte	SYNC_TYPE_CARD_N
 706 0348 08       		.uleb128 0x8
 707 0349 41000000 		.4byte	.LASF39
 708 034d 03       		.byte	0x3
 709 034e 29       		.byte	0x29
 710 034f 44010000 		.4byte	0x144
 711 0353 05       		.uleb128 0x5
 712 0354 03       		.byte	0x3
 713 0355 02000000 		.4byte	SYNC_TYPE_CARD_P
 714 0359 13       		.uleb128 0x13
 715 035a E0000000 		.4byte	.LASF40
ARM GAS  C:\Users\CCPOW_~1\AppData\Local\Temp\ccklcHTX.s 			page 15


 716 035e 03       		.byte	0x3
 717 035f 2A       		.byte	0x2a
 718 0360 44010000 		.4byte	0x144
 719 0364 1C       		.byte	0x1c
 720 0365 13       		.uleb128 0x13
 721 0366 F6000000 		.4byte	.LASF41
 722 036a 03       		.byte	0x3
 723 036b 2B       		.byte	0x2b
 724 036c 44010000 		.4byte	0x144
 725 0370 3C       		.byte	0x3c
 726 0371 13       		.uleb128 0x13
 727 0372 9E000000 		.4byte	.LASF42
 728 0376 03       		.byte	0x3
 729 0377 2C       		.byte	0x2c
 730 0378 44010000 		.4byte	0x144
 731 037c 1E       		.byte	0x1e
 732 037d 11       		.uleb128 0x11
 733 037e A6000000 		.4byte	0xa6
 734 0382 8D030000 		.4byte	0x38d
 735 0386 12       		.uleb128 0x12
 736 0387 9F000000 		.4byte	0x9f
 737 038b 07       		.byte	0x7
 738 038c 00       		.byte	0
 739 038d 14       		.uleb128 0x14
 740 038e 28000000 		.4byte	.LASF43
 741 0392 03       		.byte	0x3
 742 0393 34       		.byte	0x34
 743 0394 A1030000 		.4byte	0x3a1
 744 0398 08       		.byte	0x8
 745 0399 00       		.byte	0
 746 039a 00       		.byte	0
 747 039b 00       		.byte	0
 748 039c 00       		.byte	0
 749 039d 00       		.byte	0
 750 039e 00       		.byte	0
 751 039f 00       		.byte	0
 752 03a0 00       		.byte	0
 753 03a1 05       		.uleb128 0x5
 754 03a2 7D030000 		.4byte	0x37d
 755 03a6 15       		.uleb128 0x15
 756 03a7 A3010000 		.4byte	.LASF44
 757 03ab A3010000 		.4byte	.LASF44
 758 03af 04       		.byte	0x4
 759 03b0 3403     		.2byte	0x334
 760 03b2 15       		.uleb128 0x15
 761 03b3 31010000 		.4byte	.LASF45
 762 03b7 31010000 		.4byte	.LASF45
 763 03bb 04       		.byte	0x4
 764 03bc 0703     		.2byte	0x307
 765 03be 15       		.uleb128 0x15
 766 03bf 87010000 		.4byte	.LASF46
 767 03c3 87010000 		.4byte	.LASF46
 768 03c7 04       		.byte	0x4
 769 03c8 3A03     		.2byte	0x33a
 770 03ca 00       		.byte	0
 771              		.section	.debug_abbrev,"",%progbits
 772              	.Ldebug_abbrev0:
ARM GAS  C:\Users\CCPOW_~1\AppData\Local\Temp\ccklcHTX.s 			page 16


 773 0000 01       		.uleb128 0x1
 774 0001 11       		.uleb128 0x11
 775 0002 01       		.byte	0x1
 776 0003 25       		.uleb128 0x25
 777 0004 0E       		.uleb128 0xe
 778 0005 13       		.uleb128 0x13
 779 0006 0B       		.uleb128 0xb
 780 0007 03       		.uleb128 0x3
 781 0008 0E       		.uleb128 0xe
 782 0009 1B       		.uleb128 0x1b
 783 000a 0E       		.uleb128 0xe
 784 000b 55       		.uleb128 0x55
 785 000c 17       		.uleb128 0x17
 786 000d 11       		.uleb128 0x11
 787 000e 01       		.uleb128 0x1
 788 000f 10       		.uleb128 0x10
 789 0010 17       		.uleb128 0x17
 790 0011 00       		.byte	0
 791 0012 00       		.byte	0
 792 0013 02       		.uleb128 0x2
 793 0014 24       		.uleb128 0x24
 794 0015 00       		.byte	0
 795 0016 0B       		.uleb128 0xb
 796 0017 0B       		.uleb128 0xb
 797 0018 3E       		.uleb128 0x3e
 798 0019 0B       		.uleb128 0xb
 799 001a 03       		.uleb128 0x3
 800 001b 0E       		.uleb128 0xe
 801 001c 00       		.byte	0
 802 001d 00       		.byte	0
 803 001e 03       		.uleb128 0x3
 804 001f 24       		.uleb128 0x24
 805 0020 00       		.byte	0
 806 0021 0B       		.uleb128 0xb
 807 0022 0B       		.uleb128 0xb
 808 0023 3E       		.uleb128 0x3e
 809 0024 0B       		.uleb128 0xb
 810 0025 03       		.uleb128 0x3
 811 0026 08       		.uleb128 0x8
 812 0027 00       		.byte	0
 813 0028 00       		.byte	0
 814 0029 04       		.uleb128 0x4
 815 002a 16       		.uleb128 0x16
 816 002b 00       		.byte	0
 817 002c 03       		.uleb128 0x3
 818 002d 0E       		.uleb128 0xe
 819 002e 3A       		.uleb128 0x3a
 820 002f 0B       		.uleb128 0xb
 821 0030 3B       		.uleb128 0x3b
 822 0031 05       		.uleb128 0x5
 823 0032 49       		.uleb128 0x49
 824 0033 13       		.uleb128 0x13
 825 0034 00       		.byte	0
 826 0035 00       		.byte	0
 827 0036 05       		.uleb128 0x5
 828 0037 26       		.uleb128 0x26
 829 0038 00       		.byte	0
ARM GAS  C:\Users\CCPOW_~1\AppData\Local\Temp\ccklcHTX.s 			page 17


 830 0039 49       		.uleb128 0x49
 831 003a 13       		.uleb128 0x13
 832 003b 00       		.byte	0
 833 003c 00       		.byte	0
 834 003d 06       		.uleb128 0x6
 835 003e 0F       		.uleb128 0xf
 836 003f 00       		.byte	0
 837 0040 0B       		.uleb128 0xb
 838 0041 0B       		.uleb128 0xb
 839 0042 49       		.uleb128 0x49
 840 0043 13       		.uleb128 0x13
 841 0044 00       		.byte	0
 842 0045 00       		.byte	0
 843 0046 07       		.uleb128 0x7
 844 0047 2E       		.uleb128 0x2e
 845 0048 01       		.byte	0x1
 846 0049 3F       		.uleb128 0x3f
 847 004a 19       		.uleb128 0x19
 848 004b 03       		.uleb128 0x3
 849 004c 0E       		.uleb128 0xe
 850 004d 3A       		.uleb128 0x3a
 851 004e 0B       		.uleb128 0xb
 852 004f 3B       		.uleb128 0x3b
 853 0050 0B       		.uleb128 0xb
 854 0051 49       		.uleb128 0x49
 855 0052 13       		.uleb128 0x13
 856 0053 11       		.uleb128 0x11
 857 0054 01       		.uleb128 0x1
 858 0055 12       		.uleb128 0x12
 859 0056 06       		.uleb128 0x6
 860 0057 40       		.uleb128 0x40
 861 0058 18       		.uleb128 0x18
 862 0059 9742     		.uleb128 0x2117
 863 005b 19       		.uleb128 0x19
 864 005c 01       		.uleb128 0x1
 865 005d 13       		.uleb128 0x13
 866 005e 00       		.byte	0
 867 005f 00       		.byte	0
 868 0060 08       		.uleb128 0x8
 869 0061 34       		.uleb128 0x34
 870 0062 00       		.byte	0
 871 0063 03       		.uleb128 0x3
 872 0064 0E       		.uleb128 0xe
 873 0065 3A       		.uleb128 0x3a
 874 0066 0B       		.uleb128 0xb
 875 0067 3B       		.uleb128 0x3b
 876 0068 0B       		.uleb128 0xb
 877 0069 49       		.uleb128 0x49
 878 006a 13       		.uleb128 0x13
 879 006b 02       		.uleb128 0x2
 880 006c 18       		.uleb128 0x18
 881 006d 00       		.byte	0
 882 006e 00       		.byte	0
 883 006f 09       		.uleb128 0x9
 884 0070 898201   		.uleb128 0x4109
 885 0073 00       		.byte	0
 886 0074 11       		.uleb128 0x11
ARM GAS  C:\Users\CCPOW_~1\AppData\Local\Temp\ccklcHTX.s 			page 18


 887 0075 01       		.uleb128 0x1
 888 0076 31       		.uleb128 0x31
 889 0077 13       		.uleb128 0x13
 890 0078 00       		.byte	0
 891 0079 00       		.byte	0
 892 007a 0A       		.uleb128 0xa
 893 007b 2E       		.uleb128 0x2e
 894 007c 01       		.byte	0x1
 895 007d 3F       		.uleb128 0x3f
 896 007e 19       		.uleb128 0x19
 897 007f 03       		.uleb128 0x3
 898 0080 0E       		.uleb128 0xe
 899 0081 3A       		.uleb128 0x3a
 900 0082 0B       		.uleb128 0xb
 901 0083 3B       		.uleb128 0x3b
 902 0084 0B       		.uleb128 0xb
 903 0085 27       		.uleb128 0x27
 904 0086 19       		.uleb128 0x19
 905 0087 11       		.uleb128 0x11
 906 0088 01       		.uleb128 0x1
 907 0089 12       		.uleb128 0x12
 908 008a 06       		.uleb128 0x6
 909 008b 40       		.uleb128 0x40
 910 008c 18       		.uleb128 0x18
 911 008d 9742     		.uleb128 0x2117
 912 008f 19       		.uleb128 0x19
 913 0090 01       		.uleb128 0x1
 914 0091 13       		.uleb128 0x13
 915 0092 00       		.byte	0
 916 0093 00       		.byte	0
 917 0094 0B       		.uleb128 0xb
 918 0095 05       		.uleb128 0x5
 919 0096 00       		.byte	0
 920 0097 03       		.uleb128 0x3
 921 0098 0E       		.uleb128 0xe
 922 0099 3A       		.uleb128 0x3a
 923 009a 0B       		.uleb128 0xb
 924 009b 3B       		.uleb128 0x3b
 925 009c 0B       		.uleb128 0xb
 926 009d 49       		.uleb128 0x49
 927 009e 13       		.uleb128 0x13
 928 009f 02       		.uleb128 0x2
 929 00a0 17       		.uleb128 0x17
 930 00a1 00       		.byte	0
 931 00a2 00       		.byte	0
 932 00a3 0C       		.uleb128 0xc
 933 00a4 0B       		.uleb128 0xb
 934 00a5 01       		.byte	0x1
 935 00a6 11       		.uleb128 0x11
 936 00a7 01       		.uleb128 0x1
 937 00a8 12       		.uleb128 0x12
 938 00a9 06       		.uleb128 0x6
 939 00aa 00       		.byte	0
 940 00ab 00       		.byte	0
 941 00ac 0D       		.uleb128 0xd
 942 00ad 34       		.uleb128 0x34
 943 00ae 00       		.byte	0
ARM GAS  C:\Users\CCPOW_~1\AppData\Local\Temp\ccklcHTX.s 			page 19


 944 00af 03       		.uleb128 0x3
 945 00b0 08       		.uleb128 0x8
 946 00b1 3A       		.uleb128 0x3a
 947 00b2 0B       		.uleb128 0xb
 948 00b3 3B       		.uleb128 0x3b
 949 00b4 0B       		.uleb128 0xb
 950 00b5 49       		.uleb128 0x49
 951 00b6 13       		.uleb128 0x13
 952 00b7 02       		.uleb128 0x2
 953 00b8 17       		.uleb128 0x17
 954 00b9 00       		.byte	0
 955 00ba 00       		.byte	0
 956 00bb 0E       		.uleb128 0xe
 957 00bc 898201   		.uleb128 0x4109
 958 00bf 01       		.byte	0x1
 959 00c0 11       		.uleb128 0x11
 960 00c1 01       		.uleb128 0x1
 961 00c2 31       		.uleb128 0x31
 962 00c3 13       		.uleb128 0x13
 963 00c4 01       		.uleb128 0x1
 964 00c5 13       		.uleb128 0x13
 965 00c6 00       		.byte	0
 966 00c7 00       		.byte	0
 967 00c8 0F       		.uleb128 0xf
 968 00c9 8A8201   		.uleb128 0x410a
 969 00cc 00       		.byte	0
 970 00cd 02       		.uleb128 0x2
 971 00ce 18       		.uleb128 0x18
 972 00cf 9142     		.uleb128 0x2111
 973 00d1 18       		.uleb128 0x18
 974 00d2 00       		.byte	0
 975 00d3 00       		.byte	0
 976 00d4 10       		.uleb128 0x10
 977 00d5 898201   		.uleb128 0x4109
 978 00d8 01       		.byte	0x1
 979 00d9 11       		.uleb128 0x11
 980 00da 01       		.uleb128 0x1
 981 00db 31       		.uleb128 0x31
 982 00dc 13       		.uleb128 0x13
 983 00dd 00       		.byte	0
 984 00de 00       		.byte	0
 985 00df 11       		.uleb128 0x11
 986 00e0 01       		.uleb128 0x1
 987 00e1 01       		.byte	0x1
 988 00e2 49       		.uleb128 0x49
 989 00e3 13       		.uleb128 0x13
 990 00e4 01       		.uleb128 0x1
 991 00e5 13       		.uleb128 0x13
 992 00e6 00       		.byte	0
 993 00e7 00       		.byte	0
 994 00e8 12       		.uleb128 0x12
 995 00e9 21       		.uleb128 0x21
 996 00ea 00       		.byte	0
 997 00eb 49       		.uleb128 0x49
 998 00ec 13       		.uleb128 0x13
 999 00ed 2F       		.uleb128 0x2f
 1000 00ee 0B       		.uleb128 0xb
ARM GAS  C:\Users\CCPOW_~1\AppData\Local\Temp\ccklcHTX.s 			page 20


 1001 00ef 00       		.byte	0
 1002 00f0 00       		.byte	0
 1003 00f1 13       		.uleb128 0x13
 1004 00f2 34       		.uleb128 0x34
 1005 00f3 00       		.byte	0
 1006 00f4 03       		.uleb128 0x3
 1007 00f5 0E       		.uleb128 0xe
 1008 00f6 3A       		.uleb128 0x3a
 1009 00f7 0B       		.uleb128 0xb
 1010 00f8 3B       		.uleb128 0x3b
 1011 00f9 0B       		.uleb128 0xb
 1012 00fa 49       		.uleb128 0x49
 1013 00fb 13       		.uleb128 0x13
 1014 00fc 1C       		.uleb128 0x1c
 1015 00fd 0B       		.uleb128 0xb
 1016 00fe 00       		.byte	0
 1017 00ff 00       		.byte	0
 1018 0100 14       		.uleb128 0x14
 1019 0101 34       		.uleb128 0x34
 1020 0102 00       		.byte	0
 1021 0103 03       		.uleb128 0x3
 1022 0104 0E       		.uleb128 0xe
 1023 0105 3A       		.uleb128 0x3a
 1024 0106 0B       		.uleb128 0xb
 1025 0107 3B       		.uleb128 0x3b
 1026 0108 0B       		.uleb128 0xb
 1027 0109 49       		.uleb128 0x49
 1028 010a 13       		.uleb128 0x13
 1029 010b 1C       		.uleb128 0x1c
 1030 010c 0A       		.uleb128 0xa
 1031 010d 00       		.byte	0
 1032 010e 00       		.byte	0
 1033 010f 15       		.uleb128 0x15
 1034 0110 2E       		.uleb128 0x2e
 1035 0111 00       		.byte	0
 1036 0112 3F       		.uleb128 0x3f
 1037 0113 19       		.uleb128 0x19
 1038 0114 3C       		.uleb128 0x3c
 1039 0115 19       		.uleb128 0x19
 1040 0116 6E       		.uleb128 0x6e
 1041 0117 0E       		.uleb128 0xe
 1042 0118 03       		.uleb128 0x3
 1043 0119 0E       		.uleb128 0xe
 1044 011a 3A       		.uleb128 0x3a
 1045 011b 0B       		.uleb128 0xb
 1046 011c 3B       		.uleb128 0x3b
 1047 011d 05       		.uleb128 0x5
 1048 011e 00       		.byte	0
 1049 011f 00       		.byte	0
 1050 0120 00       		.byte	0
 1051              		.section	.debug_loc,"",%progbits
 1052              	.Ldebug_loc0:
 1053              	.LLST0:
 1054 0000 00000000 		.4byte	.LVL3
 1055 0004 0A000000 		.4byte	.LVL5
 1056 0008 0100     		.2byte	0x1
 1057 000a 50       		.byte	0x50
ARM GAS  C:\Users\CCPOW_~1\AppData\Local\Temp\ccklcHTX.s 			page 21


 1058 000b 0A000000 		.4byte	.LVL5
 1059 000f 18000000 		.4byte	.LVL10
 1060 0013 0100     		.2byte	0x1
 1061 0015 56       		.byte	0x56
 1062 0016 18000000 		.4byte	.LVL10
 1063 001a 1A000000 		.4byte	.LFE36
 1064 001e 0400     		.2byte	0x4
 1065 0020 F3       		.byte	0xf3
 1066 0021 01       		.uleb128 0x1
 1067 0022 50       		.byte	0x50
 1068 0023 9F       		.byte	0x9f
 1069 0024 00000000 		.4byte	0
 1070 0028 00000000 		.4byte	0
 1071              	.LLST1:
 1072 002c 00000000 		.4byte	.LVL3
 1073 0030 0A000000 		.4byte	.LVL5
 1074 0034 0100     		.2byte	0x1
 1075 0036 51       		.byte	0x51
 1076 0037 0A000000 		.4byte	.LVL5
 1077 003b 1A000000 		.4byte	.LFE36
 1078 003f 0400     		.2byte	0x4
 1079 0041 F3       		.byte	0xf3
 1080 0042 01       		.uleb128 0x1
 1081 0043 51       		.byte	0x51
 1082 0044 9F       		.byte	0x9f
 1083 0045 00000000 		.4byte	0
 1084 0049 00000000 		.4byte	0
 1085              	.LLST2:
 1086 004d 06000000 		.4byte	.LVL4
 1087 0051 0A000000 		.4byte	.LVL5
 1088 0055 0200     		.2byte	0x2
 1089 0057 30       		.byte	0x30
 1090 0058 9F       		.byte	0x9f
 1091 0059 0A000000 		.4byte	.LVL5
 1092 005d 12000000 		.4byte	.LVL7
 1093 0061 0100     		.2byte	0x1
 1094 0063 54       		.byte	0x54
 1095 0064 14000000 		.4byte	.LVL8
 1096 0068 18000000 		.4byte	.LVL9
 1097 006c 0100     		.2byte	0x1
 1098 006e 54       		.byte	0x54
 1099 006f 00000000 		.4byte	0
 1100 0073 00000000 		.4byte	0
 1101              	.LLST3:
 1102 0077 00000000 		.4byte	.LVL11
 1103 007b 0A000000 		.4byte	.LVL13
 1104 007f 0100     		.2byte	0x1
 1105 0081 50       		.byte	0x50
 1106 0082 0A000000 		.4byte	.LVL13
 1107 0086 1A000000 		.4byte	.LVL18
 1108 008a 0100     		.2byte	0x1
 1109 008c 57       		.byte	0x57
 1110 008d 1A000000 		.4byte	.LVL18
 1111 0091 1C000000 		.4byte	.LFE37
 1112 0095 0400     		.2byte	0x4
 1113 0097 F3       		.byte	0xf3
 1114 0098 01       		.uleb128 0x1
ARM GAS  C:\Users\CCPOW_~1\AppData\Local\Temp\ccklcHTX.s 			page 22


 1115 0099 50       		.byte	0x50
 1116 009a 9F       		.byte	0x9f
 1117 009b 00000000 		.4byte	0
 1118 009f 00000000 		.4byte	0
 1119              	.LLST4:
 1120 00a3 00000000 		.4byte	.LVL11
 1121 00a7 0A000000 		.4byte	.LVL13
 1122 00ab 0100     		.2byte	0x1
 1123 00ad 51       		.byte	0x51
 1124 00ae 0A000000 		.4byte	.LVL13
 1125 00b2 1C000000 		.4byte	.LFE37
 1126 00b6 0400     		.2byte	0x4
 1127 00b8 F3       		.byte	0xf3
 1128 00b9 01       		.uleb128 0x1
 1129 00ba 51       		.byte	0x51
 1130 00bb 9F       		.byte	0x9f
 1131 00bc 00000000 		.4byte	0
 1132 00c0 00000000 		.4byte	0
 1133              	.LLST5:
 1134 00c4 06000000 		.4byte	.LVL12
 1135 00c8 0A000000 		.4byte	.LVL13
 1136 00cc 0200     		.2byte	0x2
 1137 00ce 30       		.byte	0x30
 1138 00cf 9F       		.byte	0x9f
 1139 00d0 0A000000 		.4byte	.LVL13
 1140 00d4 14000000 		.4byte	.LVL15
 1141 00d8 0100     		.2byte	0x1
 1142 00da 54       		.byte	0x54
 1143 00db 16000000 		.4byte	.LVL16
 1144 00df 1A000000 		.4byte	.LVL17
 1145 00e3 0100     		.2byte	0x1
 1146 00e5 54       		.byte	0x54
 1147 00e6 00000000 		.4byte	0
 1148 00ea 00000000 		.4byte	0
 1149              	.LLST6:
 1150 00ee 00000000 		.4byte	.LVL19
 1151 00f2 06000000 		.4byte	.LVL20
 1152 00f6 0100     		.2byte	0x1
 1153 00f8 50       		.byte	0x50
 1154 00f9 06000000 		.4byte	.LVL20
 1155 00fd 7C000000 		.4byte	.LVL28
 1156 0101 0100     		.2byte	0x1
 1157 0103 54       		.byte	0x54
 1158 0104 7C000000 		.4byte	.LVL28
 1159 0108 84000000 		.4byte	.LFE38
 1160 010c 0400     		.2byte	0x4
 1161 010e F3       		.byte	0xf3
 1162 010f 01       		.uleb128 0x1
 1163 0110 50       		.byte	0x50
 1164 0111 9F       		.byte	0x9f
 1165 0112 00000000 		.4byte	0
 1166 0116 00000000 		.4byte	0
 1167              		.section	.debug_aranges,"",%progbits
 1168 0000 34000000 		.4byte	0x34
 1169 0004 0200     		.2byte	0x2
 1170 0006 00000000 		.4byte	.Ldebug_info0
 1171 000a 04       		.byte	0x4
ARM GAS  C:\Users\CCPOW_~1\AppData\Local\Temp\ccklcHTX.s 			page 23


 1172 000b 00       		.byte	0
 1173 000c 0000     		.2byte	0
 1174 000e 0000     		.2byte	0
 1175 0010 00000000 		.4byte	.LFB35
 1176 0014 12000000 		.4byte	.LFE35-.LFB35
 1177 0018 00000000 		.4byte	.LFB36
 1178 001c 1A000000 		.4byte	.LFE36-.LFB36
 1179 0020 00000000 		.4byte	.LFB37
 1180 0024 1C000000 		.4byte	.LFE37-.LFB37
 1181 0028 00000000 		.4byte	.LFB38
 1182 002c 84000000 		.4byte	.LFE38-.LFB38
 1183 0030 00000000 		.4byte	0
 1184 0034 00000000 		.4byte	0
 1185              		.section	.debug_ranges,"",%progbits
 1186              	.Ldebug_ranges0:
 1187 0000 00000000 		.4byte	.LFB35
 1188 0004 12000000 		.4byte	.LFE35
 1189 0008 00000000 		.4byte	.LFB36
 1190 000c 1A000000 		.4byte	.LFE36
 1191 0010 00000000 		.4byte	.LFB37
 1192 0014 1C000000 		.4byte	.LFE37
 1193 0018 00000000 		.4byte	.LFB38
 1194 001c 84000000 		.4byte	.LFE38
 1195 0020 00000000 		.4byte	0
 1196 0024 00000000 		.4byte	0
 1197              		.section	.debug_line,"",%progbits
 1198              	.Ldebug_line0:
 1199 0000 F0000000 		.section	.debug_str,"MS",%progbits,1
 1199      02007100 
 1199      00000201 
 1199      FB0E0D00 
 1199      01010101 
 1200              	.LASF25:
 1201 0000 6D657373 		.ascii	"message\000"
 1201      61676500 
 1202              	.LASF36:
 1203 0008 53594E43 		.ascii	"SYNC_FAILED_PROV\000"
 1203      5F464149 
 1203      4C45445F 
 1203      50524F56 
 1203      00
 1204              	.LASF23:
 1205 0019 73796E63 		.ascii	"syncConnection\000"
 1205      436F6E6E 
 1205      65637469 
 1205      6F6E00
 1206              	.LASF43:
 1207 0028 434F4E54 		.ascii	"CONTEXT\000"
 1207      45585400 
 1208              	.LASF38:
 1209 0030 53594E43 		.ascii	"SYNC_TYPE_CARD_N\000"
 1209      5F545950 
 1209      455F4341 
 1209      52445F4E 
 1209      00
 1210              	.LASF39:
 1211 0041 53594E43 		.ascii	"SYNC_TYPE_CARD_P\000"
ARM GAS  C:\Users\CCPOW_~1\AppData\Local\Temp\ccklcHTX.s 			page 24


 1211      5F545950 
 1211      455F4341 
 1211      52445F50 
 1211      00
 1212              	.LASF31:
 1213 0052 53594E43 		.ascii	"SYNC_REQUEST_PROV\000"
 1213      5F524551 
 1213      55455354 
 1213      5F50524F 
 1213      5600
 1214              	.LASF3:
 1215 0064 73686F72 		.ascii	"short unsigned int\000"
 1215      7420756E 
 1215      7369676E 
 1215      65642069 
 1215      6E7400
 1216              	.LASF34:
 1217 0077 53594E43 		.ascii	"SYNC_CONFIRMED_NO_PROV\000"
 1217      5F434F4E 
 1217      4649524D 
 1217      45445F4E 
 1217      4F5F5052 
 1218              	.LASF24:
 1219 008e 70726F76 		.ascii	"prov\000"
 1219      00
 1220              	.LASF11:
 1221 0093 666C6F61 		.ascii	"float\000"
 1221      7400
 1222              	.LASF18:
 1223 0099 64617461 		.ascii	"data\000"
 1223      00
 1224              	.LASF42:
 1225 009e 50534F43 		.ascii	"PSOC_DEVICE_REQUEST\000"
 1225      5F444556 
 1225      4943455F 
 1225      52455155 
 1225      45535400 
 1226              	.LASF28:
 1227 00b2 52455455 		.ascii	"RETURN_NAME\000"
 1227      524E5F4E 
 1227      414D4500 
 1228              	.LASF20:
 1229 00be 72657476 		.ascii	"retval\000"
 1229      616C00
 1230              	.LASF26:
 1231 00c5 41434345 		.ascii	"ACCEPTED\000"
 1231      50544544 
 1231      00
 1232              	.LASF5:
 1233 00ce 6C6F6E67 		.ascii	"long unsigned int\000"
 1233      20756E73 
 1233      69676E65 
 1233      6420696E 
 1233      7400
 1234              	.LASF40:
 1235 00e0 53594E43 		.ascii	"SYNC_TYPE_HSM_N\000"
 1235      5F545950 
ARM GAS  C:\Users\CCPOW_~1\AppData\Local\Temp\ccklcHTX.s 			page 25


 1235      455F4853 
 1235      4D5F4E00 
 1236              	.LASF9:
 1237 00f0 75696E74 		.ascii	"uint8\000"
 1237      3800
 1238              	.LASF41:
 1239 00f6 53594E43 		.ascii	"SYNC_TYPE_HSM_P\000"
 1239      5F545950 
 1239      455F4853 
 1239      4D5F5000 
 1240              	.LASF1:
 1241 0106 756E7369 		.ascii	"unsigned char\000"
 1241      676E6564 
 1241      20636861 
 1241      7200
 1242              	.LASF12:
 1243 0114 646F7562 		.ascii	"double\000"
 1243      6C6500
 1244              	.LASF29:
 1245 011b 52455455 		.ascii	"RETURN_CARD_SIGNATURE\000"
 1245      524E5F43 
 1245      4152445F 
 1245      5349474E 
 1245      41545552 
 1246              	.LASF45:
 1247 0131 5553425F 		.ascii	"USB_UART_UartGetByte\000"
 1247      55415254 
 1247      5F556172 
 1247      74476574 
 1247      42797465 
 1248              	.LASF10:
 1249 0146 75696E74 		.ascii	"uint32\000"
 1249      333200
 1250              	.LASF8:
 1251 014d 756E7369 		.ascii	"unsigned int\000"
 1251      676E6564 
 1251      20696E74 
 1251      00
 1252              	.LASF27:
 1253 015a 52454A45 		.ascii	"REJECTED\000"
 1253      43544544 
 1253      00
 1254              	.LASF7:
 1255 0163 6C6F6E67 		.ascii	"long long unsigned int\000"
 1255      206C6F6E 
 1255      6720756E 
 1255      7369676E 
 1255      65642069 
 1256              	.LASF16:
 1257 017a 67657456 		.ascii	"getValidByte\000"
 1257      616C6964 
 1257      42797465 
 1257      00
 1258              	.LASF46:
 1259 0187 5553425F 		.ascii	"USB_UART_SpiUartWriteTxData\000"
 1259      55415254 
 1259      5F537069 
ARM GAS  C:\Users\CCPOW_~1\AppData\Local\Temp\ccklcHTX.s 			page 26


 1259      55617274 
 1259      57726974 
 1260              	.LASF44:
 1261 01a3 5553425F 		.ascii	"USB_UART_SpiUartGetRxBufferSize\000"
 1261      55415254 
 1261      5F537069 
 1261      55617274 
 1261      47657452 
 1262              	.LASF49:
 1263 01c3 433A5C55 		.ascii	"C:\\Users\\ccpow_000\\Desktop\\CPS\\eCTF\\0xBU_SSS_"
 1263      73657273 
 1263      5C636370 
 1263      6F775F30 
 1263      30305C44 
 1264 01f0 41544D5C 		.ascii	"ATM\\CARD.cydsn\000"
 1264      43415244 
 1264      2E637964 
 1264      736E00
 1265              	.LASF47:
 1266 01ff 474E5520 		.ascii	"GNU C11 5.4.1 20160609 (release) [ARM/embedded-5-br"
 1266      43313120 
 1266      352E342E 
 1266      31203230 
 1266      31363036 
 1267 0232 616E6368 		.ascii	"anch revision 237715] -mcpu=cortex-m0 -mthumb -g -O"
 1267      20726576 
 1267      6973696F 
 1267      6E203233 
 1267      37373135 
 1268 0265 67202D66 		.ascii	"g -ffunction-sections -ffat-lto-objects\000"
 1268      66756E63 
 1268      74696F6E 
 1268      2D736563 
 1268      74696F6E 
 1269              	.LASF48:
 1270 028d 75736273 		.ascii	"usbserialprotocol.c\000"
 1270      65726961 
 1270      6C70726F 
 1270      746F636F 
 1270      6C2E6300 
 1271              	.LASF32:
 1272 02a1 53594E43 		.ascii	"SYNC_REQUEST_NO_PROV\000"
 1272      5F524551 
 1272      55455354 
 1272      5F4E4F5F 
 1272      50524F56 
 1273              	.LASF15:
 1274 02b6 73697A65 		.ascii	"sizetype\000"
 1274      74797065 
 1274      00
 1275              	.LASF17:
 1276 02bf 70757368 		.ascii	"pushMessage\000"
 1276      4D657373 
 1276      61676500 
 1277              	.LASF6:
 1278 02cb 6C6F6E67 		.ascii	"long long int\000"
 1278      206C6F6E 
ARM GAS  C:\Users\CCPOW_~1\AppData\Local\Temp\ccklcHTX.s 			page 27


 1278      6720696E 
 1278      7400
 1279              	.LASF13:
 1280 02d9 63686172 		.ascii	"char\000"
 1280      00
 1281              	.LASF30:
 1282 02de 52455455 		.ascii	"RETURN_NEW_PK\000"
 1282      524E5F4E 
 1282      45575F50 
 1282      4B00
 1283              	.LASF22:
 1284 02ec 6C656E67 		.ascii	"length\000"
 1284      746800
 1285              	.LASF2:
 1286 02f3 73686F72 		.ascii	"short int\000"
 1286      7420696E 
 1286      7400
 1287              	.LASF33:
 1288 02fd 53594E43 		.ascii	"SYNC_CONFIRMED_PROV\000"
 1288      5F434F4E 
 1288      4649524D 
 1288      45445F50 
 1288      524F5600 
 1289              	.LASF37:
 1290 0311 53594E43 		.ascii	"SYNCED\000"
 1290      454400
 1291              	.LASF35:
 1292 0318 53594E43 		.ascii	"SYNC_FAILED_NO_PROV\000"
 1292      5F464149 
 1292      4C45445F 
 1292      4E4F5F50 
 1292      524F5600 
 1293              	.LASF4:
 1294 032c 6C6F6E67 		.ascii	"long int\000"
 1294      20696E74 
 1294      00
 1295              	.LASF14:
 1296 0335 6C6F6E67 		.ascii	"long double\000"
 1296      20646F75 
 1296      626C6500 
 1297              	.LASF0:
 1298 0341 7369676E 		.ascii	"signed char\000"
 1298      65642063 
 1298      68617200 
 1299              	.LASF19:
 1300 034d 73697A65 		.ascii	"size\000"
 1300      00
 1301              	.LASF21:
 1302 0352 70756C6C 		.ascii	"pullMessage\000"
 1302      4D657373 
 1302      61676500 
 1303              		.ident	"GCC: (GNU Tools for ARM Embedded Processors) 5.4.1 20160609 (release) [ARM/embedded-5-bran
